{"deviceName":"","devicePlatform":"","logFolder":"C:\\Users\\Cindy\\Katalon Studio\\MyContent\\Reports\\Team Members\\20170718_104329","runData":{"hostName":"Andy - Cindy-AW","os":"Windows 10 64bit","katalonVersion":"4.7.0.2","browser":"Chrome 59.0.3071.115","hostAddress":"192.168.1.211","sessionId":"327c88f7f910eef668548aec584fb7a7","seleniumVersion":"2.53.0","proxyInformation":"ProxyInformation{proxyOption\u003dNO_PROXY, proxyServerType\u003dHTTP, password\u003d, proxyServerAddress\u003d, proxyServerPort\u003d0}","platform":"Windows 10"},"type":"TEST_SUITE","name":"Team Members","id":"Test Suites/Team Members","source":"","message":"Test Cases/My Content/Our Team/Modal/Verify_Send_to_review/Send_to_review_Add_Team_ FAILED because (of) Unable to click on object \u0027Object Repository/Page_Pages  junetest2bda/a_Add New\u0027 (Root cause: java.lang.NullPointerException)","description":"","startTime":1500399814133,"endTime":1500399931648,"childRecords":[{"isOptional":false,"type":"TEST_CASE","name":"Test Cases/My Content/Global TestCases/Login Via Website","id":"Test Cases/My Content/Global TestCases/Login Via Website","source":"C:\\\\Users\\\\Cindy\\\\Katalon Studio\\\\MyContentTest Cases\\\\My Content\\\\Global TestCases\\\\Login Via Website.tc","message":"Test Cases/My Content/Global TestCases/Login Via Website","description":"Switch Between \\\"Login Via Website\\\" and \\\"Login Via Accounts\\\"","startTime":1500399815656,"endTime":1500399866730,"childRecords":[{"testStatus":{"stackTrace":"","statusValue":"INFO"},"type":"MESSAGE","name":"","message":"Evaluating variables for test case","startTime":1500399816133,"endTime":0,"childRecords":[],"interuppted":false},{"index":1,"isIgnoredIfFailed":false,"type":"TEST_STEP","name":"openBrowser","message":"Browser is opened with url: \u0027\u0027","description":"","startTime":1500399817913,"endTime":1500399831348,"childRecords":[{"testStatus":{"stackTrace":"","statusValue":"PASSED"},"type":"MESSAGE","name":"","message":"Browser is opened with url: \u0027\u0027","startTime":1500399831341,"endTime":0,"childRecords":[],"interuppted":false}],"interuppted":false},{"index":2,"isIgnoredIfFailed":false,"type":"TEST_STEP","name":"navigateToUrl","message":"Navigate to \u0027http://releasetestjuly20a.force1.awdev.ca/user\u0027 successfully","description":"","startTime":1500399831348,"endTime":1500399841419,"childRecords":[{"testStatus":{"stackTrace":"","statusValue":"PASSED"},"type":"MESSAGE","name":"","message":"Navigate to \u0027http://releasetestjuly20a.force1.awdev.ca/user\u0027 successfully","startTime":1500399841419,"endTime":0,"childRecords":[],"interuppted":false}],"interuppted":false},{"index":3,"isIgnoredIfFailed":false,"type":"TEST_STEP","name":"maximizeWindow","message":"Current window maximized","description":"","startTime":1500399841420,"endTime":1500399842992,"childRecords":[{"testStatus":{"stackTrace":"","statusValue":"PASSED"},"type":"MESSAGE","name":"","message":"Current window maximized","startTime":1500399842992,"endTime":0,"childRecords":[],"interuppted":false}],"interuppted":false},{"index":4,"isIgnoredIfFailed":false,"type":"TEST_STEP","name":"setText","message":"Text \u0027releasetestjuly20a\u0027 is set on object \u0027Object Repository/Page_Log in  AW Force/input_name_Username\u0027","description":"","startTime":1500399842993,"endTime":1500399845905,"childRecords":[{"testStatus":{"stackTrace":"","statusValue":"PASSED"},"type":"MESSAGE","name":"","message":"Text \u0027releasetestjuly20a\u0027 is set on object \u0027Object Repository/Page_Log in  AW Force/input_name_Username\u0027","startTime":1500399845904,"endTime":0,"childRecords":[],"interuppted":false}],"interuppted":false},{"index":5,"isIgnoredIfFailed":false,"type":"TEST_STEP","name":"setText","message":"Text \u0027welcome\u0027 is set on object \u0027Object Repository/Page_Log in  AW Force/input_pass_Password\u0027","description":"","startTime":1500399845906,"endTime":1500399846389,"childRecords":[{"testStatus":{"stackTrace":"","statusValue":"PASSED"},"type":"MESSAGE","name":"","message":"Text \u0027welcome\u0027 is set on object \u0027Object Repository/Page_Log in  AW Force/input_pass_Password\u0027","startTime":1500399846388,"endTime":0,"childRecords":[],"interuppted":false}],"interuppted":false},{"index":6,"isIgnoredIfFailed":false,"type":"TEST_STEP","name":"click","message":"Object: \u0027Object Repository/Page_Log in  AW Force/input_op_Submit\u0027 is clicked on","description":"","startTime":1500399846389,"endTime":1500399866559,"childRecords":[{"testStatus":{"stackTrace":"","statusValue":"PASSED"},"type":"MESSAGE","name":"","message":"Object: \u0027Object Repository/Page_Log in  AW Force/input_op_Submit\u0027 is clicked on","startTime":1500399866559,"endTime":0,"childRecords":[],"interuppted":false}],"interuppted":false},{"index":7,"isIgnoredIfFailed":false,"type":"TEST_STEP","name":"waitForPageLoad","message":"Wait for page load successfully","description":"","startTime":1500399866560,"endTime":1500399866730,"childRecords":[{"testStatus":{"stackTrace":"","statusValue":"PASSED"},"type":"MESSAGE","name":"","message":"Wait for page load successfully","startTime":1500399866729,"endTime":0,"childRecords":[],"interuppted":false}],"interuppted":false},{"testStatus":{"stackTrace":"","statusValue":"PASSED"},"type":"MESSAGE","name":"","message":"Test Cases/My Content/Global TestCases/Login Via Website","startTime":1500399866730,"endTime":0,"childRecords":[],"interuppted":false}],"interuppted":false},{"isOptional":false,"type":"TEST_CASE","name":"Test Cases/My Content/Our Team/Modal/Verify_Send_to_review/Send_to_review_Add_Team_","id":"Test Cases/My Content/Our Team/Modal/Verify_Send_to_review/Send_to_review_Add_Team_","source":"C:\\\\Users\\\\Cindy\\\\Katalon Studio\\\\MyContentTest Cases\\\\My Content\\\\Our Team\\\\Modal\\\\Verify_Send_to_review\\\\Send_to_review_Add_Team_.tc","message":"Test Cases/My Content/Our Team/Modal/Verify_Send_to_review/Send_to_review_Add_Team_ FAILED because (of) Unable to click on object \u0027Object Repository/Page_Pages  junetest2bda/a_Add New\u0027 (Root cause: java.lang.NullPointerException)","description":"","startTime":1500399866814,"endTime":1500399926495,"childRecords":[{"testStatus":{"stackTrace":"","statusValue":"INFO"},"type":"MESSAGE","name":"","message":"Evaluating variables for test case","startTime":1500399866878,"endTime":0,"childRecords":[],"interuppted":false},{"testStatus":{"stackTrace":"","statusValue":"INFO"},"type":"MESSAGE","name":"","message":"Variable \u0027Title\u0027 is set to Test Team Review Edit Draft 1 as default","startTime":1500399867077,"endTime":0,"childRecords":[],"interuppted":false},{"testStatus":{"stackTrace":"","statusValue":"INFO"},"type":"MESSAGE","name":"","message":"Variable \u0027Text\u0027 is set to This is a Team Draft Test as default","startTime":1500399867119,"endTime":0,"childRecords":[],"interuppted":false},{"testStatus":{"stackTrace":"","statusValue":"INFO"},"type":"MESSAGE","name":"","message":"Variable \u0027Phone\u0027 is set to 123-123-1322 as default","startTime":1500399867157,"endTime":0,"childRecords":[],"interuppted":false},{"testStatus":{"stackTrace":"","statusValue":"INFO"},"type":"MESSAGE","name":"","message":"Variable \u0027Designation\u0027 is set to Financial Advisor as default","startTime":1500399867202,"endTime":0,"childRecords":[],"interuppted":false},{"testStatus":{"stackTrace":"","statusValue":"INFO"},"type":"MESSAGE","name":"","message":"Variable \u0027Email\u0027 is set to name@example.com as default","startTime":1500399867218,"endTime":0,"childRecords":[],"interuppted":false},{"testStatus":{"stackTrace":"","statusValue":"INFO"},"type":"MESSAGE","name":"","message":"Variable \u0027Facebook\u0027 is set to http://www.facebook.com as default","startTime":1500399867242,"endTime":0,"childRecords":[],"interuppted":false},{"testStatus":{"stackTrace":"","statusValue":"INFO"},"type":"MESSAGE","name":"","message":"Variable \u0027Linkedin\u0027 is set to http://www.linkedin.com as default","startTime":1500399867301,"endTime":0,"childRecords":[],"interuppted":false},{"testStatus":{"stackTrace":"","statusValue":"INFO"},"type":"MESSAGE","name":"","message":"Variable \u0027Twitter\u0027 is set to http://www.twitter.com as default","startTime":1500399867340,"endTime":0,"childRecords":[],"interuppted":false},{"testStatus":{"stackTrace":"","statusValue":"INFO"},"type":"MESSAGE","name":"","message":"Variable \u0027Skype\u0027 is set to skype@example.com as default","startTime":1500399867514,"endTime":0,"childRecords":[],"interuppted":false},{"testStatus":{"stackTrace":"","statusValue":"INFO"},"type":"MESSAGE","name":"","message":"Variable \u0027License\u0027 is set to CPA, CFFA as default","startTime":1500399867542,"endTime":0,"childRecords":[],"interuppted":false},{"index":1,"isIgnoredIfFailed":false,"type":"TEST_STEP","name":"click","message":"Object: \u0027Object Repository/Page_User dashboard  junetest2bda/a_MyContent\u0027 is clicked on","description":"","startTime":1500399868201,"endTime":1500399901670,"childRecords":[{"testStatus":{"stackTrace":"","statusValue":"PASSED"},"type":"MESSAGE","name":"","message":"Object: \u0027Object Repository/Page_User dashboard  junetest2bda/a_MyContent\u0027 is clicked on","startTime":1500399901670,"endTime":0,"childRecords":[],"interuppted":false}],"interuppted":false},{"index":2,"isIgnoredIfFailed":false,"type":"TEST_STEP","name":"click","message":"Object: \u0027Object Repository/Page_User dashboard  junetest2bda/My Content Menu/a_Our Team\u0027 is clicked on","description":"","startTime":1500399901671,"endTime":1500399918289,"childRecords":[{"testStatus":{"stackTrace":"","statusValue":"PASSED"},"type":"MESSAGE","name":"","message":"Object: \u0027Object Repository/Page_User dashboard  junetest2bda/My Content Menu/a_Our Team\u0027 is clicked on","startTime":1500399918288,"endTime":0,"childRecords":[],"interuppted":false}],"interuppted":false},{"index":3,"isIgnoredIfFailed":false,"type":"TEST_STEP","name":"click","message":"Unable to click on object \u0027Object Repository/Page_Pages  junetest2bda/a_Add New\u0027 (Root cause: java.lang.NullPointerException)","description":"","startTime":1500399918289,"endTime":1500399926491,"childRecords":[{"testStatus":{"stackTrace":"","statusValue":"WARNING"},"type":"MESSAGE","name":"","message":"Cannot take screenshot","startTime":1500399926481,"endTime":0,"childRecords":[],"interuppted":false},{"testStatus":{"stackTrace":"","statusValue":"FAILED"},"type":"MESSAGE","name":"","message":"Unable to click on object \u0027Object Repository/Page_Pages  junetest2bda/a_Add New\u0027 (Root cause: java.lang.NullPointerException)","startTime":1500399926489,"endTime":0,"childRecords":[],"interuppted":false}],"interuppted":false},{"testStatus":{"stackTrace":"","statusValue":"FAILED"},"type":"MESSAGE","name":"","message":"Test Cases/My Content/Our Team/Modal/Verify_Send_to_review/Send_to_review_Add_Team_ FAILED because (of) Unable to click on object \u0027Object Repository/Page_Pages  junetest2bda/a_Add New\u0027 (Root cause: java.lang.NullPointerException)","startTime":1500399926493,"endTime":0,"childRecords":[],"interuppted":false}],"interuppted":false},{"isOptional":false,"type":"TEST_CASE","name":"Test Cases/My Content/Our Team/Modal/Verify_Send_to_review/Send_to_review_Edit_Team_","id":"Test Cases/My Content/Our Team/Modal/Verify_Send_to_review/Send_to_review_Edit_Team_","source":"C:\\\\Users\\\\Cindy\\\\Katalon Studio\\\\MyContentTest Cases\\\\My Content\\\\Our Team\\\\Modal\\\\Verify_Send_to_review\\\\Send_to_review_Edit_Team_.tc","message":"Test Cases/My Content/Our Team/Modal/Verify_Send_to_review/Send_to_review_Edit_Team_ FAILED because (of) Unable to click on object \u0027Object Repository/Page_User dashboard  junetest2bda/a_MyContent\u0027 (Root cause: org.openqa.selenium.NoSuchWindowException: no such window: target window already closed\nfrom unknown error: web view not found\n  (Session info: chrome\u003d59.0.3071.115)\n  (Driver info: chromedriver\u003d2.30.477700 (0057494ad8732195794a7b32078424f92a5fce41),platform\u003dWindows NT 10.0.15063 x86_64) (WARNING: The server did not provide any stacktrace information)\nCommand duration or timeout: 6 milliseconds\nBuild info: version: \u00272.53.0\u0027, revision: \u002735ae25b\u0027, time: \u00272016-03-15 17:00:58\u0027\nSystem info: host: \u0027Cindy-AW\u0027, ip: \u0027192.168.1.211\u0027, os.name: \u0027Windows 10\u0027, os.arch: \u0027amd64\u0027, os.version: \u002710.0\u0027, java.version: \u00271.8.0_102\u0027\nDriver info: com.kms.katalon.selenium.driver.CChromeDriver\nCapabilities [{applicationCacheEnabled\u003dfalse, rotatable\u003dfalse, mobileEmulationEnabled\u003dfalse, networkConnectionEnabled\u003dfalse, chrome\u003d{chromedriverVersion\u003d2.30.477700 (0057494ad8732195794a7b32078424f92a5fce41), userDataDir\u003dC:\\Users\\Cindy\\AppData\\Local\\Temp\\scoped_dir3568_4001}, takesHeapSnapshot\u003dtrue, pageLoadStrategy\u003dnormal, databaseEnabled\u003dfalse, handlesAlerts\u003dtrue, hasTouchScreen\u003dfalse, version\u003d59.0.3071.115, platform\u003dXP, browserConnectionEnabled\u003dfalse, nativeEvents\u003dtrue, acceptSslCerts\u003dtrue, locationContextEnabled\u003dtrue, webStorageEnabled\u003dtrue, browserName\u003dchrome, takesScreenshot\u003dtrue, javascriptEnabled\u003dtrue, cssSelectorsEnabled\u003dtrue, unexpectedAlertBehaviour\u003d}]\nSession ID: 327c88f7f910eef668548aec584fb7a7\n*** Element info: {Using\u003dxpath, value\u003d//a[count(. | //*[@id\u003d\"block-aw-dashboard-main-menu\"]/a[2]) \u003d count(//*[@id\u003d\"block-aw-dashboard-main-menu\"]/a[2])]})","description":"","startTime":1500399926583,"endTime":1500399927141,"childRecords":[{"testStatus":{"stackTrace":"","statusValue":"INFO"},"type":"MESSAGE","name":"","message":"Evaluating variables for test case","startTime":1500399926666,"endTime":0,"childRecords":[],"interuppted":false},{"testStatus":{"stackTrace":"","statusValue":"INFO"},"type":"MESSAGE","name":"","message":"Variable \u0027Title\u0027 is set to Test Team Review Edit Draft 1 as default","startTime":1500399926677,"endTime":0,"childRecords":[],"interuppted":false},{"testStatus":{"stackTrace":"","statusValue":"INFO"},"type":"MESSAGE","name":"","message":"Variable \u0027Text\u0027 is set to This is a Team Draft Test as default","startTime":1500399926688,"endTime":0,"childRecords":[],"interuppted":false},{"testStatus":{"stackTrace":"","statusValue":"INFO"},"type":"MESSAGE","name":"","message":"Variable \u0027Phone\u0027 is set to 123-123-1322 as default","startTime":1500399926706,"endTime":0,"childRecords":[],"interuppted":false},{"testStatus":{"stackTrace":"","statusValue":"INFO"},"type":"MESSAGE","name":"","message":"Variable \u0027Designation\u0027 is set to Financial Advisor as default","startTime":1500399926722,"endTime":0,"childRecords":[],"interuppted":false},{"testStatus":{"stackTrace":"","statusValue":"INFO"},"type":"MESSAGE","name":"","message":"Variable \u0027Email\u0027 is set to name@example.com as default","startTime":1500399926732,"endTime":0,"childRecords":[],"interuppted":false},{"testStatus":{"stackTrace":"","statusValue":"INFO"},"type":"MESSAGE","name":"","message":"Variable \u0027Facebook\u0027 is set to http://www.facebook.com as default","startTime":1500399926739,"endTime":0,"childRecords":[],"interuppted":false},{"testStatus":{"stackTrace":"","statusValue":"INFO"},"type":"MESSAGE","name":"","message":"Variable \u0027Linkedin\u0027 is set to http://www.linkedin.com as default","startTime":1500399926747,"endTime":0,"childRecords":[],"interuppted":false},{"testStatus":{"stackTrace":"","statusValue":"INFO"},"type":"MESSAGE","name":"","message":"Variable \u0027Twitter\u0027 is set to http://www.twitter.com as default","startTime":1500399926754,"endTime":0,"childRecords":[],"interuppted":false},{"testStatus":{"stackTrace":"","statusValue":"INFO"},"type":"MESSAGE","name":"","message":"Variable \u0027Skype\u0027 is set to skype@example.com as default","startTime":1500399926764,"endTime":0,"childRecords":[],"interuppted":false},{"testStatus":{"stackTrace":"","statusValue":"INFO"},"type":"MESSAGE","name":"","message":"Variable \u0027License\u0027 is set to CPA, CFFA as default","startTime":1500399926775,"endTime":0,"childRecords":[],"interuppted":false},{"index":1,"isIgnoredIfFailed":false,"type":"TEST_STEP","name":"click","message":"Unable to click on object \u0027Object Repository/Page_User dashboard  junetest2bda/a_MyContent\u0027 (Root cause: org.openqa.selenium.NoSuchWindowException: no such window: target window already closed\nfrom unknown error: web view not found\n  (Session info: chrome\u003d59.0.3071.115)\n  (Driver info: chromedriver\u003d2.30.477700 (0057494ad8732195794a7b32078424f92a5fce41),platform\u003dWindows NT 10.0.15063 x86_64) (WARNING: The server did not provide any stacktrace information)\nCommand duration or timeout: 6 milliseconds\nBuild info: version: \u00272.53.0\u0027, revision: \u002735ae25b\u0027, time: \u00272016-03-15 17:00:58\u0027\nSystem info: host: \u0027Cindy-AW\u0027, ip: \u0027192.168.1.211\u0027, os.name: \u0027Windows 10\u0027, os.arch: \u0027amd64\u0027, os.version: \u002710.0\u0027, java.version: \u00271.8.0_102\u0027\nDriver info: com.kms.katalon.selenium.driver.CChromeDriver\nCapabilities [{applicationCacheEnabled\u003dfalse, rotatable\u003dfalse, mobileEmulationEnabled\u003dfalse, networkConnectionEnabled\u003dfalse, chrome\u003d{chromedriverVersion\u003d2.30.477700 (0057494ad8732195794a7b32078424f92a5fce41), userDataDir\u003dC:\\Users\\Cindy\\AppData\\Local\\Temp\\scoped_dir3568_4001}, takesHeapSnapshot\u003dtrue, pageLoadStrategy\u003dnormal, databaseEnabled\u003dfalse, handlesAlerts\u003dtrue, hasTouchScreen\u003dfalse, version\u003d59.0.3071.115, platform\u003dXP, browserConnectionEnabled\u003dfalse, nativeEvents\u003dtrue, acceptSslCerts\u003dtrue, locationContextEnabled\u003dtrue, webStorageEnabled\u003dtrue, browserName\u003dchrome, takesScreenshot\u003dtrue, javascriptEnabled\u003dtrue, cssSelectorsEnabled\u003dtrue, unexpectedAlertBehaviour\u003d}]\nSession ID: 327c88f7f910eef668548aec584fb7a7\n*** Element info: {Using\u003dxpath, value\u003d//a[count(. | //*[@id\u003d\"block-aw-dashboard-main-menu\"]/a[2]) \u003d count(//*[@id\u003d\"block-aw-dashboard-main-menu\"]/a[2])]})","description":"","startTime":1500399927118,"endTime":1500399927138,"childRecords":[{"testStatus":{"stackTrace":"","statusValue":"WARNING"},"type":"MESSAGE","name":"","message":"Cannot take screenshot","startTime":1500399927137,"endTime":0,"childRecords":[],"interuppted":false},{"testStatus":{"stackTrace":"","statusValue":"FAILED"},"type":"MESSAGE","name":"","message":"Unable to click on object \u0027Object Repository/Page_User dashboard  junetest2bda/a_MyContent\u0027 (Root cause: org.openqa.selenium.NoSuchWindowException: no such window: target window already closed\nfrom unknown error: web view not found\n  (Session info: chrome\u003d59.0.3071.115)\n  (Driver info: chromedriver\u003d2.30.477700 (0057494ad8732195794a7b32078424f92a5fce41),platform\u003dWindows NT 10.0.15063 x86_64) (WARNING: The server did not provide any stacktrace information)\nCommand duration or timeout: 6 milliseconds\nBuild info: version: \u00272.53.0\u0027, revision: \u002735ae25b\u0027, time: \u00272016-03-15 17:00:58\u0027\nSystem info: host: \u0027Cindy-AW\u0027, ip: \u0027192.168.1.211\u0027, os.name: \u0027Windows 10\u0027, os.arch: \u0027amd64\u0027, os.version: \u002710.0\u0027, java.version: \u00271.8.0_102\u0027\nDriver info: com.kms.katalon.selenium.driver.CChromeDriver\nCapabilities [{applicationCacheEnabled\u003dfalse, rotatable\u003dfalse, mobileEmulationEnabled\u003dfalse, networkConnectionEnabled\u003dfalse, chrome\u003d{chromedriverVersion\u003d2.30.477700 (0057494ad8732195794a7b32078424f92a5fce41), userDataDir\u003dC:\\Users\\Cindy\\AppData\\Local\\Temp\\scoped_dir3568_4001}, takesHeapSnapshot\u003dtrue, pageLoadStrategy\u003dnormal, databaseEnabled\u003dfalse, handlesAlerts\u003dtrue, hasTouchScreen\u003dfalse, version\u003d59.0.3071.115, platform\u003dXP, browserConnectionEnabled\u003dfalse, nativeEvents\u003dtrue, acceptSslCerts\u003dtrue, locationContextEnabled\u003dtrue, webStorageEnabled\u003dtrue, browserName\u003dchrome, takesScreenshot\u003dtrue, javascriptEnabled\u003dtrue, cssSelectorsEnabled\u003dtrue, unexpectedAlertBehaviour\u003d}]\nSession ID: 327c88f7f910eef668548aec584fb7a7\n*** Element info: {Using\u003dxpath, value\u003d//a[count(. | //*[@id\u003d\"block-aw-dashboard-main-menu\"]/a[2]) \u003d count(//*[@id\u003d\"block-aw-dashboard-main-menu\"]/a[2])]})","startTime":1500399927137,"endTime":0,"childRecords":[],"interuppted":false}],"interuppted":false},{"testStatus":{"stackTrace":"","statusValue":"FAILED"},"type":"MESSAGE","name":"","message":"Test Cases/My Content/Our Team/Modal/Verify_Send_to_review/Send_to_review_Edit_Team_ FAILED because (of) Unable to click on object \u0027Object Repository/Page_User dashboard  junetest2bda/a_MyContent\u0027 (Root cause: org.openqa.selenium.NoSuchWindowException: no such window: target window already closed\nfrom unknown error: web view not found\n  (Session info: chrome\u003d59.0.3071.115)\n  (Driver info: chromedriver\u003d2.30.477700 (0057494ad8732195794a7b32078424f92a5fce41),platform\u003dWindows NT 10.0.15063 x86_64) (WARNING: The server did not provide any stacktrace information)\nCommand duration or timeout: 6 milliseconds\nBuild info: version: \u00272.53.0\u0027, revision: \u002735ae25b\u0027, time: \u00272016-03-15 17:00:58\u0027\nSystem info: host: \u0027Cindy-AW\u0027, ip: \u0027192.168.1.211\u0027, os.name: \u0027Windows 10\u0027, os.arch: \u0027amd64\u0027, os.version: \u002710.0\u0027, java.version: \u00271.8.0_102\u0027\nDriver info: com.kms.katalon.selenium.driver.CChromeDriver\nCapabilities [{applicationCacheEnabled\u003dfalse, rotatable\u003dfalse, mobileEmulationEnabled\u003dfalse, networkConnectionEnabled\u003dfalse, chrome\u003d{chromedriverVersion\u003d2.30.477700 (0057494ad8732195794a7b32078424f92a5fce41), userDataDir\u003dC:\\Users\\Cindy\\AppData\\Local\\Temp\\scoped_dir3568_4001}, takesHeapSnapshot\u003dtrue, pageLoadStrategy\u003dnormal, databaseEnabled\u003dfalse, handlesAlerts\u003dtrue, hasTouchScreen\u003dfalse, version\u003d59.0.3071.115, platform\u003dXP, browserConnectionEnabled\u003dfalse, nativeEvents\u003dtrue, acceptSslCerts\u003dtrue, locationContextEnabled\u003dtrue, webStorageEnabled\u003dtrue, browserName\u003dchrome, takesScreenshot\u003dtrue, javascriptEnabled\u003dtrue, cssSelectorsEnabled\u003dtrue, unexpectedAlertBehaviour\u003d}]\nSession ID: 327c88f7f910eef668548aec584fb7a7\n*** Element info: {Using\u003dxpath, value\u003d//a[count(. | //*[@id\u003d\"block-aw-dashboard-main-menu\"]/a[2]) \u003d count(//*[@id\u003d\"block-aw-dashboard-main-menu\"]/a[2])]})","startTime":1500399927139,"endTime":0,"childRecords":[],"interuppted":false}],"interuppted":false},{"isOptional":false,"type":"TEST_CASE","name":"Test Cases/My Content/Our Team/Modal/Verify_Send_to_review/Send_to_review_Add_Delete_Team_","id":"Test Cases/My Content/Our Team/Modal/Verify_Send_to_review/Send_to_review_Add_Delete_Team_","source":"C:\\\\Users\\\\Cindy\\\\Katalon Studio\\\\MyContentTest Cases\\\\My Content\\\\Our Team\\\\Modal\\\\Verify_Send_to_review\\\\Send_to_review_Add_Delete_Team_.tc","message":"Test Cases/My Content/Our Team/Modal/Verify_Send_to_review/Send_to_review_Add_Delete_Team_ FAILED because (of) Unable to open browser with url: \u0027\u0027 (Root cause: org.openqa.selenium.SessionNotCreatedException: session not created exception\nfrom disconnected: Unable to receive message from renderer\n  (Session info: chrome\u003d59.0.3071.115)\n  (Driver info: chromedriver\u003d2.30.477700 (0057494ad8732195794a7b32078424f92a5fce41),platform\u003dWindows NT 10.0.15063 x86_64) (WARNING: The server did not provide any stacktrace information)\nCommand duration or timeout: 2.28 seconds\nBuild info: version: \u00272.53.0\u0027, revision: \u002735ae25b\u0027, time: \u00272016-03-15 17:00:58\u0027\nSystem info: host: \u0027Cindy-AW\u0027, ip: \u0027192.168.1.211\u0027, os.name: \u0027Windows 10\u0027, os.arch: \u0027amd64\u0027, os.version: \u002710.0\u0027, java.version: \u00271.8.0_102\u0027\nDriver info: com.kms.katalon.selenium.driver.CChromeDriver)","description":"","startTime":1500399927216,"endTime":1500399931620,"childRecords":[{"testStatus":{"stackTrace":"","statusValue":"INFO"},"type":"MESSAGE","name":"","message":"Evaluating variables for test case","startTime":1500399927265,"endTime":0,"childRecords":[],"interuppted":false},{"testStatus":{"stackTrace":"","statusValue":"INFO"},"type":"MESSAGE","name":"","message":"Variable \u0027Title\u0027 is set to Test Team Review Draft 1 Delete as default","startTime":1500399927273,"endTime":0,"childRecords":[],"interuppted":false},{"testStatus":{"stackTrace":"","statusValue":"INFO"},"type":"MESSAGE","name":"","message":"Variable \u0027Text\u0027 is set to This is a Team Draft Test as default","startTime":1500399927293,"endTime":0,"childRecords":[],"interuppted":false},{"testStatus":{"stackTrace":"","statusValue":"INFO"},"type":"MESSAGE","name":"","message":"Variable \u0027Phone\u0027 is set to 123-123-1322 as default","startTime":1500399927307,"endTime":0,"childRecords":[],"interuppted":false},{"testStatus":{"stackTrace":"","statusValue":"INFO"},"type":"MESSAGE","name":"","message":"Variable \u0027Designation\u0027 is set to Financial Advisor as default","startTime":1500399927315,"endTime":0,"childRecords":[],"interuppted":false},{"testStatus":{"stackTrace":"","statusValue":"INFO"},"type":"MESSAGE","name":"","message":"Variable \u0027Email\u0027 is set to name@example.com as default","startTime":1500399927327,"endTime":0,"childRecords":[],"interuppted":false},{"testStatus":{"stackTrace":"","statusValue":"INFO"},"type":"MESSAGE","name":"","message":"Variable \u0027Facebook\u0027 is set to http://www.facebook.com as default","startTime":1500399927351,"endTime":0,"childRecords":[],"interuppted":false},{"testStatus":{"stackTrace":"","statusValue":"INFO"},"type":"MESSAGE","name":"","message":"Variable \u0027Linkedin\u0027 is set to http://www.linkedin.com as default","startTime":1500399927370,"endTime":0,"childRecords":[],"interuppted":false},{"testStatus":{"stackTrace":"","statusValue":"INFO"},"type":"MESSAGE","name":"","message":"Variable \u0027Twitter\u0027 is set to http://www.twitter.com as default","startTime":1500399927393,"endTime":0,"childRecords":[],"interuppted":false},{"testStatus":{"stackTrace":"","statusValue":"INFO"},"type":"MESSAGE","name":"","message":"Variable \u0027Skype\u0027 is set to skype@example.com as default","startTime":1500399927417,"endTime":0,"childRecords":[],"interuppted":false},{"testStatus":{"stackTrace":"","statusValue":"INFO"},"type":"MESSAGE","name":"","message":"Variable \u0027License\u0027 is set to CPA, CFFA as default","startTime":1500399927430,"endTime":0,"childRecords":[],"interuppted":false},{"index":1,"isIgnoredIfFailed":false,"type":"TEST_STEP","name":"callTestCase","message":"Unable to call Test Case with id \u0027Test Cases/My Content/Global TestCases/Login Via Website\u0027 (Root cause: Call Test Case \u0027Test Cases/My Content/Global TestCases/Login Via Website\u0027 failed)","description":"","startTime":1500399927673,"endTime":1500399931618,"childRecords":[{"isOptional":false,"type":"TEST_CASE","name":"Test Cases/My Content/Global TestCases/Login Via Website","id":"Test Cases/My Content/Global TestCases/Login Via Website","source":"C:\\\\Users\\\\Cindy\\\\Katalon Studio\\\\MyContentTest Cases\\\\My Content\\\\Global TestCases\\\\Login Via Website.tc","message":"Test Cases/My Content/Global TestCases/Login Via Website FAILED because (of) Unable to open browser with url: \u0027\u0027 (Root cause: org.openqa.selenium.SessionNotCreatedException: session not created exception\nfrom disconnected: Unable to receive message from renderer\n  (Session info: chrome\u003d59.0.3071.115)\n  (Driver info: chromedriver\u003d2.30.477700 (0057494ad8732195794a7b32078424f92a5fce41),platform\u003dWindows NT 10.0.15063 x86_64) (WARNING: The server did not provide any stacktrace information)\nCommand duration or timeout: 2.28 seconds\nBuild info: version: \u00272.53.0\u0027, revision: \u002735ae25b\u0027, time: \u00272016-03-15 17:00:58\u0027\nSystem info: host: \u0027Cindy-AW\u0027, ip: \u0027192.168.1.211\u0027, os.name: \u0027Windows 10\u0027, os.arch: \u0027amd64\u0027, os.version: \u002710.0\u0027, java.version: \u00271.8.0_102\u0027\nDriver info: com.kms.katalon.selenium.driver.CChromeDriver)","description":"Switch Between \\\"Login Via Website\\\" and \\\"Login Via Accounts\\\"","startTime":1500399927757,"endTime":1500399931606,"childRecords":[{"testStatus":{"stackTrace":"","statusValue":"INFO"},"type":"MESSAGE","name":"","message":"Evaluating variables for test case","startTime":1500399927813,"endTime":0,"childRecords":[],"interuppted":false},{"index":1,"isIgnoredIfFailed":false,"type":"TEST_STEP","name":"openBrowser","message":"Unable to open browser with url: \u0027\u0027 (Root cause: org.openqa.selenium.SessionNotCreatedException: session not created exception\nfrom disconnected: Unable to receive message from renderer\n  (Session info: chrome\u003d59.0.3071.115)\n  (Driver info: chromedriver\u003d2.30.477700 (0057494ad8732195794a7b32078424f92a5fce41),platform\u003dWindows NT 10.0.15063 x86_64) (WARNING: The server did not provide any stacktrace information)\nCommand duration or timeout: 2.28 seconds\nBuild info: version: \u00272.53.0\u0027, revision: \u002735ae25b\u0027, time: \u00272016-03-15 17:00:58\u0027\nSystem info: host: \u0027Cindy-AW\u0027, ip: \u0027192.168.1.211\u0027, os.name: \u0027Windows 10\u0027, os.arch: \u0027amd64\u0027, os.version: \u002710.0\u0027, java.version: \u00271.8.0_102\u0027\nDriver info: com.kms.katalon.selenium.driver.CChromeDriver)","description":"","startTime":1500399927816,"endTime":1500399931603,"childRecords":[{"testStatus":{"stackTrace":"","statusValue":"WARNING"},"type":"MESSAGE","name":"","message":"A browser is already opened. Closing browser and opening a new one","startTime":1500399927817,"endTime":0,"childRecords":[],"interuppted":false},{"testStatus":{"stackTrace":"","statusValue":"FAILED"},"type":"MESSAGE","name":"","message":"Unable to open browser with url: \u0027\u0027 (Root cause: org.openqa.selenium.SessionNotCreatedException: session not created exception\nfrom disconnected: Unable to receive message from renderer\n  (Session info: chrome\u003d59.0.3071.115)\n  (Driver info: chromedriver\u003d2.30.477700 (0057494ad8732195794a7b32078424f92a5fce41),platform\u003dWindows NT 10.0.15063 x86_64) (WARNING: The server did not provide any stacktrace information)\nCommand duration or timeout: 2.28 seconds\nBuild info: version: \u00272.53.0\u0027, revision: \u002735ae25b\u0027, time: \u00272016-03-15 17:00:58\u0027\nSystem info: host: \u0027Cindy-AW\u0027, ip: \u0027192.168.1.211\u0027, os.name: \u0027Windows 10\u0027, os.arch: \u0027amd64\u0027, os.version: \u002710.0\u0027, java.version: \u00271.8.0_102\u0027\nDriver info: com.kms.katalon.selenium.driver.CChromeDriver)","startTime":1500399931603,"endTime":0,"childRecords":[],"interuppted":false}],"interuppted":false},{"testStatus":{"stackTrace":"","statusValue":"FAILED"},"type":"MESSAGE","name":"","message":"Test Cases/My Content/Global TestCases/Login Via Website FAILED because (of) Unable to open browser with url: \u0027\u0027 (Root cause: org.openqa.selenium.SessionNotCreatedException: session not created exception\nfrom disconnected: Unable to receive message from renderer\n  (Session info: chrome\u003d59.0.3071.115)\n  (Driver info: chromedriver\u003d2.30.477700 (0057494ad8732195794a7b32078424f92a5fce41),platform\u003dWindows NT 10.0.15063 x86_64) (WARNING: The server did not provide any stacktrace information)\nCommand duration or timeout: 2.28 seconds\nBuild info: version: \u00272.53.0\u0027, revision: \u002735ae25b\u0027, time: \u00272016-03-15 17:00:58\u0027\nSystem info: host: \u0027Cindy-AW\u0027, ip: \u0027192.168.1.211\u0027, os.name: \u0027Windows 10\u0027, os.arch: \u0027amd64\u0027, os.version: \u002710.0\u0027, java.version: \u00271.8.0_102\u0027\nDriver info: com.kms.katalon.selenium.driver.CChromeDriver)","startTime":1500399931604,"endTime":0,"childRecords":[],"interuppted":false}],"interuppted":false},{"testStatus":{"stackTrace":"","statusValue":"FAILED"},"type":"MESSAGE","name":"","message":"Unable to call Test Case with id \u0027Test Cases/My Content/Global TestCases/Login Via Website\u0027 (Root cause: Call Test Case \u0027Test Cases/My Content/Global TestCases/Login Via Website\u0027 failed)","startTime":1500399931611,"endTime":0,"childRecords":[],"interuppted":false}],"interuppted":false},{"testStatus":{"stackTrace":"","statusValue":"FAILED"},"type":"MESSAGE","name":"","message":"Test Cases/My Content/Our Team/Modal/Verify_Send_to_review/Send_to_review_Add_Delete_Team_ FAILED because (of) Unable to open browser with url: \u0027\u0027 (Root cause: org.openqa.selenium.SessionNotCreatedException: session not created exception\nfrom disconnected: Unable to receive message from renderer\n  (Session info: chrome\u003d59.0.3071.115)\n  (Driver info: chromedriver\u003d2.30.477700 (0057494ad8732195794a7b32078424f92a5fce41),platform\u003dWindows NT 10.0.15063 x86_64) (WARNING: The server did not provide any stacktrace information)\nCommand duration or timeout: 2.28 seconds\nBuild info: version: \u00272.53.0\u0027, revision: \u002735ae25b\u0027, time: \u00272016-03-15 17:00:58\u0027\nSystem info: host: \u0027Cindy-AW\u0027, ip: \u0027192.168.1.211\u0027, os.name: \u0027Windows 10\u0027, os.arch: \u0027amd64\u0027, os.version: \u002710.0\u0027, java.version: \u00271.8.0_102\u0027\nDriver info: com.kms.katalon.selenium.driver.CChromeDriver)","startTime":1500399931618,"endTime":0,"childRecords":[],"interuppted":false}],"interuppted":false}],"interuppted":false}