<?xml version="1.0" encoding="UTF-8"?>
<testsuites name="Team Members" time="117" tests="1" failures="3" errors="0">
   <testsuite name="Team Members" tests="1" failures="3" errors="0" time="117" timestamp="2017-07-18 10:43:34" hostname="Andy - Cindy-AW" id="Test Suites/Team Members">
      <properties>
         <property name="deviceName" value=""/>
         <property name="devicePlatform" value=""/>
         <property name="logFolder" value="C:\\Users\\Cindy\\Katalon Studio\\MyContent\\Reports\\Team Members\\20170718_104329"/>
         <property name="logFiles" value="C:\\Users\\Cindy\\Katalon Studio\\MyContent\\Reports\\Team Members\\20170718_104329\\execution0.log"/>
         <property name="attachments" value=""/>
         <property name="hostName" value="Andy - Cindy-AW"/>
         <property name="os" value="Windows 10 64bit"/>
         <property name="katalonVersion" value="4.7.0.2"/>
         <property name="browser" value="Chrome 59.0.3071.115"/>
         <property name="hostAddress" value="192.168.1.211"/>
         <property name="sessionId" value="327c88f7f910eef668548aec584fb7a7"/>
         <property name="seleniumVersion" value="2.53.0"/>
         <property name="proxyInformation" value="ProxyInformation{proxyOption=NO_PROXY, proxyServerType=HTTP, password=, proxyServerAddress=, proxyServerPort=0}"/>
         <property name="platform" value="Windows 10"/>
      </properties>
      <testcase name="Test Cases/My Content/Global TestCases/Login Via Website" classname="Test Cases/My Content/Global TestCases/Login Via Website" status="PASSED">
         <system-out><![CDATA[2017-07-18 10:43:35 - [TEST_CASE][PASSED] - Test Cases/My Content/Global TestCases/Login Via Website: Test Cases/My Content/Global TestCases/Login Via Website

2017-07-18 10:43:37 - [TEST_STEP][PASSED] - openBrowser: Browser is opened with url: ''

2017-07-18 10:43:51 - [MESSAGE][PASSED] - Browser is opened with url: ''

2017-07-18 10:43:51 - [TEST_STEP][PASSED] - navigateToUrl: Navigate to 'http://releasetestjuly20a.force1.awdev.ca/user' successfully

2017-07-18 10:44:01 - [MESSAGE][PASSED] - Navigate to 'http://releasetestjuly20a.force1.awdev.ca/user' successfully

2017-07-18 10:44:01 - [TEST_STEP][PASSED] - maximizeWindow: Current window maximized

2017-07-18 10:44:02 - [MESSAGE][PASSED] - Current window maximized

2017-07-18 10:44:02 - [TEST_STEP][PASSED] - setText: Text 'releasetestjuly20a' is set on object 'Object Repository/Page_Log in  AW Force/input_name_Username'

2017-07-18 10:44:05 - [MESSAGE][PASSED] - Text 'releasetestjuly20a' is set on object 'Object Repository/Page_Log in  AW Force/input_name_Username'

2017-07-18 10:44:05 - [TEST_STEP][PASSED] - setText: Text 'welcome' is set on object 'Object Repository/Page_Log in  AW Force/input_pass_Password'

2017-07-18 10:44:06 - [MESSAGE][PASSED] - Text 'welcome' is set on object 'Object Repository/Page_Log in  AW Force/input_pass_Password'

2017-07-18 10:44:06 - [TEST_STEP][PASSED] - click: Object: 'Object Repository/Page_Log in  AW Force/input_op_Submit' is clicked on

2017-07-18 10:44:26 - [MESSAGE][PASSED] - Object: 'Object Repository/Page_Log in  AW Force/input_op_Submit' is clicked on

2017-07-18 10:44:26 - [TEST_STEP][PASSED] - waitForPageLoad: Wait for page load successfully

2017-07-18 10:44:26 - [MESSAGE][PASSED] - Wait for page load successfully]]></system-out>
         <system-err><![CDATA[]]></system-err>
      </testcase>
      <testcase name="Test Cases/My Content/Our Team/Modal/Verify_Send_to_review/Send_to_review_Add_Team_" classname="Test Cases/My Content/Our Team/Modal/Verify_Send_to_review/Send_to_review_Add_Team_" status="FAILED">
         <failure type="FAILED" message=""/>
         <system-out><![CDATA[2017-07-18 10:44:26 - [TEST_CASE][FAILED] - Test Cases/My Content/Our Team/Modal/Verify_Send_to_review/Send_to_review_Add_Team_: Test Cases/My Content/Our Team/Modal/Verify_Send_to_review/Send_to_review_Add_Team_ FAILED because (of) Unable to click on object 'Object Repository/Page_Pages  junetest2bda/a_Add New' (Root cause: java.lang.NullPointerException)

2017-07-18 10:44:28 - [TEST_STEP][PASSED] - click: Object: 'Object Repository/Page_User dashboard  junetest2bda/a_MyContent' is clicked on

2017-07-18 10:45:01 - [MESSAGE][PASSED] - Object: 'Object Repository/Page_User dashboard  junetest2bda/a_MyContent' is clicked on

2017-07-18 10:45:01 - [TEST_STEP][PASSED] - click: Object: 'Object Repository/Page_User dashboard  junetest2bda/My Content Menu/a_Our Team' is clicked on

2017-07-18 10:45:18 - [MESSAGE][PASSED] - Object: 'Object Repository/Page_User dashboard  junetest2bda/My Content Menu/a_Our Team' is clicked on

2017-07-18 10:45:18 - [TEST_STEP][FAILED] - click: Unable to click on object 'Object Repository/Page_Pages  junetest2bda/a_Add New' (Root cause: java.lang.NullPointerException)

2017-07-18 10:45:26 - [MESSAGE][WARNING] - Cannot take screenshot

2017-07-18 10:45:26 - [MESSAGE][FAILED] - Unable to click on object 'Object Repository/Page_Pages  junetest2bda/a_Add New' (Root cause: java.lang.NullPointerException)]]></system-out>
         <system-err><![CDATA[2017-07-18 10:44:26 - [TEST_CASE][FAILED] - Test Cases/My Content/Our Team/Modal/Verify_Send_to_review/Send_to_review_Add_Team_: Test Cases/My Content/Our Team/Modal/Verify_Send_to_review/Send_to_review_Add_Team_ FAILED because (of) Unable to click on object 'Object Repository/Page_Pages  junetest2bda/a_Add New' (Root cause: java.lang.NullPointerException)]]></system-err>
      </testcase>
      <testcase name="Test Cases/My Content/Our Team/Modal/Verify_Send_to_review/Send_to_review_Edit_Team_" classname="Test Cases/My Content/Our Team/Modal/Verify_Send_to_review/Send_to_review_Edit_Team_" status="FAILED">
         <failure type="FAILED" message=""/>
         <system-out><![CDATA[2017-07-18 10:45:26 - [TEST_CASE][FAILED] - Test Cases/My Content/Our Team/Modal/Verify_Send_to_review/Send_to_review_Edit_Team_: Test Cases/My Content/Our Team/Modal/Verify_Send_to_review/Send_to_review_Edit_Team_ FAILED because (of) Unable to click on object 'Object Repository/Page_User dashboard  junetest2bda/a_MyContent' (Root cause: org.openqa.selenium.NoSuchWindowException: no such window: target window already closed
from unknown error: web view not found
  (Session info: chrome=59.0.3071.115)
  (Driver info: chromedriver=2.30.477700 (0057494ad8732195794a7b32078424f92a5fce41),platform=Windows NT 10.0.15063 x86_64) (WARNING: The server did not provide any stacktrace information)
Command duration or timeout: 6 milliseconds
Build info: version: '2.53.0', revision: '35ae25b', time: '2016-03-15 17:00:58'
System info: host: 'Cindy-AW', ip: '192.168.1.211', os.name: 'Windows 10', os.arch: 'amd64', os.version: '10.0', java.version: '1.8.0_102'
Driver info: com.kms.katalon.selenium.driver.CChromeDriver
Capabilities [{applicationCacheEnabled=false, rotatable=false, mobileEmulationEnabled=false, networkConnectionEnabled=false, chrome={chromedriverVersion=2.30.477700 (0057494ad8732195794a7b32078424f92a5fce41), userDataDir=C:\Users\Cindy\AppData\Local\Temp\scoped_dir3568_4001}, takesHeapSnapshot=true, pageLoadStrategy=normal, databaseEnabled=false, handlesAlerts=true, hasTouchScreen=false, version=59.0.3071.115, platform=XP, browserConnectionEnabled=false, nativeEvents=true, acceptSslCerts=true, locationContextEnabled=true, webStorageEnabled=true, browserName=chrome, takesScreenshot=true, javascriptEnabled=true, cssSelectorsEnabled=true, unexpectedAlertBehaviour=}]
Session ID: 327c88f7f910eef668548aec584fb7a7
*** Element info: {Using=xpath, value=//a[count(. | //*[@id="block-aw-dashboard-main-menu"]/a[2]) = count(//*[@id="block-aw-dashboard-main-menu"]/a[2])]})

2017-07-18 10:45:27 - [TEST_STEP][FAILED] - click: Unable to click on object 'Object Repository/Page_User dashboard  junetest2bda/a_MyContent' (Root cause: org.openqa.selenium.NoSuchWindowException: no such window: target window already closed
from unknown error: web view not found
  (Session info: chrome=59.0.3071.115)
  (Driver info: chromedriver=2.30.477700 (0057494ad8732195794a7b32078424f92a5fce41),platform=Windows NT 10.0.15063 x86_64) (WARNING: The server did not provide any stacktrace information)
Command duration or timeout: 6 milliseconds
Build info: version: '2.53.0', revision: '35ae25b', time: '2016-03-15 17:00:58'
System info: host: 'Cindy-AW', ip: '192.168.1.211', os.name: 'Windows 10', os.arch: 'amd64', os.version: '10.0', java.version: '1.8.0_102'
Driver info: com.kms.katalon.selenium.driver.CChromeDriver
Capabilities [{applicationCacheEnabled=false, rotatable=false, mobileEmulationEnabled=false, networkConnectionEnabled=false, chrome={chromedriverVersion=2.30.477700 (0057494ad8732195794a7b32078424f92a5fce41), userDataDir=C:\Users\Cindy\AppData\Local\Temp\scoped_dir3568_4001}, takesHeapSnapshot=true, pageLoadStrategy=normal, databaseEnabled=false, handlesAlerts=true, hasTouchScreen=false, version=59.0.3071.115, platform=XP, browserConnectionEnabled=false, nativeEvents=true, acceptSslCerts=true, locationContextEnabled=true, webStorageEnabled=true, browserName=chrome, takesScreenshot=true, javascriptEnabled=true, cssSelectorsEnabled=true, unexpectedAlertBehaviour=}]
Session ID: 327c88f7f910eef668548aec584fb7a7
*** Element info: {Using=xpath, value=//a[count(. | //*[@id="block-aw-dashboard-main-menu"]/a[2]) = count(//*[@id="block-aw-dashboard-main-menu"]/a[2])]})

2017-07-18 10:45:27 - [MESSAGE][WARNING] - Cannot take screenshot

2017-07-18 10:45:27 - [MESSAGE][FAILED] - Unable to click on object 'Object Repository/Page_User dashboard  junetest2bda/a_MyContent' (Root cause: org.openqa.selenium.NoSuchWindowException: no such window: target window already closed
from unknown error: web view not found
  (Session info: chrome=59.0.3071.115)
  (Driver info: chromedriver=2.30.477700 (0057494ad8732195794a7b32078424f92a5fce41),platform=Windows NT 10.0.15063 x86_64) (WARNING: The server did not provide any stacktrace information)
Command duration or timeout: 6 milliseconds
Build info: version: '2.53.0', revision: '35ae25b', time: '2016-03-15 17:00:58'
System info: host: 'Cindy-AW', ip: '192.168.1.211', os.name: 'Windows 10', os.arch: 'amd64', os.version: '10.0', java.version: '1.8.0_102'
Driver info: com.kms.katalon.selenium.driver.CChromeDriver
Capabilities [{applicationCacheEnabled=false, rotatable=false, mobileEmulationEnabled=false, networkConnectionEnabled=false, chrome={chromedriverVersion=2.30.477700 (0057494ad8732195794a7b32078424f92a5fce41), userDataDir=C:\Users\Cindy\AppData\Local\Temp\scoped_dir3568_4001}, takesHeapSnapshot=true, pageLoadStrategy=normal, databaseEnabled=false, handlesAlerts=true, hasTouchScreen=false, version=59.0.3071.115, platform=XP, browserConnectionEnabled=false, nativeEvents=true, acceptSslCerts=true, locationContextEnabled=true, webStorageEnabled=true, browserName=chrome, takesScreenshot=true, javascriptEnabled=true, cssSelectorsEnabled=true, unexpectedAlertBehaviour=}]
Session ID: 327c88f7f910eef668548aec584fb7a7
*** Element info: {Using=xpath, value=//a[count(. | //*[@id="block-aw-dashboard-main-menu"]/a[2]) = count(//*[@id="block-aw-dashboard-main-menu"]/a[2])]})]]></system-out>
         <system-err><![CDATA[2017-07-18 10:45:26 - [TEST_CASE][FAILED] - Test Cases/My Content/Our Team/Modal/Verify_Send_to_review/Send_to_review_Edit_Team_: Test Cases/My Content/Our Team/Modal/Verify_Send_to_review/Send_to_review_Edit_Team_ FAILED because (of) Unable to click on object 'Object Repository/Page_User dashboard  junetest2bda/a_MyContent' (Root cause: org.openqa.selenium.NoSuchWindowException: no such window: target window already closed
from unknown error: web view not found
  (Session info: chrome=59.0.3071.115)
  (Driver info: chromedriver=2.30.477700 (0057494ad8732195794a7b32078424f92a5fce41),platform=Windows NT 10.0.15063 x86_64) (WARNING: The server did not provide any stacktrace information)
Command duration or timeout: 6 milliseconds
Build info: version: '2.53.0', revision: '35ae25b', time: '2016-03-15 17:00:58'
System info: host: 'Cindy-AW', ip: '192.168.1.211', os.name: 'Windows 10', os.arch: 'amd64', os.version: '10.0', java.version: '1.8.0_102'
Driver info: com.kms.katalon.selenium.driver.CChromeDriver
Capabilities [{applicationCacheEnabled=false, rotatable=false, mobileEmulationEnabled=false, networkConnectionEnabled=false, chrome={chromedriverVersion=2.30.477700 (0057494ad8732195794a7b32078424f92a5fce41), userDataDir=C:\Users\Cindy\AppData\Local\Temp\scoped_dir3568_4001}, takesHeapSnapshot=true, pageLoadStrategy=normal, databaseEnabled=false, handlesAlerts=true, hasTouchScreen=false, version=59.0.3071.115, platform=XP, browserConnectionEnabled=false, nativeEvents=true, acceptSslCerts=true, locationContextEnabled=true, webStorageEnabled=true, browserName=chrome, takesScreenshot=true, javascriptEnabled=true, cssSelectorsEnabled=true, unexpectedAlertBehaviour=}]
Session ID: 327c88f7f910eef668548aec584fb7a7
*** Element info: {Using=xpath, value=//a[count(. | //*[@id="block-aw-dashboard-main-menu"]/a[2]) = count(//*[@id="block-aw-dashboard-main-menu"]/a[2])]})]]></system-err>
      </testcase>
      <testcase name="Test Cases/My Content/Our Team/Modal/Verify_Send_to_review/Send_to_review_Add_Delete_Team_" classname="Test Cases/My Content/Our Team/Modal/Verify_Send_to_review/Send_to_review_Add_Delete_Team_" status="FAILED">
         <failure type="FAILED" message=""/>
         <system-out><![CDATA[2017-07-18 10:45:27 - [TEST_CASE][FAILED] - Test Cases/My Content/Our Team/Modal/Verify_Send_to_review/Send_to_review_Add_Delete_Team_: Test Cases/My Content/Our Team/Modal/Verify_Send_to_review/Send_to_review_Add_Delete_Team_ FAILED because (of) Unable to open browser with url: '' (Root cause: org.openqa.selenium.SessionNotCreatedException: session not created exception
from disconnected: Unable to receive message from renderer
  (Session info: chrome=59.0.3071.115)
  (Driver info: chromedriver=2.30.477700 (0057494ad8732195794a7b32078424f92a5fce41),platform=Windows NT 10.0.15063 x86_64) (WARNING: The server did not provide any stacktrace information)
Command duration or timeout: 2.28 seconds
Build info: version: '2.53.0', revision: '35ae25b', time: '2016-03-15 17:00:58'
System info: host: 'Cindy-AW', ip: '192.168.1.211', os.name: 'Windows 10', os.arch: 'amd64', os.version: '10.0', java.version: '1.8.0_102'
Driver info: com.kms.katalon.selenium.driver.CChromeDriver)

2017-07-18 10:45:27 - [TEST_STEP][FAILED] - callTestCase: Unable to call Test Case with id 'Test Cases/My Content/Global TestCases/Login Via Website' (Root cause: Call Test Case 'Test Cases/My Content/Global TestCases/Login Via Website' failed)

2017-07-18 10:45:27 - [TEST_CASE][FAILED] - Test Cases/My Content/Global TestCases/Login Via Website: Test Cases/My Content/Global TestCases/Login Via Website FAILED because (of) Unable to open browser with url: '' (Root cause: org.openqa.selenium.SessionNotCreatedException: session not created exception
from disconnected: Unable to receive message from renderer
  (Session info: chrome=59.0.3071.115)
  (Driver info: chromedriver=2.30.477700 (0057494ad8732195794a7b32078424f92a5fce41),platform=Windows NT 10.0.15063 x86_64) (WARNING: The server did not provide any stacktrace information)
Command duration or timeout: 2.28 seconds
Build info: version: '2.53.0', revision: '35ae25b', time: '2016-03-15 17:00:58'
System info: host: 'Cindy-AW', ip: '192.168.1.211', os.name: 'Windows 10', os.arch: 'amd64', os.version: '10.0', java.version: '1.8.0_102'
Driver info: com.kms.katalon.selenium.driver.CChromeDriver)

2017-07-18 10:45:27 - [TEST_STEP][FAILED] - openBrowser: Unable to open browser with url: '' (Root cause: org.openqa.selenium.SessionNotCreatedException: session not created exception
from disconnected: Unable to receive message from renderer
  (Session info: chrome=59.0.3071.115)
  (Driver info: chromedriver=2.30.477700 (0057494ad8732195794a7b32078424f92a5fce41),platform=Windows NT 10.0.15063 x86_64) (WARNING: The server did not provide any stacktrace information)
Command duration or timeout: 2.28 seconds
Build info: version: '2.53.0', revision: '35ae25b', time: '2016-03-15 17:00:58'
System info: host: 'Cindy-AW', ip: '192.168.1.211', os.name: 'Windows 10', os.arch: 'amd64', os.version: '10.0', java.version: '1.8.0_102'
Driver info: com.kms.katalon.selenium.driver.CChromeDriver)

2017-07-18 10:45:27 - [MESSAGE][WARNING] - A browser is already opened. Closing browser and opening a new one

2017-07-18 10:45:31 - [MESSAGE][FAILED] - Unable to open browser with url: '' (Root cause: org.openqa.selenium.SessionNotCreatedException: session not created exception
from disconnected: Unable to receive message from renderer
  (Session info: chrome=59.0.3071.115)
  (Driver info: chromedriver=2.30.477700 (0057494ad8732195794a7b32078424f92a5fce41),platform=Windows NT 10.0.15063 x86_64) (WARNING: The server did not provide any stacktrace information)
Command duration or timeout: 2.28 seconds
Build info: version: '2.53.0', revision: '35ae25b', time: '2016-03-15 17:00:58'
System info: host: 'Cindy-AW', ip: '192.168.1.211', os.name: 'Windows 10', os.arch: 'amd64', os.version: '10.0', java.version: '1.8.0_102'
Driver info: com.kms.katalon.selenium.driver.CChromeDriver)

2017-07-18 10:45:31 - [MESSAGE][FAILED] - Unable to call Test Case with id 'Test Cases/My Content/Global TestCases/Login Via Website' (Root cause: Call Test Case 'Test Cases/My Content/Global TestCases/Login Via Website' failed)]]></system-out>
         <system-err><![CDATA[2017-07-18 10:45:27 - [TEST_CASE][FAILED] - Test Cases/My Content/Our Team/Modal/Verify_Send_to_review/Send_to_review_Add_Delete_Team_: Test Cases/My Content/Our Team/Modal/Verify_Send_to_review/Send_to_review_Add_Delete_Team_ FAILED because (of) Unable to open browser with url: '' (Root cause: org.openqa.selenium.SessionNotCreatedException: session not created exception
from disconnected: Unable to receive message from renderer
  (Session info: chrome=59.0.3071.115)
  (Driver info: chromedriver=2.30.477700 (0057494ad8732195794a7b32078424f92a5fce41),platform=Windows NT 10.0.15063 x86_64) (WARNING: The server did not provide any stacktrace information)
Command duration or timeout: 2.28 seconds
Build info: version: '2.53.0', revision: '35ae25b', time: '2016-03-15 17:00:58'
System info: host: 'Cindy-AW', ip: '192.168.1.211', os.name: 'Windows 10', os.arch: 'amd64', os.version: '10.0', java.version: '1.8.0_102'
Driver info: com.kms.katalon.selenium.driver.CChromeDriver)]]></system-err>
      </testcase>
      <system-out><![CDATA[2017-07-18 10:43:34 - [TEST_SUITE][FAILED] - Team Members: Test Cases/My Content/Our Team/Modal/Verify_Send_to_review/Send_to_review_Add_Team_ FAILED because (of) Unable to click on object 'Object Repository/Page_Pages  junetest2bda/a_Add New' (Root cause: java.lang.NullPointerException)]]></system-out>
      <system-err><![CDATA[2017-07-18 10:43:34 - [TEST_SUITE][FAILED] - Team Members: Test Cases/My Content/Our Team/Modal/Verify_Send_to_review/Send_to_review_Add_Team_ FAILED because (of) Unable to click on object 'Object Repository/Page_Pages  junetest2bda/a_Add New' (Root cause: java.lang.NullPointerException)]]></system-err>
   </testsuite>
</testsuites>
