<?xml version="1.0" encoding="UTF-8"?>
<testsuites name="Blogs" time="705" tests="9" failures="1" errors="0">
   <testsuite name="Blogs" tests="9" failures="1" errors="0" time="705" timestamp="2017-07-18 10:48:16" hostname="Andy - Cindy-AW" id="Test Suites/Blogs">
      <properties>
         <property name="deviceName" value=""/>
         <property name="devicePlatform" value=""/>
         <property name="logFolder" value="C:\\Users\\Cindy\\Katalon Studio\\MyContent\\Reports\\Blogs\\20170718_104811"/>
         <property name="logFiles" value="C:\\Users\\Cindy\\Katalon Studio\\MyContent\\Reports\\Blogs\\20170718_104811\\execution0.log"/>
         <property name="attachments" value="C:\\Users\\Cindy\\Katalon Studio\\MyContent\\Reports\\Blogs\\20170718_104811\\1500400799657.png"/>
         <property name="hostName" value="Andy - Cindy-AW"/>
         <property name="os" value="Windows 10 64bit"/>
         <property name="katalonVersion" value="4.7.0.2"/>
         <property name="browser" value="Chrome 59.0.3071.115"/>
         <property name="hostAddress" value="192.168.1.211"/>
         <property name="sessionId" value="b2e4808274a48cc07afed5ac45d19f3f"/>
         <property name="seleniumVersion" value="2.53.0"/>
         <property name="proxyInformation" value="ProxyInformation{proxyOption=NO_PROXY, proxyServerType=HTTP, password=, proxyServerAddress=, proxyServerPort=0}"/>
         <property name="platform" value="Windows 10"/>
      </properties>
      <testcase name="Test Cases/My Content/Global TestCases/Login Via Website" classname="Test Cases/My Content/Global TestCases/Login Via Website" status="PASSED">
         <system-out><![CDATA[2017-07-18 10:48:17 - [TEST_CASE][PASSED] - Test Cases/My Content/Global TestCases/Login Via Website: Test Cases/My Content/Global TestCases/Login Via Website

2017-07-18 10:48:19 - [TEST_STEP][PASSED] - openBrowser: Browser is opened with url: ''

2017-07-18 10:48:27 - [MESSAGE][PASSED] - Browser is opened with url: ''

2017-07-18 10:48:27 - [TEST_STEP][PASSED] - navigateToUrl: Navigate to 'http://releasetestjuly20a.force1.awdev.ca/user' successfully

2017-07-18 10:48:36 - [MESSAGE][PASSED] - Navigate to 'http://releasetestjuly20a.force1.awdev.ca/user' successfully

2017-07-18 10:48:36 - [TEST_STEP][PASSED] - maximizeWindow: Current window maximized

2017-07-18 10:48:37 - [MESSAGE][PASSED] - Current window maximized

2017-07-18 10:48:37 - [TEST_STEP][PASSED] - setText: Text 'releasetestjuly20a' is set on object 'Object Repository/Page_Log in  AW Force/input_name_Username'

2017-07-18 10:48:38 - [MESSAGE][PASSED] - Text 'releasetestjuly20a' is set on object 'Object Repository/Page_Log in  AW Force/input_name_Username'

2017-07-18 10:48:38 - [TEST_STEP][PASSED] - setText: Text 'welcome' is set on object 'Object Repository/Page_Log in  AW Force/input_pass_Password'

2017-07-18 10:48:38 - [MESSAGE][PASSED] - Text 'welcome' is set on object 'Object Repository/Page_Log in  AW Force/input_pass_Password'

2017-07-18 10:48:38 - [TEST_STEP][PASSED] - click: Object: 'Object Repository/Page_Log in  AW Force/input_op_Submit' is clicked on

2017-07-18 10:49:14 - [MESSAGE][PASSED] - Object: 'Object Repository/Page_Log in  AW Force/input_op_Submit' is clicked on

2017-07-18 10:49:14 - [TEST_STEP][PASSED] - waitForPageLoad: Wait for page load successfully

2017-07-18 10:49:14 - [MESSAGE][PASSED] - Wait for page load successfully]]></system-out>
         <system-err><![CDATA[]]></system-err>
      </testcase>
      <testcase name="Test Cases/My Content/Blogs/Modal/Verify_Draft/Draft_Add_blog" classname="Test Cases/My Content/Blogs/Modal/Verify_Draft/Draft_Add_blog" status="PASSED">
         <system-out><![CDATA[2017-07-18 10:49:14 - [TEST_CASE][PASSED] - Test Cases/My Content/Blogs/Modal/Verify_Draft/Draft_Add_blog: Test Cases/My Content/Blogs/Modal/Verify_Draft/Draft_Add_blog

2017-07-18 10:49:15 - [TEST_STEP][PASSED] - click: Object: 'Object Repository/Page_User dashboard  junetest2bda/a_MyContent' is clicked on

2017-07-18 10:49:35 - [MESSAGE][PASSED] - Object: 'Object Repository/Page_User dashboard  junetest2bda/a_MyContent' is clicked on

2017-07-18 10:49:35 - [TEST_STEP][PASSED] - click: Object: 'Object Repository/Page_User dashboard  junetest2bda/My Content Menu/a_Blog' is clicked on

2017-07-18 10:49:54 - [MESSAGE][PASSED] - Object: 'Object Repository/Page_User dashboard  junetest2bda/My Content Menu/a_Blog' is clicked on

2017-07-18 10:49:54 - [TEST_STEP][PASSED] - click: Object: 'Object Repository/Page_Pages  junetest2bda/a_Add New' is clicked on

2017-07-18 10:49:54 - [MESSAGE][PASSED] - Object: 'Object Repository/Page_Pages  junetest2bda/a_Add New' is clicked on

2017-07-18 10:49:54 - [TEST_STEP][PASSED] - waitForElementPresent: Object 'Object Repository/Page_Pages  junetest2bda/Modal/div_ui-dialog ui-widget ui-wid_MyContentModal' is present

2017-07-18 10:49:58 - [MESSAGE][PASSED] - Object 'Object Repository/Page_Pages  junetest2bda/Modal/div_ui-dialog ui-widget ui-wid_MyContentModal' is present

2017-07-18 10:49:58 - [TEST_STEP][PASSED] - verifyElementPresent: Object 'Object Repository/Page_Pages  junetest2bda/Modal/div_ui-dialog ui-widget ui-wid_MyContentModal' is present

2017-07-18 10:49:59 - [MESSAGE][PASSED] - Object 'Object Repository/Page_Pages  junetest2bda/Modal/div_ui-dialog ui-widget ui-wid_MyContentModal' is present

2017-07-18 10:49:59 - [TEST_STEP][PASSED] - setText: Text 'Test Blog Draft 1' is set on object 'Object Repository/Page_Pages  junetest2bda/Modal/input_title0value_Title'

2017-07-18 10:49:59 - [MESSAGE][PASSED] - Text 'Test Blog Draft 1' is set on object 'Object Repository/Page_Pages  junetest2bda/Modal/input_title0value_Title'

2017-07-18 10:49:59 - [TEST_STEP][PASSED] - setText: Text 'Item1' is set on object 'Object Repository/Page_Blogs junetest2bda/input_field_tagstarget_id_Tags'

2017-07-18 10:50:00 - [MESSAGE][PASSED] - Text 'Item1' is set on object 'Object Repository/Page_Blogs junetest2bda/input_field_tagstarget_id_Tags'

2017-07-18 10:50:00 - [TEST_STEP][PASSED] - switchToFrame: Switched to iframe: 'Object Repository/Page_Pages  junetest2bda/Modal/iframe_cke_wysiwyg_frame cke_r (2)'

2017-07-18 10:50:00 - [TEST_STEP][PASSED] - setText: Text 'This is a BlogDraft Test' is set on object 'Object Repository/Page_Pages  junetest2bda/Modal/p'

2017-07-18 10:50:01 - [MESSAGE][PASSED] - Text 'This is a BlogDraft Test' is set on object 'Object Repository/Page_Pages  junetest2bda/Modal/p'

2017-07-18 10:50:01 - [TEST_STEP][PASSED] - switchToDefaultContent: Switching to default content

2017-07-18 10:50:02 - [TEST_STEP][PASSED] - verifyElementClickable: Object 'Object Repository/Page_Pages  junetest2bda/Modal/button_SaveasDraft' is clickable

2017-07-18 10:50:02 - [MESSAGE][PASSED] - Object 'Object Repository/Page_Pages  junetest2bda/Modal/button_SaveasDraft' is clickable

2017-07-18 10:50:02 - [TEST_STEP][PASSED] - click: Object: 'Object Repository/Page_Pages  junetest2bda/Modal/button_SaveasDraft' is clicked on

2017-07-18 10:50:41 - [MESSAGE][PASSED] - Object: 'Object Repository/Page_Pages  junetest2bda/Modal/button_SaveasDraft' is clicked on

2017-07-18 10:50:41 - [TEST_STEP][PASSED] - waitForPageLoad: Wait for page load successfully

2017-07-18 10:50:42 - [MESSAGE][PASSED] - Wait for page load successfully

2017-07-18 10:50:42 - [TEST_STEP][PASSED] - switchToFrame: Switched to iframe: 'Object Repository/Page_Preview  junetest2bda/iframe_website-preview'

2017-07-18 10:50:42 - [TEST_STEP][PASSED] - Statement - actual_title = com.kms.katalon.core.webui.keyword.WebUiBuiltInKeywords.getText(com.kms.katalon.core.testobject.ObjectRepository.findTestObject(Page_Preview  junetest2bda/span_Test Draft 1)): Text of object 'Object Repository/Page_Preview  junetest2bda/span_Test Draft 1' is: 'TEST BLOG DRAFT 1'

2017-07-18 10:50:42 - [MESSAGE][PASSED] - Text of object 'Object Repository/Page_Preview  junetest2bda/span_Test Draft 1' is: 'TEST BLOG DRAFT 1'

2017-07-18 10:50:42 - [TEST_STEP][PASSED] - verifyMatch: Actual text 'TEST BLOG DRAFT 1' and expected text 'TEST BLOG DRAFT 1' are matched  using regular expression

2017-07-18 10:50:42 - [MESSAGE][PASSED] - Actual text 'TEST BLOG DRAFT 1' and expected text 'TEST BLOG DRAFT 1' are matched  using regular expression

2017-07-18 10:50:42 - [TEST_STEP][PASSED] - switchToDefaultContent: Switching to default content]]></system-out>
         <system-err><![CDATA[]]></system-err>
      </testcase>
      <testcase name="Test Cases/My Content/Blogs/Modal/Verify_Draft/Draft_Edit1_blog" classname="Test Cases/My Content/Blogs/Modal/Verify_Draft/Draft_Edit1_blog" status="PASSED">
         <system-out><![CDATA[2017-07-18 10:50:42 - [TEST_CASE][PASSED] - Test Cases/My Content/Blogs/Modal/Verify_Draft/Draft_Edit1_blog: Test Cases/My Content/Blogs/Modal/Verify_Draft/Draft_Edit1_blog

2017-07-18 10:50:43 - [TEST_STEP][PASSED] - click: Object: 'Object Repository/Page_User dashboard  junetest2bda/a_MyContent' is clicked on

2017-07-18 10:50:45 - [MESSAGE][PASSED] - Object: 'Object Repository/Page_User dashboard  junetest2bda/a_MyContent' is clicked on

2017-07-18 10:50:45 - [TEST_STEP][PASSED] - click: Object: 'Object Repository/Page_User dashboard  junetest2bda/My Content Menu/a_Blog' is clicked on

2017-07-18 10:50:50 - [MESSAGE][PASSED] - Object: 'Object Repository/Page_User dashboard  junetest2bda/My Content Menu/a_Blog' is clicked on

2017-07-18 10:50:50 - [TEST_STEP][PASSED] - click: Object: 'Object Repository/Page_Pages  junetest2bda/a_Edit' is clicked on

2017-07-18 10:50:50 - [MESSAGE][PASSED] - Object: 'Object Repository/Page_Pages  junetest2bda/a_Edit' is clicked on

2017-07-18 10:50:50 - [TEST_STEP][PASSED] - waitForElementPresent: Object 'Object Repository/Page_Pages  junetest2bda/Modal/div_ui-dialog ui-widget ui-wid_MyContentModal' is present

2017-07-18 10:50:54 - [MESSAGE][PASSED] - Object 'Object Repository/Page_Pages  junetest2bda/Modal/div_ui-dialog ui-widget ui-wid_MyContentModal' is present

2017-07-18 10:50:54 - [TEST_STEP][PASSED] - verifyElementPresent: Object 'Object Repository/Page_Pages  junetest2bda/Modal/div_ui-dialog ui-widget ui-wid_MyContentModal' is present

2017-07-18 10:50:55 - [MESSAGE][PASSED] - Object 'Object Repository/Page_Pages  junetest2bda/Modal/div_ui-dialog ui-widget ui-wid_MyContentModal' is present

2017-07-18 10:50:55 - [TEST_STEP][PASSED] - setText: Text 'Test Blog Draft Edit 1' is set on object 'Object Repository/Page_Pages  junetest2bda/Modal/input_title0value_Title'

2017-07-18 10:50:56 - [MESSAGE][PASSED] - Text 'Test Blog Draft Edit 1' is set on object 'Object Repository/Page_Pages  junetest2bda/Modal/input_title0value_Title'

2017-07-18 10:50:56 - [TEST_STEP][PASSED] - setText: Text 'Item1, Item2' is set on object 'Object Repository/Page_Blogs junetest2bda/input_field_tagstarget_id_Tags'

2017-07-18 10:50:57 - [MESSAGE][PASSED] - Text 'Item1, Item2' is set on object 'Object Repository/Page_Blogs junetest2bda/input_field_tagstarget_id_Tags'

2017-07-18 10:50:57 - [TEST_STEP][PASSED] - switchToFrame: Switched to iframe: 'Object Repository/Page_Pages  junetest2bda/Modal/iframe_cke_wysiwyg_frame cke_r (2)'

2017-07-18 10:50:57 - [TEST_STEP][PASSED] - setText: Text 'This is a Blog Draft Edit Test' is set on object 'Object Repository/Page_Pages  junetest2bda/Modal/p'

2017-07-18 10:50:57 - [MESSAGE][PASSED] - Text 'This is a Blog Draft Edit Test' is set on object 'Object Repository/Page_Pages  junetest2bda/Modal/p'

2017-07-18 10:50:57 - [TEST_STEP][PASSED] - switchToDefaultContent: Switching to default content

2017-07-18 10:50:57 - [TEST_STEP][PASSED] - verifyElementClickable: Object 'Object Repository/Page_Pages  junetest2bda/Modal/button_SaveasDraft' is clickable

2017-07-18 10:50:57 - [MESSAGE][PASSED] - Object 'Object Repository/Page_Pages  junetest2bda/Modal/button_SaveasDraft' is clickable

2017-07-18 10:50:57 - [TEST_STEP][PASSED] - click: Object: 'Object Repository/Page_Pages  junetest2bda/Modal/button_SaveasDraft' is clicked on

2017-07-18 10:51:18 - [MESSAGE][PASSED] - Object: 'Object Repository/Page_Pages  junetest2bda/Modal/button_SaveasDraft' is clicked on

2017-07-18 10:51:18 - [TEST_STEP][PASSED] - click: Object: 'Object Repository/Page_Pages  junetest2bda/a_Test Draft Other' is clicked on

2017-07-18 10:51:24 - [MESSAGE][PASSED] - Object: 'Object Repository/Page_Pages  junetest2bda/a_Test Draft Other' is clicked on

2017-07-18 10:51:24 - [TEST_STEP][PASSED] - waitForPageLoad: Wait for page load successfully

2017-07-18 10:51:25 - [MESSAGE][PASSED] - Wait for page load successfully

2017-07-18 10:51:25 - [TEST_STEP][PASSED] - switchToFrame: Switched to iframe: 'Object Repository/Page_Preview  junetest2bda/iframe_website-preview'

2017-07-18 10:51:25 - [TEST_STEP][PASSED] - Statement - actual_title = com.kms.katalon.core.webui.keyword.WebUiBuiltInKeywords.getText(com.kms.katalon.core.testobject.ObjectRepository.findTestObject(Page_Preview  junetest2bda/span_Test Draft 1)): Text of object 'Object Repository/Page_Preview  junetest2bda/span_Test Draft 1' is: 'TEST BLOG DRAFT EDIT 1'

2017-07-18 10:51:25 - [MESSAGE][PASSED] - Text of object 'Object Repository/Page_Preview  junetest2bda/span_Test Draft 1' is: 'TEST BLOG DRAFT EDIT 1'

2017-07-18 10:51:25 - [TEST_STEP][PASSED] - verifyMatch: Actual text 'TEST BLOG DRAFT EDIT 1' and expected text 'TEST BLOG DRAFT EDIT 1' are matched  using regular expression

2017-07-18 10:51:25 - [MESSAGE][PASSED] - Actual text 'TEST BLOG DRAFT EDIT 1' and expected text 'TEST BLOG DRAFT EDIT 1' are matched  using regular expression

2017-07-18 10:51:25 - [TEST_STEP][PASSED] - switchToDefaultContent: Switching to default content]]></system-out>
         <system-err><![CDATA[]]></system-err>
      </testcase>
      <testcase name="Test Cases/My Content/Blogs/Modal/Verify_Draft/Draft_Add_Delete_blog" classname="Test Cases/My Content/Blogs/Modal/Verify_Draft/Draft_Add_Delete_blog" status="PASSED">
         <system-out><![CDATA[2017-07-18 10:51:26 - [TEST_CASE][PASSED] - Test Cases/My Content/Blogs/Modal/Verify_Draft/Draft_Add_Delete_blog: Test Cases/My Content/Blogs/Modal/Verify_Draft/Draft_Add_Delete_blog

2017-07-18 10:51:26 - [TEST_STEP][PASSED] - click: Object: 'Object Repository/Page_User dashboard  junetest2bda/a_MyContent' is clicked on

2017-07-18 10:51:45 - [MESSAGE][PASSED] - Object: 'Object Repository/Page_User dashboard  junetest2bda/a_MyContent' is clicked on

2017-07-18 10:51:45 - [TEST_STEP][PASSED] - click: Object: 'Object Repository/Page_User dashboard  junetest2bda/My Content Menu/a_Blog' is clicked on

2017-07-18 10:52:03 - [MESSAGE][PASSED] - Object: 'Object Repository/Page_User dashboard  junetest2bda/My Content Menu/a_Blog' is clicked on

2017-07-18 10:52:03 - [TEST_STEP][PASSED] - click: Object: 'Object Repository/Page_Pages  junetest2bda/a_Add New' is clicked on

2017-07-18 10:52:04 - [MESSAGE][PASSED] - Object: 'Object Repository/Page_Pages  junetest2bda/a_Add New' is clicked on

2017-07-18 10:52:04 - [TEST_STEP][PASSED] - waitForElementPresent: Object 'Object Repository/Page_Pages  junetest2bda/Modal/div_ui-dialog ui-widget ui-wid_MyContentModal' is present

2017-07-18 10:52:08 - [MESSAGE][PASSED] - Object 'Object Repository/Page_Pages  junetest2bda/Modal/div_ui-dialog ui-widget ui-wid_MyContentModal' is present

2017-07-18 10:52:08 - [TEST_STEP][PASSED] - verifyElementPresent: Object 'Object Repository/Page_Pages  junetest2bda/Modal/div_ui-dialog ui-widget ui-wid_MyContentModal' is present

2017-07-18 10:52:08 - [MESSAGE][PASSED] - Object 'Object Repository/Page_Pages  junetest2bda/Modal/div_ui-dialog ui-widget ui-wid_MyContentModal' is present

2017-07-18 10:52:08 - [TEST_STEP][PASSED] - setText: Text 'Test Blog Delete Draft 1' is set on object 'Object Repository/Page_Pages  junetest2bda/Modal/input_title0value_Title'

2017-07-18 10:52:09 - [MESSAGE][PASSED] - Text 'Test Blog Delete Draft 1' is set on object 'Object Repository/Page_Pages  junetest2bda/Modal/input_title0value_Title'

2017-07-18 10:52:09 - [TEST_STEP][PASSED] - setText: Text 'Item1' is set on object 'Object Repository/Page_Blogs junetest2bda/input_field_tagstarget_id_Tags'

2017-07-18 10:52:09 - [MESSAGE][PASSED] - Text 'Item1' is set on object 'Object Repository/Page_Blogs junetest2bda/input_field_tagstarget_id_Tags'

2017-07-18 10:52:09 - [TEST_STEP][PASSED] - verifyElementClickable: Object 'Object Repository/Page_Pages  junetest2bda/Modal/button_SaveasDraft' is clickable

2017-07-18 10:52:09 - [MESSAGE][PASSED] - Object 'Object Repository/Page_Pages  junetest2bda/Modal/button_SaveasDraft' is clickable

2017-07-18 10:52:09 - [TEST_STEP][PASSED] - click: Object: 'Object Repository/Page_Pages  junetest2bda/Modal/button_SaveasDraft' is clicked on

2017-07-18 10:52:45 - [MESSAGE][PASSED] - Object: 'Object Repository/Page_Pages  junetest2bda/Modal/button_SaveasDraft' is clicked on

2017-07-18 10:52:45 - [TEST_STEP][PASSED] - waitForPageLoad: Wait for page load successfully

2017-07-18 10:52:46 - [MESSAGE][PASSED] - Wait for page load successfully

2017-07-18 10:52:46 - [TEST_STEP][PASSED] - click: Object: 'Object Repository/Page_User dashboard  junetest2bda/a_MyContent' is clicked on

2017-07-18 10:53:04 - [MESSAGE][PASSED] - Object: 'Object Repository/Page_User dashboard  junetest2bda/a_MyContent' is clicked on

2017-07-18 10:53:04 - [TEST_STEP][PASSED] - click: Object: 'Object Repository/Page_Pages  junetest2bda/a_Delete' is clicked on

2017-07-18 10:53:04 - [MESSAGE][PASSED] - Object: 'Object Repository/Page_Pages  junetest2bda/a_Delete' is clicked on

2017-07-18 10:53:04 - [TEST_STEP][PASSED] - click: Object: 'Object Repository/Page_User dashboard  junetest2bda/Delete Modal/button_Delete' is clicked on

2017-07-18 10:53:05 - [MESSAGE][PASSED] - Object: 'Object Repository/Page_User dashboard  junetest2bda/Delete Modal/button_Delete' is clicked on

2017-07-18 10:53:05 - [TEST_STEP][PASSED] - waitForElementNotPresent: Web element with id: 'Object Repository/Page_User dashboard  junetest2bda/Delete Modal/div_ui-dialog ui-widget ui-wid' located by 'By.xpath: //div[count(. | /html[@class="touchevents details js wf-lato-n4-active wf-active"]/body[@class="layout-no-sidebars has-featured-top user-logged-in path-dashboard off-canvas-wrap"]/div[@class="ui-dialog ui-widget ui-widget-content ui-corner-all ui-front ui-dialog-buttons"]) = count(/html[@class="touchevents details js wf-lato-n4-active wf-active"]/body[@class="layout-no-sidebars has-featured-top user-logged-in path-dashboard off-canvas-wrap"]/div[@class="ui-dialog ui-widget ui-widget-content ui-corner-all ui-front ui-dialog-buttons"])]' is not present after '2' second(s)

2017-07-18 10:53:39 - [MESSAGE][PASSED] - Web element with id: 'Object Repository/Page_User dashboard  junetest2bda/Delete Modal/div_ui-dialog ui-widget ui-wid' located by 'By.xpath: //div[count(. | /html[@class="touchevents details js wf-lato-n4-active wf-active"]/body[@class="layout-no-sidebars has-featured-top user-logged-in path-dashboard off-canvas-wrap"]/div[@class="ui-dialog ui-widget ui-widget-content ui-corner-all ui-front ui-dialog-buttons"]) = count(/html[@class="touchevents details js wf-lato-n4-active wf-active"]/body[@class="layout-no-sidebars has-featured-top user-logged-in path-dashboard off-canvas-wrap"]/div[@class="ui-dialog ui-widget ui-widget-content ui-corner-all ui-front ui-dialog-buttons"])]' is not present after '2' second(s)

2017-07-18 10:53:39 - [TEST_STEP][PASSED] - verifyElementNotPresent: Web element with id: 'Object Repository/Page_User dashboard  junetest2bda/Delete Modal/div_ui-dialog ui-widget ui-wid' located by 'By.xpath: //div[count(. | /html[@class="touchevents details js wf-lato-n4-active wf-active"]/body[@class="layout-no-sidebars has-featured-top user-logged-in path-dashboard off-canvas-wrap"]/div[@class="ui-dialog ui-widget ui-widget-content ui-corner-all ui-front ui-dialog-buttons"]) = count(/html[@class="touchevents details js wf-lato-n4-active wf-active"]/body[@class="layout-no-sidebars has-featured-top user-logged-in path-dashboard off-canvas-wrap"]/div[@class="ui-dialog ui-widget ui-widget-content ui-corner-all ui-front ui-dialog-buttons"])]' is not present after '2' second(s)

2017-07-18 10:53:39 - [MESSAGE][PASSED] - Web element with id: 'Object Repository/Page_User dashboard  junetest2bda/Delete Modal/div_ui-dialog ui-widget ui-wid' located by 'By.xpath: //div[count(. | /html[@class="touchevents details js wf-lato-n4-active wf-active"]/body[@class="layout-no-sidebars has-featured-top user-logged-in path-dashboard off-canvas-wrap"]/div[@class="ui-dialog ui-widget ui-widget-content ui-corner-all ui-front ui-dialog-buttons"]) = count(/html[@class="touchevents details js wf-lato-n4-active wf-active"]/body[@class="layout-no-sidebars has-featured-top user-logged-in path-dashboard off-canvas-wrap"]/div[@class="ui-dialog ui-widget ui-widget-content ui-corner-all ui-front ui-dialog-buttons"])]' is not present after '2' second(s)

2017-07-18 10:53:39 - [TEST_STEP][PASSED] - click: Object: 'Object Repository/Page_User dashboard  junetest2bda/a_MyContent' is clicked on

2017-07-18 10:53:42 - [MESSAGE][PASSED] - Object: 'Object Repository/Page_User dashboard  junetest2bda/a_MyContent' is clicked on

2017-07-18 10:53:42 - [TEST_STEP][PASSED] - verifyTextNotPresent: Text 'Test Blog Delete Draft 1' is not present on page using regular expression

2017-07-18 10:53:43 - [MESSAGE][PASSED] - Text 'Test Blog Delete Draft 1' is not present on page using regular expression]]></system-out>
         <system-err><![CDATA[]]></system-err>
      </testcase>
      <testcase name="Test Cases/My Content/Blogs/Modal/Verify_Draft/Draft_Send_to_review_blog" classname="Test Cases/My Content/Blogs/Modal/Verify_Draft/Draft_Send_to_review_blog" status="PASSED">
         <system-out><![CDATA[2017-07-18 10:53:43 - [TEST_CASE][PASSED] - Test Cases/My Content/Blogs/Modal/Verify_Draft/Draft_Send_to_review_blog: Test Cases/My Content/Blogs/Modal/Verify_Draft/Draft_Send_to_review_blog

2017-07-18 10:53:44 - [TEST_STEP][PASSED] - click: Object: 'Object Repository/Page_User dashboard  junetest2bda/a_MyContent' is clicked on

2017-07-18 10:53:44 - [MESSAGE][PASSED] - Object: 'Object Repository/Page_User dashboard  junetest2bda/a_MyContent' is clicked on

2017-07-18 10:53:44 - [TEST_STEP][PASSED] - click: Object: 'Object Repository/Page_User dashboard  junetest2bda/My Content Menu/a_Blog' is clicked on

2017-07-18 10:54:03 - [MESSAGE][PASSED] - Object: 'Object Repository/Page_User dashboard  junetest2bda/My Content Menu/a_Blog' is clicked on

2017-07-18 10:54:03 - [TEST_STEP][PASSED] - click: Object: 'Object Repository/Page_Pages  junetest2bda/a_Edit' is clicked on

2017-07-18 10:54:04 - [MESSAGE][PASSED] - Object: 'Object Repository/Page_Pages  junetest2bda/a_Edit' is clicked on

2017-07-18 10:54:04 - [TEST_STEP][PASSED] - waitForElementPresent: Object 'Object Repository/Page_Pages  junetest2bda/Modal/div_ui-dialog ui-widget ui-wid_MyContentModal' is present

2017-07-18 10:54:07 - [MESSAGE][PASSED] - Object 'Object Repository/Page_Pages  junetest2bda/Modal/div_ui-dialog ui-widget ui-wid_MyContentModal' is present

2017-07-18 10:54:07 - [TEST_STEP][PASSED] - verifyElementPresent: Object 'Object Repository/Page_Pages  junetest2bda/Modal/div_ui-dialog ui-widget ui-wid_MyContentModal' is present

2017-07-18 10:54:07 - [MESSAGE][PASSED] - Object 'Object Repository/Page_Pages  junetest2bda/Modal/div_ui-dialog ui-widget ui-wid_MyContentModal' is present

2017-07-18 10:54:07 - [TEST_STEP][PASSED] - verifyElementClickable: Object 'Object Repository/Page_Pages  junetest2bda/Modal/button_SendtoReview' is clickable

2017-07-18 10:54:07 - [MESSAGE][PASSED] - Object 'Object Repository/Page_Pages  junetest2bda/Modal/button_SendtoReview' is clickable

2017-07-18 10:54:07 - [TEST_STEP][PASSED] - click: Object: 'Object Repository/Page_Pages  junetest2bda/Modal/button_SendtoReview' is clicked on

2017-07-18 10:54:27 - [MESSAGE][PASSED] - Object: 'Object Repository/Page_Pages  junetest2bda/Modal/button_SendtoReview' is clicked on

2017-07-18 10:54:27 - [TEST_STEP][PASSED] - waitForPageLoad: Wait for page load successfully

2017-07-18 10:54:27 - [MESSAGE][PASSED] - Wait for page load successfully

2017-07-18 10:54:27 - [TEST_STEP][PASSED] - click: Object: 'Object Repository/Page_User dashboard  junetest2bda/Compliance Menu/a_Send to Compliance (31)' is clicked on

2017-07-18 10:54:27 - [MESSAGE][PASSED] - Object: 'Object Repository/Page_User dashboard  junetest2bda/Compliance Menu/a_Send to Compliance (31)' is clicked on

2017-07-18 10:54:27 - [TEST_STEP][PASSED] - verifyTextPresent: Text 'Test Blog Draft Edit 1' is present on page  using regular expression

2017-07-18 10:54:28 - [MESSAGE][PASSED] - Text 'Test Blog Draft Edit 1' is present on page  using regular expression]]></system-out>
         <system-err><![CDATA[]]></system-err>
      </testcase>
      <testcase name="Test Cases/My Content/Blogs/Modal/Verify_Send_to_review/Send_to_review_Add_blogs" classname="Test Cases/My Content/Blogs/Modal/Verify_Send_to_review/Send_to_review_Add_blogs" status="PASSED">
         <system-out><![CDATA[2017-07-18 10:54:28 - [TEST_CASE][PASSED] - Test Cases/My Content/Blogs/Modal/Verify_Send_to_review/Send_to_review_Add_blogs: Test Cases/My Content/Blogs/Modal/Verify_Send_to_review/Send_to_review_Add_blogs

2017-07-18 10:54:28 - [TEST_STEP][PASSED] - click: Object: 'Object Repository/Page_User dashboard  junetest2bda/a_MyContent' is clicked on

2017-07-18 10:54:48 - [MESSAGE][PASSED] - Object: 'Object Repository/Page_User dashboard  junetest2bda/a_MyContent' is clicked on

2017-07-18 10:54:48 - [TEST_STEP][PASSED] - click: Object: 'Object Repository/Page_User dashboard  junetest2bda/My Content Menu/a_Blog' is clicked on

2017-07-18 10:55:07 - [MESSAGE][PASSED] - Object: 'Object Repository/Page_User dashboard  junetest2bda/My Content Menu/a_Blog' is clicked on

2017-07-18 10:55:07 - [TEST_STEP][PASSED] - click: Object: 'Object Repository/Page_Pages  junetest2bda/a_Add New' is clicked on

2017-07-18 10:55:07 - [MESSAGE][PASSED] - Object: 'Object Repository/Page_Pages  junetest2bda/a_Add New' is clicked on

2017-07-18 10:55:07 - [TEST_STEP][PASSED] - waitForElementPresent: Object 'Object Repository/Page_Pages  junetest2bda/Modal/div_ui-dialog ui-widget ui-wid_MyContentModal' is present

2017-07-18 10:55:10 - [MESSAGE][PASSED] - Object 'Object Repository/Page_Pages  junetest2bda/Modal/div_ui-dialog ui-widget ui-wid_MyContentModal' is present

2017-07-18 10:55:10 - [TEST_STEP][PASSED] - verifyElementPresent: Object 'Object Repository/Page_Pages  junetest2bda/Modal/div_ui-dialog ui-widget ui-wid_MyContentModal' is present

2017-07-18 10:55:10 - [MESSAGE][PASSED] - Object 'Object Repository/Page_Pages  junetest2bda/Modal/div_ui-dialog ui-widget ui-wid_MyContentModal' is present

2017-07-18 10:55:10 - [TEST_STEP][PASSED] - setText: Text 'Test Blog Send to Review 1' is set on object 'Object Repository/Page_Pages  junetest2bda/Modal/input_title0value_Title'

2017-07-18 10:55:11 - [MESSAGE][PASSED] - Text 'Test Blog Send to Review 1' is set on object 'Object Repository/Page_Pages  junetest2bda/Modal/input_title0value_Title'

2017-07-18 10:55:11 - [TEST_STEP][PASSED] - setText: Text 'ItemPub1' is set on object 'Object Repository/Page_Blogs junetest2bda/input_field_tagstarget_id_Tags'

2017-07-18 10:55:12 - [MESSAGE][PASSED] - Text 'ItemPub1' is set on object 'Object Repository/Page_Blogs junetest2bda/input_field_tagstarget_id_Tags'

2017-07-18 10:55:12 - [TEST_STEP][PASSED] - switchToFrame: Switched to iframe: 'Object Repository/Page_Pages  junetest2bda/Modal/iframe_cke_wysiwyg_frame cke_r (2)'

2017-07-18 10:55:12 - [TEST_STEP][PASSED] - setText: Text 'This page is directly sent to review' is set on object 'Object Repository/Page_Pages  junetest2bda/Modal/p'

2017-07-18 10:55:13 - [MESSAGE][PASSED] - Text 'This page is directly sent to review' is set on object 'Object Repository/Page_Pages  junetest2bda/Modal/p'

2017-07-18 10:55:13 - [TEST_STEP][PASSED] - switchToDefaultContent: Switching to default content

2017-07-18 10:55:13 - [TEST_STEP][PASSED] - verifyElementClickable: Object 'Object Repository/Page_Pages  junetest2bda/Modal/button_SendtoReview' is clickable

2017-07-18 10:55:13 - [MESSAGE][PASSED] - Object 'Object Repository/Page_Pages  junetest2bda/Modal/button_SendtoReview' is clickable

2017-07-18 10:55:13 - [TEST_STEP][PASSED] - click: Object: 'Object Repository/Page_Pages  junetest2bda/Modal/button_SendtoReview' is clicked on

2017-07-18 10:55:49 - [MESSAGE][PASSED] - Object: 'Object Repository/Page_Pages  junetest2bda/Modal/button_SendtoReview' is clicked on

2017-07-18 10:55:49 - [TEST_STEP][PASSED] - waitForPageLoad: Wait for page load successfully

2017-07-18 10:55:50 - [MESSAGE][PASSED] - Wait for page load successfully

2017-07-18 10:55:50 - [TEST_STEP][PASSED] - switchToFrame: Switched to iframe: 'Object Repository/Page_Preview  junetest2bda/iframe_website-preview'

2017-07-18 10:55:50 - [TEST_STEP][PASSED] - Statement - actual_title = com.kms.katalon.core.webui.keyword.WebUiBuiltInKeywords.getText(com.kms.katalon.core.testobject.ObjectRepository.findTestObject(Page_Preview  junetest2bda/span_Test Draft 1)): Text of object 'Object Repository/Page_Preview  junetest2bda/span_Test Draft 1' is: 'TEST BLOG SEND TO REVIEW 1'

2017-07-18 10:55:50 - [MESSAGE][PASSED] - Text of object 'Object Repository/Page_Preview  junetest2bda/span_Test Draft 1' is: 'TEST BLOG SEND TO REVIEW 1'

2017-07-18 10:55:50 - [TEST_STEP][PASSED] - verifyMatch: Actual text 'TEST BLOG SEND TO REVIEW 1' and expected text 'TEST BLOG SEND TO REVIEW 1' are matched  using regular expression

2017-07-18 10:55:50 - [MESSAGE][PASSED] - Actual text 'TEST BLOG SEND TO REVIEW 1' and expected text 'TEST BLOG SEND TO REVIEW 1' are matched  using regular expression

2017-07-18 10:55:50 - [TEST_STEP][PASSED] - switchToDefaultContent: Switching to default content

2017-07-18 10:55:50 - [TEST_STEP][PASSED] - click: Object: 'Object Repository/Page_User dashboard  junetest2bda/Compliance Menu/a_Send to Compliance (31)' is clicked on

2017-07-18 10:55:50 - [MESSAGE][PASSED] - Object: 'Object Repository/Page_User dashboard  junetest2bda/Compliance Menu/a_Send to Compliance (31)' is clicked on

2017-07-18 10:55:50 - [TEST_STEP][PASSED] - verifyTextPresent: Text 'Test Blog Send to Review 1' is present on page  using regular expression

2017-07-18 10:55:50 - [MESSAGE][PASSED] - Text 'Test Blog Send to Review 1' is present on page  using regular expression]]></system-out>
         <system-err><![CDATA[]]></system-err>
      </testcase>
      <testcase name="Test Cases/My Content/Blogs/Modal/Verify_Send_to_review/Send_to_review_Edit_blog" classname="Test Cases/My Content/Blogs/Modal/Verify_Send_to_review/Send_to_review_Edit_blog" status="PASSED">
         <system-out><![CDATA[2017-07-18 10:55:50 - [TEST_CASE][PASSED] - Test Cases/My Content/Blogs/Modal/Verify_Send_to_review/Send_to_review_Edit_blog: Test Cases/My Content/Blogs/Modal/Verify_Send_to_review/Send_to_review_Edit_blog

2017-07-18 10:55:51 - [TEST_STEP][PASSED] - click: Object: 'Object Repository/Page_User dashboard  junetest2bda/a_MyContent' is clicked on

2017-07-18 10:55:53 - [MESSAGE][PASSED] - Object: 'Object Repository/Page_User dashboard  junetest2bda/a_MyContent' is clicked on

2017-07-18 10:55:53 - [TEST_STEP][PASSED] - click: Object: 'Object Repository/Page_User dashboard  junetest2bda/My Content Menu/a_Blog' is clicked on

2017-07-18 10:55:56 - [MESSAGE][PASSED] - Object: 'Object Repository/Page_User dashboard  junetest2bda/My Content Menu/a_Blog' is clicked on

2017-07-18 10:55:56 - [TEST_STEP][PASSED] - click: Object: 'Object Repository/Page_Pages  junetest2bda/a_Edit' is clicked on

2017-07-18 10:55:57 - [MESSAGE][PASSED] - Object: 'Object Repository/Page_Pages  junetest2bda/a_Edit' is clicked on

2017-07-18 10:55:57 - [TEST_STEP][PASSED] - waitForElementPresent: Object 'Object Repository/Page_Pages  junetest2bda/Modal/div_ui-dialog ui-widget ui-wid_MyContentModal' is present

2017-07-18 10:56:00 - [MESSAGE][PASSED] - Object 'Object Repository/Page_Pages  junetest2bda/Modal/div_ui-dialog ui-widget ui-wid_MyContentModal' is present

2017-07-18 10:56:00 - [TEST_STEP][PASSED] - verifyElementPresent: Object 'Object Repository/Page_Pages  junetest2bda/Modal/div_ui-dialog ui-widget ui-wid_MyContentModal' is present

2017-07-18 10:56:01 - [MESSAGE][PASSED] - Object 'Object Repository/Page_Pages  junetest2bda/Modal/div_ui-dialog ui-widget ui-wid_MyContentModal' is present

2017-07-18 10:56:01 - [TEST_STEP][PASSED] - setText: Text 'Test Blog Send to Review Edit 1' is set on object 'Object Repository/Page_Pages  junetest2bda/Modal/input_title0value_Title'

2017-07-18 10:56:01 - [MESSAGE][PASSED] - Text 'Test Blog Send to Review Edit 1' is set on object 'Object Repository/Page_Pages  junetest2bda/Modal/input_title0value_Title'

2017-07-18 10:56:01 - [TEST_STEP][PASSED] - setText: Text 'Itempub2' is set on object 'Object Repository/Page_Blogs junetest2bda/input_field_tagstarget_id_Tags'

2017-07-18 10:56:02 - [MESSAGE][PASSED] - Text 'Itempub2' is set on object 'Object Repository/Page_Blogs junetest2bda/input_field_tagstarget_id_Tags'

2017-07-18 10:56:02 - [TEST_STEP][PASSED] - switchToFrame: Switched to iframe: 'Object Repository/Page_Pages  junetest2bda/Modal/iframe_cke_wysiwyg_frame cke_r (2)'

2017-07-18 10:56:02 - [TEST_STEP][PASSED] - setText: Text 'Send to view page is edited' is set on object 'Object Repository/Page_Pages  junetest2bda/Modal/p'

2017-07-18 10:56:02 - [MESSAGE][PASSED] - Text 'Send to view page is edited' is set on object 'Object Repository/Page_Pages  junetest2bda/Modal/p'

2017-07-18 10:56:02 - [TEST_STEP][PASSED] - switchToDefaultContent: Switching to default content

2017-07-18 10:56:02 - [TEST_STEP][PASSED] - verifyElementClickable: Object 'Object Repository/Page_Pages  junetest2bda/Modal/button_SendtoReview' is clickable

2017-07-18 10:56:02 - [MESSAGE][PASSED] - Object 'Object Repository/Page_Pages  junetest2bda/Modal/button_SendtoReview' is clickable

2017-07-18 10:56:02 - [TEST_STEP][PASSED] - click: Object: 'Object Repository/Page_Pages  junetest2bda/Modal/button_SendtoReview' is clicked on

2017-07-18 10:56:22 - [MESSAGE][PASSED] - Object: 'Object Repository/Page_Pages  junetest2bda/Modal/button_SendtoReview' is clicked on

2017-07-18 10:56:22 - [TEST_STEP][PASSED] - click: Object: 'Object Repository/Page_Pages  junetest2bda/a_Test Draft Other' is clicked on

2017-07-18 10:56:26 - [MESSAGE][PASSED] - Object: 'Object Repository/Page_Pages  junetest2bda/a_Test Draft Other' is clicked on

2017-07-18 10:56:26 - [TEST_STEP][PASSED] - waitForPageLoad: Wait for page load successfully

2017-07-18 10:56:27 - [MESSAGE][PASSED] - Wait for page load successfully

2017-07-18 10:56:27 - [TEST_STEP][PASSED] - switchToFrame: Switched to iframe: 'Object Repository/Page_Preview  junetest2bda/iframe_website-preview'

2017-07-18 10:56:27 - [TEST_STEP][PASSED] - Statement - actual_title = com.kms.katalon.core.webui.keyword.WebUiBuiltInKeywords.getText(com.kms.katalon.core.testobject.ObjectRepository.findTestObject(Page_Preview  junetest2bda/span_Test Draft 1)): Text of object 'Object Repository/Page_Preview  junetest2bda/span_Test Draft 1' is: 'TEST BLOG SEND TO REVIEW EDIT 1'

2017-07-18 10:56:27 - [MESSAGE][PASSED] - Text of object 'Object Repository/Page_Preview  junetest2bda/span_Test Draft 1' is: 'TEST BLOG SEND TO REVIEW EDIT 1'

2017-07-18 10:56:27 - [TEST_STEP][PASSED] - verifyMatch: Actual text 'TEST BLOG SEND TO REVIEW EDIT 1' and expected text 'TEST BLOG SEND TO REVIEW EDIT 1' are matched  using regular expression

2017-07-18 10:56:27 - [MESSAGE][PASSED] - Actual text 'TEST BLOG SEND TO REVIEW EDIT 1' and expected text 'TEST BLOG SEND TO REVIEW EDIT 1' are matched  using regular expression

2017-07-18 10:56:27 - [TEST_STEP][PASSED] - switchToDefaultContent: Switching to default content

2017-07-18 10:56:27 - [TEST_STEP][PASSED] - click: Object: 'Object Repository/Page_User dashboard  junetest2bda/Compliance Menu/a_Send to Compliance (31)' is clicked on

2017-07-18 10:56:27 - [MESSAGE][PASSED] - Object: 'Object Repository/Page_User dashboard  junetest2bda/Compliance Menu/a_Send to Compliance (31)' is clicked on

2017-07-18 10:56:27 - [TEST_STEP][NOT_RUN] - verifyTextPresent: NOT_RUN: verifyTextPresent

2017-07-18 10:56:27 - [MESSAGE][NOT_RUN] - NOT_RUN: verifyTextPresent

2017-07-18 10:56:27 - [TEST_STEP][NOT_RUN] - switchToDefaultContent: NOT_RUN: switchToDefaultContent

2017-07-18 10:56:27 - [MESSAGE][NOT_RUN] - NOT_RUN: switchToDefaultContent]]></system-out>
         <system-err><![CDATA[]]></system-err>
      </testcase>
      <testcase name="Test Cases/My Content/Blogs/Modal/Verify_Send_to_review/Send_to_review_Add_Delete_blog" classname="Test Cases/My Content/Blogs/Modal/Verify_Send_to_review/Send_to_review_Add_Delete_blog" status="PASSED">
         <system-out><![CDATA[2017-07-18 10:56:27 - [TEST_CASE][PASSED] - Test Cases/My Content/Blogs/Modal/Verify_Send_to_review/Send_to_review_Add_Delete_blog: Test Cases/My Content/Blogs/Modal/Verify_Send_to_review/Send_to_review_Add_Delete_blog

2017-07-18 10:56:28 - [TEST_STEP][PASSED] - click: Object: 'Object Repository/Page_User dashboard  junetest2bda/a_MyContent' is clicked on

2017-07-18 10:56:30 - [MESSAGE][PASSED] - Object: 'Object Repository/Page_User dashboard  junetest2bda/a_MyContent' is clicked on

2017-07-18 10:56:30 - [TEST_STEP][PASSED] - click: Object: 'Object Repository/Page_User dashboard  junetest2bda/My Content Menu/a_Blog' is clicked on

2017-07-18 10:56:33 - [MESSAGE][PASSED] - Object: 'Object Repository/Page_User dashboard  junetest2bda/My Content Menu/a_Blog' is clicked on

2017-07-18 10:56:33 - [TEST_STEP][PASSED] - click: Object: 'Object Repository/Page_Pages  junetest2bda/a_Add New' is clicked on

2017-07-18 10:56:33 - [MESSAGE][PASSED] - Object: 'Object Repository/Page_Pages  junetest2bda/a_Add New' is clicked on

2017-07-18 10:56:33 - [TEST_STEP][PASSED] - waitForElementPresent: Object 'Object Repository/Page_Pages  junetest2bda/Modal/div_ui-dialog ui-widget ui-wid_MyContentModal' is present

2017-07-18 10:56:36 - [MESSAGE][PASSED] - Object 'Object Repository/Page_Pages  junetest2bda/Modal/div_ui-dialog ui-widget ui-wid_MyContentModal' is present

2017-07-18 10:56:36 - [TEST_STEP][PASSED] - verifyElementPresent: Object 'Object Repository/Page_Pages  junetest2bda/Modal/div_ui-dialog ui-widget ui-wid_MyContentModal' is present

2017-07-18 10:56:36 - [MESSAGE][PASSED] - Object 'Object Repository/Page_Pages  junetest2bda/Modal/div_ui-dialog ui-widget ui-wid_MyContentModal' is present

2017-07-18 10:56:36 - [TEST_STEP][PASSED] - setText: Text 'Test Send to Review 1' is set on object 'Object Repository/Page_Pages  junetest2bda/Modal/input_title0value_Title'

2017-07-18 10:56:37 - [MESSAGE][PASSED] - Text 'Test Send to Review 1' is set on object 'Object Repository/Page_Pages  junetest2bda/Modal/input_title0value_Title'

2017-07-18 10:56:37 - [TEST_STEP][PASSED] - setText: Text 'ItemPub1' is set on object 'Object Repository/Page_Blogs junetest2bda/input_field_tagstarget_id_Tags'

2017-07-18 10:56:38 - [MESSAGE][PASSED] - Text 'ItemPub1' is set on object 'Object Repository/Page_Blogs junetest2bda/input_field_tagstarget_id_Tags'

2017-07-18 10:56:38 - [TEST_STEP][PASSED] - verifyElementClickable: Object 'Object Repository/Page_Pages  junetest2bda/Modal/button_SendtoReview' is clickable

2017-07-18 10:56:38 - [MESSAGE][PASSED] - Object 'Object Repository/Page_Pages  junetest2bda/Modal/button_SendtoReview' is clickable

2017-07-18 10:56:38 - [TEST_STEP][PASSED] - click: Object: 'Object Repository/Page_Pages  junetest2bda/Modal/button_SendtoReview' is clicked on

2017-07-18 10:57:14 - [MESSAGE][PASSED] - Object: 'Object Repository/Page_Pages  junetest2bda/Modal/button_SendtoReview' is clicked on

2017-07-18 10:57:14 - [TEST_STEP][PASSED] - waitForPageLoad: Wait for page load successfully

2017-07-18 10:57:15 - [MESSAGE][PASSED] - Wait for page load successfully

2017-07-18 10:57:15 - [TEST_STEP][PASSED] - click: Object: 'Object Repository/Page_User dashboard  junetest2bda/Compliance Menu/a_Send to Compliance (31)' is clicked on

2017-07-18 10:57:15 - [MESSAGE][PASSED] - Object: 'Object Repository/Page_User dashboard  junetest2bda/Compliance Menu/a_Send to Compliance (31)' is clicked on

2017-07-18 10:57:15 - [TEST_STEP][PASSED] - verifyTextPresent: Text 'Test Send to Review 1' is present on page  using regular expression

2017-07-18 10:57:15 - [MESSAGE][PASSED] - Text 'Test Send to Review 1' is present on page  using regular expression

2017-07-18 10:57:15 - [TEST_STEP][PASSED] - click: Object: 'Object Repository/Page_User dashboard  junetest2bda/a_MyContent' is clicked on

2017-07-18 10:57:17 - [MESSAGE][PASSED] - Object: 'Object Repository/Page_User dashboard  junetest2bda/a_MyContent' is clicked on

2017-07-18 10:57:17 - [TEST_STEP][PASSED] - click: Object: 'Object Repository/Page_Pages  junetest2bda/a_Delete' is clicked on

2017-07-18 10:57:18 - [MESSAGE][PASSED] - Object: 'Object Repository/Page_Pages  junetest2bda/a_Delete' is clicked on

2017-07-18 10:57:18 - [TEST_STEP][PASSED] - click: Object: 'Object Repository/Page_User dashboard  junetest2bda/Delete Modal/button_Delete' is clicked on

2017-07-18 10:57:19 - [MESSAGE][PASSED] - Object: 'Object Repository/Page_User dashboard  junetest2bda/Delete Modal/button_Delete' is clicked on

2017-07-18 10:57:19 - [TEST_STEP][PASSED] - waitForElementNotPresent: Web element with id: 'Object Repository/Page_User dashboard  junetest2bda/Delete Modal/div_ui-dialog ui-widget ui-wid' located by 'By.xpath: //div[count(. | /html[@class="touchevents details js wf-lato-n4-active wf-active"]/body[@class="layout-no-sidebars has-featured-top user-logged-in path-dashboard off-canvas-wrap"]/div[@class="ui-dialog ui-widget ui-widget-content ui-corner-all ui-front ui-dialog-buttons"]) = count(/html[@class="touchevents details js wf-lato-n4-active wf-active"]/body[@class="layout-no-sidebars has-featured-top user-logged-in path-dashboard off-canvas-wrap"]/div[@class="ui-dialog ui-widget ui-widget-content ui-corner-all ui-front ui-dialog-buttons"])]' is not present after '2' second(s)

2017-07-18 10:57:56 - [MESSAGE][PASSED] - Web element with id: 'Object Repository/Page_User dashboard  junetest2bda/Delete Modal/div_ui-dialog ui-widget ui-wid' located by 'By.xpath: //div[count(. | /html[@class="touchevents details js wf-lato-n4-active wf-active"]/body[@class="layout-no-sidebars has-featured-top user-logged-in path-dashboard off-canvas-wrap"]/div[@class="ui-dialog ui-widget ui-widget-content ui-corner-all ui-front ui-dialog-buttons"]) = count(/html[@class="touchevents details js wf-lato-n4-active wf-active"]/body[@class="layout-no-sidebars has-featured-top user-logged-in path-dashboard off-canvas-wrap"]/div[@class="ui-dialog ui-widget ui-widget-content ui-corner-all ui-front ui-dialog-buttons"])]' is not present after '2' second(s)

2017-07-18 10:57:56 - [TEST_STEP][PASSED] - verifyElementNotPresent: Web element with id: 'Object Repository/Page_User dashboard  junetest2bda/Delete Modal/div_ui-dialog ui-widget ui-wid' located by 'By.xpath: //div[count(. | /html[@class="touchevents details js wf-lato-n4-active wf-active"]/body[@class="layout-no-sidebars has-featured-top user-logged-in path-dashboard off-canvas-wrap"]/div[@class="ui-dialog ui-widget ui-widget-content ui-corner-all ui-front ui-dialog-buttons"]) = count(/html[@class="touchevents details js wf-lato-n4-active wf-active"]/body[@class="layout-no-sidebars has-featured-top user-logged-in path-dashboard off-canvas-wrap"]/div[@class="ui-dialog ui-widget ui-widget-content ui-corner-all ui-front ui-dialog-buttons"])]' is not present after '2' second(s)

2017-07-18 10:57:56 - [MESSAGE][PASSED] - Web element with id: 'Object Repository/Page_User dashboard  junetest2bda/Delete Modal/div_ui-dialog ui-widget ui-wid' located by 'By.xpath: //div[count(. | /html[@class="touchevents details js wf-lato-n4-active wf-active"]/body[@class="layout-no-sidebars has-featured-top user-logged-in path-dashboard off-canvas-wrap"]/div[@class="ui-dialog ui-widget ui-widget-content ui-corner-all ui-front ui-dialog-buttons"]) = count(/html[@class="touchevents details js wf-lato-n4-active wf-active"]/body[@class="layout-no-sidebars has-featured-top user-logged-in path-dashboard off-canvas-wrap"]/div[@class="ui-dialog ui-widget ui-widget-content ui-corner-all ui-front ui-dialog-buttons"])]' is not present after '2' second(s)

2017-07-18 10:57:56 - [TEST_STEP][PASSED] - click: Object: 'Object Repository/Page_User dashboard  junetest2bda/Compliance Menu/a_Send to Compliance (31)' is clicked on

2017-07-18 10:57:56 - [MESSAGE][PASSED] - Object: 'Object Repository/Page_User dashboard  junetest2bda/Compliance Menu/a_Send to Compliance (31)' is clicked on

2017-07-18 10:57:56 - [TEST_STEP][NOT_RUN] - verifyTextNotPresent: NOT_RUN: verifyTextNotPresent

2017-07-18 10:57:56 - [MESSAGE][NOT_RUN] - NOT_RUN: verifyTextNotPresent]]></system-out>
         <system-err><![CDATA[]]></system-err>
      </testcase>
      <testcase name="Test Cases/My Content/Blogs/CloseModal_AddBlogtoDelete" classname="Test Cases/My Content/Blogs/CloseModal_AddBlogtoDelete" status="PASSED">
         <system-out><![CDATA[2017-07-18 10:57:56 - [TEST_CASE][PASSED] - Test Cases/My Content/Blogs/CloseModal_AddBlogtoDelete: Test Cases/My Content/Blogs/CloseModal_AddBlogtoDelete

2017-07-18 10:57:56 - [TEST_STEP][PASSED] - click: Object: 'Object Repository/Page_User dashboard  junetest2bda/a_MyContent' is clicked on

2017-07-18 10:57:59 - [MESSAGE][PASSED] - Object: 'Object Repository/Page_User dashboard  junetest2bda/a_MyContent' is clicked on

2017-07-18 10:57:59 - [TEST_STEP][PASSED] - click: Object: 'Object Repository/Page_User dashboard  junetest2bda/My Content Menu/a_Blog' is clicked on

2017-07-18 10:58:03 - [MESSAGE][PASSED] - Object: 'Object Repository/Page_User dashboard  junetest2bda/My Content Menu/a_Blog' is clicked on

2017-07-18 10:58:03 - [TEST_STEP][PASSED] - click: Object: 'Object Repository/Page_Pages  junetest2bda/a_Add New' is clicked on

2017-07-18 10:58:04 - [MESSAGE][PASSED] - Object: 'Object Repository/Page_Pages  junetest2bda/a_Add New' is clicked on

2017-07-18 10:58:04 - [TEST_STEP][PASSED] - waitForElementPresent: Object 'Object Repository/Page_Pages  junetest2bda/Modal/div_ui-dialog ui-widget ui-wid_MyContentModal' is present

2017-07-18 10:58:06 - [MESSAGE][PASSED] - Object 'Object Repository/Page_Pages  junetest2bda/Modal/div_ui-dialog ui-widget ui-wid_MyContentModal' is present

2017-07-18 10:58:06 - [TEST_STEP][PASSED] - verifyElementPresent: Object 'Object Repository/Page_Pages  junetest2bda/Modal/div_ui-dialog ui-widget ui-wid_MyContentModal' is present

2017-07-18 10:58:06 - [MESSAGE][PASSED] - Object 'Object Repository/Page_Pages  junetest2bda/Modal/div_ui-dialog ui-widget ui-wid_MyContentModal' is present

2017-07-18 10:58:06 - [TEST_STEP][PASSED] - setText: Text 'Test Draft 1 Delete' is set on object 'Object Repository/Page_Pages  junetest2bda/Modal/input_title0value_Title'

2017-07-18 10:58:07 - [MESSAGE][PASSED] - Text 'Test Draft 1 Delete' is set on object 'Object Repository/Page_Pages  junetest2bda/Modal/input_title0value_Title'

2017-07-18 10:58:07 - [TEST_STEP][PASSED] - verifyElementClickable: Object 'Object Repository/Page_Pages  junetest2bda/Modal/button_SaveasDraft' is clickable

2017-07-18 10:58:07 - [MESSAGE][PASSED] - Object 'Object Repository/Page_Pages  junetest2bda/Modal/button_SaveasDraft' is clickable

2017-07-18 10:58:07 - [TEST_STEP][PASSED] - click: Object: 'Object Repository/Page_Pages  junetest2bda/Modal/button_SaveasDraft' is clicked on

2017-07-18 10:58:43 - [MESSAGE][PASSED] - Object: 'Object Repository/Page_Pages  junetest2bda/Modal/button_SaveasDraft' is clicked on

2017-07-18 10:58:43 - [TEST_STEP][PASSED] - waitForPageLoad: Wait for page load successfully

2017-07-18 10:58:43 - [MESSAGE][PASSED] - Wait for page load successfully

2017-07-18 10:58:43 - [TEST_STEP][PASSED] - click: Object: 'Object Repository/Page_User dashboard  junetest2bda/a_MyContent' is clicked on

2017-07-18 10:58:45 - [MESSAGE][PASSED] - Object: 'Object Repository/Page_User dashboard  junetest2bda/a_MyContent' is clicked on

2017-07-18 10:58:45 - [TEST_STEP][PASSED] - click: Object: 'Object Repository/Page_User dashboard  junetest2bda/My Content Menu/a_Blog' is clicked on

2017-07-18 10:58:48 - [MESSAGE][PASSED] - Object: 'Object Repository/Page_User dashboard  junetest2bda/My Content Menu/a_Blog' is clicked on

2017-07-18 10:58:48 - [TEST_STEP][PASSED] - click: Object: 'Object Repository/Page_Pages  junetest2bda/a_Delete' is clicked on

2017-07-18 10:58:48 - [MESSAGE][PASSED] - Object: 'Object Repository/Page_Pages  junetest2bda/a_Delete' is clicked on

2017-07-18 10:58:48 - [TEST_STEP][PASSED] - waitForElementPresent: Object 'Object Repository/Page_User dashboard  junetest2bda/Delete Modal/div_ui-dialog ui-widget ui-wid' is present

2017-07-18 10:58:49 - [MESSAGE][PASSED] - Object 'Object Repository/Page_User dashboard  junetest2bda/Delete Modal/div_ui-dialog ui-widget ui-wid' is present

2017-07-18 10:58:49 - [TEST_STEP][PASSED] - click: Object: 'Object Repository/Page_User dashboard  junetest2bda/Delete Modal/button_Cancel' is clicked on

2017-07-18 10:58:51 - [MESSAGE][PASSED] - Object: 'Object Repository/Page_User dashboard  junetest2bda/Delete Modal/button_Cancel' is clicked on

2017-07-18 10:58:51 - [TEST_STEP][PASSED] - waitForElementNotPresent: Web element with id: 'Object Repository/Page_User dashboard  junetest2bda/Delete Modal/div_ui-dialog ui-widget ui-wid' located by 'By.xpath: //div[count(. | /html[@class="touchevents details js wf-lato-n4-active wf-active"]/body[@class="layout-no-sidebars has-featured-top user-logged-in path-dashboard off-canvas-wrap"]/div[@class="ui-dialog ui-widget ui-widget-content ui-corner-all ui-front ui-dialog-buttons"]) = count(/html[@class="touchevents details js wf-lato-n4-active wf-active"]/body[@class="layout-no-sidebars has-featured-top user-logged-in path-dashboard off-canvas-wrap"]/div[@class="ui-dialog ui-widget ui-widget-content ui-corner-all ui-front ui-dialog-buttons"])]' is not present after '1' second(s)

2017-07-18 10:58:51 - [MESSAGE][PASSED] - Web element with id: 'Object Repository/Page_User dashboard  junetest2bda/Delete Modal/div_ui-dialog ui-widget ui-wid' located by 'By.xpath: //div[count(. | /html[@class="touchevents details js wf-lato-n4-active wf-active"]/body[@class="layout-no-sidebars has-featured-top user-logged-in path-dashboard off-canvas-wrap"]/div[@class="ui-dialog ui-widget ui-widget-content ui-corner-all ui-front ui-dialog-buttons"]) = count(/html[@class="touchevents details js wf-lato-n4-active wf-active"]/body[@class="layout-no-sidebars has-featured-top user-logged-in path-dashboard off-canvas-wrap"]/div[@class="ui-dialog ui-widget ui-widget-content ui-corner-all ui-front ui-dialog-buttons"])]' is not present after '1' second(s)

2017-07-18 10:58:51 - [TEST_STEP][PASSED] - click: Object: 'Object Repository/Page_Pages  junetest2bda/a_Delete' is clicked on

2017-07-18 10:58:52 - [MESSAGE][PASSED] - Object: 'Object Repository/Page_Pages  junetest2bda/a_Delete' is clicked on

2017-07-18 10:58:52 - [TEST_STEP][PASSED] - waitForElementPresent: Object 'Object Repository/Page_User dashboard  junetest2bda/Delete Modal/div_ui-dialog ui-widget ui-wid' is not present after 1 second(s)

2017-07-18 10:58:53 - [MESSAGE][WARNING] - Object 'Object Repository/Page_User dashboard  junetest2bda/Delete Modal/div_ui-dialog ui-widget ui-wid' is not present after 1 second(s)

2017-07-18 10:58:53 - [TEST_STEP][PASSED] - click: Object: 'Object Repository/Page_User dashboard  junetest2bda/Delete Modal/button_Delete' is clicked on

2017-07-18 10:58:53 - [MESSAGE][PASSED] - Object: 'Object Repository/Page_User dashboard  junetest2bda/Delete Modal/button_Delete' is clicked on

2017-07-18 10:58:53 - [TEST_STEP][PASSED] - waitForElementNotPresent: Web element with id: 'Object Repository/Page_User dashboard  junetest2bda/Delete Modal/div_ui-dialog ui-widget ui-wid' located by 'By.xpath: //div[count(. | /html[@class="touchevents details js wf-lato-n4-active wf-active"]/body[@class="layout-no-sidebars has-featured-top user-logged-in path-dashboard off-canvas-wrap"]/div[@class="ui-dialog ui-widget ui-widget-content ui-corner-all ui-front ui-dialog-buttons"]) = count(/html[@class="touchevents details js wf-lato-n4-active wf-active"]/body[@class="layout-no-sidebars has-featured-top user-logged-in path-dashboard off-canvas-wrap"]/div[@class="ui-dialog ui-widget ui-widget-content ui-corner-all ui-front ui-dialog-buttons"])]' is not present after '1' second(s)

2017-07-18 10:58:53 - [MESSAGE][PASSED] - Web element with id: 'Object Repository/Page_User dashboard  junetest2bda/Delete Modal/div_ui-dialog ui-widget ui-wid' located by 'By.xpath: //div[count(. | /html[@class="touchevents details js wf-lato-n4-active wf-active"]/body[@class="layout-no-sidebars has-featured-top user-logged-in path-dashboard off-canvas-wrap"]/div[@class="ui-dialog ui-widget ui-widget-content ui-corner-all ui-front ui-dialog-buttons"]) = count(/html[@class="touchevents details js wf-lato-n4-active wf-active"]/body[@class="layout-no-sidebars has-featured-top user-logged-in path-dashboard off-canvas-wrap"]/div[@class="ui-dialog ui-widget ui-widget-content ui-corner-all ui-front ui-dialog-buttons"])]' is not present after '1' second(s)]]></system-out>
         <system-err><![CDATA[]]></system-err>
      </testcase>
      <testcase name="Test Cases/My Content/Blogs/Modal/close Modals Blog" classname="Test Cases/My Content/Blogs/Modal/close Modals Blog" status="FAILED">
         <failure type="FAILED" message=""/>
         <system-out><![CDATA[2017-07-18 10:58:53 - [TEST_CASE][FAILED] - Test Cases/My Content/Blogs/Modal/close Modals Blog: Test Cases/My Content/Blogs/Modal/close Modals Blog FAILED because (of) Unable to click on object 'Object Repository/Page_User dashboard  junetest2bda/My Content Menu/a_Blog' (Root cause: com.kms.katalon.core.webui.exception.WebElementNotFoundException: Web element with id: 'Object Repository/Page_User dashboard  junetest2bda/My Content Menu/a_Blog' located by 'By.xpath: //a[count(. | id("block-my-content")/nav[@class="tabs"]/ul[@class="tabs primary"]/li[2]/a[1]) = count(id("block-my-content")/nav[@class="tabs"]/ul[@class="tabs primary"]/li[2]/a[1])]' not found)

2017-07-18 10:58:53 - [TEST_STEP][PASSED] - click: Object: 'Object Repository/Page_User dashboard  junetest2bda/a_MyContent' is clicked on

2017-07-18 10:59:28 - [MESSAGE][PASSED] - Object: 'Object Repository/Page_User dashboard  junetest2bda/a_MyContent' is clicked on

2017-07-18 10:59:28 - [TEST_STEP][FAILED] - click: Unable to click on object 'Object Repository/Page_User dashboard  junetest2bda/My Content Menu/a_Blog' (Root cause: com.kms.katalon.core.webui.exception.WebElementNotFoundException: Web element with id: 'Object Repository/Page_User dashboard  junetest2bda/My Content Menu/a_Blog' located by 'By.xpath: //a[count(. | id("block-my-content")/nav[@class="tabs"]/ul[@class="tabs primary"]/li[2]/a[1]) = count(id("block-my-content")/nav[@class="tabs"]/ul[@class="tabs primary"]/li[2]/a[1])]' not found)

2017-07-18 11:00:00 - [MESSAGE][FAILED] - Unable to click on object 'Object Repository/Page_User dashboard  junetest2bda/My Content Menu/a_Blog' (Root cause: com.kms.katalon.core.webui.exception.WebElementNotFoundException: Web element with id: 'Object Repository/Page_User dashboard  junetest2bda/My Content Menu/a_Blog' located by 'By.xpath: //a[count(. | id("block-my-content")/nav[@class="tabs"]/ul[@class="tabs primary"]/li[2]/a[1]) = count(id("block-my-content")/nav[@class="tabs"]/ul[@class="tabs primary"]/li[2]/a[1])]' not found)
[[ATTACHMENT|C:\\Users\\Cindy\\Katalon Studio\\MyContent\\Reports\\Blogs\\20170718_104811\\1500400799657.png]]]]></system-out>
         <system-err><![CDATA[2017-07-18 10:58:53 - [TEST_CASE][FAILED] - Test Cases/My Content/Blogs/Modal/close Modals Blog: Test Cases/My Content/Blogs/Modal/close Modals Blog FAILED because (of) Unable to click on object 'Object Repository/Page_User dashboard  junetest2bda/My Content Menu/a_Blog' (Root cause: com.kms.katalon.core.webui.exception.WebElementNotFoundException: Web element with id: 'Object Repository/Page_User dashboard  junetest2bda/My Content Menu/a_Blog' located by 'By.xpath: //a[count(. | id("block-my-content")/nav[@class="tabs"]/ul[@class="tabs primary"]/li[2]/a[1]) = count(id("block-my-content")/nav[@class="tabs"]/ul[@class="tabs primary"]/li[2]/a[1])]' not found)]]></system-err>
      </testcase>
      <system-out><![CDATA[2017-07-18 10:48:16 - [TEST_SUITE][FAILED] - Blogs: Test Cases/My Content/Blogs/Modal/close Modals Blog FAILED because (of) Unable to click on object 'Object Repository/Page_User dashboard  junetest2bda/My Content Menu/a_Blog' (Root cause: com.kms.katalon.core.webui.exception.WebElementNotFoundException: Web element with id: 'Object Repository/Page_User dashboard  junetest2bda/My Content Menu/a_Blog' located by 'By.xpath: //a[count(. | id("block-my-content")/nav[@class="tabs"]/ul[@class="tabs primary"]/li[2]/a[1]) = count(id("block-my-content")/nav[@class="tabs"]/ul[@class="tabs primary"]/li[2]/a[1])]' not found)]]></system-out>
      <system-err><![CDATA[2017-07-18 10:48:16 - [TEST_SUITE][FAILED] - Blogs: Test Cases/My Content/Blogs/Modal/close Modals Blog FAILED because (of) Unable to click on object 'Object Repository/Page_User dashboard  junetest2bda/My Content Menu/a_Blog' (Root cause: com.kms.katalon.core.webui.exception.WebElementNotFoundException: Web element with id: 'Object Repository/Page_User dashboard  junetest2bda/My Content Menu/a_Blog' located by 'By.xpath: //a[count(. | id("block-my-content")/nav[@class="tabs"]/ul[@class="tabs primary"]/li[2]/a[1]) = count(id("block-my-content")/nav[@class="tabs"]/ul[@class="tabs primary"]/li[2]/a[1])]' not found)]]></system-err>
   </testsuite>
</testsuites>
