<?xml version="1.0" encoding="UTF-8"?>
<testsuites name="Pages" time="480" tests="9" failures="2" errors="0">
   <testsuite name="Pages" tests="9" failures="2" errors="0" time="480" timestamp="2017-07-31 09:37:05" hostname="Andy - Cindy-AW" id="Test Suites/My_Content/Pages">
      <properties>
         <property name="deviceName" value=""/>
         <property name="devicePlatform" value=""/>
         <property name="logFolder" value="C:\\Users\\Cindy\\Katalon Studio\\MyContent\\Reports\\My_Content\\Pages\\20170731_093702"/>
         <property name="logFiles" value="C:\\Users\\Cindy\\Katalon Studio\\MyContent\\Reports\\My_Content\\Pages\\20170731_093702\\execution0.log"/>
         <property name="attachments" value="C:\\Users\\Cindy\\Katalon Studio\\MyContent\\Reports\\My_Content\\Pages\\20170731_093702\\1501519234009.png, C:\\Users\\Cindy\\Katalon Studio\\MyContent\\Reports\\My_Content\\Pages\\20170731_093702\\1501519504107.png"/>
         <property name="hostName" value="Andy - Cindy-AW"/>
         <property name="os" value="Windows 10 64bit"/>
         <property name="katalonVersion" value="4.7.0.2"/>
         <property name="browser" value="Chrome 59.0.3071.115"/>
         <property name="hostAddress" value="192.168.1.211"/>
         <property name="sessionId" value="1fc9b2ee167e55c1f0de767d43e19146"/>
         <property name="seleniumVersion" value="2.53.0"/>
         <property name="proxyInformation" value="ProxyInformation{proxyOption=NO_PROXY, proxyServerType=, password=, proxyServerAddress=, proxyServerPort=0}"/>
         <property name="platform" value="Windows 10"/>
      </properties>
      <testcase name="Test Cases/Login/Login Via Website" classname="Test Cases/Login/Login Via Website" status="PASSED">
         <system-out><![CDATA[2017-07-31 09:37:05 - [TEST_CASE][PASSED] - Test Cases/Login/Login Via Website: Test Cases/Login/Login Via Website

2017-07-31 09:37:06 - [TEST_STEP][PASSED] - openBrowser: Browser is opened with url: ''

2017-07-31 09:37:09 - [MESSAGE][PASSED] - Browser is opened with url: ''

2017-07-31 09:37:09 - [TEST_STEP][PASSED] - navigateToUrl: Navigate to 'http://releasetestaug1bda.force1.awdev.ca/user' successfully

2017-07-31 09:37:12 - [MESSAGE][PASSED] - Navigate to 'http://releasetestaug1bda.force1.awdev.ca/user' successfully

2017-07-31 09:37:12 - [TEST_STEP][PASSED] - maximizeWindow: Current window maximized

2017-07-31 09:37:13 - [MESSAGE][PASSED] - Current window maximized

2017-07-31 09:37:13 - [TEST_STEP][PASSED] - setText: Text 'releasetestaug1bda' is set on object 'Object Repository/Page_Log in  AW Force/input_name_Username'

2017-07-31 09:37:13 - [MESSAGE][PASSED] - Text 'releasetestaug1bda' is set on object 'Object Repository/Page_Log in  AW Force/input_name_Username'

2017-07-31 09:37:13 - [TEST_STEP][PASSED] - setText: Text 'welcome' is set on object 'Object Repository/Page_Log in  AW Force/input_pass_Password'

2017-07-31 09:37:14 - [MESSAGE][PASSED] - Text 'welcome' is set on object 'Object Repository/Page_Log in  AW Force/input_pass_Password'

2017-07-31 09:37:14 - [TEST_STEP][PASSED] - click: Object: 'Object Repository/Page_Log in  AW Force/input_op_Submit' is clicked on

2017-07-31 09:37:20 - [MESSAGE][PASSED] - Object: 'Object Repository/Page_Log in  AW Force/input_op_Submit' is clicked on

2017-07-31 09:37:20 - [TEST_STEP][PASSED] - waitForPageLoad: Wait for page load successfully

2017-07-31 09:37:20 - [MESSAGE][PASSED] - Wait for page load successfully]]></system-out>
         <system-err><![CDATA[]]></system-err>
      </testcase>
      <testcase name="Test Cases/My Content/Pages/Modal/Verify_Draft/Draft_Add" classname="Test Cases/My Content/Pages/Modal/Verify_Draft/Draft_Add" status="PASSED">
         <system-out><![CDATA[2017-07-31 09:37:20 - [TEST_CASE][PASSED] - Test Cases/My Content/Pages/Modal/Verify_Draft/Draft_Add: Test Cases/My Content/Pages/Modal/Verify_Draft/Draft_Add

2017-07-31 09:37:21 - [TEST_STEP][PASSED] - click: Object: 'Object Repository/Page_User dashboard  junetest2bda/a_MyContent' is clicked on

2017-07-31 09:37:36 - [MESSAGE][PASSED] - Object: 'Object Repository/Page_User dashboard  junetest2bda/a_MyContent' is clicked on

2017-07-31 09:37:36 - [TEST_STEP][PASSED] - Statement - Title = com.kms.katalon.core.webui.keyword.WebUiBuiltInKeywords.getText(com.kms.katalon.core.testobject.ObjectRepository.findTestObject(Page_Pages  junetest2bda/h3_Title)): Text of object 'Object Repository/Page_Pages  junetest2bda/h3_Title' is: 'Pages'

2017-07-31 09:37:36 - [MESSAGE][PASSED] - Text of object 'Object Repository/Page_Pages  junetest2bda/h3_Title' is: 'Pages'

2017-07-31 09:37:36 - [TEST_STEP][PASSED] - click: Object: 'Object Repository/Page_Pages  junetest2bda/a_Add New' is clicked on

2017-07-31 09:37:37 - [MESSAGE][PASSED] - Object: 'Object Repository/Page_Pages  junetest2bda/a_Add New' is clicked on

2017-07-31 09:37:37 - [TEST_STEP][PASSED] - waitForElementPresent: Object 'Object Repository/Page_Pages  junetest2bda/Modal/div_ui-dialog ui-widget ui-wid_MyContentModal' is present

2017-07-31 09:37:39 - [MESSAGE][PASSED] - Object 'Object Repository/Page_Pages  junetest2bda/Modal/div_ui-dialog ui-widget ui-wid_MyContentModal' is present

2017-07-31 09:37:39 - [TEST_STEP][PASSED] - verifyElementPresent: Object 'Object Repository/Page_Pages  junetest2bda/Modal/div_ui-dialog ui-widget ui-wid_MyContentModal' is present

2017-07-31 09:37:40 - [MESSAGE][PASSED] - Object 'Object Repository/Page_Pages  junetest2bda/Modal/div_ui-dialog ui-widget ui-wid_MyContentModal' is present

2017-07-31 09:37:40 - [TEST_STEP][PASSED] - setText: Text 'Pages Add Draft' is set on object 'Object Repository/Page_Pages  junetest2bda/Modal/input_title0value_Title'

2017-07-31 09:37:40 - [MESSAGE][PASSED] - Text 'Pages Add Draft' is set on object 'Object Repository/Page_Pages  junetest2bda/Modal/input_title0value_Title'

2017-07-31 09:37:40 - [TEST_STEP][PASSED] - Statement - Ctext = CustomKeywords.random.Rand_CkEd_Text.rand_text(CKText): random.Rand_CkEd_Text.rand_text is PASSED

2017-07-31 09:37:40 - [MESSAGE][PASSED] - random.Rand_CkEd_Text.rand_text is PASSED

2017-07-31 09:37:40 - [TEST_STEP][PASSED] - switchToFrame: Switched to iframe: 'Object Repository/Page_Pages  junetest2bda/Modal/iframe_cke_wysiwyg_frame cke_r (2)'

2017-07-31 09:37:40 - [TEST_STEP][PASSED] - setText: Text 'Lorem ipsum dolor sit amet, consectetur adipiscing elit. Integer mi ex, consectetur ac cursus nec, egestas id enim. Ut venenatis lacus diam, eget pretium quam dictum vitae. Nunc pretium ipsum eget est tincidunt rutrum. Donec egestas in enim id viverra. Sed ut euismod turpis. Etiam quis pulvinar turpis. Maecenas gravida id dolor at commodo. Pellentesque ut semper nibh. Pellentesque auctor finibus ex, ac mattis augue bibendum vel. M' is set on object 'Object Repository/Page_Pages  junetest2bda/Modal/p'

2017-07-31 09:37:42 - [MESSAGE][PASSED] - Text 'Lorem ipsum dolor sit amet, consectetur adipiscing elit. Integer mi ex, consectetur ac cursus nec, egestas id enim. Ut venenatis lacus diam, eget pretium quam dictum vitae. Nunc pretium ipsum eget est tincidunt rutrum. Donec egestas in enim id viverra. Sed ut euismod turpis. Etiam quis pulvinar turpis. Maecenas gravida id dolor at commodo. Pellentesque ut semper nibh. Pellentesque auctor finibus ex, ac mattis augue bibendum vel. M' is set on object 'Object Repository/Page_Pages  junetest2bda/Modal/p'

2017-07-31 09:37:42 - [TEST_STEP][PASSED] - switchToDefaultContent: Switching to default content

2017-07-31 09:37:43 - [TEST_STEP][PASSED] - verifyElementClickable: Object 'Object Repository/Page_Pages  junetest2bda/Modal/button_SaveasDraft' is clickable

2017-07-31 09:37:43 - [MESSAGE][PASSED] - Object 'Object Repository/Page_Pages  junetest2bda/Modal/button_SaveasDraft' is clickable

2017-07-31 09:37:43 - [TEST_STEP][PASSED] - click: Object: 'Object Repository/Page_Pages  junetest2bda/Modal/button_SaveasDraft' is clicked on

2017-07-31 09:38:13 - [MESSAGE][PASSED] - Object: 'Object Repository/Page_Pages  junetest2bda/Modal/button_SaveasDraft' is clicked on

2017-07-31 09:38:13 - [TEST_STEP][PASSED] - waitForPageLoad: Wait for page load successfully

2017-07-31 09:38:13 - [MESSAGE][PASSED] - Wait for page load successfully

2017-07-31 09:38:13 - [TEST_STEP][PASSED] - switchToFrame: Switched to iframe: 'Object Repository/Page_Preview  junetest2bda/iframe_website-preview'

2017-07-31 09:38:13 - [TEST_STEP][PASSED] - Statement - CapTitle = CustomKeywords.random.Capitals.makeCap(Title + AddDraftTitle[0]): random.Capitals.makeCap is PASSED

2017-07-31 09:38:13 - [MESSAGE][PASSED] - random.Capitals.makeCap is PASSED

2017-07-31 09:38:13 - [TEST_STEP][PASSED] - verifyTextPresent: Text 'PAGES ADD DRAFT' is present on page  using regular expression

2017-07-31 09:38:14 - [MESSAGE][PASSED] - Text 'PAGES ADD DRAFT' is present on page  using regular expression

2017-07-31 09:38:14 - [TEST_STEP][PASSED] - verifyTextPresent: Text 'Lorem ipsum dolor sit amet, consectetur adipiscing elit. Integer mi ex, consectetur ac cursus nec, egestas id enim. Ut venenatis lacus diam, eget pretium quam dictum vitae. Nunc pretium ipsum eget est tincidunt rutrum. Donec egestas in enim id viverra. Sed ut euismod turpis. Etiam quis pulvinar turpis. Maecenas gravida id dolor at commodo. Pellentesque ut semper nibh. Pellentesque auctor finibus ex, ac mattis augue bibendum vel. M' is present on page  using regular expression

2017-07-31 09:38:14 - [MESSAGE][PASSED] - Text 'Lorem ipsum dolor sit amet, consectetur adipiscing elit. Integer mi ex, consectetur ac cursus nec, egestas id enim. Ut venenatis lacus diam, eget pretium quam dictum vitae. Nunc pretium ipsum eget est tincidunt rutrum. Donec egestas in enim id viverra. Sed ut euismod turpis. Etiam quis pulvinar turpis. Maecenas gravida id dolor at commodo. Pellentesque ut semper nibh. Pellentesque auctor finibus ex, ac mattis augue bibendum vel. M' is present on page  using regular expression

2017-07-31 09:38:14 - [TEST_STEP][PASSED] - switchToDefaultContent: Switching to default content]]></system-out>
         <system-err><![CDATA[]]></system-err>
      </testcase>
      <testcase name="Test Cases/My Content/Pages/Modal/close Modals_AddButton" classname="Test Cases/My Content/Pages/Modal/close Modals_AddButton" status="PASSED">
         <system-out><![CDATA[2017-07-31 09:38:14 - [TEST_CASE][PASSED] - Test Cases/My Content/Pages/Modal/close Modals_AddButton: Test Cases/My Content/Pages/Modal/close Modals_AddButton

2017-07-31 09:38:14 - [TEST_STEP][PASSED] - click: Object: 'Object Repository/Page_User dashboard  junetest2bda/a_MyContent' is clicked on

2017-07-31 09:38:17 - [MESSAGE][PASSED] - Object: 'Object Repository/Page_User dashboard  junetest2bda/a_MyContent' is clicked on

2017-07-31 09:38:17 - [TEST_STEP][PASSED] - click: Object: 'Object Repository/Page_Pages  junetest2bda/a_Add New' is clicked on

2017-07-31 09:38:17 - [MESSAGE][PASSED] - Object: 'Object Repository/Page_Pages  junetest2bda/a_Add New' is clicked on

2017-07-31 09:38:17 - [TEST_STEP][PASSED] - waitForElementPresent: Object 'Object Repository/Page_Pages  junetest2bda/Modal/div_ui-dialog ui-widget ui-wid_MyContentModal' is present

2017-07-31 09:38:19 - [MESSAGE][PASSED] - Object 'Object Repository/Page_Pages  junetest2bda/Modal/div_ui-dialog ui-widget ui-wid_MyContentModal' is present

2017-07-31 09:38:19 - [TEST_STEP][PASSED] - verifyElementPresent: Object 'Object Repository/Page_Pages  junetest2bda/Modal/div_ui-dialog ui-widget ui-wid_MyContentModal' is present

2017-07-31 09:38:19 - [MESSAGE][PASSED] - Object 'Object Repository/Page_Pages  junetest2bda/Modal/div_ui-dialog ui-widget ui-wid_MyContentModal' is present

2017-07-31 09:38:19 - [TEST_STEP][PASSED] - click: Object: 'Object Repository/Page_Pages  junetest2bda/Modal/Button_Close' is clicked on

2017-07-31 09:38:20 - [MESSAGE][PASSED] - Object: 'Object Repository/Page_Pages  junetest2bda/Modal/Button_Close' is clicked on

2017-07-31 09:38:20 - [TEST_STEP][PASSED] - verifyElementNotPresent: Web element with id: 'Object Repository/Page_Pages  junetest2bda/Modal/div_ui-dialog ui-widget ui-wid_MyContentModal' located by 'By.xpath: //div[count(. | //*[@class = 'ui-dialog ui-widget ui-widget-content ui-corner-all ui-front ui-dialog-buttons']) = count(//*[@class = 'ui-dialog ui-widget ui-widget-content ui-corner-all ui-front ui-dialog-buttons'])]' is not present after '2' second(s)

2017-07-31 09:38:20 - [MESSAGE][PASSED] - Web element with id: 'Object Repository/Page_Pages  junetest2bda/Modal/div_ui-dialog ui-widget ui-wid_MyContentModal' located by 'By.xpath: //div[count(. | //*[@class = 'ui-dialog ui-widget ui-widget-content ui-corner-all ui-front ui-dialog-buttons']) = count(//*[@class = 'ui-dialog ui-widget ui-widget-content ui-corner-all ui-front ui-dialog-buttons'])]' is not present after '2' second(s)]]></system-out>
         <system-err><![CDATA[]]></system-err>
      </testcase>
      <testcase name="Test Cases/My Content/Pages/Modal/CloseModal_AddPagetoDelete" classname="Test Cases/My Content/Pages/Modal/CloseModal_AddPagetoDelete" status="PASSED">
         <system-out><![CDATA[2017-07-31 09:38:20 - [TEST_CASE][PASSED] - Test Cases/My Content/Pages/Modal/CloseModal_AddPagetoDelete: Test Cases/My Content/Pages/Modal/CloseModal_AddPagetoDelete

2017-07-31 09:38:20 - [TEST_STEP][PASSED] - click: Object: 'Object Repository/Page_User dashboard  junetest2bda/a_MyContent' is clicked on

2017-07-31 09:38:21 - [MESSAGE][PASSED] - Object: 'Object Repository/Page_User dashboard  junetest2bda/a_MyContent' is clicked on

2017-07-31 09:38:21 - [TEST_STEP][PASSED] - click: Object: 'Object Repository/Page_Pages  junetest2bda/a_Delete' is clicked on

2017-07-31 09:38:21 - [MESSAGE][PASSED] - Object: 'Object Repository/Page_Pages  junetest2bda/a_Delete' is clicked on

2017-07-31 09:38:21 - [TEST_STEP][PASSED] - waitForElementPresent: Object 'Object Repository/Page_User dashboard  junetest2bda/Delete Modal/div_ui-dialog ui-widget ui-wid' is not present after 1 second(s)

2017-07-31 09:38:22 - [MESSAGE][WARNING] - Object 'Object Repository/Page_User dashboard  junetest2bda/Delete Modal/div_ui-dialog ui-widget ui-wid' is not present after 1 second(s)

2017-07-31 09:38:22 - [TEST_STEP][PASSED] - click: Object: 'Object Repository/Page_User dashboard  junetest2bda/Delete Modal/button_Cancel' is clicked on

2017-07-31 09:38:24 - [MESSAGE][PASSED] - Object: 'Object Repository/Page_User dashboard  junetest2bda/Delete Modal/button_Cancel' is clicked on

2017-07-31 09:38:24 - [TEST_STEP][PASSED] - waitForElementNotPresent: Web element with id: 'Object Repository/Page_User dashboard  junetest2bda/Delete Modal/div_ui-dialog ui-widget ui-wid' located by 'By.xpath: //div[count(. | /html[@class="touchevents details js wf-lato-n4-active wf-active"]/body[@class="layout-no-sidebars has-featured-top user-logged-in path-dashboard off-canvas-wrap"]/div[@class="ui-dialog ui-widget ui-widget-content ui-corner-all ui-front ui-dialog-buttons"]) = count(/html[@class="touchevents details js wf-lato-n4-active wf-active"]/body[@class="layout-no-sidebars has-featured-top user-logged-in path-dashboard off-canvas-wrap"]/div[@class="ui-dialog ui-widget ui-widget-content ui-corner-all ui-front ui-dialog-buttons"])]' is not present after '1' second(s)

2017-07-31 09:38:24 - [MESSAGE][PASSED] - Web element with id: 'Object Repository/Page_User dashboard  junetest2bda/Delete Modal/div_ui-dialog ui-widget ui-wid' located by 'By.xpath: //div[count(. | /html[@class="touchevents details js wf-lato-n4-active wf-active"]/body[@class="layout-no-sidebars has-featured-top user-logged-in path-dashboard off-canvas-wrap"]/div[@class="ui-dialog ui-widget ui-widget-content ui-corner-all ui-front ui-dialog-buttons"]) = count(/html[@class="touchevents details js wf-lato-n4-active wf-active"]/body[@class="layout-no-sidebars has-featured-top user-logged-in path-dashboard off-canvas-wrap"]/div[@class="ui-dialog ui-widget ui-widget-content ui-corner-all ui-front ui-dialog-buttons"])]' is not present after '1' second(s)

2017-07-31 09:38:24 - [TEST_STEP][PASSED] - click: Object: 'Object Repository/Page_Pages  junetest2bda/a_Delete' is clicked on

2017-07-31 09:38:25 - [MESSAGE][PASSED] - Object: 'Object Repository/Page_Pages  junetest2bda/a_Delete' is clicked on

2017-07-31 09:38:25 - [TEST_STEP][PASSED] - waitForElementPresent: Object 'Object Repository/Page_User dashboard  junetest2bda/Delete Modal/div_ui-dialog ui-widget ui-wid' is not present after 1 second(s)

2017-07-31 09:38:26 - [MESSAGE][WARNING] - Object 'Object Repository/Page_User dashboard  junetest2bda/Delete Modal/div_ui-dialog ui-widget ui-wid' is not present after 1 second(s)

2017-07-31 09:38:26 - [TEST_STEP][PASSED] - click: Object: 'Object Repository/Page_Pages  junetest2bda/Modal/Button_Close' is clicked on

2017-07-31 09:38:26 - [MESSAGE][PASSED] - Object: 'Object Repository/Page_Pages  junetest2bda/Modal/Button_Close' is clicked on

2017-07-31 09:38:26 - [TEST_STEP][PASSED] - waitForElementNotPresent: Web element with id: 'Object Repository/Page_User dashboard  junetest2bda/Delete Modal/div_ui-dialog ui-widget ui-wid' located by 'By.xpath: //div[count(. | /html[@class="touchevents details js wf-lato-n4-active wf-active"]/body[@class="layout-no-sidebars has-featured-top user-logged-in path-dashboard off-canvas-wrap"]/div[@class="ui-dialog ui-widget ui-widget-content ui-corner-all ui-front ui-dialog-buttons"]) = count(/html[@class="touchevents details js wf-lato-n4-active wf-active"]/body[@class="layout-no-sidebars has-featured-top user-logged-in path-dashboard off-canvas-wrap"]/div[@class="ui-dialog ui-widget ui-widget-content ui-corner-all ui-front ui-dialog-buttons"])]' is not present after '1' second(s)

2017-07-31 09:38:26 - [MESSAGE][PASSED] - Web element with id: 'Object Repository/Page_User dashboard  junetest2bda/Delete Modal/div_ui-dialog ui-widget ui-wid' located by 'By.xpath: //div[count(. | /html[@class="touchevents details js wf-lato-n4-active wf-active"]/body[@class="layout-no-sidebars has-featured-top user-logged-in path-dashboard off-canvas-wrap"]/div[@class="ui-dialog ui-widget ui-widget-content ui-corner-all ui-front ui-dialog-buttons"]) = count(/html[@class="touchevents details js wf-lato-n4-active wf-active"]/body[@class="layout-no-sidebars has-featured-top user-logged-in path-dashboard off-canvas-wrap"]/div[@class="ui-dialog ui-widget ui-widget-content ui-corner-all ui-front ui-dialog-buttons"])]' is not present after '1' second(s)]]></system-out>
         <system-err><![CDATA[]]></system-err>
      </testcase>
      <testcase name="Test Cases/My Content/Pages/Modal/Verify_Draft/Draft_Edit1" classname="Test Cases/My Content/Pages/Modal/Verify_Draft/Draft_Edit1" status="PASSED">
         <system-out><![CDATA[2017-07-31 09:38:26 - [TEST_CASE][PASSED] - Test Cases/My Content/Pages/Modal/Verify_Draft/Draft_Edit1: Test Cases/My Content/Pages/Modal/Verify_Draft/Draft_Edit1

2017-07-31 09:38:26 - [TEST_STEP][PASSED] - callTestCase: Call Test Case 'Test Cases/My Content/Pages/Modal/Verify_Draft/Draft_Add' successfully

2017-07-31 09:38:26 - [TEST_CASE][PASSED] - Test Cases/My Content/Pages/Modal/Verify_Draft/Draft_Add: Test Cases/My Content/Pages/Modal/Verify_Draft/Draft_Add

2017-07-31 09:38:26 - [TEST_STEP][PASSED] - click: Object: 'Object Repository/Page_User dashboard  junetest2bda/a_MyContent' is clicked on

2017-07-31 09:38:27 - [MESSAGE][PASSED] - Object: 'Object Repository/Page_User dashboard  junetest2bda/a_MyContent' is clicked on

2017-07-31 09:38:27 - [TEST_STEP][PASSED] - Statement - Title = com.kms.katalon.core.webui.keyword.WebUiBuiltInKeywords.getText(com.kms.katalon.core.testobject.ObjectRepository.findTestObject(Page_Pages  junetest2bda/h3_Title)): Text of object 'Object Repository/Page_Pages  junetest2bda/h3_Title' is: 'Pages'

2017-07-31 09:38:27 - [MESSAGE][PASSED] - Text of object 'Object Repository/Page_Pages  junetest2bda/h3_Title' is: 'Pages'

2017-07-31 09:38:27 - [TEST_STEP][PASSED] - click: Object: 'Object Repository/Page_Pages  junetest2bda/a_Add New' is clicked on

2017-07-31 09:38:28 - [MESSAGE][PASSED] - Object: 'Object Repository/Page_Pages  junetest2bda/a_Add New' is clicked on

2017-07-31 09:38:28 - [TEST_STEP][PASSED] - waitForElementPresent: Object 'Object Repository/Page_Pages  junetest2bda/Modal/div_ui-dialog ui-widget ui-wid_MyContentModal' is present

2017-07-31 09:38:29 - [MESSAGE][PASSED] - Object 'Object Repository/Page_Pages  junetest2bda/Modal/div_ui-dialog ui-widget ui-wid_MyContentModal' is present

2017-07-31 09:38:30 - [TEST_STEP][PASSED] - verifyElementPresent: Object 'Object Repository/Page_Pages  junetest2bda/Modal/div_ui-dialog ui-widget ui-wid_MyContentModal' is present

2017-07-31 09:38:30 - [MESSAGE][PASSED] - Object 'Object Repository/Page_Pages  junetest2bda/Modal/div_ui-dialog ui-widget ui-wid_MyContentModal' is present

2017-07-31 09:38:30 - [TEST_STEP][PASSED] - setText: Text 'Pages Add Draft' is set on object 'Object Repository/Page_Pages  junetest2bda/Modal/input_title0value_Title'

2017-07-31 09:38:31 - [MESSAGE][PASSED] - Text 'Pages Add Draft' is set on object 'Object Repository/Page_Pages  junetest2bda/Modal/input_title0value_Title'

2017-07-31 09:38:31 - [TEST_STEP][PASSED] - Statement - Ctext = CustomKeywords.random.Rand_CkEd_Text.rand_text(CKText): random.Rand_CkEd_Text.rand_text is PASSED

2017-07-31 09:38:31 - [MESSAGE][PASSED] - random.Rand_CkEd_Text.rand_text is PASSED

2017-07-31 09:38:31 - [TEST_STEP][PASSED] - switchToFrame: Switched to iframe: 'Object Repository/Page_Pages  junetest2bda/Modal/iframe_cke_wysiwyg_frame cke_r (2)'

2017-07-31 09:38:31 - [TEST_STEP][PASSED] - setText: Text 'Lorem ipsum dolor sit amet, consectetur adipiscing elit. Integer mi ex, consectetur ac cursus nec, egestas id enim. Ut venenatis lacus diam, eget pretium quam dictum vitae. Nunc pretium ipsum eget est tincidunt rutrum. Donec egestas in enim id viverra. Sed ut euismod turpis. Etiam quis pulvinar turpis. Maecenas gravida id dolor at commodo. Pellentesque ut semper nibh. Pellentesque auctor finibus ex, ac mattis augue bibendum vel. Mauris nec viverra orci. Quisque lobortis dolor et rutrum finibus. Duis auctor sed nisl aliquam tempus. In nisl eros, eleifend suscipit pretium ut, h' is set on object 'Object Repository/Page_Pages  junetest2bda/Modal/p'

2017-07-31 09:38:33 - [MESSAGE][PASSED] - Text 'Lorem ipsum dolor sit amet, consectetur adipiscing elit. Integer mi ex, consectetur ac cursus nec, egestas id enim. Ut venenatis lacus diam, eget pretium quam dictum vitae. Nunc pretium ipsum eget est tincidunt rutrum. Donec egestas in enim id viverra. Sed ut euismod turpis. Etiam quis pulvinar turpis. Maecenas gravida id dolor at commodo. Pellentesque ut semper nibh. Pellentesque auctor finibus ex, ac mattis augue bibendum vel. Mauris nec viverra orci. Quisque lobortis dolor et rutrum finibus. Duis auctor sed nisl aliquam tempus. In nisl eros, eleifend suscipit pretium ut, h' is set on object 'Object Repository/Page_Pages  junetest2bda/Modal/p'

2017-07-31 09:38:33 - [TEST_STEP][PASSED] - switchToDefaultContent: Switching to default content

2017-07-31 09:38:33 - [TEST_STEP][PASSED] - verifyElementClickable: Object 'Object Repository/Page_Pages  junetest2bda/Modal/button_SaveasDraft' is clickable

2017-07-31 09:38:33 - [MESSAGE][PASSED] - Object 'Object Repository/Page_Pages  junetest2bda/Modal/button_SaveasDraft' is clickable

2017-07-31 09:38:33 - [TEST_STEP][PASSED] - click: Object: 'Object Repository/Page_Pages  junetest2bda/Modal/button_SaveasDraft' is clicked on

2017-07-31 09:39:03 - [MESSAGE][PASSED] - Object: 'Object Repository/Page_Pages  junetest2bda/Modal/button_SaveasDraft' is clicked on

2017-07-31 09:39:03 - [TEST_STEP][PASSED] - waitForPageLoad: Wait for page load successfully

2017-07-31 09:39:03 - [MESSAGE][PASSED] - Wait for page load successfully

2017-07-31 09:39:03 - [TEST_STEP][PASSED] - switchToFrame: Switched to iframe: 'Object Repository/Page_Preview  junetest2bda/iframe_website-preview'

2017-07-31 09:39:03 - [TEST_STEP][PASSED] - Statement - CapTitle = CustomKeywords.random.Capitals.makeCap(Title + AddDraftTitle[0]): random.Capitals.makeCap is PASSED

2017-07-31 09:39:03 - [MESSAGE][PASSED] - random.Capitals.makeCap is PASSED

2017-07-31 09:39:03 - [TEST_STEP][PASSED] - verifyTextPresent: Text 'PAGES ADD DRAFT' is present on page  using regular expression

2017-07-31 09:39:03 - [MESSAGE][PASSED] - Text 'PAGES ADD DRAFT' is present on page  using regular expression

2017-07-31 09:39:03 - [TEST_STEP][PASSED] - verifyTextPresent: Text 'Lorem ipsum dolor sit amet, consectetur adipiscing elit. Integer mi ex, consectetur ac cursus nec, egestas id enim. Ut venenatis lacus diam, eget pretium quam dictum vitae. Nunc pretium ipsum eget est tincidunt rutrum. Donec egestas in enim id viverra. Sed ut euismod turpis. Etiam quis pulvinar turpis. Maecenas gravida id dolor at commodo. Pellentesque ut semper nibh. Pellentesque auctor finibus ex, ac mattis augue bibendum vel. Mauris nec viverra orci. Quisque lobortis dolor et rutrum finibus. Duis auctor sed nisl aliquam tempus. In nisl eros, eleifend suscipit pretium ut, h' is present on page  using regular expression

2017-07-31 09:39:04 - [MESSAGE][PASSED] - Text 'Lorem ipsum dolor sit amet, consectetur adipiscing elit. Integer mi ex, consectetur ac cursus nec, egestas id enim. Ut venenatis lacus diam, eget pretium quam dictum vitae. Nunc pretium ipsum eget est tincidunt rutrum. Donec egestas in enim id viverra. Sed ut euismod turpis. Etiam quis pulvinar turpis. Maecenas gravida id dolor at commodo. Pellentesque ut semper nibh. Pellentesque auctor finibus ex, ac mattis augue bibendum vel. Mauris nec viverra orci. Quisque lobortis dolor et rutrum finibus. Duis auctor sed nisl aliquam tempus. In nisl eros, eleifend suscipit pretium ut, h' is present on page  using regular expression

2017-07-31 09:39:04 - [TEST_STEP][PASSED] - switchToDefaultContent: Switching to default content

2017-07-31 09:39:04 - [MESSAGE][PASSED] - Call Test Case 'Test Cases/My Content/Pages/Modal/Verify_Draft/Draft_Add' successfully

2017-07-31 09:39:04 - [TEST_STEP][PASSED] - click: Object: 'Object Repository/Page_User dashboard  junetest2bda/a_MyContent' is clicked on

2017-07-31 09:39:06 - [MESSAGE][PASSED] - Object: 'Object Repository/Page_User dashboard  junetest2bda/a_MyContent' is clicked on

2017-07-31 09:39:06 - [TEST_STEP][PASSED] - Statement - Title = com.kms.katalon.core.webui.keyword.WebUiBuiltInKeywords.getText(com.kms.katalon.core.testobject.ObjectRepository.findTestObject(Page_Pages  junetest2bda/h3_Title)): Text of object 'Object Repository/Page_Pages  junetest2bda/h3_Title' is: 'Pages'

2017-07-31 09:39:06 - [MESSAGE][PASSED] - Text of object 'Object Repository/Page_Pages  junetest2bda/h3_Title' is: 'Pages'

2017-07-31 09:39:06 - [TEST_STEP][PASSED] - click: Object: 'Object Repository/Page_Pages  junetest2bda/a_Edit' is clicked on

2017-07-31 09:39:07 - [MESSAGE][PASSED] - Object: 'Object Repository/Page_Pages  junetest2bda/a_Edit' is clicked on

2017-07-31 09:39:07 - [TEST_STEP][PASSED] - waitForElementPresent: Object 'Object Repository/Page_Pages  junetest2bda/Modal/div_ui-dialog ui-widget ui-wid_MyContentModal' is present

2017-07-31 09:39:09 - [MESSAGE][PASSED] - Object 'Object Repository/Page_Pages  junetest2bda/Modal/div_ui-dialog ui-widget ui-wid_MyContentModal' is present

2017-07-31 09:39:09 - [TEST_STEP][PASSED] - verifyElementPresent: Object 'Object Repository/Page_Pages  junetest2bda/Modal/div_ui-dialog ui-widget ui-wid_MyContentModal' is present

2017-07-31 09:39:09 - [MESSAGE][PASSED] - Object 'Object Repository/Page_Pages  junetest2bda/Modal/div_ui-dialog ui-widget ui-wid_MyContentModal' is present

2017-07-31 09:39:09 - [TEST_STEP][PASSED] - setText: Text 'Pages Add Edit Draft' is set on object 'Object Repository/Page_Pages  junetest2bda/Modal/input_title0value_Title'

2017-07-31 09:39:10 - [MESSAGE][PASSED] - Text 'Pages Add Edit Draft' is set on object 'Object Repository/Page_Pages  junetest2bda/Modal/input_title0value_Title'

2017-07-31 09:39:10 - [TEST_STEP][PASSED] - Statement - Ctext = CustomKeywords.random.Rand_CkEd_Text.rand_text(CKText): random.Rand_CkEd_Text.rand_text is PASSED

2017-07-31 09:39:10 - [MESSAGE][PASSED] - random.Rand_CkEd_Text.rand_text is PASSED

2017-07-31 09:39:10 - [TEST_STEP][PASSED] - switchToFrame: Switched to iframe: 'Object Repository/Page_Pages  junetest2bda/Modal/iframe_cke_wysiwyg_frame cke_r (2)'

2017-07-31 09:39:10 - [TEST_STEP][PASSED] - setText: Text 'Lorem ipsum dolor sit amet, consectetur adipiscing elit. Integer mi ex, consectetur ac cursus nec, egestas id enim. Ut venenatis lacus diam, eget pretium quam dictum vitae. Nunc pretium ipsum eget est tincidunt rutrum. Donec egestas in enim id viverra. Sed ut euismod turpis. Etiam quis pulvinar turpis. Maecenas gravida id dolor at commodo. Pellentesque ut semper nibh. Pellentesque auctor finibus ex, ac mattis augue bibendum vel. Mauris nec vi' is set on object 'Object Repository/Page_Pages  junetest2bda/Modal/p'

2017-07-31 09:39:12 - [MESSAGE][PASSED] - Text 'Lorem ipsum dolor sit amet, consectetur adipiscing elit. Integer mi ex, consectetur ac cursus nec, egestas id enim. Ut venenatis lacus diam, eget pretium quam dictum vitae. Nunc pretium ipsum eget est tincidunt rutrum. Donec egestas in enim id viverra. Sed ut euismod turpis. Etiam quis pulvinar turpis. Maecenas gravida id dolor at commodo. Pellentesque ut semper nibh. Pellentesque auctor finibus ex, ac mattis augue bibendum vel. Mauris nec vi' is set on object 'Object Repository/Page_Pages  junetest2bda/Modal/p'

2017-07-31 09:39:12 - [TEST_STEP][PASSED] - switchToDefaultContent: Switching to default content

2017-07-31 09:39:12 - [TEST_STEP][PASSED] - verifyElementClickable: Object 'Object Repository/Page_Pages  junetest2bda/Modal/button_SaveasDraft' is clickable

2017-07-31 09:39:12 - [MESSAGE][PASSED] - Object 'Object Repository/Page_Pages  junetest2bda/Modal/button_SaveasDraft' is clickable

2017-07-31 09:39:12 - [TEST_STEP][PASSED] - click: Object: 'Object Repository/Page_Pages  junetest2bda/Modal/button_SaveasDraft' is clicked on

2017-07-31 09:39:42 - [MESSAGE][PASSED] - Object: 'Object Repository/Page_Pages  junetest2bda/Modal/button_SaveasDraft' is clicked on

2017-07-31 09:39:42 - [TEST_STEP][PASSED] - click: Object: 'Object Repository/Page_Pages  junetest2bda/a_Test Draft Pages only' is clicked on

2017-07-31 09:39:47 - [MESSAGE][PASSED] - Object: 'Object Repository/Page_Pages  junetest2bda/a_Test Draft Pages only' is clicked on

2017-07-31 09:39:47 - [TEST_STEP][PASSED] - waitForPageLoad: Wait for page load successfully

2017-07-31 09:39:48 - [MESSAGE][PASSED] - Wait for page load successfully

2017-07-31 09:39:48 - [TEST_STEP][PASSED] - switchToFrame: Switched to iframe: 'Object Repository/Page_Preview  junetest2bda/iframe_website-preview'

2017-07-31 09:39:48 - [TEST_STEP][PASSED] - Statement - CapTitle = CustomKeywords.random.Capitals.makeCap(Title + AddDraftTitle[1]): random.Capitals.makeCap is PASSED

2017-07-31 09:39:48 - [MESSAGE][PASSED] - random.Capitals.makeCap is PASSED

2017-07-31 09:39:48 - [TEST_STEP][PASSED] - verifyTextPresent: Text 'PAGES ADD EDIT DRAFT' is present on page  using regular expression

2017-07-31 09:39:48 - [MESSAGE][PASSED] - Text 'PAGES ADD EDIT DRAFT' is present on page  using regular expression

2017-07-31 09:39:48 - [TEST_STEP][PASSED] - verifyTextPresent: Text 'Lorem ipsum dolor sit amet, consectetur adipiscing elit. Integer mi ex, consectetur ac cursus nec, egestas id enim. Ut venenatis lacus diam, eget pretium quam dictum vitae. Nunc pretium ipsum eget est tincidunt rutrum. Donec egestas in enim id viverra. Sed ut euismod turpis. Etiam quis pulvinar turpis. Maecenas gravida id dolor at commodo. Pellentesque ut semper nibh. Pellentesque auctor finibus ex, ac mattis augue bibendum vel. Mauris nec vi' is present on page  using regular expression

2017-07-31 09:39:48 - [MESSAGE][PASSED] - Text 'Lorem ipsum dolor sit amet, consectetur adipiscing elit. Integer mi ex, consectetur ac cursus nec, egestas id enim. Ut venenatis lacus diam, eget pretium quam dictum vitae. Nunc pretium ipsum eget est tincidunt rutrum. Donec egestas in enim id viverra. Sed ut euismod turpis. Etiam quis pulvinar turpis. Maecenas gravida id dolor at commodo. Pellentesque ut semper nibh. Pellentesque auctor finibus ex, ac mattis augue bibendum vel. Mauris nec vi' is present on page  using regular expression

2017-07-31 09:39:48 - [TEST_STEP][PASSED] - switchToDefaultContent: Switching to default content]]></system-out>
         <system-err><![CDATA[]]></system-err>
      </testcase>
      <testcase name="Test Cases/My Content/Pages/Modal/Verify_Draft/Draft_Add_Delete" classname="Test Cases/My Content/Pages/Modal/Verify_Draft/Draft_Add_Delete" status="FAILED">
         <failure type="FAILED" message=""/>
         <system-out><![CDATA[2017-07-31 09:39:48 - [TEST_CASE][FAILED] - Test Cases/My Content/Pages/Modal/Verify_Draft/Draft_Add_Delete: Test Cases/My Content/Pages/Modal/Verify_Draft/Draft_Add_Delete FAILED because (of) Unable to verify text 'Pages Add Edit Delete Draft' is not present  using regular expression (Root cause: Text 'Pages Add Edit Delete Draft' is present on page  using regular expression)

2017-07-31 09:39:49 - [TEST_STEP][PASSED] - click: Object: 'Object Repository/Page_User dashboard  junetest2bda/a_MyContent' is clicked on

2017-07-31 09:39:51 - [MESSAGE][PASSED] - Object: 'Object Repository/Page_User dashboard  junetest2bda/a_MyContent' is clicked on

2017-07-31 09:39:51 - [TEST_STEP][PASSED] - Statement - Title = com.kms.katalon.core.webui.keyword.WebUiBuiltInKeywords.getText(com.kms.katalon.core.testobject.ObjectRepository.findTestObject(Page_Pages  junetest2bda/h3_Title)): Text of object 'Object Repository/Page_Pages  junetest2bda/h3_Title' is: 'Pages'

2017-07-31 09:39:52 - [MESSAGE][PASSED] - Text of object 'Object Repository/Page_Pages  junetest2bda/h3_Title' is: 'Pages'

2017-07-31 09:39:52 - [TEST_STEP][PASSED] - click: Object: 'Object Repository/Page_Pages  junetest2bda/a_Add New' is clicked on

2017-07-31 09:39:52 - [MESSAGE][PASSED] - Object: 'Object Repository/Page_Pages  junetest2bda/a_Add New' is clicked on

2017-07-31 09:39:52 - [TEST_STEP][PASSED] - waitForElementPresent: Object 'Object Repository/Page_Pages  junetest2bda/Modal/div_ui-dialog ui-widget ui-wid_MyContentModal' is present

2017-07-31 09:39:55 - [MESSAGE][PASSED] - Object 'Object Repository/Page_Pages  junetest2bda/Modal/div_ui-dialog ui-widget ui-wid_MyContentModal' is present

2017-07-31 09:39:55 - [TEST_STEP][PASSED] - setText: Text 'Pages Add Edit Delete Draft' is set on object 'Object Repository/Page_Pages  junetest2bda/Modal/input_title0value_Title'

2017-07-31 09:39:56 - [MESSAGE][PASSED] - Text 'Pages Add Edit Delete Draft' is set on object 'Object Repository/Page_Pages  junetest2bda/Modal/input_title0value_Title'

2017-07-31 09:39:56 - [TEST_STEP][PASSED] - verifyElementClickable: Object 'Object Repository/Page_Pages  junetest2bda/Modal/button_SaveasDraft' is clickable

2017-07-31 09:39:56 - [MESSAGE][PASSED] - Object 'Object Repository/Page_Pages  junetest2bda/Modal/button_SaveasDraft' is clickable

2017-07-31 09:39:56 - [TEST_STEP][PASSED] - click: Object: 'Object Repository/Page_Pages  junetest2bda/Modal/button_SaveasDraft' is clicked on

2017-07-31 09:40:27 - [MESSAGE][PASSED] - Object: 'Object Repository/Page_Pages  junetest2bda/Modal/button_SaveasDraft' is clicked on

2017-07-31 09:40:27 - [TEST_STEP][PASSED] - waitForPageLoad: Wait for page load successfully

2017-07-31 09:40:28 - [MESSAGE][PASSED] - Wait for page load successfully

2017-07-31 09:40:28 - [TEST_STEP][PASSED] - click: Object: 'Object Repository/Page_User dashboard  junetest2bda/a_MyContent' is clicked on

2017-07-31 09:40:30 - [MESSAGE][PASSED] - Object: 'Object Repository/Page_User dashboard  junetest2bda/a_MyContent' is clicked on

2017-07-31 09:40:30 - [TEST_STEP][PASSED] - click: Object: 'Object Repository/Page_Pages  junetest2bda/a_Delete' is clicked on

2017-07-31 09:40:31 - [MESSAGE][PASSED] - Object: 'Object Repository/Page_Pages  junetest2bda/a_Delete' is clicked on

2017-07-31 09:40:31 - [TEST_STEP][PASSED] - click: Object: 'Object Repository/Page_User dashboard  junetest2bda/Delete Modal/button_Delete' is clicked on

2017-07-31 09:40:32 - [MESSAGE][PASSED] - Object: 'Object Repository/Page_User dashboard  junetest2bda/Delete Modal/button_Delete' is clicked on

2017-07-31 09:40:32 - [TEST_STEP][PASSED] - waitForElementNotPresent: Web element with id: 'Object Repository/Page_User dashboard  junetest2bda/Delete Modal/div_ui-dialog ui-widget ui-wid' located by 'By.xpath: //div[count(. | /html[@class="touchevents details js wf-lato-n4-active wf-active"]/body[@class="layout-no-sidebars has-featured-top user-logged-in path-dashboard off-canvas-wrap"]/div[@class="ui-dialog ui-widget ui-widget-content ui-corner-all ui-front ui-dialog-buttons"]) = count(/html[@class="touchevents details js wf-lato-n4-active wf-active"]/body[@class="layout-no-sidebars has-featured-top user-logged-in path-dashboard off-canvas-wrap"]/div[@class="ui-dialog ui-widget ui-widget-content ui-corner-all ui-front ui-dialog-buttons"])]' is not present after '2' second(s)

2017-07-31 09:40:32 - [MESSAGE][PASSED] - Web element with id: 'Object Repository/Page_User dashboard  junetest2bda/Delete Modal/div_ui-dialog ui-widget ui-wid' located by 'By.xpath: //div[count(. | /html[@class="touchevents details js wf-lato-n4-active wf-active"]/body[@class="layout-no-sidebars has-featured-top user-logged-in path-dashboard off-canvas-wrap"]/div[@class="ui-dialog ui-widget ui-widget-content ui-corner-all ui-front ui-dialog-buttons"]) = count(/html[@class="touchevents details js wf-lato-n4-active wf-active"]/body[@class="layout-no-sidebars has-featured-top user-logged-in path-dashboard off-canvas-wrap"]/div[@class="ui-dialog ui-widget ui-widget-content ui-corner-all ui-front ui-dialog-buttons"])]' is not present after '2' second(s)

2017-07-31 09:40:32 - [TEST_STEP][PASSED] - verifyElementNotPresent: Web element with id: 'Object Repository/Page_User dashboard  junetest2bda/Delete Modal/div_ui-dialog ui-widget ui-wid' located by 'By.xpath: //div[count(. | /html[@class="touchevents details js wf-lato-n4-active wf-active"]/body[@class="layout-no-sidebars has-featured-top user-logged-in path-dashboard off-canvas-wrap"]/div[@class="ui-dialog ui-widget ui-widget-content ui-corner-all ui-front ui-dialog-buttons"]) = count(/html[@class="touchevents details js wf-lato-n4-active wf-active"]/body[@class="layout-no-sidebars has-featured-top user-logged-in path-dashboard off-canvas-wrap"]/div[@class="ui-dialog ui-widget ui-widget-content ui-corner-all ui-front ui-dialog-buttons"])]' is not present after '2' second(s)

2017-07-31 09:40:32 - [MESSAGE][PASSED] - Web element with id: 'Object Repository/Page_User dashboard  junetest2bda/Delete Modal/div_ui-dialog ui-widget ui-wid' located by 'By.xpath: //div[count(. | /html[@class="touchevents details js wf-lato-n4-active wf-active"]/body[@class="layout-no-sidebars has-featured-top user-logged-in path-dashboard off-canvas-wrap"]/div[@class="ui-dialog ui-widget ui-widget-content ui-corner-all ui-front ui-dialog-buttons"]) = count(/html[@class="touchevents details js wf-lato-n4-active wf-active"]/body[@class="layout-no-sidebars has-featured-top user-logged-in path-dashboard off-canvas-wrap"]/div[@class="ui-dialog ui-widget ui-widget-content ui-corner-all ui-front ui-dialog-buttons"])]' is not present after '2' second(s)

2017-07-31 09:40:32 - [TEST_STEP][PASSED] - waitForPageLoad: Wait for page load successfully

2017-07-31 09:40:32 - [MESSAGE][PASSED] - Wait for page load successfully

2017-07-31 09:40:32 - [TEST_STEP][PASSED] - click: Object: 'Object Repository/Page_User dashboard  junetest2bda/a_MyContent' is clicked on

2017-07-31 09:40:33 - [MESSAGE][PASSED] - Object: 'Object Repository/Page_User dashboard  junetest2bda/a_MyContent' is clicked on

2017-07-31 09:40:33 - [TEST_STEP][FAILED] - verifyTextNotPresent: Unable to verify text 'Pages Add Edit Delete Draft' is not present  using regular expression (Root cause: Text 'Pages Add Edit Delete Draft' is present on page  using regular expression)

2017-07-31 09:40:34 - [MESSAGE][FAILED] - Text 'Pages Add Edit Delete Draft' is present on page  using regular expression

2017-07-31 09:40:34 - [MESSAGE][FAILED] - Unable to verify text 'Pages Add Edit Delete Draft' is not present  using regular expression (Root cause: Text 'Pages Add Edit Delete Draft' is present on page  using regular expression)
[[ATTACHMENT|C:\\Users\\Cindy\\Katalon Studio\\MyContent\\Reports\\My_Content\\Pages\\20170731_093702\\1501519234009.png]]]]></system-out>
         <system-err><![CDATA[2017-07-31 09:39:48 - [TEST_CASE][FAILED] - Test Cases/My Content/Pages/Modal/Verify_Draft/Draft_Add_Delete: Test Cases/My Content/Pages/Modal/Verify_Draft/Draft_Add_Delete FAILED because (of) Unable to verify text 'Pages Add Edit Delete Draft' is not present  using regular expression (Root cause: Text 'Pages Add Edit Delete Draft' is present on page  using regular expression)]]></system-err>
      </testcase>
      <testcase name="Test Cases/My Content/Pages/Modal/Verify_Draft/Draft_Send_to_review" classname="Test Cases/My Content/Pages/Modal/Verify_Draft/Draft_Send_to_review" status="PASSED">
         <system-out><![CDATA[2017-07-31 09:40:34 - [TEST_CASE][PASSED] - Test Cases/My Content/Pages/Modal/Verify_Draft/Draft_Send_to_review: Test Cases/My Content/Pages/Modal/Verify_Draft/Draft_Send_to_review

2017-07-31 09:40:34 - [TEST_STEP][PASSED] - callTestCase: Call Test Case 'Test Cases/My Content/Pages/Modal/Verify_Draft/Draft_Add' successfully

2017-07-31 09:40:34 - [TEST_CASE][PASSED] - Test Cases/My Content/Pages/Modal/Verify_Draft/Draft_Add: Test Cases/My Content/Pages/Modal/Verify_Draft/Draft_Add

2017-07-31 09:40:34 - [TEST_STEP][PASSED] - click: Object: 'Object Repository/Page_User dashboard  junetest2bda/a_MyContent' is clicked on

2017-07-31 09:40:35 - [MESSAGE][PASSED] - Object: 'Object Repository/Page_User dashboard  junetest2bda/a_MyContent' is clicked on

2017-07-31 09:40:35 - [TEST_STEP][PASSED] - Statement - Title = com.kms.katalon.core.webui.keyword.WebUiBuiltInKeywords.getText(com.kms.katalon.core.testobject.ObjectRepository.findTestObject(Page_Pages  junetest2bda/h3_Title)): Text of object 'Object Repository/Page_Pages  junetest2bda/h3_Title' is: 'Pages'

2017-07-31 09:40:35 - [MESSAGE][PASSED] - Text of object 'Object Repository/Page_Pages  junetest2bda/h3_Title' is: 'Pages'

2017-07-31 09:40:35 - [TEST_STEP][PASSED] - click: Object: 'Object Repository/Page_Pages  junetest2bda/a_Add New' is clicked on

2017-07-31 09:40:36 - [MESSAGE][PASSED] - Object: 'Object Repository/Page_Pages  junetest2bda/a_Add New' is clicked on

2017-07-31 09:40:36 - [TEST_STEP][PASSED] - waitForElementPresent: Object 'Object Repository/Page_Pages  junetest2bda/Modal/div_ui-dialog ui-widget ui-wid_MyContentModal' is present

2017-07-31 09:40:38 - [MESSAGE][PASSED] - Object 'Object Repository/Page_Pages  junetest2bda/Modal/div_ui-dialog ui-widget ui-wid_MyContentModal' is present

2017-07-31 09:40:38 - [TEST_STEP][PASSED] - verifyElementPresent: Object 'Object Repository/Page_Pages  junetest2bda/Modal/div_ui-dialog ui-widget ui-wid_MyContentModal' is present

2017-07-31 09:40:38 - [MESSAGE][PASSED] - Object 'Object Repository/Page_Pages  junetest2bda/Modal/div_ui-dialog ui-widget ui-wid_MyContentModal' is present

2017-07-31 09:40:38 - [TEST_STEP][PASSED] - setText: Text 'Pages Add Draft' is set on object 'Object Repository/Page_Pages  junetest2bda/Modal/input_title0value_Title'

2017-07-31 09:40:39 - [MESSAGE][PASSED] - Text 'Pages Add Draft' is set on object 'Object Repository/Page_Pages  junetest2bda/Modal/input_title0value_Title'

2017-07-31 09:40:39 - [TEST_STEP][PASSED] - Statement - Ctext = CustomKeywords.random.Rand_CkEd_Text.rand_text(CKText): random.Rand_CkEd_Text.rand_text is PASSED

2017-07-31 09:40:39 - [MESSAGE][PASSED] - random.Rand_CkEd_Text.rand_text is PASSED

2017-07-31 09:40:39 - [TEST_STEP][PASSED] - switchToFrame: Switched to iframe: 'Object Repository/Page_Pages  junetest2bda/Modal/iframe_cke_wysiwyg_frame cke_r (2)'

2017-07-31 09:40:39 - [TEST_STEP][PASSED] - setText: Text 'Lorem ipsum dolor sit amet, consectetur adipiscing elit. Integer mi ex, consectetur ac cursus nec, egestas id enim. Ut venenatis lacus diam, eget pretium quam dictum vitae. Nunc pretium ipsum eget est tincidunt rutrum. Donec egestas in enim id viverra. Sed ut euismod turpis. Etiam quis pulvinar turpis. Maecenas gravida id dolor at commodo. Pellentesque ut semper nibh. Pellentesque auctor finibus ex, ac mattis augue bibendum vel. Mauris nec viverra orci. Quisque lobortis dolor et rutrum finibus. Duis auctor sed nisl aliquam tempus. In nisl eros, eleifend suscipit pretiu' is set on object 'Object Repository/Page_Pages  junetest2bda/Modal/p'

2017-07-31 09:40:41 - [MESSAGE][PASSED] - Text 'Lorem ipsum dolor sit amet, consectetur adipiscing elit. Integer mi ex, consectetur ac cursus nec, egestas id enim. Ut venenatis lacus diam, eget pretium quam dictum vitae. Nunc pretium ipsum eget est tincidunt rutrum. Donec egestas in enim id viverra. Sed ut euismod turpis. Etiam quis pulvinar turpis. Maecenas gravida id dolor at commodo. Pellentesque ut semper nibh. Pellentesque auctor finibus ex, ac mattis augue bibendum vel. Mauris nec viverra orci. Quisque lobortis dolor et rutrum finibus. Duis auctor sed nisl aliquam tempus. In nisl eros, eleifend suscipit pretiu' is set on object 'Object Repository/Page_Pages  junetest2bda/Modal/p'

2017-07-31 09:40:41 - [TEST_STEP][PASSED] - switchToDefaultContent: Switching to default content

2017-07-31 09:40:42 - [TEST_STEP][PASSED] - verifyElementClickable: Object 'Object Repository/Page_Pages  junetest2bda/Modal/button_SaveasDraft' is clickable

2017-07-31 09:40:42 - [MESSAGE][PASSED] - Object 'Object Repository/Page_Pages  junetest2bda/Modal/button_SaveasDraft' is clickable

2017-07-31 09:40:42 - [TEST_STEP][PASSED] - click: Object: 'Object Repository/Page_Pages  junetest2bda/Modal/button_SaveasDraft' is clicked on

2017-07-31 09:41:12 - [MESSAGE][PASSED] - Object: 'Object Repository/Page_Pages  junetest2bda/Modal/button_SaveasDraft' is clicked on

2017-07-31 09:41:12 - [TEST_STEP][PASSED] - waitForPageLoad: Wait for page load successfully

2017-07-31 09:41:13 - [MESSAGE][PASSED] - Wait for page load successfully

2017-07-31 09:41:13 - [TEST_STEP][PASSED] - switchToFrame: Switched to iframe: 'Object Repository/Page_Preview  junetest2bda/iframe_website-preview'

2017-07-31 09:41:13 - [TEST_STEP][PASSED] - Statement - CapTitle = CustomKeywords.random.Capitals.makeCap(Title + AddDraftTitle[0]): random.Capitals.makeCap is PASSED

2017-07-31 09:41:13 - [MESSAGE][PASSED] - random.Capitals.makeCap is PASSED

2017-07-31 09:41:13 - [TEST_STEP][PASSED] - verifyTextPresent: Text 'PAGES ADD DRAFT' is present on page  using regular expression

2017-07-31 09:41:13 - [MESSAGE][PASSED] - Text 'PAGES ADD DRAFT' is present on page  using regular expression

2017-07-31 09:41:13 - [TEST_STEP][PASSED] - verifyTextPresent: Text 'Lorem ipsum dolor sit amet, consectetur adipiscing elit. Integer mi ex, consectetur ac cursus nec, egestas id enim. Ut venenatis lacus diam, eget pretium quam dictum vitae. Nunc pretium ipsum eget est tincidunt rutrum. Donec egestas in enim id viverra. Sed ut euismod turpis. Etiam quis pulvinar turpis. Maecenas gravida id dolor at commodo. Pellentesque ut semper nibh. Pellentesque auctor finibus ex, ac mattis augue bibendum vel. Mauris nec viverra orci. Quisque lobortis dolor et rutrum finibus. Duis auctor sed nisl aliquam tempus. In nisl eros, eleifend suscipit pretiu' is present on page  using regular expression

2017-07-31 09:41:13 - [MESSAGE][PASSED] - Text 'Lorem ipsum dolor sit amet, consectetur adipiscing elit. Integer mi ex, consectetur ac cursus nec, egestas id enim. Ut venenatis lacus diam, eget pretium quam dictum vitae. Nunc pretium ipsum eget est tincidunt rutrum. Donec egestas in enim id viverra. Sed ut euismod turpis. Etiam quis pulvinar turpis. Maecenas gravida id dolor at commodo. Pellentesque ut semper nibh. Pellentesque auctor finibus ex, ac mattis augue bibendum vel. Mauris nec viverra orci. Quisque lobortis dolor et rutrum finibus. Duis auctor sed nisl aliquam tempus. In nisl eros, eleifend suscipit pretiu' is present on page  using regular expression

2017-07-31 09:41:13 - [TEST_STEP][PASSED] - switchToDefaultContent: Switching to default content

2017-07-31 09:41:13 - [MESSAGE][PASSED] - Call Test Case 'Test Cases/My Content/Pages/Modal/Verify_Draft/Draft_Add' successfully

2017-07-31 09:41:13 - [TEST_STEP][PASSED] - click: Object: 'Object Repository/Page_User dashboard  junetest2bda/a_MyContent' is clicked on

2017-07-31 09:41:16 - [MESSAGE][PASSED] - Object: 'Object Repository/Page_User dashboard  junetest2bda/a_MyContent' is clicked on

2017-07-31 09:41:16 - [TEST_STEP][PASSED] - Statement - Title = com.kms.katalon.core.webui.keyword.WebUiBuiltInKeywords.getText(com.kms.katalon.core.testobject.ObjectRepository.findTestObject(Page_Pages  junetest2bda/h3_Title)): Text of object 'Object Repository/Page_Pages  junetest2bda/h3_Title' is: 'Pages'

2017-07-31 09:41:16 - [MESSAGE][PASSED] - Text of object 'Object Repository/Page_Pages  junetest2bda/h3_Title' is: 'Pages'

2017-07-31 09:41:16 - [TEST_STEP][PASSED] - click: Object: 'Object Repository/Page_Pages  junetest2bda/a_Edit' is clicked on

2017-07-31 09:41:16 - [MESSAGE][PASSED] - Object: 'Object Repository/Page_Pages  junetest2bda/a_Edit' is clicked on

2017-07-31 09:41:16 - [TEST_STEP][PASSED] - setText: Text 'Pages Add Edit Send Draft' is set on object 'Object Repository/Page_Pages  junetest2bda/Modal/input_title0value_Title'

2017-07-31 09:41:19 - [MESSAGE][PASSED] - Text 'Pages Add Edit Send Draft' is set on object 'Object Repository/Page_Pages  junetest2bda/Modal/input_title0value_Title'

2017-07-31 09:41:19 - [TEST_STEP][PASSED] - waitForElementPresent: Object 'Object Repository/Page_Pages  junetest2bda/Modal/div_ui-dialog ui-widget ui-wid_MyContentModal' is present

2017-07-31 09:41:20 - [MESSAGE][PASSED] - Object 'Object Repository/Page_Pages  junetest2bda/Modal/div_ui-dialog ui-widget ui-wid_MyContentModal' is present

2017-07-31 09:41:20 - [TEST_STEP][PASSED] - verifyElementPresent: Object 'Object Repository/Page_Pages  junetest2bda/Modal/div_ui-dialog ui-widget ui-wid_MyContentModal' is present

2017-07-31 09:41:20 - [MESSAGE][PASSED] - Object 'Object Repository/Page_Pages  junetest2bda/Modal/div_ui-dialog ui-widget ui-wid_MyContentModal' is present

2017-07-31 09:41:20 - [TEST_STEP][PASSED] - verifyElementClickable: Object 'Object Repository/Page_Pages  junetest2bda/Modal/button_SendtoReview' is clickable

2017-07-31 09:41:20 - [MESSAGE][PASSED] - Object 'Object Repository/Page_Pages  junetest2bda/Modal/button_SendtoReview' is clickable

2017-07-31 09:41:20 - [TEST_STEP][PASSED] - click: Object: 'Object Repository/Page_Pages  junetest2bda/Modal/button_SendtoReview' is clicked on

2017-07-31 09:41:55 - [MESSAGE][PASSED] - Object: 'Object Repository/Page_Pages  junetest2bda/Modal/button_SendtoReview' is clicked on

2017-07-31 09:41:55 - [TEST_STEP][PASSED] - waitForPageLoad: Wait for page load successfully

2017-07-31 09:41:56 - [MESSAGE][PASSED] - Wait for page load successfully

2017-07-31 09:41:56 - [TEST_STEP][NOT_RUN] - click: NOT_RUN: click

2017-07-31 09:41:56 - [MESSAGE][NOT_RUN] - NOT_RUN: click

2017-07-31 09:41:56 - [TEST_STEP][NOT_RUN] - verifyTextPresent: NOT_RUN: verifyTextPresent

2017-07-31 09:41:56 - [MESSAGE][NOT_RUN] - NOT_RUN: verifyTextPresent]]></system-out>
         <system-err><![CDATA[]]></system-err>
      </testcase>
      <testcase name="Test Cases/My Content/Pages/Modal/Verify_Send_to_review/Send_to_review_Add" classname="Test Cases/My Content/Pages/Modal/Verify_Send_to_review/Send_to_review_Add" status="PASSED">
         <system-out><![CDATA[2017-07-31 09:41:56 - [TEST_CASE][PASSED] - Test Cases/My Content/Pages/Modal/Verify_Send_to_review/Send_to_review_Add: Test Cases/My Content/Pages/Modal/Verify_Send_to_review/Send_to_review_Add

2017-07-31 09:41:57 - [TEST_STEP][PASSED] - click: Object: 'Object Repository/Page_User dashboard  junetest2bda/a_MyContent' is clicked on

2017-07-31 09:41:59 - [MESSAGE][PASSED] - Object: 'Object Repository/Page_User dashboard  junetest2bda/a_MyContent' is clicked on

2017-07-31 09:41:59 - [TEST_STEP][PASSED] - click: Object: 'Object Repository/Page_Pages  junetest2bda/a_Add New' is clicked on

2017-07-31 09:42:00 - [MESSAGE][PASSED] - Object: 'Object Repository/Page_Pages  junetest2bda/a_Add New' is clicked on

2017-07-31 09:42:00 - [TEST_STEP][PASSED] - Statement - Title = com.kms.katalon.core.webui.keyword.WebUiBuiltInKeywords.getText(com.kms.katalon.core.testobject.ObjectRepository.findTestObject(Page_Pages  junetest2bda/h3_Title)): Text of object 'Object Repository/Page_Pages  junetest2bda/h3_Title' is: 'Pages'

2017-07-31 09:42:00 - [MESSAGE][PASSED] - Text of object 'Object Repository/Page_Pages  junetest2bda/h3_Title' is: 'Pages'

2017-07-31 09:42:00 - [TEST_STEP][PASSED] - waitForElementPresent: Object 'Object Repository/Page_Pages  junetest2bda/Modal/div_ui-dialog ui-widget ui-wid_MyContentModal' is not present after 2 second(s)

2017-07-31 09:42:02 - [MESSAGE][WARNING] - Object 'Object Repository/Page_Pages  junetest2bda/Modal/div_ui-dialog ui-widget ui-wid_MyContentModal' is not present after 2 second(s)

2017-07-31 09:42:02 - [TEST_STEP][PASSED] - setText: Text 'Pages Add Review' is set on object 'Object Repository/Page_Pages  junetest2bda/Modal/input_title0value_Title'

2017-07-31 09:42:04 - [MESSAGE][PASSED] - Text 'Pages Add Review' is set on object 'Object Repository/Page_Pages  junetest2bda/Modal/input_title0value_Title'

2017-07-31 09:42:04 - [TEST_STEP][PASSED] - Statement - Ctext = CustomKeywords.random.Rand_CkEd_Text.rand_text(CKText): random.Rand_CkEd_Text.rand_text is PASSED

2017-07-31 09:42:04 - [MESSAGE][PASSED] - random.Rand_CkEd_Text.rand_text is PASSED

2017-07-31 09:42:04 - [TEST_STEP][PASSED] - switchToFrame: Switched to iframe: 'Object Repository/Page_Pages  junetest2bda/Modal/iframe_cke_wysiwyg_frame cke_r (2)'

2017-07-31 09:42:04 - [TEST_STEP][PASSED] - setText: Text 'Lorem ipsum dolor sit amet, consectetur adipiscing elit. Integer mi ex, consectetur ac cursus nec, egestas id enim. Ut venenatis lacus diam, eget pretium quam dictum vitae. Nunc pretium ipsum eget est tincidunt rutrum. Don' is set on object 'Object Repository/Page_Pages  junetest2bda/Modal/p'

2017-07-31 09:42:05 - [MESSAGE][PASSED] - Text 'Lorem ipsum dolor sit amet, consectetur adipiscing elit. Integer mi ex, consectetur ac cursus nec, egestas id enim. Ut venenatis lacus diam, eget pretium quam dictum vitae. Nunc pretium ipsum eget est tincidunt rutrum. Don' is set on object 'Object Repository/Page_Pages  junetest2bda/Modal/p'

2017-07-31 09:42:05 - [TEST_STEP][PASSED] - switchToDefaultContent: Switching to default content

2017-07-31 09:42:05 - [TEST_STEP][PASSED] - verifyElementClickable: Object 'Object Repository/Page_Pages  junetest2bda/Modal/button_SendtoReview' is clickable

2017-07-31 09:42:05 - [MESSAGE][PASSED] - Object 'Object Repository/Page_Pages  junetest2bda/Modal/button_SendtoReview' is clickable

2017-07-31 09:42:05 - [TEST_STEP][PASSED] - click: Object: 'Object Repository/Page_Pages  junetest2bda/Modal/button_SendtoReview' is clicked on

2017-07-31 09:42:31 - [MESSAGE][PASSED] - Object: 'Object Repository/Page_Pages  junetest2bda/Modal/button_SendtoReview' is clicked on

2017-07-31 09:42:31 - [TEST_STEP][PASSED] - waitForPageLoad: Wait for page load successfully

2017-07-31 09:42:31 - [MESSAGE][PASSED] - Wait for page load successfully

2017-07-31 09:42:31 - [TEST_STEP][PASSED] - switchToFrame: Switched to iframe: 'Object Repository/Page_Preview  junetest2bda/iframe_website-preview'

2017-07-31 09:42:31 - [TEST_STEP][PASSED] - Statement - CapTitle = CustomKeywords.random.Capitals.makeCap(Title + AddDraftTitle[4]): random.Capitals.makeCap is PASSED

2017-07-31 09:42:31 - [MESSAGE][PASSED] - random.Capitals.makeCap is PASSED

2017-07-31 09:42:31 - [TEST_STEP][PASSED] - verifyTextPresent: Text 'PAGES ADD REVIEW' is present on page  using regular expression

2017-07-31 09:42:32 - [MESSAGE][PASSED] - Text 'PAGES ADD REVIEW' is present on page  using regular expression

2017-07-31 09:42:32 - [TEST_STEP][PASSED] - verifyTextPresent: Text 'Lorem ipsum dolor sit amet, consectetur adipiscing elit. Integer mi ex, consectetur ac cursus nec, egestas id enim. Ut venenatis lacus diam, eget pretium quam dictum vitae. Nunc pretium ipsum eget est tincidunt rutrum. Don' is present on page  using regular expression

2017-07-31 09:42:32 - [MESSAGE][PASSED] - Text 'Lorem ipsum dolor sit amet, consectetur adipiscing elit. Integer mi ex, consectetur ac cursus nec, egestas id enim. Ut venenatis lacus diam, eget pretium quam dictum vitae. Nunc pretium ipsum eget est tincidunt rutrum. Don' is present on page  using regular expression

2017-07-31 09:42:32 - [TEST_STEP][PASSED] - switchToDefaultContent: Switching to default content

2017-07-31 09:42:32 - [TEST_STEP][NOT_RUN] - click: NOT_RUN: click

2017-07-31 09:42:32 - [MESSAGE][NOT_RUN] - NOT_RUN: click

2017-07-31 09:42:32 - [TEST_STEP][NOT_RUN] - verifyTextPresent: NOT_RUN: verifyTextPresent

2017-07-31 09:42:32 - [MESSAGE][NOT_RUN] - NOT_RUN: verifyTextPresent]]></system-out>
         <system-err><![CDATA[]]></system-err>
      </testcase>
      <testcase name="Test Cases/My Content/Pages/Modal/Verify_Send_to_review/Send_to_review_Edit" classname="Test Cases/My Content/Pages/Modal/Verify_Send_to_review/Send_to_review_Edit" status="PASSED">
         <system-out><![CDATA[2017-07-31 09:42:32 - [TEST_CASE][PASSED] - Test Cases/My Content/Pages/Modal/Verify_Send_to_review/Send_to_review_Edit: Test Cases/My Content/Pages/Modal/Verify_Send_to_review/Send_to_review_Edit

2017-07-31 09:42:33 - [TEST_STEP][PASSED] - callTestCase: Call Test Case 'Test Cases/My Content/Pages/Modal/Verify_Send_to_review/Send_to_review_Add' successfully

2017-07-31 09:42:33 - [TEST_CASE][PASSED] - Test Cases/My Content/Pages/Modal/Verify_Send_to_review/Send_to_review_Add: Test Cases/My Content/Pages/Modal/Verify_Send_to_review/Send_to_review_Add

2017-07-31 09:42:33 - [TEST_STEP][PASSED] - click: Object: 'Object Repository/Page_User dashboard  junetest2bda/a_MyContent' is clicked on

2017-07-31 09:42:35 - [MESSAGE][PASSED] - Object: 'Object Repository/Page_User dashboard  junetest2bda/a_MyContent' is clicked on

2017-07-31 09:42:35 - [TEST_STEP][PASSED] - click: Object: 'Object Repository/Page_Pages  junetest2bda/a_Add New' is clicked on

2017-07-31 09:42:35 - [MESSAGE][PASSED] - Object: 'Object Repository/Page_Pages  junetest2bda/a_Add New' is clicked on

2017-07-31 09:42:35 - [TEST_STEP][PASSED] - Statement - Title = com.kms.katalon.core.webui.keyword.WebUiBuiltInKeywords.getText(com.kms.katalon.core.testobject.ObjectRepository.findTestObject(Page_Pages  junetest2bda/h3_Title)): Text of object 'Object Repository/Page_Pages  junetest2bda/h3_Title' is: 'Pages'

2017-07-31 09:42:35 - [MESSAGE][PASSED] - Text of object 'Object Repository/Page_Pages  junetest2bda/h3_Title' is: 'Pages'

2017-07-31 09:42:35 - [TEST_STEP][PASSED] - waitForElementPresent: Object 'Object Repository/Page_Pages  junetest2bda/Modal/div_ui-dialog ui-widget ui-wid_MyContentModal' is present

2017-07-31 09:42:38 - [MESSAGE][PASSED] - Object 'Object Repository/Page_Pages  junetest2bda/Modal/div_ui-dialog ui-widget ui-wid_MyContentModal' is present

2017-07-31 09:42:38 - [TEST_STEP][PASSED] - setText: Text 'Pages Add Review' is set on object 'Object Repository/Page_Pages  junetest2bda/Modal/input_title0value_Title'

2017-07-31 09:42:39 - [MESSAGE][PASSED] - Text 'Pages Add Review' is set on object 'Object Repository/Page_Pages  junetest2bda/Modal/input_title0value_Title'

2017-07-31 09:42:39 - [TEST_STEP][PASSED] - Statement - Ctext = CustomKeywords.random.Rand_CkEd_Text.rand_text(CKText): random.Rand_CkEd_Text.rand_text is PASSED

2017-07-31 09:42:39 - [MESSAGE][PASSED] - random.Rand_CkEd_Text.rand_text is PASSED

2017-07-31 09:42:39 - [TEST_STEP][PASSED] - switchToFrame: Switched to iframe: 'Object Repository/Page_Pages  junetest2bda/Modal/iframe_cke_wysiwyg_frame cke_r (2)'

2017-07-31 09:42:39 - [TEST_STEP][PASSED] - setText: Text 'Lorem ipsum dolor sit amet, consectet' is set on object 'Object Repository/Page_Pages  junetest2bda/Modal/p'

2017-07-31 09:42:39 - [MESSAGE][PASSED] - Text 'Lorem ipsum dolor sit amet, consectet' is set on object 'Object Repository/Page_Pages  junetest2bda/Modal/p'

2017-07-31 09:42:39 - [TEST_STEP][PASSED] - switchToDefaultContent: Switching to default content

2017-07-31 09:42:39 - [TEST_STEP][PASSED] - verifyElementClickable: Object 'Object Repository/Page_Pages  junetest2bda/Modal/button_SendtoReview' is clickable

2017-07-31 09:42:39 - [MESSAGE][PASSED] - Object 'Object Repository/Page_Pages  junetest2bda/Modal/button_SendtoReview' is clickable

2017-07-31 09:42:39 - [TEST_STEP][PASSED] - click: Object: 'Object Repository/Page_Pages  junetest2bda/Modal/button_SendtoReview' is clicked on

2017-07-31 09:43:16 - [MESSAGE][PASSED] - Object: 'Object Repository/Page_Pages  junetest2bda/Modal/button_SendtoReview' is clicked on

2017-07-31 09:43:16 - [TEST_STEP][PASSED] - waitForPageLoad: Wait for page load successfully

2017-07-31 09:43:17 - [MESSAGE][PASSED] - Wait for page load successfully

2017-07-31 09:43:17 - [TEST_STEP][PASSED] - switchToFrame: Switched to iframe: 'Object Repository/Page_Preview  junetest2bda/iframe_website-preview'

2017-07-31 09:43:17 - [TEST_STEP][PASSED] - Statement - CapTitle = CustomKeywords.random.Capitals.makeCap(Title + AddDraftTitle[4]): random.Capitals.makeCap is PASSED

2017-07-31 09:43:17 - [MESSAGE][PASSED] - random.Capitals.makeCap is PASSED

2017-07-31 09:43:17 - [TEST_STEP][PASSED] - verifyTextPresent: Text 'PAGES ADD REVIEW' is present on page  using regular expression

2017-07-31 09:43:17 - [MESSAGE][PASSED] - Text 'PAGES ADD REVIEW' is present on page  using regular expression

2017-07-31 09:43:17 - [TEST_STEP][PASSED] - verifyTextPresent: Text 'Lorem ipsum dolor sit amet, consectet' is present on page  using regular expression

2017-07-31 09:43:17 - [MESSAGE][PASSED] - Text 'Lorem ipsum dolor sit amet, consectet' is present on page  using regular expression

2017-07-31 09:43:17 - [TEST_STEP][PASSED] - switchToDefaultContent: Switching to default content

2017-07-31 09:43:17 - [TEST_STEP][NOT_RUN] - click: NOT_RUN: click

2017-07-31 09:43:17 - [MESSAGE][NOT_RUN] - NOT_RUN: click

2017-07-31 09:43:17 - [TEST_STEP][NOT_RUN] - verifyTextPresent: NOT_RUN: verifyTextPresent

2017-07-31 09:43:17 - [MESSAGE][NOT_RUN] - NOT_RUN: verifyTextPresent

2017-07-31 09:43:17 - [MESSAGE][PASSED] - Call Test Case 'Test Cases/My Content/Pages/Modal/Verify_Send_to_review/Send_to_review_Add' successfully

2017-07-31 09:43:17 - [TEST_STEP][PASSED] - click: Object: 'Object Repository/Page_User dashboard  junetest2bda/a_MyContent' is clicked on

2017-07-31 09:43:19 - [MESSAGE][PASSED] - Object: 'Object Repository/Page_User dashboard  junetest2bda/a_MyContent' is clicked on

2017-07-31 09:43:19 - [TEST_STEP][PASSED] - click: Object: 'Object Repository/Page_Pages  junetest2bda/a_Edit' is clicked on

2017-07-31 09:43:19 - [MESSAGE][PASSED] - Object: 'Object Repository/Page_Pages  junetest2bda/a_Edit' is clicked on

2017-07-31 09:43:19 - [TEST_STEP][PASSED] - Statement - Title = com.kms.katalon.core.webui.keyword.WebUiBuiltInKeywords.getText(com.kms.katalon.core.testobject.ObjectRepository.findTestObject(Page_Pages  junetest2bda/h3_Title)): Text of object 'Object Repository/Page_Pages  junetest2bda/h3_Title' is: 'Pages'

2017-07-31 09:43:20 - [MESSAGE][PASSED] - Text of object 'Object Repository/Page_Pages  junetest2bda/h3_Title' is: 'Pages'

2017-07-31 09:43:20 - [TEST_STEP][PASSED] - waitForElementPresent: Object 'Object Repository/Page_Pages  junetest2bda/Modal/div_ui-dialog ui-widget ui-wid_MyContentModal' is present

2017-07-31 09:43:22 - [MESSAGE][PASSED] - Object 'Object Repository/Page_Pages  junetest2bda/Modal/div_ui-dialog ui-widget ui-wid_MyContentModal' is present

2017-07-31 09:43:22 - [TEST_STEP][PASSED] - setText: Text 'Pages Add Edit Review' is set on object 'Object Repository/Page_Pages  junetest2bda/Modal/input_title0value_Title'

2017-07-31 09:43:22 - [MESSAGE][PASSED] - Text 'Pages Add Edit Review' is set on object 'Object Repository/Page_Pages  junetest2bda/Modal/input_title0value_Title'

2017-07-31 09:43:22 - [TEST_STEP][PASSED] - Statement - Ctext = CustomKeywords.random.Rand_CkEd_Text.rand_text(CKText): random.Rand_CkEd_Text.rand_text is PASSED

2017-07-31 09:43:22 - [MESSAGE][PASSED] - random.Rand_CkEd_Text.rand_text is PASSED

2017-07-31 09:43:22 - [TEST_STEP][PASSED] - switchToFrame: Switched to iframe: 'Object Repository/Page_Pages  junetest2bda/Modal/iframe_cke_wysiwyg_frame cke_r (2)'

2017-07-31 09:43:23 - [TEST_STEP][PASSED] - setText: Text 'Lorem ipsum dolor sit amet, consectetur adipiscing elit. Integer mi ex, consectetur ac cursus nec, egestas id enim. Ut venenatis lacus diam, eget pretium quam dictum vitae. Nunc pretium ipsum eget est tincidunt rutrum. Donec egestas in enim id viverra. Sed ut euismod turpis. Etiam quis pulvinar turpis. Maecenas gravida id dolor at commodo. Pellentesque ut semper nibh. Pellentesque auctor finibus ex, ac mattis augue bibendum vel. Mauris nec viverra orci. Quisque lobortis dolor et rutrum finibus. Duis auctor sed nisl aliquam temp' is set on object 'Object Repository/Page_Pages  junetest2bda/Modal/p'

2017-07-31 09:43:25 - [MESSAGE][PASSED] - Text 'Lorem ipsum dolor sit amet, consectetur adipiscing elit. Integer mi ex, consectetur ac cursus nec, egestas id enim. Ut venenatis lacus diam, eget pretium quam dictum vitae. Nunc pretium ipsum eget est tincidunt rutrum. Donec egestas in enim id viverra. Sed ut euismod turpis. Etiam quis pulvinar turpis. Maecenas gravida id dolor at commodo. Pellentesque ut semper nibh. Pellentesque auctor finibus ex, ac mattis augue bibendum vel. Mauris nec viverra orci. Quisque lobortis dolor et rutrum finibus. Duis auctor sed nisl aliquam temp' is set on object 'Object Repository/Page_Pages  junetest2bda/Modal/p'

2017-07-31 09:43:25 - [TEST_STEP][PASSED] - switchToDefaultContent: Switching to default content

2017-07-31 09:43:25 - [TEST_STEP][PASSED] - verifyElementClickable: Object 'Object Repository/Page_Pages  junetest2bda/Modal/button_SendtoReview' is clickable

2017-07-31 09:43:25 - [MESSAGE][PASSED] - Object 'Object Repository/Page_Pages  junetest2bda/Modal/button_SendtoReview' is clickable

2017-07-31 09:43:25 - [TEST_STEP][PASSED] - click: Object: 'Object Repository/Page_Pages  junetest2bda/Modal/button_SendtoReview' is clicked on

2017-07-31 09:43:41 - [MESSAGE][PASSED] - Object: 'Object Repository/Page_Pages  junetest2bda/Modal/button_SendtoReview' is clicked on

2017-07-31 09:43:41 - [TEST_STEP][PASSED] - click: Object: 'Object Repository/Page_Pages  junetest2bda/a_Test Draft Pages only' is clicked on

2017-07-31 09:43:45 - [MESSAGE][PASSED] - Object: 'Object Repository/Page_Pages  junetest2bda/a_Test Draft Pages only' is clicked on

2017-07-31 09:43:45 - [TEST_STEP][PASSED] - waitForPageLoad: Wait for page load successfully

2017-07-31 09:43:45 - [MESSAGE][PASSED] - Wait for page load successfully

2017-07-31 09:43:45 - [TEST_STEP][PASSED] - switchToFrame: Switched to iframe: 'Object Repository/Page_Preview  junetest2bda/iframe_website-preview'

2017-07-31 09:43:45 - [TEST_STEP][PASSED] - Statement - CapTitle = CustomKeywords.random.Capitals.makeCap(Title + AddDraftTitle[5]): random.Capitals.makeCap is PASSED

2017-07-31 09:43:45 - [MESSAGE][PASSED] - random.Capitals.makeCap is PASSED

2017-07-31 09:43:45 - [TEST_STEP][PASSED] - verifyTextPresent: Text 'PAGES ADD EDIT REVIEW' is present on page  using regular expression

2017-07-31 09:43:45 - [MESSAGE][PASSED] - Text 'PAGES ADD EDIT REVIEW' is present on page  using regular expression

2017-07-31 09:43:45 - [TEST_STEP][PASSED] - verifyTextPresent: Text 'Lorem ipsum dolor sit amet, consectetur adipiscing elit. Integer mi ex, consectetur ac cursus nec, egestas id enim. Ut venenatis lacus diam, eget pretium quam dictum vitae. Nunc pretium ipsum eget est tincidunt rutrum. Donec egestas in enim id viverra. Sed ut euismod turpis. Etiam quis pulvinar turpis. Maecenas gravida id dolor at commodo. Pellentesque ut semper nibh. Pellentesque auctor finibus ex, ac mattis augue bibendum vel. Mauris nec viverra orci. Quisque lobortis dolor et rutrum finibus. Duis auctor sed nisl aliquam temp' is present on page  using regular expression

2017-07-31 09:43:45 - [MESSAGE][PASSED] - Text 'Lorem ipsum dolor sit amet, consectetur adipiscing elit. Integer mi ex, consectetur ac cursus nec, egestas id enim. Ut venenatis lacus diam, eget pretium quam dictum vitae. Nunc pretium ipsum eget est tincidunt rutrum. Donec egestas in enim id viverra. Sed ut euismod turpis. Etiam quis pulvinar turpis. Maecenas gravida id dolor at commodo. Pellentesque ut semper nibh. Pellentesque auctor finibus ex, ac mattis augue bibendum vel. Mauris nec viverra orci. Quisque lobortis dolor et rutrum finibus. Duis auctor sed nisl aliquam temp' is present on page  using regular expression

2017-07-31 09:43:45 - [TEST_STEP][PASSED] - switchToDefaultContent: Switching to default content

2017-07-31 09:43:45 - [TEST_STEP][NOT_RUN] - click: NOT_RUN: click

2017-07-31 09:43:45 - [MESSAGE][NOT_RUN] - NOT_RUN: click

2017-07-31 09:43:45 - [TEST_STEP][NOT_RUN] - verifyTextPresent: NOT_RUN: verifyTextPresent

2017-07-31 09:43:45 - [MESSAGE][NOT_RUN] - NOT_RUN: verifyTextPresent]]></system-out>
         <system-err><![CDATA[]]></system-err>
      </testcase>
      <testcase name="Test Cases/My Content/Pages/Modal/Verify_Send_to_review/Send_to_review_Add_Delete" classname="Test Cases/My Content/Pages/Modal/Verify_Send_to_review/Send_to_review_Add_Delete" status="PASSED">
         <system-out><![CDATA[2017-07-31 09:43:46 - [TEST_CASE][PASSED] - Test Cases/My Content/Pages/Modal/Verify_Send_to_review/Send_to_review_Add_Delete: Test Cases/My Content/Pages/Modal/Verify_Send_to_review/Send_to_review_Add_Delete

2017-07-31 09:43:46 - [TEST_STEP][PASSED] - click: Object: 'Object Repository/Page_User dashboard  junetest2bda/a_MyContent' is clicked on

2017-07-31 09:43:48 - [MESSAGE][PASSED] - Object: 'Object Repository/Page_User dashboard  junetest2bda/a_MyContent' is clicked on

2017-07-31 09:43:48 - [TEST_STEP][PASSED] - click: Object: 'Object Repository/Page_Pages  junetest2bda/a_Add New' is clicked on

2017-07-31 09:43:48 - [MESSAGE][PASSED] - Object: 'Object Repository/Page_Pages  junetest2bda/a_Add New' is clicked on

2017-07-31 09:43:48 - [TEST_STEP][PASSED] - Statement - Title = com.kms.katalon.core.webui.keyword.WebUiBuiltInKeywords.getText(com.kms.katalon.core.testobject.ObjectRepository.findTestObject(Page_Pages  junetest2bda/h3_Title)): Text of object 'Object Repository/Page_Pages  junetest2bda/h3_Title' is: 'Pages'

2017-07-31 09:43:48 - [MESSAGE][PASSED] - Text of object 'Object Repository/Page_Pages  junetest2bda/h3_Title' is: 'Pages'

2017-07-31 09:43:48 - [TEST_STEP][PASSED] - waitForElementPresent: Object 'Object Repository/Page_Pages  junetest2bda/Modal/div_ui-dialog ui-widget ui-wid_MyContentModal' is present

2017-07-31 09:43:50 - [MESSAGE][PASSED] - Object 'Object Repository/Page_Pages  junetest2bda/Modal/div_ui-dialog ui-widget ui-wid_MyContentModal' is present

2017-07-31 09:43:50 - [TEST_STEP][PASSED] - setText: Text 'Pages Add Edit Delete Review' is set on object 'Object Repository/Page_Pages  junetest2bda/Modal/input_title0value_Title'

2017-07-31 09:43:51 - [MESSAGE][PASSED] - Text 'Pages Add Edit Delete Review' is set on object 'Object Repository/Page_Pages  junetest2bda/Modal/input_title0value_Title'

2017-07-31 09:43:51 - [TEST_STEP][PASSED] - verifyElementClickable: Object 'Object Repository/Page_Pages  junetest2bda/Modal/button_SendtoReview' is clickable

2017-07-31 09:43:51 - [MESSAGE][PASSED] - Object 'Object Repository/Page_Pages  junetest2bda/Modal/button_SendtoReview' is clickable

2017-07-31 09:43:51 - [TEST_STEP][PASSED] - click: Object: 'Object Repository/Page_Pages  junetest2bda/Modal/button_SendtoReview' is clicked on

2017-07-31 09:43:55 - [MESSAGE][PASSED] - Object: 'Object Repository/Page_Pages  junetest2bda/Modal/button_SendtoReview' is clicked on

2017-07-31 09:43:55 - [TEST_STEP][PASSED] - waitForPageLoad: Wait for page load successfully

2017-07-31 09:43:56 - [MESSAGE][PASSED] - Wait for page load successfully

2017-07-31 09:43:56 - [TEST_STEP][NOT_RUN] - click: NOT_RUN: click

2017-07-31 09:43:56 - [MESSAGE][NOT_RUN] - NOT_RUN: click

2017-07-31 09:43:56 - [TEST_STEP][NOT_RUN] - verifyTextPresent: NOT_RUN: verifyTextPresent

2017-07-31 09:43:56 - [MESSAGE][NOT_RUN] - NOT_RUN: verifyTextPresent

2017-07-31 09:43:56 - [TEST_STEP][PASSED] - click: Object: 'Object Repository/Page_User dashboard  junetest2bda/a_MyContent' is clicked on

2017-07-31 09:43:56 - [MESSAGE][PASSED] - Object: 'Object Repository/Page_User dashboard  junetest2bda/a_MyContent' is clicked on

2017-07-31 09:43:56 - [TEST_STEP][PASSED] - click: Object: 'Object Repository/Page_Pages  junetest2bda/a_Delete' is clicked on

2017-07-31 09:43:57 - [MESSAGE][PASSED] - Object: 'Object Repository/Page_Pages  junetest2bda/a_Delete' is clicked on

2017-07-31 09:43:57 - [TEST_STEP][PASSED] - click: Object: 'Object Repository/Page_User dashboard  junetest2bda/Delete Modal/button_Delete' is clicked on

2017-07-31 09:43:57 - [MESSAGE][PASSED] - Object: 'Object Repository/Page_User dashboard  junetest2bda/Delete Modal/button_Delete' is clicked on

2017-07-31 09:43:57 - [TEST_STEP][PASSED] - waitForElementNotPresent: Web element with id: 'Object Repository/Page_User dashboard  junetest2bda/Delete Modal/div_ui-dialog ui-widget ui-wid' located by 'By.xpath: //div[count(. | /html[@class="touchevents details js wf-lato-n4-active wf-active"]/body[@class="layout-no-sidebars has-featured-top user-logged-in path-dashboard off-canvas-wrap"]/div[@class="ui-dialog ui-widget ui-widget-content ui-corner-all ui-front ui-dialog-buttons"]) = count(/html[@class="touchevents details js wf-lato-n4-active wf-active"]/body[@class="layout-no-sidebars has-featured-top user-logged-in path-dashboard off-canvas-wrap"]/div[@class="ui-dialog ui-widget ui-widget-content ui-corner-all ui-front ui-dialog-buttons"])]' is not present after '2' second(s)

2017-07-31 09:43:57 - [MESSAGE][PASSED] - Web element with id: 'Object Repository/Page_User dashboard  junetest2bda/Delete Modal/div_ui-dialog ui-widget ui-wid' located by 'By.xpath: //div[count(. | /html[@class="touchevents details js wf-lato-n4-active wf-active"]/body[@class="layout-no-sidebars has-featured-top user-logged-in path-dashboard off-canvas-wrap"]/div[@class="ui-dialog ui-widget ui-widget-content ui-corner-all ui-front ui-dialog-buttons"]) = count(/html[@class="touchevents details js wf-lato-n4-active wf-active"]/body[@class="layout-no-sidebars has-featured-top user-logged-in path-dashboard off-canvas-wrap"]/div[@class="ui-dialog ui-widget ui-widget-content ui-corner-all ui-front ui-dialog-buttons"])]' is not present after '2' second(s)

2017-07-31 09:43:57 - [TEST_STEP][PASSED] - verifyElementNotPresent: Web element with id: 'Object Repository/Page_User dashboard  junetest2bda/Delete Modal/div_ui-dialog ui-widget ui-wid' located by 'By.xpath: //div[count(. | /html[@class="touchevents details js wf-lato-n4-active wf-active"]/body[@class="layout-no-sidebars has-featured-top user-logged-in path-dashboard off-canvas-wrap"]/div[@class="ui-dialog ui-widget ui-widget-content ui-corner-all ui-front ui-dialog-buttons"]) = count(/html[@class="touchevents details js wf-lato-n4-active wf-active"]/body[@class="layout-no-sidebars has-featured-top user-logged-in path-dashboard off-canvas-wrap"]/div[@class="ui-dialog ui-widget ui-widget-content ui-corner-all ui-front ui-dialog-buttons"])]' is not present after '2' second(s)

2017-07-31 09:43:58 - [MESSAGE][PASSED] - Web element with id: 'Object Repository/Page_User dashboard  junetest2bda/Delete Modal/div_ui-dialog ui-widget ui-wid' located by 'By.xpath: //div[count(. | /html[@class="touchevents details js wf-lato-n4-active wf-active"]/body[@class="layout-no-sidebars has-featured-top user-logged-in path-dashboard off-canvas-wrap"]/div[@class="ui-dialog ui-widget ui-widget-content ui-corner-all ui-front ui-dialog-buttons"]) = count(/html[@class="touchevents details js wf-lato-n4-active wf-active"]/body[@class="layout-no-sidebars has-featured-top user-logged-in path-dashboard off-canvas-wrap"]/div[@class="ui-dialog ui-widget ui-widget-content ui-corner-all ui-front ui-dialog-buttons"])]' is not present after '2' second(s)

2017-07-31 09:43:58 - [TEST_STEP][NOT_RUN] - click: NOT_RUN: click

2017-07-31 09:43:58 - [MESSAGE][NOT_RUN] - NOT_RUN: click

2017-07-31 09:43:58 - [TEST_STEP][NOT_RUN] - verifyTextNotPresent: NOT_RUN: verifyTextNotPresent

2017-07-31 09:43:58 - [MESSAGE][NOT_RUN] - NOT_RUN: verifyTextNotPresent]]></system-out>
         <system-err><![CDATA[]]></system-err>
      </testcase>
      <testcase name="Test Cases/My Content/Pages/Modal/Verify_Send_to_review/Send_to_review_edit_draft" classname="Test Cases/My Content/Pages/Modal/Verify_Send_to_review/Send_to_review_edit_draft" status="FAILED">
         <failure type="FAILED" message=""/>
         <system-out><![CDATA[2017-07-31 09:43:58 - [TEST_CASE][FAILED] - Test Cases/My Content/Pages/Modal/Verify_Send_to_review/Send_to_review_edit_draft: Test Cases/My Content/Pages/Modal/Verify_Send_to_review/Send_to_review_edit_draft FAILED because (of) Unable to click on object 'Object Repository/Page_Pages  junetest2bda/a_Add New' (Root cause: com.kms.katalon.core.webui.exception.WebElementNotFoundException: Web element with id: 'Object Repository/Page_Pages  junetest2bda/a_Add New' located by 'By.xpath: //a[count(. | id("block-primaryadminactions")/nav[@class="action-links"]/li[1]/a[@class="use-ajax button--actions"]) = count(id("block-primaryadminactions")/nav[@class="action-links"]/li[1]/a[@class="use-ajax button--actions"])]' not found)

2017-07-31 09:43:58 - [TEST_STEP][FAILED] - callTestCase: Unable to call Test Case with id 'Test Cases/My Content/Pages/Modal/Verify_Send_to_review/Send_to_review_Add' (Root cause: Call Test Case 'Test Cases/My Content/Pages/Modal/Verify_Send_to_review/Send_to_review_Add' failed)

2017-07-31 09:43:58 - [TEST_CASE][FAILED] - Test Cases/My Content/Pages/Modal/Verify_Send_to_review/Send_to_review_Add: Test Cases/My Content/Pages/Modal/Verify_Send_to_review/Send_to_review_Add FAILED because (of) Unable to click on object 'Object Repository/Page_Pages  junetest2bda/a_Add New' (Root cause: com.kms.katalon.core.webui.exception.WebElementNotFoundException: Web element with id: 'Object Repository/Page_Pages  junetest2bda/a_Add New' located by 'By.xpath: //a[count(. | id("block-primaryadminactions")/nav[@class="action-links"]/li[1]/a[@class="use-ajax button--actions"]) = count(id("block-primaryadminactions")/nav[@class="action-links"]/li[1]/a[@class="use-ajax button--actions"])]' not found)

2017-07-31 09:43:58 - [TEST_STEP][PASSED] - click: Object: 'Object Repository/Page_User dashboard  junetest2bda/a_MyContent' is clicked on

2017-07-31 09:44:32 - [MESSAGE][PASSED] - Object: 'Object Repository/Page_User dashboard  junetest2bda/a_MyContent' is clicked on

2017-07-31 09:44:32 - [TEST_STEP][FAILED] - click: Unable to click on object 'Object Repository/Page_Pages  junetest2bda/a_Add New' (Root cause: com.kms.katalon.core.webui.exception.WebElementNotFoundException: Web element with id: 'Object Repository/Page_Pages  junetest2bda/a_Add New' located by 'By.xpath: //a[count(. | id("block-primaryadminactions")/nav[@class="action-links"]/li[1]/a[@class="use-ajax button--actions"]) = count(id("block-primaryadminactions")/nav[@class="action-links"]/li[1]/a[@class="use-ajax button--actions"])]' not found)

2017-07-31 09:45:04 - [MESSAGE][FAILED] - Unable to click on object 'Object Repository/Page_Pages  junetest2bda/a_Add New' (Root cause: com.kms.katalon.core.webui.exception.WebElementNotFoundException: Web element with id: 'Object Repository/Page_Pages  junetest2bda/a_Add New' located by 'By.xpath: //a[count(. | id("block-primaryadminactions")/nav[@class="action-links"]/li[1]/a[@class="use-ajax button--actions"]) = count(id("block-primaryadminactions")/nav[@class="action-links"]/li[1]/a[@class="use-ajax button--actions"])]' not found)
[[ATTACHMENT|C:\\Users\\Cindy\\Katalon Studio\\MyContent\\Reports\\My_Content\\Pages\\20170731_093702\\1501519504107.png]]

2017-07-31 09:45:04 - [MESSAGE][FAILED] - Unable to call Test Case with id 'Test Cases/My Content/Pages/Modal/Verify_Send_to_review/Send_to_review_Add' (Root cause: Call Test Case 'Test Cases/My Content/Pages/Modal/Verify_Send_to_review/Send_to_review_Add' failed)]]></system-out>
         <system-err><![CDATA[2017-07-31 09:43:58 - [TEST_CASE][FAILED] - Test Cases/My Content/Pages/Modal/Verify_Send_to_review/Send_to_review_edit_draft: Test Cases/My Content/Pages/Modal/Verify_Send_to_review/Send_to_review_edit_draft FAILED because (of) Unable to click on object 'Object Repository/Page_Pages  junetest2bda/a_Add New' (Root cause: com.kms.katalon.core.webui.exception.WebElementNotFoundException: Web element with id: 'Object Repository/Page_Pages  junetest2bda/a_Add New' located by 'By.xpath: //a[count(. | id("block-primaryadminactions")/nav[@class="action-links"]/li[1]/a[@class="use-ajax button--actions"]) = count(id("block-primaryadminactions")/nav[@class="action-links"]/li[1]/a[@class="use-ajax button--actions"])]' not found)]]></system-err>
      </testcase>
      <system-out><![CDATA[2017-07-31 09:37:05 - [TEST_SUITE][FAILED] - Pages: Test Cases/My Content/Pages/Modal/Verify_Draft/Draft_Add_Delete FAILED because (of) Unable to verify text 'Pages Add Edit Delete Draft' is not present  using regular expression (Root cause: Text 'Pages Add Edit Delete Draft' is present on page  using regular expression)]]></system-out>
      <system-err><![CDATA[2017-07-31 09:37:05 - [TEST_SUITE][FAILED] - Pages: Test Cases/My Content/Pages/Modal/Verify_Draft/Draft_Add_Delete FAILED because (of) Unable to verify text 'Pages Add Edit Delete Draft' is not present  using regular expression (Root cause: Text 'Pages Add Edit Delete Draft' is present on page  using regular expression)]]></system-err>
   </testsuite>
</testsuites>
