{"deviceName":"","devicePlatform":"","logFolder":"C:\\Users\\Cindy\\Katalon Studio\\MyContent\\Reports\\Pages\\20170718_104328","runData":{"hostName":"Andy - Cindy-AW","os":"Windows 10 64bit","katalonVersion":"4.7.0.2","browser":"Chrome 59.0.3071.115","hostAddress":"192.168.1.211","sessionId":"25d8f24ff3616be4575be17fc1d815af","seleniumVersion":"2.53.0","proxyInformation":"ProxyInformation{proxyOption\u003dNO_PROXY, proxyServerType\u003dHTTP, password\u003d, proxyServerAddress\u003d, proxyServerPort\u003d0}","platform":"Windows 10"},"type":"TEST_SUITE","name":"Pages","id":"Test Suites/Pages","source":"","message":"Test Cases/My Content/Pages/Modal/Verify_Draft/Draft_Add FAILED because (of) Unable to click on object \u0027Object Repository/Page_User dashboard  junetest2bda/a_MyContent\u0027 (Root cause: com.kms.katalon.core.webui.exception.WebElementNotFoundException: Web element with id: \u0027Object Repository/Page_User dashboard  junetest2bda/a_MyContent\u0027 located by \u0027By.xpath: //a[count(. | //*[@id\u003d\"block-aw-dashboard-main-menu\"]/a[2]) \u003d count(//*[@id\u003d\"block-aw-dashboard-main-menu\"]/a[2])]\u0027 not found)","description":"","startTime":1500399813715,"endTime":1500399906374,"childRecords":[{"isOptional":false,"type":"TEST_CASE","name":"Test Cases/My Content/Global TestCases/Login Via Website","id":"Test Cases/My Content/Global TestCases/Login Via Website","source":"C:\\\\Users\\\\Cindy\\\\Katalon Studio\\\\MyContentTest Cases\\\\My Content\\\\Global TestCases\\\\Login Via Website.tc","message":"Test Cases/My Content/Global TestCases/Login Via Website","description":"Switch Between \\\"Login Via Website\\\" and \\\"Login Via Accounts\\\"","startTime":1500399815034,"endTime":1500399850613,"childRecords":[{"testStatus":{"stackTrace":"","statusValue":"INFO"},"type":"MESSAGE","name":"","message":"Evaluating variables for test case","startTime":1500399815674,"endTime":0,"childRecords":[],"interuppted":false},{"index":1,"isIgnoredIfFailed":false,"type":"TEST_STEP","name":"openBrowser","message":"Browser is opened with url: \u0027\u0027","description":"","startTime":1500399817019,"endTime":1500399831345,"childRecords":[{"testStatus":{"stackTrace":"","statusValue":"PASSED"},"type":"MESSAGE","name":"","message":"Browser is opened with url: \u0027\u0027","startTime":1500399831344,"endTime":0,"childRecords":[],"interuppted":false}],"interuppted":false},{"index":2,"isIgnoredIfFailed":false,"type":"TEST_STEP","name":"navigateToUrl","message":"Navigate to \u0027http://releasetestjuly20a.force1.awdev.ca/user\u0027 successfully","description":"","startTime":1500399831346,"endTime":1500399841514,"childRecords":[{"testStatus":{"stackTrace":"","statusValue":"PASSED"},"type":"MESSAGE","name":"","message":"Navigate to \u0027http://releasetestjuly20a.force1.awdev.ca/user\u0027 successfully","startTime":1500399841513,"endTime":0,"childRecords":[],"interuppted":false}],"interuppted":false},{"index":3,"isIgnoredIfFailed":false,"type":"TEST_STEP","name":"maximizeWindow","message":"Current window maximized","description":"","startTime":1500399841515,"endTime":1500399842895,"childRecords":[{"testStatus":{"stackTrace":"","statusValue":"PASSED"},"type":"MESSAGE","name":"","message":"Current window maximized","startTime":1500399842894,"endTime":0,"childRecords":[],"interuppted":false}],"interuppted":false},{"index":4,"isIgnoredIfFailed":false,"type":"TEST_STEP","name":"setText","message":"Text \u0027releasetestjuly20a\u0027 is set on object \u0027Object Repository/Page_Log in  AW Force/input_name_Username\u0027","description":"","startTime":1500399842895,"endTime":1500399845899,"childRecords":[{"testStatus":{"stackTrace":"","statusValue":"PASSED"},"type":"MESSAGE","name":"","message":"Text \u0027releasetestjuly20a\u0027 is set on object \u0027Object Repository/Page_Log in  AW Force/input_name_Username\u0027","startTime":1500399845899,"endTime":0,"childRecords":[],"interuppted":false}],"interuppted":false},{"index":5,"isIgnoredIfFailed":false,"type":"TEST_STEP","name":"setText","message":"Text \u0027welcome\u0027 is set on object \u0027Object Repository/Page_Log in  AW Force/input_pass_Password\u0027","description":"","startTime":1500399845900,"endTime":1500399846407,"childRecords":[{"testStatus":{"stackTrace":"","statusValue":"PASSED"},"type":"MESSAGE","name":"","message":"Text \u0027welcome\u0027 is set on object \u0027Object Repository/Page_Log in  AW Force/input_pass_Password\u0027","startTime":1500399846407,"endTime":0,"childRecords":[],"interuppted":false}],"interuppted":false},{"index":6,"isIgnoredIfFailed":false,"type":"TEST_STEP","name":"click","message":"Object: \u0027Object Repository/Page_Log in  AW Force/input_op_Submit\u0027 is clicked on","description":"","startTime":1500399846408,"endTime":1500399850436,"childRecords":[{"testStatus":{"stackTrace":"","statusValue":"PASSED"},"type":"MESSAGE","name":"","message":"Object: \u0027Object Repository/Page_Log in  AW Force/input_op_Submit\u0027 is clicked on","startTime":1500399850435,"endTime":0,"childRecords":[],"interuppted":false}],"interuppted":false},{"index":7,"isIgnoredIfFailed":false,"type":"TEST_STEP","name":"waitForPageLoad","message":"Wait for page load successfully","description":"","startTime":1500399850436,"endTime":1500399850612,"childRecords":[{"testStatus":{"stackTrace":"","statusValue":"PASSED"},"type":"MESSAGE","name":"","message":"Wait for page load successfully","startTime":1500399850611,"endTime":0,"childRecords":[],"interuppted":false}],"interuppted":false},{"testStatus":{"stackTrace":"","statusValue":"PASSED"},"type":"MESSAGE","name":"","message":"Test Cases/My Content/Global TestCases/Login Via Website","startTime":1500399850612,"endTime":0,"childRecords":[],"interuppted":false}],"interuppted":false},{"isOptional":false,"type":"TEST_CASE","name":"Test Cases/My Content/Pages/Modal/Verify_Draft/Draft_Add","id":"Test Cases/My Content/Pages/Modal/Verify_Draft/Draft_Add","source":"C:\\\\Users\\\\Cindy\\\\Katalon Studio\\\\MyContentTest Cases\\\\My Content\\\\Pages\\\\Modal\\\\Verify_Draft\\\\Draft_Add.tc","message":"Test Cases/My Content/Pages/Modal/Verify_Draft/Draft_Add FAILED because (of) Unable to click on object \u0027Object Repository/Page_User dashboard  junetest2bda/a_MyContent\u0027 (Root cause: com.kms.katalon.core.webui.exception.WebElementNotFoundException: Web element with id: \u0027Object Repository/Page_User dashboard  junetest2bda/a_MyContent\u0027 located by \u0027By.xpath: //a[count(. | //*[@id\u003d\"block-aw-dashboard-main-menu\"]/a[2]) \u003d count(//*[@id\u003d\"block-aw-dashboard-main-menu\"]/a[2])]\u0027 not found)","description":"","startTime":1500399850669,"endTime":1500399883144,"childRecords":[{"testStatus":{"stackTrace":"","statusValue":"INFO"},"type":"MESSAGE","name":"","message":"Evaluating variables for test case","startTime":1500399850706,"endTime":0,"childRecords":[],"interuppted":false},{"testStatus":{"stackTrace":"","statusValue":"INFO"},"type":"MESSAGE","name":"","message":"Variable \u0027Title\u0027 is set to Test Draft 1 as default","startTime":1500399850872,"endTime":0,"childRecords":[],"interuppted":false},{"testStatus":{"stackTrace":"","statusValue":"INFO"},"type":"MESSAGE","name":"","message":"Variable \u0027Text\u0027 is set to This is a Draft Test as default","startTime":1500399850892,"endTime":0,"childRecords":[],"interuppted":false},{"attachment":"1500399882657.png","index":1,"isIgnoredIfFailed":false,"type":"TEST_STEP","name":"click","message":"Unable to click on object \u0027Object Repository/Page_User dashboard  junetest2bda/a_MyContent\u0027 (Root cause: com.kms.katalon.core.webui.exception.WebElementNotFoundException: Web element with id: \u0027Object Repository/Page_User dashboard  junetest2bda/a_MyContent\u0027 located by \u0027By.xpath: //a[count(. | //*[@id\u003d\"block-aw-dashboard-main-menu\"]/a[2]) \u003d count(//*[@id\u003d\"block-aw-dashboard-main-menu\"]/a[2])]\u0027 not found)","description":"","startTime":1500399851395,"endTime":1500399883141,"childRecords":[{"testStatus":{"stackTrace":"","statusValue":"FAILED"},"attachment":"1500399882657.png","type":"MESSAGE","name":"","message":"Unable to click on object \u0027Object Repository/Page_User dashboard  junetest2bda/a_MyContent\u0027 (Root cause: com.kms.katalon.core.webui.exception.WebElementNotFoundException: Web element with id: \u0027Object Repository/Page_User dashboard  junetest2bda/a_MyContent\u0027 located by \u0027By.xpath: //a[count(. | //*[@id\u003d\"block-aw-dashboard-main-menu\"]/a[2]) \u003d count(//*[@id\u003d\"block-aw-dashboard-main-menu\"]/a[2])]\u0027 not found)","startTime":1500399883141,"endTime":0,"childRecords":[],"interuppted":false}],"interuppted":false},{"testStatus":{"stackTrace":"","statusValue":"FAILED"},"type":"MESSAGE","name":"","message":"Test Cases/My Content/Pages/Modal/Verify_Draft/Draft_Add FAILED because (of) Unable to click on object \u0027Object Repository/Page_User dashboard  junetest2bda/a_MyContent\u0027 (Root cause: com.kms.katalon.core.webui.exception.WebElementNotFoundException: Web element with id: \u0027Object Repository/Page_User dashboard  junetest2bda/a_MyContent\u0027 located by \u0027By.xpath: //a[count(. | //*[@id\u003d\"block-aw-dashboard-main-menu\"]/a[2]) \u003d count(//*[@id\u003d\"block-aw-dashboard-main-menu\"]/a[2])]\u0027 not found)","startTime":1500399883142,"endTime":0,"childRecords":[],"interuppted":false}],"interuppted":false},{"isOptional":false,"type":"TEST_CASE","name":"Test Cases/My Content/Pages/Modal/Verify_Draft/Draft_Edit1","id":"Test Cases/My Content/Pages/Modal/Verify_Draft/Draft_Edit1","source":"C:\\\\Users\\\\Cindy\\\\Katalon Studio\\\\MyContentTest Cases\\\\My Content\\\\Pages\\\\Modal\\\\Verify_Draft\\\\Draft_Edit1.tc","message":"Test Cases/My Content/Pages/Modal/Verify_Draft/Draft_Edit1 FAILED because (of) Unable to click on object \u0027Object Repository/Page_User dashboard  junetest2bda/a_MyContent\u0027 (Root cause: java.lang.NullPointerException)","description":"","startTime":1500399883306,"endTime":1500399901191,"childRecords":[{"testStatus":{"stackTrace":"","statusValue":"INFO"},"type":"MESSAGE","name":"","message":"Evaluating variables for test case","startTime":1500399883396,"endTime":0,"childRecords":[],"interuppted":false},{"testStatus":{"stackTrace":"","statusValue":"INFO"},"type":"MESSAGE","name":"","message":"Variable \u0027Title_Add\u0027 is set to Test Draft 1 as default","startTime":1500399883414,"endTime":0,"childRecords":[],"interuppted":false},{"testStatus":{"stackTrace":"","statusValue":"INFO"},"type":"MESSAGE","name":"","message":"Variable \u0027Text_Add\u0027 is set to This is a Draft Test as default","startTime":1500399883445,"endTime":0,"childRecords":[],"interuppted":false},{"testStatus":{"stackTrace":"","statusValue":"INFO"},"type":"MESSAGE","name":"","message":"Variable \u0027Title_Edit\u0027 is set to Test Draft Edit 1 as default","startTime":1500399883457,"endTime":0,"childRecords":[],"interuppted":false},{"testStatus":{"stackTrace":"","statusValue":"INFO"},"type":"MESSAGE","name":"","message":"Variable \u0027Text_Edit\u0027 is set to This is a Draft Edit Test as default","startTime":1500399883472,"endTime":0,"childRecords":[],"interuppted":false},{"index":1,"isIgnoredIfFailed":false,"type":"TEST_STEP","name":"click","message":"Unable to click on object \u0027Object Repository/Page_User dashboard  junetest2bda/a_MyContent\u0027 (Root cause: java.lang.NullPointerException)","description":"","startTime":1500399883982,"endTime":1500399901190,"childRecords":[{"testStatus":{"stackTrace":"","statusValue":"WARNING"},"type":"MESSAGE","name":"","message":"Cannot take screenshot","startTime":1500399901189,"endTime":0,"childRecords":[],"interuppted":false},{"testStatus":{"stackTrace":"","statusValue":"FAILED"},"type":"MESSAGE","name":"","message":"Unable to click on object \u0027Object Repository/Page_User dashboard  junetest2bda/a_MyContent\u0027 (Root cause: java.lang.NullPointerException)","startTime":1500399901189,"endTime":0,"childRecords":[],"interuppted":false}],"interuppted":false},{"testStatus":{"stackTrace":"","statusValue":"FAILED"},"type":"MESSAGE","name":"","message":"Test Cases/My Content/Pages/Modal/Verify_Draft/Draft_Edit1 FAILED because (of) Unable to click on object \u0027Object Repository/Page_User dashboard  junetest2bda/a_MyContent\u0027 (Root cause: java.lang.NullPointerException)","startTime":1500399901190,"endTime":0,"childRecords":[],"interuppted":false}],"interuppted":false},{"isOptional":false,"type":"TEST_CASE","name":"Test Cases/My Content/Pages/Modal/Verify_Draft/Draft_Add_Delete","id":"Test Cases/My Content/Pages/Modal/Verify_Draft/Draft_Add_Delete","source":"C:\\\\Users\\\\Cindy\\\\Katalon Studio\\\\MyContentTest Cases\\\\My Content\\\\Pages\\\\Modal\\\\Verify_Draft\\\\Draft_Add_Delete.tc","message":"Test Cases/My Content/Pages/Modal/Verify_Draft/Draft_Add_Delete FAILED because (of) Unable to click on object \u0027Object Repository/Page_User dashboard  junetest2bda/a_MyContent\u0027 (Root cause: org.openqa.selenium.NoSuchWindowException: no such window: target window already closed\nfrom unknown error: web view not found\n  (Session info: chrome\u003d59.0.3071.115)\n  (Driver info: chromedriver\u003d2.30.477700 (0057494ad8732195794a7b32078424f92a5fce41),platform\u003dWindows NT 10.0.15063 x86_64) (WARNING: The server did not provide any stacktrace information)\nCommand duration or timeout: 15 milliseconds\nBuild info: version: \u00272.53.0\u0027, revision: \u002735ae25b\u0027, time: \u00272016-03-15 17:00:58\u0027\nSystem info: host: \u0027Cindy-AW\u0027, ip: \u0027192.168.1.211\u0027, os.name: \u0027Windows 10\u0027, os.arch: \u0027amd64\u0027, os.version: \u002710.0\u0027, java.version: \u00271.8.0_102\u0027\nDriver info: com.kms.katalon.selenium.driver.CChromeDriver\nCapabilities [{applicationCacheEnabled\u003dfalse, rotatable\u003dfalse, mobileEmulationEnabled\u003dfalse, networkConnectionEnabled\u003dfalse, chrome\u003d{chromedriverVersion\u003d2.30.477700 (0057494ad8732195794a7b32078424f92a5fce41), userDataDir\u003dC:\\Users\\Cindy\\AppData\\Local\\Temp\\scoped_dir12000_20392}, takesHeapSnapshot\u003dtrue, pageLoadStrategy\u003dnormal, databaseEnabled\u003dfalse, handlesAlerts\u003dtrue, hasTouchScreen\u003dfalse, version\u003d59.0.3071.115, platform\u003dXP, browserConnectionEnabled\u003dfalse, nativeEvents\u003dtrue, acceptSslCerts\u003dtrue, locationContextEnabled\u003dtrue, webStorageEnabled\u003dtrue, browserName\u003dchrome, takesScreenshot\u003dtrue, javascriptEnabled\u003dtrue, cssSelectorsEnabled\u003dtrue, unexpectedAlertBehaviour\u003d}]\nSession ID: 25d8f24ff3616be4575be17fc1d815af\n*** Element info: {Using\u003dxpath, value\u003d//a[count(. | //*[@id\u003d\"block-aw-dashboard-main-menu\"]/a[2]) \u003d count(//*[@id\u003d\"block-aw-dashboard-main-menu\"]/a[2])]})","description":"","startTime":1500399901254,"endTime":1500399901875,"childRecords":[{"testStatus":{"stackTrace":"","statusValue":"INFO"},"type":"MESSAGE","name":"","message":"Evaluating variables for test case","startTime":1500399901390,"endTime":0,"childRecords":[],"interuppted":false},{"testStatus":{"stackTrace":"","statusValue":"INFO"},"type":"MESSAGE","name":"","message":"Variable \u0027Title\u0027 is set to Test Draft Page Delete 1 as default","startTime":1500399901408,"endTime":0,"childRecords":[],"interuppted":false},{"testStatus":{"stackTrace":"","statusValue":"INFO"},"type":"MESSAGE","name":"","message":"Variable \u0027Text\u0027 is set to This is a Draft Test as default","startTime":1500399901419,"endTime":0,"childRecords":[],"interuppted":false},{"index":1,"isIgnoredIfFailed":false,"type":"TEST_STEP","name":"click","message":"Unable to click on object \u0027Object Repository/Page_User dashboard  junetest2bda/a_MyContent\u0027 (Root cause: org.openqa.selenium.NoSuchWindowException: no such window: target window already closed\nfrom unknown error: web view not found\n  (Session info: chrome\u003d59.0.3071.115)\n  (Driver info: chromedriver\u003d2.30.477700 (0057494ad8732195794a7b32078424f92a5fce41),platform\u003dWindows NT 10.0.15063 x86_64) (WARNING: The server did not provide any stacktrace information)\nCommand duration or timeout: 15 milliseconds\nBuild info: version: \u00272.53.0\u0027, revision: \u002735ae25b\u0027, time: \u00272016-03-15 17:00:58\u0027\nSystem info: host: \u0027Cindy-AW\u0027, ip: \u0027192.168.1.211\u0027, os.name: \u0027Windows 10\u0027, os.arch: \u0027amd64\u0027, os.version: \u002710.0\u0027, java.version: \u00271.8.0_102\u0027\nDriver info: com.kms.katalon.selenium.driver.CChromeDriver\nCapabilities [{applicationCacheEnabled\u003dfalse, rotatable\u003dfalse, mobileEmulationEnabled\u003dfalse, networkConnectionEnabled\u003dfalse, chrome\u003d{chromedriverVersion\u003d2.30.477700 (0057494ad8732195794a7b32078424f92a5fce41), userDataDir\u003dC:\\Users\\Cindy\\AppData\\Local\\Temp\\scoped_dir12000_20392}, takesHeapSnapshot\u003dtrue, pageLoadStrategy\u003dnormal, databaseEnabled\u003dfalse, handlesAlerts\u003dtrue, hasTouchScreen\u003dfalse, version\u003d59.0.3071.115, platform\u003dXP, browserConnectionEnabled\u003dfalse, nativeEvents\u003dtrue, acceptSslCerts\u003dtrue, locationContextEnabled\u003dtrue, webStorageEnabled\u003dtrue, browserName\u003dchrome, takesScreenshot\u003dtrue, javascriptEnabled\u003dtrue, cssSelectorsEnabled\u003dtrue, unexpectedAlertBehaviour\u003d}]\nSession ID: 25d8f24ff3616be4575be17fc1d815af\n*** Element info: {Using\u003dxpath, value\u003d//a[count(. | //*[@id\u003d\"block-aw-dashboard-main-menu\"]/a[2]) \u003d count(//*[@id\u003d\"block-aw-dashboard-main-menu\"]/a[2])]})","description":"","startTime":1500399901843,"endTime":1500399901874,"childRecords":[{"testStatus":{"stackTrace":"","statusValue":"WARNING"},"type":"MESSAGE","name":"","message":"Cannot take screenshot","startTime":1500399901873,"endTime":0,"childRecords":[],"interuppted":false},{"testStatus":{"stackTrace":"","statusValue":"FAILED"},"type":"MESSAGE","name":"","message":"Unable to click on object \u0027Object Repository/Page_User dashboard  junetest2bda/a_MyContent\u0027 (Root cause: org.openqa.selenium.NoSuchWindowException: no such window: target window already closed\nfrom unknown error: web view not found\n  (Session info: chrome\u003d59.0.3071.115)\n  (Driver info: chromedriver\u003d2.30.477700 (0057494ad8732195794a7b32078424f92a5fce41),platform\u003dWindows NT 10.0.15063 x86_64) (WARNING: The server did not provide any stacktrace information)\nCommand duration or timeout: 15 milliseconds\nBuild info: version: \u00272.53.0\u0027, revision: \u002735ae25b\u0027, time: \u00272016-03-15 17:00:58\u0027\nSystem info: host: \u0027Cindy-AW\u0027, ip: \u0027192.168.1.211\u0027, os.name: \u0027Windows 10\u0027, os.arch: \u0027amd64\u0027, os.version: \u002710.0\u0027, java.version: \u00271.8.0_102\u0027\nDriver info: com.kms.katalon.selenium.driver.CChromeDriver\nCapabilities [{applicationCacheEnabled\u003dfalse, rotatable\u003dfalse, mobileEmulationEnabled\u003dfalse, networkConnectionEnabled\u003dfalse, chrome\u003d{chromedriverVersion\u003d2.30.477700 (0057494ad8732195794a7b32078424f92a5fce41), userDataDir\u003dC:\\Users\\Cindy\\AppData\\Local\\Temp\\scoped_dir12000_20392}, takesHeapSnapshot\u003dtrue, pageLoadStrategy\u003dnormal, databaseEnabled\u003dfalse, handlesAlerts\u003dtrue, hasTouchScreen\u003dfalse, version\u003d59.0.3071.115, platform\u003dXP, browserConnectionEnabled\u003dfalse, nativeEvents\u003dtrue, acceptSslCerts\u003dtrue, locationContextEnabled\u003dtrue, webStorageEnabled\u003dtrue, browserName\u003dchrome, takesScreenshot\u003dtrue, javascriptEnabled\u003dtrue, cssSelectorsEnabled\u003dtrue, unexpectedAlertBehaviour\u003d}]\nSession ID: 25d8f24ff3616be4575be17fc1d815af\n*** Element info: {Using\u003dxpath, value\u003d//a[count(. | //*[@id\u003d\"block-aw-dashboard-main-menu\"]/a[2]) \u003d count(//*[@id\u003d\"block-aw-dashboard-main-menu\"]/a[2])]})","startTime":1500399901873,"endTime":0,"childRecords":[],"interuppted":false}],"interuppted":false},{"testStatus":{"stackTrace":"","statusValue":"FAILED"},"type":"MESSAGE","name":"","message":"Test Cases/My Content/Pages/Modal/Verify_Draft/Draft_Add_Delete FAILED because (of) Unable to click on object \u0027Object Repository/Page_User dashboard  junetest2bda/a_MyContent\u0027 (Root cause: org.openqa.selenium.NoSuchWindowException: no such window: target window already closed\nfrom unknown error: web view not found\n  (Session info: chrome\u003d59.0.3071.115)\n  (Driver info: chromedriver\u003d2.30.477700 (0057494ad8732195794a7b32078424f92a5fce41),platform\u003dWindows NT 10.0.15063 x86_64) (WARNING: The server did not provide any stacktrace information)\nCommand duration or timeout: 15 milliseconds\nBuild info: version: \u00272.53.0\u0027, revision: \u002735ae25b\u0027, time: \u00272016-03-15 17:00:58\u0027\nSystem info: host: \u0027Cindy-AW\u0027, ip: \u0027192.168.1.211\u0027, os.name: \u0027Windows 10\u0027, os.arch: \u0027amd64\u0027, os.version: \u002710.0\u0027, java.version: \u00271.8.0_102\u0027\nDriver info: com.kms.katalon.selenium.driver.CChromeDriver\nCapabilities [{applicationCacheEnabled\u003dfalse, rotatable\u003dfalse, mobileEmulationEnabled\u003dfalse, networkConnectionEnabled\u003dfalse, chrome\u003d{chromedriverVersion\u003d2.30.477700 (0057494ad8732195794a7b32078424f92a5fce41), userDataDir\u003dC:\\Users\\Cindy\\AppData\\Local\\Temp\\scoped_dir12000_20392}, takesHeapSnapshot\u003dtrue, pageLoadStrategy\u003dnormal, databaseEnabled\u003dfalse, handlesAlerts\u003dtrue, hasTouchScreen\u003dfalse, version\u003d59.0.3071.115, platform\u003dXP, browserConnectionEnabled\u003dfalse, nativeEvents\u003dtrue, acceptSslCerts\u003dtrue, locationContextEnabled\u003dtrue, webStorageEnabled\u003dtrue, browserName\u003dchrome, takesScreenshot\u003dtrue, javascriptEnabled\u003dtrue, cssSelectorsEnabled\u003dtrue, unexpectedAlertBehaviour\u003d}]\nSession ID: 25d8f24ff3616be4575be17fc1d815af\n*** Element info: {Using\u003dxpath, value\u003d//a[count(. | //*[@id\u003d\"block-aw-dashboard-main-menu\"]/a[2]) \u003d count(//*[@id\u003d\"block-aw-dashboard-main-menu\"]/a[2])]})","startTime":1500399901874,"endTime":0,"childRecords":[],"interuppted":false}],"interuppted":false},{"isOptional":false,"type":"TEST_CASE","name":"Test Cases/My Content/Pages/Modal/Verify_Send_to_review/Send_to_review_Add","id":"Test Cases/My Content/Pages/Modal/Verify_Send_to_review/Send_to_review_Add","source":"C:\\\\Users\\\\Cindy\\\\Katalon Studio\\\\MyContentTest Cases\\\\My Content\\\\Pages\\\\Modal\\\\Verify_Send_to_review\\\\Send_to_review_Add.tc","message":"Test Cases/My Content/Pages/Modal/Verify_Send_to_review/Send_to_review_Add FAILED because (of) Unable to click on object \u0027Object Repository/Page_User dashboard  junetest2bda/a_MyContent\u0027 (Root cause: org.openqa.selenium.NoSuchWindowException: no such window: target window already closed\nfrom unknown error: web view not found\n  (Session info: chrome\u003d59.0.3071.115)\n  (Driver info: chromedriver\u003d2.30.477700 (0057494ad8732195794a7b32078424f92a5fce41),platform\u003dWindows NT 10.0.15063 x86_64) (WARNING: The server did not provide any stacktrace information)\nCommand duration or timeout: 41 milliseconds\nBuild info: version: \u00272.53.0\u0027, revision: \u002735ae25b\u0027, time: \u00272016-03-15 17:00:58\u0027\nSystem info: host: \u0027Cindy-AW\u0027, ip: \u0027192.168.1.211\u0027, os.name: \u0027Windows 10\u0027, os.arch: \u0027amd64\u0027, os.version: \u002710.0\u0027, java.version: \u00271.8.0_102\u0027\nDriver info: com.kms.katalon.selenium.driver.CChromeDriver\nCapabilities [{applicationCacheEnabled\u003dfalse, rotatable\u003dfalse, mobileEmulationEnabled\u003dfalse, networkConnectionEnabled\u003dfalse, chrome\u003d{chromedriverVersion\u003d2.30.477700 (0057494ad8732195794a7b32078424f92a5fce41), userDataDir\u003dC:\\Users\\Cindy\\AppData\\Local\\Temp\\scoped_dir12000_20392}, takesHeapSnapshot\u003dtrue, pageLoadStrategy\u003dnormal, databaseEnabled\u003dfalse, handlesAlerts\u003dtrue, hasTouchScreen\u003dfalse, version\u003d59.0.3071.115, platform\u003dXP, browserConnectionEnabled\u003dfalse, nativeEvents\u003dtrue, acceptSslCerts\u003dtrue, locationContextEnabled\u003dtrue, webStorageEnabled\u003dtrue, browserName\u003dchrome, takesScreenshot\u003dtrue, javascriptEnabled\u003dtrue, cssSelectorsEnabled\u003dtrue, unexpectedAlertBehaviour\u003d}]\nSession ID: 25d8f24ff3616be4575be17fc1d815af\n*** Element info: {Using\u003dxpath, value\u003d//a[count(. | //*[@id\u003d\"block-aw-dashboard-main-menu\"]/a[2]) \u003d count(//*[@id\u003d\"block-aw-dashboard-main-menu\"]/a[2])]})","description":"","startTime":1500399901952,"endTime":1500399902562,"childRecords":[{"testStatus":{"stackTrace":"","statusValue":"INFO"},"type":"MESSAGE","name":"","message":"Evaluating variables for test case","startTime":1500399901991,"endTime":0,"childRecords":[],"interuppted":false},{"testStatus":{"stackTrace":"","statusValue":"INFO"},"type":"MESSAGE","name":"","message":"Variable \u0027Title\u0027 is set to Test Send to Review 1 as default","startTime":1500399902004,"endTime":0,"childRecords":[],"interuppted":false},{"testStatus":{"stackTrace":"","statusValue":"INFO"},"type":"MESSAGE","name":"","message":"Variable \u0027Text\u0027 is set to This page is directly sent to review as default","startTime":1500399902015,"endTime":0,"childRecords":[],"interuppted":false},{"index":1,"isIgnoredIfFailed":false,"type":"TEST_STEP","name":"click","message":"Unable to click on object \u0027Object Repository/Page_User dashboard  junetest2bda/a_MyContent\u0027 (Root cause: org.openqa.selenium.NoSuchWindowException: no such window: target window already closed\nfrom unknown error: web view not found\n  (Session info: chrome\u003d59.0.3071.115)\n  (Driver info: chromedriver\u003d2.30.477700 (0057494ad8732195794a7b32078424f92a5fce41),platform\u003dWindows NT 10.0.15063 x86_64) (WARNING: The server did not provide any stacktrace information)\nCommand duration or timeout: 41 milliseconds\nBuild info: version: \u00272.53.0\u0027, revision: \u002735ae25b\u0027, time: \u00272016-03-15 17:00:58\u0027\nSystem info: host: \u0027Cindy-AW\u0027, ip: \u0027192.168.1.211\u0027, os.name: \u0027Windows 10\u0027, os.arch: \u0027amd64\u0027, os.version: \u002710.0\u0027, java.version: \u00271.8.0_102\u0027\nDriver info: com.kms.katalon.selenium.driver.CChromeDriver\nCapabilities [{applicationCacheEnabled\u003dfalse, rotatable\u003dfalse, mobileEmulationEnabled\u003dfalse, networkConnectionEnabled\u003dfalse, chrome\u003d{chromedriverVersion\u003d2.30.477700 (0057494ad8732195794a7b32078424f92a5fce41), userDataDir\u003dC:\\Users\\Cindy\\AppData\\Local\\Temp\\scoped_dir12000_20392}, takesHeapSnapshot\u003dtrue, pageLoadStrategy\u003dnormal, databaseEnabled\u003dfalse, handlesAlerts\u003dtrue, hasTouchScreen\u003dfalse, version\u003d59.0.3071.115, platform\u003dXP, browserConnectionEnabled\u003dfalse, nativeEvents\u003dtrue, acceptSslCerts\u003dtrue, locationContextEnabled\u003dtrue, webStorageEnabled\u003dtrue, browserName\u003dchrome, takesScreenshot\u003dtrue, javascriptEnabled\u003dtrue, cssSelectorsEnabled\u003dtrue, unexpectedAlertBehaviour\u003d}]\nSession ID: 25d8f24ff3616be4575be17fc1d815af\n*** Element info: {Using\u003dxpath, value\u003d//a[count(. | //*[@id\u003d\"block-aw-dashboard-main-menu\"]/a[2]) \u003d count(//*[@id\u003d\"block-aw-dashboard-main-menu\"]/a[2])]})","description":"","startTime":1500399902500,"endTime":1500399902560,"childRecords":[{"testStatus":{"stackTrace":"","statusValue":"WARNING"},"type":"MESSAGE","name":"","message":"Cannot take screenshot","startTime":1500399902559,"endTime":0,"childRecords":[],"interuppted":false},{"testStatus":{"stackTrace":"","statusValue":"FAILED"},"type":"MESSAGE","name":"","message":"Unable to click on object \u0027Object Repository/Page_User dashboard  junetest2bda/a_MyContent\u0027 (Root cause: org.openqa.selenium.NoSuchWindowException: no such window: target window already closed\nfrom unknown error: web view not found\n  (Session info: chrome\u003d59.0.3071.115)\n  (Driver info: chromedriver\u003d2.30.477700 (0057494ad8732195794a7b32078424f92a5fce41),platform\u003dWindows NT 10.0.15063 x86_64) (WARNING: The server did not provide any stacktrace information)\nCommand duration or timeout: 41 milliseconds\nBuild info: version: \u00272.53.0\u0027, revision: \u002735ae25b\u0027, time: \u00272016-03-15 17:00:58\u0027\nSystem info: host: \u0027Cindy-AW\u0027, ip: \u0027192.168.1.211\u0027, os.name: \u0027Windows 10\u0027, os.arch: \u0027amd64\u0027, os.version: \u002710.0\u0027, java.version: \u00271.8.0_102\u0027\nDriver info: com.kms.katalon.selenium.driver.CChromeDriver\nCapabilities [{applicationCacheEnabled\u003dfalse, rotatable\u003dfalse, mobileEmulationEnabled\u003dfalse, networkConnectionEnabled\u003dfalse, chrome\u003d{chromedriverVersion\u003d2.30.477700 (0057494ad8732195794a7b32078424f92a5fce41), userDataDir\u003dC:\\Users\\Cindy\\AppData\\Local\\Temp\\scoped_dir12000_20392}, takesHeapSnapshot\u003dtrue, pageLoadStrategy\u003dnormal, databaseEnabled\u003dfalse, handlesAlerts\u003dtrue, hasTouchScreen\u003dfalse, version\u003d59.0.3071.115, platform\u003dXP, browserConnectionEnabled\u003dfalse, nativeEvents\u003dtrue, acceptSslCerts\u003dtrue, locationContextEnabled\u003dtrue, webStorageEnabled\u003dtrue, browserName\u003dchrome, takesScreenshot\u003dtrue, javascriptEnabled\u003dtrue, cssSelectorsEnabled\u003dtrue, unexpectedAlertBehaviour\u003d}]\nSession ID: 25d8f24ff3616be4575be17fc1d815af\n*** Element info: {Using\u003dxpath, value\u003d//a[count(. | //*[@id\u003d\"block-aw-dashboard-main-menu\"]/a[2]) \u003d count(//*[@id\u003d\"block-aw-dashboard-main-menu\"]/a[2])]})","startTime":1500399902559,"endTime":0,"childRecords":[],"interuppted":false}],"interuppted":false},{"testStatus":{"stackTrace":"","statusValue":"FAILED"},"type":"MESSAGE","name":"","message":"Test Cases/My Content/Pages/Modal/Verify_Send_to_review/Send_to_review_Add FAILED because (of) Unable to click on object \u0027Object Repository/Page_User dashboard  junetest2bda/a_MyContent\u0027 (Root cause: org.openqa.selenium.NoSuchWindowException: no such window: target window already closed\nfrom unknown error: web view not found\n  (Session info: chrome\u003d59.0.3071.115)\n  (Driver info: chromedriver\u003d2.30.477700 (0057494ad8732195794a7b32078424f92a5fce41),platform\u003dWindows NT 10.0.15063 x86_64) (WARNING: The server did not provide any stacktrace information)\nCommand duration or timeout: 41 milliseconds\nBuild info: version: \u00272.53.0\u0027, revision: \u002735ae25b\u0027, time: \u00272016-03-15 17:00:58\u0027\nSystem info: host: \u0027Cindy-AW\u0027, ip: \u0027192.168.1.211\u0027, os.name: \u0027Windows 10\u0027, os.arch: \u0027amd64\u0027, os.version: \u002710.0\u0027, java.version: \u00271.8.0_102\u0027\nDriver info: com.kms.katalon.selenium.driver.CChromeDriver\nCapabilities [{applicationCacheEnabled\u003dfalse, rotatable\u003dfalse, mobileEmulationEnabled\u003dfalse, networkConnectionEnabled\u003dfalse, chrome\u003d{chromedriverVersion\u003d2.30.477700 (0057494ad8732195794a7b32078424f92a5fce41), userDataDir\u003dC:\\Users\\Cindy\\AppData\\Local\\Temp\\scoped_dir12000_20392}, takesHeapSnapshot\u003dtrue, pageLoadStrategy\u003dnormal, databaseEnabled\u003dfalse, handlesAlerts\u003dtrue, hasTouchScreen\u003dfalse, version\u003d59.0.3071.115, platform\u003dXP, browserConnectionEnabled\u003dfalse, nativeEvents\u003dtrue, acceptSslCerts\u003dtrue, locationContextEnabled\u003dtrue, webStorageEnabled\u003dtrue, browserName\u003dchrome, takesScreenshot\u003dtrue, javascriptEnabled\u003dtrue, cssSelectorsEnabled\u003dtrue, unexpectedAlertBehaviour\u003d}]\nSession ID: 25d8f24ff3616be4575be17fc1d815af\n*** Element info: {Using\u003dxpath, value\u003d//a[count(. | //*[@id\u003d\"block-aw-dashboard-main-menu\"]/a[2]) \u003d count(//*[@id\u003d\"block-aw-dashboard-main-menu\"]/a[2])]})","startTime":1500399902560,"endTime":0,"childRecords":[],"interuppted":false}],"interuppted":false},{"isOptional":false,"type":"TEST_CASE","name":"Test Cases/My Content/Pages/Modal/Verify_Send_to_review/Send_to_review_Add","id":"Test Cases/My Content/Pages/Modal/Verify_Send_to_review/Send_to_review_Add","source":"C:\\\\Users\\\\Cindy\\\\Katalon Studio\\\\MyContentTest Cases\\\\My Content\\\\Pages\\\\Modal\\\\Verify_Send_to_review\\\\Send_to_review_Add.tc","message":"Test Cases/My Content/Pages/Modal/Verify_Send_to_review/Send_to_review_Add FAILED because (of) Unable to click on object \u0027Object Repository/Page_User dashboard  junetest2bda/a_MyContent\u0027 (Root cause: org.openqa.selenium.NoSuchWindowException: no such window: target window already closed\nfrom unknown error: web view not found\n  (Session info: chrome\u003d59.0.3071.115)\n  (Driver info: chromedriver\u003d2.30.477700 (0057494ad8732195794a7b32078424f92a5fce41),platform\u003dWindows NT 10.0.15063 x86_64) (WARNING: The server did not provide any stacktrace information)\nCommand duration or timeout: 80 milliseconds\nBuild info: version: \u00272.53.0\u0027, revision: \u002735ae25b\u0027, time: \u00272016-03-15 17:00:58\u0027\nSystem info: host: \u0027Cindy-AW\u0027, ip: \u0027192.168.1.211\u0027, os.name: \u0027Windows 10\u0027, os.arch: \u0027amd64\u0027, os.version: \u002710.0\u0027, java.version: \u00271.8.0_102\u0027\nDriver info: com.kms.katalon.selenium.driver.CChromeDriver\nCapabilities [{applicationCacheEnabled\u003dfalse, rotatable\u003dfalse, mobileEmulationEnabled\u003dfalse, networkConnectionEnabled\u003dfalse, chrome\u003d{chromedriverVersion\u003d2.30.477700 (0057494ad8732195794a7b32078424f92a5fce41), userDataDir\u003dC:\\Users\\Cindy\\AppData\\Local\\Temp\\scoped_dir12000_20392}, takesHeapSnapshot\u003dtrue, pageLoadStrategy\u003dnormal, databaseEnabled\u003dfalse, handlesAlerts\u003dtrue, hasTouchScreen\u003dfalse, version\u003d59.0.3071.115, platform\u003dXP, browserConnectionEnabled\u003dfalse, nativeEvents\u003dtrue, acceptSslCerts\u003dtrue, locationContextEnabled\u003dtrue, webStorageEnabled\u003dtrue, browserName\u003dchrome, takesScreenshot\u003dtrue, javascriptEnabled\u003dtrue, cssSelectorsEnabled\u003dtrue, unexpectedAlertBehaviour\u003d}]\nSession ID: 25d8f24ff3616be4575be17fc1d815af\n*** Element info: {Using\u003dxpath, value\u003d//a[count(. | //*[@id\u003d\"block-aw-dashboard-main-menu\"]/a[2]) \u003d count(//*[@id\u003d\"block-aw-dashboard-main-menu\"]/a[2])]})","description":"","startTime":1500399902620,"endTime":1500399902857,"childRecords":[{"testStatus":{"stackTrace":"","statusValue":"INFO"},"type":"MESSAGE","name":"","message":"Evaluating variables for test case","startTime":1500399902654,"endTime":0,"childRecords":[],"interuppted":false},{"testStatus":{"stackTrace":"","statusValue":"INFO"},"type":"MESSAGE","name":"","message":"Variable \u0027Title\u0027 is set to Test Send to Review 1 as default","startTime":1500399902720,"endTime":0,"childRecords":[],"interuppted":false},{"testStatus":{"stackTrace":"","statusValue":"INFO"},"type":"MESSAGE","name":"","message":"Variable \u0027Text\u0027 is set to This page is directly sent to review as default","startTime":1500399902736,"endTime":0,"childRecords":[],"interuppted":false},{"index":1,"isIgnoredIfFailed":false,"type":"TEST_STEP","name":"click","message":"Unable to click on object \u0027Object Repository/Page_User dashboard  junetest2bda/a_MyContent\u0027 (Root cause: org.openqa.selenium.NoSuchWindowException: no such window: target window already closed\nfrom unknown error: web view not found\n  (Session info: chrome\u003d59.0.3071.115)\n  (Driver info: chromedriver\u003d2.30.477700 (0057494ad8732195794a7b32078424f92a5fce41),platform\u003dWindows NT 10.0.15063 x86_64) (WARNING: The server did not provide any stacktrace information)\nCommand duration or timeout: 80 milliseconds\nBuild info: version: \u00272.53.0\u0027, revision: \u002735ae25b\u0027, time: \u00272016-03-15 17:00:58\u0027\nSystem info: host: \u0027Cindy-AW\u0027, ip: \u0027192.168.1.211\u0027, os.name: \u0027Windows 10\u0027, os.arch: \u0027amd64\u0027, os.version: \u002710.0\u0027, java.version: \u00271.8.0_102\u0027\nDriver info: com.kms.katalon.selenium.driver.CChromeDriver\nCapabilities [{applicationCacheEnabled\u003dfalse, rotatable\u003dfalse, mobileEmulationEnabled\u003dfalse, networkConnectionEnabled\u003dfalse, chrome\u003d{chromedriverVersion\u003d2.30.477700 (0057494ad8732195794a7b32078424f92a5fce41), userDataDir\u003dC:\\Users\\Cindy\\AppData\\Local\\Temp\\scoped_dir12000_20392}, takesHeapSnapshot\u003dtrue, pageLoadStrategy\u003dnormal, databaseEnabled\u003dfalse, handlesAlerts\u003dtrue, hasTouchScreen\u003dfalse, version\u003d59.0.3071.115, platform\u003dXP, browserConnectionEnabled\u003dfalse, nativeEvents\u003dtrue, acceptSslCerts\u003dtrue, locationContextEnabled\u003dtrue, webStorageEnabled\u003dtrue, browserName\u003dchrome, takesScreenshot\u003dtrue, javascriptEnabled\u003dtrue, cssSelectorsEnabled\u003dtrue, unexpectedAlertBehaviour\u003d}]\nSession ID: 25d8f24ff3616be4575be17fc1d815af\n*** Element info: {Using\u003dxpath, value\u003d//a[count(. | //*[@id\u003d\"block-aw-dashboard-main-menu\"]/a[2]) \u003d count(//*[@id\u003d\"block-aw-dashboard-main-menu\"]/a[2])]})","description":"","startTime":1500399902739,"endTime":1500399902856,"childRecords":[{"testStatus":{"stackTrace":"","statusValue":"WARNING"},"type":"MESSAGE","name":"","message":"Cannot take screenshot","startTime":1500399902855,"endTime":0,"childRecords":[],"interuppted":false},{"testStatus":{"stackTrace":"","statusValue":"FAILED"},"type":"MESSAGE","name":"","message":"Unable to click on object \u0027Object Repository/Page_User dashboard  junetest2bda/a_MyContent\u0027 (Root cause: org.openqa.selenium.NoSuchWindowException: no such window: target window already closed\nfrom unknown error: web view not found\n  (Session info: chrome\u003d59.0.3071.115)\n  (Driver info: chromedriver\u003d2.30.477700 (0057494ad8732195794a7b32078424f92a5fce41),platform\u003dWindows NT 10.0.15063 x86_64) (WARNING: The server did not provide any stacktrace information)\nCommand duration or timeout: 80 milliseconds\nBuild info: version: \u00272.53.0\u0027, revision: \u002735ae25b\u0027, time: \u00272016-03-15 17:00:58\u0027\nSystem info: host: \u0027Cindy-AW\u0027, ip: \u0027192.168.1.211\u0027, os.name: \u0027Windows 10\u0027, os.arch: \u0027amd64\u0027, os.version: \u002710.0\u0027, java.version: \u00271.8.0_102\u0027\nDriver info: com.kms.katalon.selenium.driver.CChromeDriver\nCapabilities [{applicationCacheEnabled\u003dfalse, rotatable\u003dfalse, mobileEmulationEnabled\u003dfalse, networkConnectionEnabled\u003dfalse, chrome\u003d{chromedriverVersion\u003d2.30.477700 (0057494ad8732195794a7b32078424f92a5fce41), userDataDir\u003dC:\\Users\\Cindy\\AppData\\Local\\Temp\\scoped_dir12000_20392}, takesHeapSnapshot\u003dtrue, pageLoadStrategy\u003dnormal, databaseEnabled\u003dfalse, handlesAlerts\u003dtrue, hasTouchScreen\u003dfalse, version\u003d59.0.3071.115, platform\u003dXP, browserConnectionEnabled\u003dfalse, nativeEvents\u003dtrue, acceptSslCerts\u003dtrue, locationContextEnabled\u003dtrue, webStorageEnabled\u003dtrue, browserName\u003dchrome, takesScreenshot\u003dtrue, javascriptEnabled\u003dtrue, cssSelectorsEnabled\u003dtrue, unexpectedAlertBehaviour\u003d}]\nSession ID: 25d8f24ff3616be4575be17fc1d815af\n*** Element info: {Using\u003dxpath, value\u003d//a[count(. | //*[@id\u003d\"block-aw-dashboard-main-menu\"]/a[2]) \u003d count(//*[@id\u003d\"block-aw-dashboard-main-menu\"]/a[2])]})","startTime":1500399902855,"endTime":0,"childRecords":[],"interuppted":false}],"interuppted":false},{"testStatus":{"stackTrace":"","statusValue":"FAILED"},"type":"MESSAGE","name":"","message":"Test Cases/My Content/Pages/Modal/Verify_Send_to_review/Send_to_review_Add FAILED because (of) Unable to click on object \u0027Object Repository/Page_User dashboard  junetest2bda/a_MyContent\u0027 (Root cause: org.openqa.selenium.NoSuchWindowException: no such window: target window already closed\nfrom unknown error: web view not found\n  (Session info: chrome\u003d59.0.3071.115)\n  (Driver info: chromedriver\u003d2.30.477700 (0057494ad8732195794a7b32078424f92a5fce41),platform\u003dWindows NT 10.0.15063 x86_64) (WARNING: The server did not provide any stacktrace information)\nCommand duration or timeout: 80 milliseconds\nBuild info: version: \u00272.53.0\u0027, revision: \u002735ae25b\u0027, time: \u00272016-03-15 17:00:58\u0027\nSystem info: host: \u0027Cindy-AW\u0027, ip: \u0027192.168.1.211\u0027, os.name: \u0027Windows 10\u0027, os.arch: \u0027amd64\u0027, os.version: \u002710.0\u0027, java.version: \u00271.8.0_102\u0027\nDriver info: com.kms.katalon.selenium.driver.CChromeDriver\nCapabilities [{applicationCacheEnabled\u003dfalse, rotatable\u003dfalse, mobileEmulationEnabled\u003dfalse, networkConnectionEnabled\u003dfalse, chrome\u003d{chromedriverVersion\u003d2.30.477700 (0057494ad8732195794a7b32078424f92a5fce41), userDataDir\u003dC:\\Users\\Cindy\\AppData\\Local\\Temp\\scoped_dir12000_20392}, takesHeapSnapshot\u003dtrue, pageLoadStrategy\u003dnormal, databaseEnabled\u003dfalse, handlesAlerts\u003dtrue, hasTouchScreen\u003dfalse, version\u003d59.0.3071.115, platform\u003dXP, browserConnectionEnabled\u003dfalse, nativeEvents\u003dtrue, acceptSslCerts\u003dtrue, locationContextEnabled\u003dtrue, webStorageEnabled\u003dtrue, browserName\u003dchrome, takesScreenshot\u003dtrue, javascriptEnabled\u003dtrue, cssSelectorsEnabled\u003dtrue, unexpectedAlertBehaviour\u003d}]\nSession ID: 25d8f24ff3616be4575be17fc1d815af\n*** Element info: {Using\u003dxpath, value\u003d//a[count(. | //*[@id\u003d\"block-aw-dashboard-main-menu\"]/a[2]) \u003d count(//*[@id\u003d\"block-aw-dashboard-main-menu\"]/a[2])]})","startTime":1500399902856,"endTime":0,"childRecords":[],"interuppted":false}],"interuppted":false},{"isOptional":false,"type":"TEST_CASE","name":"Test Cases/My Content/Pages/Modal/Verify_Send_to_review/Send_to_review_Edit","id":"Test Cases/My Content/Pages/Modal/Verify_Send_to_review/Send_to_review_Edit","source":"C:\\\\Users\\\\Cindy\\\\Katalon Studio\\\\MyContentTest Cases\\\\My Content\\\\Pages\\\\Modal\\\\Verify_Send_to_review\\\\Send_to_review_Edit.tc","message":"Test Cases/My Content/Pages/Modal/Verify_Send_to_review/Send_to_review_Edit FAILED because (of) Unable to click on object \u0027Object Repository/Page_User dashboard  junetest2bda/a_MyContent\u0027 (Root cause: org.openqa.selenium.NoSuchWindowException: no such window: target window already closed\nfrom unknown error: web view not found\n  (Session info: chrome\u003d59.0.3071.115)\n  (Driver info: chromedriver\u003d2.30.477700 (0057494ad8732195794a7b32078424f92a5fce41),platform\u003dWindows NT 10.0.15063 x86_64) (WARNING: The server did not provide any stacktrace information)\nCommand duration or timeout: 11 milliseconds\nBuild info: version: \u00272.53.0\u0027, revision: \u002735ae25b\u0027, time: \u00272016-03-15 17:00:58\u0027\nSystem info: host: \u0027Cindy-AW\u0027, ip: \u0027192.168.1.211\u0027, os.name: \u0027Windows 10\u0027, os.arch: \u0027amd64\u0027, os.version: \u002710.0\u0027, java.version: \u00271.8.0_102\u0027\nDriver info: com.kms.katalon.selenium.driver.CChromeDriver\nCapabilities [{applicationCacheEnabled\u003dfalse, rotatable\u003dfalse, mobileEmulationEnabled\u003dfalse, networkConnectionEnabled\u003dfalse, chrome\u003d{chromedriverVersion\u003d2.30.477700 (0057494ad8732195794a7b32078424f92a5fce41), userDataDir\u003dC:\\Users\\Cindy\\AppData\\Local\\Temp\\scoped_dir12000_20392}, takesHeapSnapshot\u003dtrue, pageLoadStrategy\u003dnormal, databaseEnabled\u003dfalse, handlesAlerts\u003dtrue, hasTouchScreen\u003dfalse, version\u003d59.0.3071.115, platform\u003dXP, browserConnectionEnabled\u003dfalse, nativeEvents\u003dtrue, acceptSslCerts\u003dtrue, locationContextEnabled\u003dtrue, webStorageEnabled\u003dtrue, browserName\u003dchrome, takesScreenshot\u003dtrue, javascriptEnabled\u003dtrue, cssSelectorsEnabled\u003dtrue, unexpectedAlertBehaviour\u003d}]\nSession ID: 25d8f24ff3616be4575be17fc1d815af\n*** Element info: {Using\u003dxpath, value\u003d//a[count(. | //*[@id\u003d\"block-aw-dashboard-main-menu\"]/a[2]) \u003d count(//*[@id\u003d\"block-aw-dashboard-main-menu\"]/a[2])]})","description":"","startTime":1500399902942,"endTime":1500399903470,"childRecords":[{"testStatus":{"stackTrace":"","statusValue":"INFO"},"type":"MESSAGE","name":"","message":"Evaluating variables for test case","startTime":1500399902990,"endTime":0,"childRecords":[],"interuppted":false},{"testStatus":{"stackTrace":"","statusValue":"INFO"},"type":"MESSAGE","name":"","message":"Variable \u0027Title_Add\u0027 is set to Test Send to Review 1 as default","startTime":1500399903005,"endTime":0,"childRecords":[],"interuppted":false},{"testStatus":{"stackTrace":"","statusValue":"INFO"},"type":"MESSAGE","name":"","message":"Variable \u0027Text_Add\u0027 is set to This is a page sent straight to review as default","startTime":1500399903021,"endTime":0,"childRecords":[],"interuppted":false},{"testStatus":{"stackTrace":"","statusValue":"INFO"},"type":"MESSAGE","name":"","message":"Variable \u0027Title_Edit\u0027 is set to Test Send to Review Edit 1 as default","startTime":1500399903120,"endTime":0,"childRecords":[],"interuppted":false},{"testStatus":{"stackTrace":"","statusValue":"INFO"},"type":"MESSAGE","name":"","message":"Variable \u0027Text_Edit\u0027 is set to Send to view page is edited as default","startTime":1500399903134,"endTime":0,"childRecords":[],"interuppted":false},{"index":1,"isIgnoredIfFailed":false,"type":"TEST_STEP","name":"click","message":"Unable to click on object \u0027Object Repository/Page_User dashboard  junetest2bda/a_MyContent\u0027 (Root cause: org.openqa.selenium.NoSuchWindowException: no such window: target window already closed\nfrom unknown error: web view not found\n  (Session info: chrome\u003d59.0.3071.115)\n  (Driver info: chromedriver\u003d2.30.477700 (0057494ad8732195794a7b32078424f92a5fce41),platform\u003dWindows NT 10.0.15063 x86_64) (WARNING: The server did not provide any stacktrace information)\nCommand duration or timeout: 11 milliseconds\nBuild info: version: \u00272.53.0\u0027, revision: \u002735ae25b\u0027, time: \u00272016-03-15 17:00:58\u0027\nSystem info: host: \u0027Cindy-AW\u0027, ip: \u0027192.168.1.211\u0027, os.name: \u0027Windows 10\u0027, os.arch: \u0027amd64\u0027, os.version: \u002710.0\u0027, java.version: \u00271.8.0_102\u0027\nDriver info: com.kms.katalon.selenium.driver.CChromeDriver\nCapabilities [{applicationCacheEnabled\u003dfalse, rotatable\u003dfalse, mobileEmulationEnabled\u003dfalse, networkConnectionEnabled\u003dfalse, chrome\u003d{chromedriverVersion\u003d2.30.477700 (0057494ad8732195794a7b32078424f92a5fce41), userDataDir\u003dC:\\Users\\Cindy\\AppData\\Local\\Temp\\scoped_dir12000_20392}, takesHeapSnapshot\u003dtrue, pageLoadStrategy\u003dnormal, databaseEnabled\u003dfalse, handlesAlerts\u003dtrue, hasTouchScreen\u003dfalse, version\u003d59.0.3071.115, platform\u003dXP, browserConnectionEnabled\u003dfalse, nativeEvents\u003dtrue, acceptSslCerts\u003dtrue, locationContextEnabled\u003dtrue, webStorageEnabled\u003dtrue, browserName\u003dchrome, takesScreenshot\u003dtrue, javascriptEnabled\u003dtrue, cssSelectorsEnabled\u003dtrue, unexpectedAlertBehaviour\u003d}]\nSession ID: 25d8f24ff3616be4575be17fc1d815af\n*** Element info: {Using\u003dxpath, value\u003d//a[count(. | //*[@id\u003d\"block-aw-dashboard-main-menu\"]/a[2]) \u003d count(//*[@id\u003d\"block-aw-dashboard-main-menu\"]/a[2])]})","description":"","startTime":1500399903427,"endTime":1500399903469,"childRecords":[{"testStatus":{"stackTrace":"","statusValue":"WARNING"},"type":"MESSAGE","name":"","message":"Cannot take screenshot","startTime":1500399903468,"endTime":0,"childRecords":[],"interuppted":false},{"testStatus":{"stackTrace":"","statusValue":"FAILED"},"type":"MESSAGE","name":"","message":"Unable to click on object \u0027Object Repository/Page_User dashboard  junetest2bda/a_MyContent\u0027 (Root cause: org.openqa.selenium.NoSuchWindowException: no such window: target window already closed\nfrom unknown error: web view not found\n  (Session info: chrome\u003d59.0.3071.115)\n  (Driver info: chromedriver\u003d2.30.477700 (0057494ad8732195794a7b32078424f92a5fce41),platform\u003dWindows NT 10.0.15063 x86_64) (WARNING: The server did not provide any stacktrace information)\nCommand duration or timeout: 11 milliseconds\nBuild info: version: \u00272.53.0\u0027, revision: \u002735ae25b\u0027, time: \u00272016-03-15 17:00:58\u0027\nSystem info: host: \u0027Cindy-AW\u0027, ip: \u0027192.168.1.211\u0027, os.name: \u0027Windows 10\u0027, os.arch: \u0027amd64\u0027, os.version: \u002710.0\u0027, java.version: \u00271.8.0_102\u0027\nDriver info: com.kms.katalon.selenium.driver.CChromeDriver\nCapabilities [{applicationCacheEnabled\u003dfalse, rotatable\u003dfalse, mobileEmulationEnabled\u003dfalse, networkConnectionEnabled\u003dfalse, chrome\u003d{chromedriverVersion\u003d2.30.477700 (0057494ad8732195794a7b32078424f92a5fce41), userDataDir\u003dC:\\Users\\Cindy\\AppData\\Local\\Temp\\scoped_dir12000_20392}, takesHeapSnapshot\u003dtrue, pageLoadStrategy\u003dnormal, databaseEnabled\u003dfalse, handlesAlerts\u003dtrue, hasTouchScreen\u003dfalse, version\u003d59.0.3071.115, platform\u003dXP, browserConnectionEnabled\u003dfalse, nativeEvents\u003dtrue, acceptSslCerts\u003dtrue, locationContextEnabled\u003dtrue, webStorageEnabled\u003dtrue, browserName\u003dchrome, takesScreenshot\u003dtrue, javascriptEnabled\u003dtrue, cssSelectorsEnabled\u003dtrue, unexpectedAlertBehaviour\u003d}]\nSession ID: 25d8f24ff3616be4575be17fc1d815af\n*** Element info: {Using\u003dxpath, value\u003d//a[count(. | //*[@id\u003d\"block-aw-dashboard-main-menu\"]/a[2]) \u003d count(//*[@id\u003d\"block-aw-dashboard-main-menu\"]/a[2])]})","startTime":1500399903468,"endTime":0,"childRecords":[],"interuppted":false}],"interuppted":false},{"testStatus":{"stackTrace":"","statusValue":"FAILED"},"type":"MESSAGE","name":"","message":"Test Cases/My Content/Pages/Modal/Verify_Send_to_review/Send_to_review_Edit FAILED because (of) Unable to click on object \u0027Object Repository/Page_User dashboard  junetest2bda/a_MyContent\u0027 (Root cause: org.openqa.selenium.NoSuchWindowException: no such window: target window already closed\nfrom unknown error: web view not found\n  (Session info: chrome\u003d59.0.3071.115)\n  (Driver info: chromedriver\u003d2.30.477700 (0057494ad8732195794a7b32078424f92a5fce41),platform\u003dWindows NT 10.0.15063 x86_64) (WARNING: The server did not provide any stacktrace information)\nCommand duration or timeout: 11 milliseconds\nBuild info: version: \u00272.53.0\u0027, revision: \u002735ae25b\u0027, time: \u00272016-03-15 17:00:58\u0027\nSystem info: host: \u0027Cindy-AW\u0027, ip: \u0027192.168.1.211\u0027, os.name: \u0027Windows 10\u0027, os.arch: \u0027amd64\u0027, os.version: \u002710.0\u0027, java.version: \u00271.8.0_102\u0027\nDriver info: com.kms.katalon.selenium.driver.CChromeDriver\nCapabilities [{applicationCacheEnabled\u003dfalse, rotatable\u003dfalse, mobileEmulationEnabled\u003dfalse, networkConnectionEnabled\u003dfalse, chrome\u003d{chromedriverVersion\u003d2.30.477700 (0057494ad8732195794a7b32078424f92a5fce41), userDataDir\u003dC:\\Users\\Cindy\\AppData\\Local\\Temp\\scoped_dir12000_20392}, takesHeapSnapshot\u003dtrue, pageLoadStrategy\u003dnormal, databaseEnabled\u003dfalse, handlesAlerts\u003dtrue, hasTouchScreen\u003dfalse, version\u003d59.0.3071.115, platform\u003dXP, browserConnectionEnabled\u003dfalse, nativeEvents\u003dtrue, acceptSslCerts\u003dtrue, locationContextEnabled\u003dtrue, webStorageEnabled\u003dtrue, browserName\u003dchrome, takesScreenshot\u003dtrue, javascriptEnabled\u003dtrue, cssSelectorsEnabled\u003dtrue, unexpectedAlertBehaviour\u003d}]\nSession ID: 25d8f24ff3616be4575be17fc1d815af\n*** Element info: {Using\u003dxpath, value\u003d//a[count(. | //*[@id\u003d\"block-aw-dashboard-main-menu\"]/a[2]) \u003d count(//*[@id\u003d\"block-aw-dashboard-main-menu\"]/a[2])]})","startTime":1500399903469,"endTime":0,"childRecords":[],"interuppted":false}],"interuppted":false},{"isOptional":false,"type":"TEST_CASE","name":"Test Cases/My Content/Pages/Modal/Verify_Send_to_review/Send_to_review_Add_Delete","id":"Test Cases/My Content/Pages/Modal/Verify_Send_to_review/Send_to_review_Add_Delete","source":"C:\\\\Users\\\\Cindy\\\\Katalon Studio\\\\MyContentTest Cases\\\\My Content\\\\Pages\\\\Modal\\\\Verify_Send_to_review\\\\Send_to_review_Add_Delete.tc","message":"Test Cases/My Content/Pages/Modal/Verify_Send_to_review/Send_to_review_Add_Delete FAILED because (of) Unable to click on object \u0027Object Repository/Page_User dashboard  junetest2bda/a_MyContent\u0027 (Root cause: org.openqa.selenium.NoSuchWindowException: no such window: target window already closed\nfrom unknown error: web view not found\n  (Session info: chrome\u003d59.0.3071.115)\n  (Driver info: chromedriver\u003d2.30.477700 (0057494ad8732195794a7b32078424f92a5fce41),platform\u003dWindows NT 10.0.15063 x86_64) (WARNING: The server did not provide any stacktrace information)\nCommand duration or timeout: 14 milliseconds\nBuild info: version: \u00272.53.0\u0027, revision: \u002735ae25b\u0027, time: \u00272016-03-15 17:00:58\u0027\nSystem info: host: \u0027Cindy-AW\u0027, ip: \u0027192.168.1.211\u0027, os.name: \u0027Windows 10\u0027, os.arch: \u0027amd64\u0027, os.version: \u002710.0\u0027, java.version: \u00271.8.0_102\u0027\nDriver info: com.kms.katalon.selenium.driver.CChromeDriver\nCapabilities [{applicationCacheEnabled\u003dfalse, rotatable\u003dfalse, mobileEmulationEnabled\u003dfalse, networkConnectionEnabled\u003dfalse, chrome\u003d{chromedriverVersion\u003d2.30.477700 (0057494ad8732195794a7b32078424f92a5fce41), userDataDir\u003dC:\\Users\\Cindy\\AppData\\Local\\Temp\\scoped_dir12000_20392}, takesHeapSnapshot\u003dtrue, pageLoadStrategy\u003dnormal, databaseEnabled\u003dfalse, handlesAlerts\u003dtrue, hasTouchScreen\u003dfalse, version\u003d59.0.3071.115, platform\u003dXP, browserConnectionEnabled\u003dfalse, nativeEvents\u003dtrue, acceptSslCerts\u003dtrue, locationContextEnabled\u003dtrue, webStorageEnabled\u003dtrue, browserName\u003dchrome, takesScreenshot\u003dtrue, javascriptEnabled\u003dtrue, cssSelectorsEnabled\u003dtrue, unexpectedAlertBehaviour\u003d}]\nSession ID: 25d8f24ff3616be4575be17fc1d815af\n*** Element info: {Using\u003dxpath, value\u003d//a[count(. | //*[@id\u003d\"block-aw-dashboard-main-menu\"]/a[2]) \u003d count(//*[@id\u003d\"block-aw-dashboard-main-menu\"]/a[2])]})","description":"","startTime":1500399903539,"endTime":1500399904107,"childRecords":[{"testStatus":{"stackTrace":"","statusValue":"INFO"},"type":"MESSAGE","name":"","message":"Evaluating variables for test case","startTime":1500399903565,"endTime":0,"childRecords":[],"interuppted":false},{"testStatus":{"stackTrace":"","statusValue":"INFO"},"type":"MESSAGE","name":"","message":"Variable \u0027Title\u0027 is set to Test Send to Review 1 as default","startTime":1500399903582,"endTime":0,"childRecords":[],"interuppted":false},{"testStatus":{"stackTrace":"","statusValue":"INFO"},"type":"MESSAGE","name":"","message":"Variable \u0027Text\u0027 is set to This page is directly sent to review as default","startTime":1500399903592,"endTime":0,"childRecords":[],"interuppted":false},{"index":1,"isIgnoredIfFailed":false,"type":"TEST_STEP","name":"click","message":"Unable to click on object \u0027Object Repository/Page_User dashboard  junetest2bda/a_MyContent\u0027 (Root cause: org.openqa.selenium.NoSuchWindowException: no such window: target window already closed\nfrom unknown error: web view not found\n  (Session info: chrome\u003d59.0.3071.115)\n  (Driver info: chromedriver\u003d2.30.477700 (0057494ad8732195794a7b32078424f92a5fce41),platform\u003dWindows NT 10.0.15063 x86_64) (WARNING: The server did not provide any stacktrace information)\nCommand duration or timeout: 14 milliseconds\nBuild info: version: \u00272.53.0\u0027, revision: \u002735ae25b\u0027, time: \u00272016-03-15 17:00:58\u0027\nSystem info: host: \u0027Cindy-AW\u0027, ip: \u0027192.168.1.211\u0027, os.name: \u0027Windows 10\u0027, os.arch: \u0027amd64\u0027, os.version: \u002710.0\u0027, java.version: \u00271.8.0_102\u0027\nDriver info: com.kms.katalon.selenium.driver.CChromeDriver\nCapabilities [{applicationCacheEnabled\u003dfalse, rotatable\u003dfalse, mobileEmulationEnabled\u003dfalse, networkConnectionEnabled\u003dfalse, chrome\u003d{chromedriverVersion\u003d2.30.477700 (0057494ad8732195794a7b32078424f92a5fce41), userDataDir\u003dC:\\Users\\Cindy\\AppData\\Local\\Temp\\scoped_dir12000_20392}, takesHeapSnapshot\u003dtrue, pageLoadStrategy\u003dnormal, databaseEnabled\u003dfalse, handlesAlerts\u003dtrue, hasTouchScreen\u003dfalse, version\u003d59.0.3071.115, platform\u003dXP, browserConnectionEnabled\u003dfalse, nativeEvents\u003dtrue, acceptSslCerts\u003dtrue, locationContextEnabled\u003dtrue, webStorageEnabled\u003dtrue, browserName\u003dchrome, takesScreenshot\u003dtrue, javascriptEnabled\u003dtrue, cssSelectorsEnabled\u003dtrue, unexpectedAlertBehaviour\u003d}]\nSession ID: 25d8f24ff3616be4575be17fc1d815af\n*** Element info: {Using\u003dxpath, value\u003d//a[count(. | //*[@id\u003d\"block-aw-dashboard-main-menu\"]/a[2]) \u003d count(//*[@id\u003d\"block-aw-dashboard-main-menu\"]/a[2])]})","description":"","startTime":1500399904069,"endTime":1500399904105,"childRecords":[{"testStatus":{"stackTrace":"","statusValue":"WARNING"},"type":"MESSAGE","name":"","message":"Cannot take screenshot","startTime":1500399904104,"endTime":0,"childRecords":[],"interuppted":false},{"testStatus":{"stackTrace":"","statusValue":"FAILED"},"type":"MESSAGE","name":"","message":"Unable to click on object \u0027Object Repository/Page_User dashboard  junetest2bda/a_MyContent\u0027 (Root cause: org.openqa.selenium.NoSuchWindowException: no such window: target window already closed\nfrom unknown error: web view not found\n  (Session info: chrome\u003d59.0.3071.115)\n  (Driver info: chromedriver\u003d2.30.477700 (0057494ad8732195794a7b32078424f92a5fce41),platform\u003dWindows NT 10.0.15063 x86_64) (WARNING: The server did not provide any stacktrace information)\nCommand duration or timeout: 14 milliseconds\nBuild info: version: \u00272.53.0\u0027, revision: \u002735ae25b\u0027, time: \u00272016-03-15 17:00:58\u0027\nSystem info: host: \u0027Cindy-AW\u0027, ip: \u0027192.168.1.211\u0027, os.name: \u0027Windows 10\u0027, os.arch: \u0027amd64\u0027, os.version: \u002710.0\u0027, java.version: \u00271.8.0_102\u0027\nDriver info: com.kms.katalon.selenium.driver.CChromeDriver\nCapabilities [{applicationCacheEnabled\u003dfalse, rotatable\u003dfalse, mobileEmulationEnabled\u003dfalse, networkConnectionEnabled\u003dfalse, chrome\u003d{chromedriverVersion\u003d2.30.477700 (0057494ad8732195794a7b32078424f92a5fce41), userDataDir\u003dC:\\Users\\Cindy\\AppData\\Local\\Temp\\scoped_dir12000_20392}, takesHeapSnapshot\u003dtrue, pageLoadStrategy\u003dnormal, databaseEnabled\u003dfalse, handlesAlerts\u003dtrue, hasTouchScreen\u003dfalse, version\u003d59.0.3071.115, platform\u003dXP, browserConnectionEnabled\u003dfalse, nativeEvents\u003dtrue, acceptSslCerts\u003dtrue, locationContextEnabled\u003dtrue, webStorageEnabled\u003dtrue, browserName\u003dchrome, takesScreenshot\u003dtrue, javascriptEnabled\u003dtrue, cssSelectorsEnabled\u003dtrue, unexpectedAlertBehaviour\u003d}]\nSession ID: 25d8f24ff3616be4575be17fc1d815af\n*** Element info: {Using\u003dxpath, value\u003d//a[count(. | //*[@id\u003d\"block-aw-dashboard-main-menu\"]/a[2]) \u003d count(//*[@id\u003d\"block-aw-dashboard-main-menu\"]/a[2])]})","startTime":1500399904104,"endTime":0,"childRecords":[],"interuppted":false}],"interuppted":false},{"testStatus":{"stackTrace":"","statusValue":"FAILED"},"type":"MESSAGE","name":"","message":"Test Cases/My Content/Pages/Modal/Verify_Send_to_review/Send_to_review_Add_Delete FAILED because (of) Unable to click on object \u0027Object Repository/Page_User dashboard  junetest2bda/a_MyContent\u0027 (Root cause: org.openqa.selenium.NoSuchWindowException: no such window: target window already closed\nfrom unknown error: web view not found\n  (Session info: chrome\u003d59.0.3071.115)\n  (Driver info: chromedriver\u003d2.30.477700 (0057494ad8732195794a7b32078424f92a5fce41),platform\u003dWindows NT 10.0.15063 x86_64) (WARNING: The server did not provide any stacktrace information)\nCommand duration or timeout: 14 milliseconds\nBuild info: version: \u00272.53.0\u0027, revision: \u002735ae25b\u0027, time: \u00272016-03-15 17:00:58\u0027\nSystem info: host: \u0027Cindy-AW\u0027, ip: \u0027192.168.1.211\u0027, os.name: \u0027Windows 10\u0027, os.arch: \u0027amd64\u0027, os.version: \u002710.0\u0027, java.version: \u00271.8.0_102\u0027\nDriver info: com.kms.katalon.selenium.driver.CChromeDriver\nCapabilities [{applicationCacheEnabled\u003dfalse, rotatable\u003dfalse, mobileEmulationEnabled\u003dfalse, networkConnectionEnabled\u003dfalse, chrome\u003d{chromedriverVersion\u003d2.30.477700 (0057494ad8732195794a7b32078424f92a5fce41), userDataDir\u003dC:\\Users\\Cindy\\AppData\\Local\\Temp\\scoped_dir12000_20392}, takesHeapSnapshot\u003dtrue, pageLoadStrategy\u003dnormal, databaseEnabled\u003dfalse, handlesAlerts\u003dtrue, hasTouchScreen\u003dfalse, version\u003d59.0.3071.115, platform\u003dXP, browserConnectionEnabled\u003dfalse, nativeEvents\u003dtrue, acceptSslCerts\u003dtrue, locationContextEnabled\u003dtrue, webStorageEnabled\u003dtrue, browserName\u003dchrome, takesScreenshot\u003dtrue, javascriptEnabled\u003dtrue, cssSelectorsEnabled\u003dtrue, unexpectedAlertBehaviour\u003d}]\nSession ID: 25d8f24ff3616be4575be17fc1d815af\n*** Element info: {Using\u003dxpath, value\u003d//a[count(. | //*[@id\u003d\"block-aw-dashboard-main-menu\"]/a[2]) \u003d count(//*[@id\u003d\"block-aw-dashboard-main-menu\"]/a[2])]})","startTime":1500399904105,"endTime":0,"childRecords":[],"interuppted":false}],"interuppted":false},{"isOptional":false,"type":"TEST_CASE","name":"Test Cases/My Content/Pages/CloseModal_AddPagetoDelete","id":"Test Cases/My Content/Pages/CloseModal_AddPagetoDelete","source":"C:\\\\Users\\\\Cindy\\\\Katalon Studio\\\\MyContentTest Cases\\\\My Content\\\\Pages\\\\CloseModal_AddPagetoDelete.tc","message":"Test Cases/My Content/Pages/CloseModal_AddPagetoDelete FAILED because (of) Unable to click on object \u0027Object Repository/Page_User dashboard  junetest2bda/a_MyContent\u0027 (Root cause: org.openqa.selenium.NoSuchWindowException: no such window: target window already closed\nfrom unknown error: web view not found\n  (Session info: chrome\u003d59.0.3071.115)\n  (Driver info: chromedriver\u003d2.30.477700 (0057494ad8732195794a7b32078424f92a5fce41),platform\u003dWindows NT 10.0.15063 x86_64) (WARNING: The server did not provide any stacktrace information)\nCommand duration or timeout: 9 milliseconds\nBuild info: version: \u00272.53.0\u0027, revision: \u002735ae25b\u0027, time: \u00272016-03-15 17:00:58\u0027\nSystem info: host: \u0027Cindy-AW\u0027, ip: \u0027192.168.1.211\u0027, os.name: \u0027Windows 10\u0027, os.arch: \u0027amd64\u0027, os.version: \u002710.0\u0027, java.version: \u00271.8.0_102\u0027\nDriver info: com.kms.katalon.selenium.driver.CChromeDriver\nCapabilities [{applicationCacheEnabled\u003dfalse, rotatable\u003dfalse, mobileEmulationEnabled\u003dfalse, networkConnectionEnabled\u003dfalse, chrome\u003d{chromedriverVersion\u003d2.30.477700 (0057494ad8732195794a7b32078424f92a5fce41), userDataDir\u003dC:\\Users\\Cindy\\AppData\\Local\\Temp\\scoped_dir12000_20392}, takesHeapSnapshot\u003dtrue, pageLoadStrategy\u003dnormal, databaseEnabled\u003dfalse, handlesAlerts\u003dtrue, hasTouchScreen\u003dfalse, version\u003d59.0.3071.115, platform\u003dXP, browserConnectionEnabled\u003dfalse, nativeEvents\u003dtrue, acceptSslCerts\u003dtrue, locationContextEnabled\u003dtrue, webStorageEnabled\u003dtrue, browserName\u003dchrome, takesScreenshot\u003dtrue, javascriptEnabled\u003dtrue, cssSelectorsEnabled\u003dtrue, unexpectedAlertBehaviour\u003d}]\nSession ID: 25d8f24ff3616be4575be17fc1d815af\n*** Element info: {Using\u003dxpath, value\u003d//a[count(. | //*[@id\u003d\"block-aw-dashboard-main-menu\"]/a[2]) \u003d count(//*[@id\u003d\"block-aw-dashboard-main-menu\"]/a[2])]})","description":"","startTime":1500399904177,"endTime":1500399904436,"childRecords":[{"testStatus":{"stackTrace":"","statusValue":"INFO"},"type":"MESSAGE","name":"","message":"Evaluating variables for test case","startTime":1500399904209,"endTime":0,"childRecords":[],"interuppted":false},{"testStatus":{"stackTrace":"","statusValue":"INFO"},"type":"MESSAGE","name":"","message":"Variable \u0027Title\u0027 is set to Test Draft 1 Delete as default","startTime":1500399904217,"endTime":0,"childRecords":[],"interuppted":false},{"testStatus":{"stackTrace":"","statusValue":"INFO"},"type":"MESSAGE","name":"","message":"Variable \u0027Text\u0027 is set to This is a Draft Delete and Close as default","startTime":1500399904227,"endTime":0,"childRecords":[],"interuppted":false},{"index":1,"isIgnoredIfFailed":false,"type":"TEST_STEP","name":"click","message":"Unable to click on object \u0027Object Repository/Page_User dashboard  junetest2bda/a_MyContent\u0027 (Root cause: org.openqa.selenium.NoSuchWindowException: no such window: target window already closed\nfrom unknown error: web view not found\n  (Session info: chrome\u003d59.0.3071.115)\n  (Driver info: chromedriver\u003d2.30.477700 (0057494ad8732195794a7b32078424f92a5fce41),platform\u003dWindows NT 10.0.15063 x86_64) (WARNING: The server did not provide any stacktrace information)\nCommand duration or timeout: 9 milliseconds\nBuild info: version: \u00272.53.0\u0027, revision: \u002735ae25b\u0027, time: \u00272016-03-15 17:00:58\u0027\nSystem info: host: \u0027Cindy-AW\u0027, ip: \u0027192.168.1.211\u0027, os.name: \u0027Windows 10\u0027, os.arch: \u0027amd64\u0027, os.version: \u002710.0\u0027, java.version: \u00271.8.0_102\u0027\nDriver info: com.kms.katalon.selenium.driver.CChromeDriver\nCapabilities [{applicationCacheEnabled\u003dfalse, rotatable\u003dfalse, mobileEmulationEnabled\u003dfalse, networkConnectionEnabled\u003dfalse, chrome\u003d{chromedriverVersion\u003d2.30.477700 (0057494ad8732195794a7b32078424f92a5fce41), userDataDir\u003dC:\\Users\\Cindy\\AppData\\Local\\Temp\\scoped_dir12000_20392}, takesHeapSnapshot\u003dtrue, pageLoadStrategy\u003dnormal, databaseEnabled\u003dfalse, handlesAlerts\u003dtrue, hasTouchScreen\u003dfalse, version\u003d59.0.3071.115, platform\u003dXP, browserConnectionEnabled\u003dfalse, nativeEvents\u003dtrue, acceptSslCerts\u003dtrue, locationContextEnabled\u003dtrue, webStorageEnabled\u003dtrue, browserName\u003dchrome, takesScreenshot\u003dtrue, javascriptEnabled\u003dtrue, cssSelectorsEnabled\u003dtrue, unexpectedAlertBehaviour\u003d}]\nSession ID: 25d8f24ff3616be4575be17fc1d815af\n*** Element info: {Using\u003dxpath, value\u003d//a[count(. | //*[@id\u003d\"block-aw-dashboard-main-menu\"]/a[2]) \u003d count(//*[@id\u003d\"block-aw-dashboard-main-menu\"]/a[2])]})","description":"","startTime":1500399904410,"endTime":1500399904435,"childRecords":[{"testStatus":{"stackTrace":"","statusValue":"WARNING"},"type":"MESSAGE","name":"","message":"Cannot take screenshot","startTime":1500399904434,"endTime":0,"childRecords":[],"interuppted":false},{"testStatus":{"stackTrace":"","statusValue":"FAILED"},"type":"MESSAGE","name":"","message":"Unable to click on object \u0027Object Repository/Page_User dashboard  junetest2bda/a_MyContent\u0027 (Root cause: org.openqa.selenium.NoSuchWindowException: no such window: target window already closed\nfrom unknown error: web view not found\n  (Session info: chrome\u003d59.0.3071.115)\n  (Driver info: chromedriver\u003d2.30.477700 (0057494ad8732195794a7b32078424f92a5fce41),platform\u003dWindows NT 10.0.15063 x86_64) (WARNING: The server did not provide any stacktrace information)\nCommand duration or timeout: 9 milliseconds\nBuild info: version: \u00272.53.0\u0027, revision: \u002735ae25b\u0027, time: \u00272016-03-15 17:00:58\u0027\nSystem info: host: \u0027Cindy-AW\u0027, ip: \u0027192.168.1.211\u0027, os.name: \u0027Windows 10\u0027, os.arch: \u0027amd64\u0027, os.version: \u002710.0\u0027, java.version: \u00271.8.0_102\u0027\nDriver info: com.kms.katalon.selenium.driver.CChromeDriver\nCapabilities [{applicationCacheEnabled\u003dfalse, rotatable\u003dfalse, mobileEmulationEnabled\u003dfalse, networkConnectionEnabled\u003dfalse, chrome\u003d{chromedriverVersion\u003d2.30.477700 (0057494ad8732195794a7b32078424f92a5fce41), userDataDir\u003dC:\\Users\\Cindy\\AppData\\Local\\Temp\\scoped_dir12000_20392}, takesHeapSnapshot\u003dtrue, pageLoadStrategy\u003dnormal, databaseEnabled\u003dfalse, handlesAlerts\u003dtrue, hasTouchScreen\u003dfalse, version\u003d59.0.3071.115, platform\u003dXP, browserConnectionEnabled\u003dfalse, nativeEvents\u003dtrue, acceptSslCerts\u003dtrue, locationContextEnabled\u003dtrue, webStorageEnabled\u003dtrue, browserName\u003dchrome, takesScreenshot\u003dtrue, javascriptEnabled\u003dtrue, cssSelectorsEnabled\u003dtrue, unexpectedAlertBehaviour\u003d}]\nSession ID: 25d8f24ff3616be4575be17fc1d815af\n*** Element info: {Using\u003dxpath, value\u003d//a[count(. | //*[@id\u003d\"block-aw-dashboard-main-menu\"]/a[2]) \u003d count(//*[@id\u003d\"block-aw-dashboard-main-menu\"]/a[2])]})","startTime":1500399904434,"endTime":0,"childRecords":[],"interuppted":false}],"interuppted":false},{"testStatus":{"stackTrace":"","statusValue":"FAILED"},"type":"MESSAGE","name":"","message":"Test Cases/My Content/Pages/CloseModal_AddPagetoDelete FAILED because (of) Unable to click on object \u0027Object Repository/Page_User dashboard  junetest2bda/a_MyContent\u0027 (Root cause: org.openqa.selenium.NoSuchWindowException: no such window: target window already closed\nfrom unknown error: web view not found\n  (Session info: chrome\u003d59.0.3071.115)\n  (Driver info: chromedriver\u003d2.30.477700 (0057494ad8732195794a7b32078424f92a5fce41),platform\u003dWindows NT 10.0.15063 x86_64) (WARNING: The server did not provide any stacktrace information)\nCommand duration or timeout: 9 milliseconds\nBuild info: version: \u00272.53.0\u0027, revision: \u002735ae25b\u0027, time: \u00272016-03-15 17:00:58\u0027\nSystem info: host: \u0027Cindy-AW\u0027, ip: \u0027192.168.1.211\u0027, os.name: \u0027Windows 10\u0027, os.arch: \u0027amd64\u0027, os.version: \u002710.0\u0027, java.version: \u00271.8.0_102\u0027\nDriver info: com.kms.katalon.selenium.driver.CChromeDriver\nCapabilities [{applicationCacheEnabled\u003dfalse, rotatable\u003dfalse, mobileEmulationEnabled\u003dfalse, networkConnectionEnabled\u003dfalse, chrome\u003d{chromedriverVersion\u003d2.30.477700 (0057494ad8732195794a7b32078424f92a5fce41), userDataDir\u003dC:\\Users\\Cindy\\AppData\\Local\\Temp\\scoped_dir12000_20392}, takesHeapSnapshot\u003dtrue, pageLoadStrategy\u003dnormal, databaseEnabled\u003dfalse, handlesAlerts\u003dtrue, hasTouchScreen\u003dfalse, version\u003d59.0.3071.115, platform\u003dXP, browserConnectionEnabled\u003dfalse, nativeEvents\u003dtrue, acceptSslCerts\u003dtrue, locationContextEnabled\u003dtrue, webStorageEnabled\u003dtrue, browserName\u003dchrome, takesScreenshot\u003dtrue, javascriptEnabled\u003dtrue, cssSelectorsEnabled\u003dtrue, unexpectedAlertBehaviour\u003d}]\nSession ID: 25d8f24ff3616be4575be17fc1d815af\n*** Element info: {Using\u003dxpath, value\u003d//a[count(. | //*[@id\u003d\"block-aw-dashboard-main-menu\"]/a[2]) \u003d count(//*[@id\u003d\"block-aw-dashboard-main-menu\"]/a[2])]})","startTime":1500399904435,"endTime":0,"childRecords":[],"interuppted":false}],"interuppted":false},{"isOptional":false,"type":"TEST_CASE","name":"Test Cases/My Content/Pages/Modal/close Modals","id":"Test Cases/My Content/Pages/Modal/close Modals","source":"C:\\\\Users\\\\Cindy\\\\Katalon Studio\\\\MyContentTest Cases\\\\My Content\\\\Pages\\\\Modal\\\\close Modals.tc","message":"Test Cases/My Content/Pages/Modal/close Modals FAILED because (of) Unable to click on object \u0027Object Repository/Page_User dashboard  junetest2bda/a_MyContent\u0027 (Root cause: org.openqa.selenium.NoSuchWindowException: no such window: target window already closed\nfrom unknown error: web view not found\n  (Session info: chrome\u003d59.0.3071.115)\n  (Driver info: chromedriver\u003d2.30.477700 (0057494ad8732195794a7b32078424f92a5fce41),platform\u003dWindows NT 10.0.15063 x86_64) (WARNING: The server did not provide any stacktrace information)\nCommand duration or timeout: 6 milliseconds\nBuild info: version: \u00272.53.0\u0027, revision: \u002735ae25b\u0027, time: \u00272016-03-15 17:00:58\u0027\nSystem info: host: \u0027Cindy-AW\u0027, ip: \u0027192.168.1.211\u0027, os.name: \u0027Windows 10\u0027, os.arch: \u0027amd64\u0027, os.version: \u002710.0\u0027, java.version: \u00271.8.0_102\u0027\nDriver info: com.kms.katalon.selenium.driver.CChromeDriver\nCapabilities [{applicationCacheEnabled\u003dfalse, rotatable\u003dfalse, mobileEmulationEnabled\u003dfalse, networkConnectionEnabled\u003dfalse, chrome\u003d{chromedriverVersion\u003d2.30.477700 (0057494ad8732195794a7b32078424f92a5fce41), userDataDir\u003dC:\\Users\\Cindy\\AppData\\Local\\Temp\\scoped_dir12000_20392}, takesHeapSnapshot\u003dtrue, pageLoadStrategy\u003dnormal, databaseEnabled\u003dfalse, handlesAlerts\u003dtrue, hasTouchScreen\u003dfalse, version\u003d59.0.3071.115, platform\u003dXP, browserConnectionEnabled\u003dfalse, nativeEvents\u003dtrue, acceptSslCerts\u003dtrue, locationContextEnabled\u003dtrue, webStorageEnabled\u003dtrue, browserName\u003dchrome, takesScreenshot\u003dtrue, javascriptEnabled\u003dtrue, cssSelectorsEnabled\u003dtrue, unexpectedAlertBehaviour\u003d}]\nSession ID: 25d8f24ff3616be4575be17fc1d815af\n*** Element info: {Using\u003dxpath, value\u003d//a[count(. | //*[@id\u003d\"block-aw-dashboard-main-menu\"]/a[2]) \u003d count(//*[@id\u003d\"block-aw-dashboard-main-menu\"]/a[2])]})","description":"","startTime":1500399904493,"endTime":1500399904841,"childRecords":[{"testStatus":{"stackTrace":"","statusValue":"INFO"},"type":"MESSAGE","name":"","message":"Evaluating variables for test case","startTime":1500399904684,"endTime":0,"childRecords":[],"interuppted":false},{"index":1,"isIgnoredIfFailed":false,"type":"TEST_STEP","name":"click","message":"Unable to click on object \u0027Object Repository/Page_User dashboard  junetest2bda/a_MyContent\u0027 (Root cause: org.openqa.selenium.NoSuchWindowException: no such window: target window already closed\nfrom unknown error: web view not found\n  (Session info: chrome\u003d59.0.3071.115)\n  (Driver info: chromedriver\u003d2.30.477700 (0057494ad8732195794a7b32078424f92a5fce41),platform\u003dWindows NT 10.0.15063 x86_64) (WARNING: The server did not provide any stacktrace information)\nCommand duration or timeout: 6 milliseconds\nBuild info: version: \u00272.53.0\u0027, revision: \u002735ae25b\u0027, time: \u00272016-03-15 17:00:58\u0027\nSystem info: host: \u0027Cindy-AW\u0027, ip: \u0027192.168.1.211\u0027, os.name: \u0027Windows 10\u0027, os.arch: \u0027amd64\u0027, os.version: \u002710.0\u0027, java.version: \u00271.8.0_102\u0027\nDriver info: com.kms.katalon.selenium.driver.CChromeDriver\nCapabilities [{applicationCacheEnabled\u003dfalse, rotatable\u003dfalse, mobileEmulationEnabled\u003dfalse, networkConnectionEnabled\u003dfalse, chrome\u003d{chromedriverVersion\u003d2.30.477700 (0057494ad8732195794a7b32078424f92a5fce41), userDataDir\u003dC:\\Users\\Cindy\\AppData\\Local\\Temp\\scoped_dir12000_20392}, takesHeapSnapshot\u003dtrue, pageLoadStrategy\u003dnormal, databaseEnabled\u003dfalse, handlesAlerts\u003dtrue, hasTouchScreen\u003dfalse, version\u003d59.0.3071.115, platform\u003dXP, browserConnectionEnabled\u003dfalse, nativeEvents\u003dtrue, acceptSslCerts\u003dtrue, locationContextEnabled\u003dtrue, webStorageEnabled\u003dtrue, browserName\u003dchrome, takesScreenshot\u003dtrue, javascriptEnabled\u003dtrue, cssSelectorsEnabled\u003dtrue, unexpectedAlertBehaviour\u003d}]\nSession ID: 25d8f24ff3616be4575be17fc1d815af\n*** Element info: {Using\u003dxpath, value\u003d//a[count(. | //*[@id\u003d\"block-aw-dashboard-main-menu\"]/a[2]) \u003d count(//*[@id\u003d\"block-aw-dashboard-main-menu\"]/a[2])]})","description":"","startTime":1500399904822,"endTime":1500399904839,"childRecords":[{"testStatus":{"stackTrace":"","statusValue":"WARNING"},"type":"MESSAGE","name":"","message":"Cannot take screenshot","startTime":1500399904838,"endTime":0,"childRecords":[],"interuppted":false},{"testStatus":{"stackTrace":"","statusValue":"FAILED"},"type":"MESSAGE","name":"","message":"Unable to click on object \u0027Object Repository/Page_User dashboard  junetest2bda/a_MyContent\u0027 (Root cause: org.openqa.selenium.NoSuchWindowException: no such window: target window already closed\nfrom unknown error: web view not found\n  (Session info: chrome\u003d59.0.3071.115)\n  (Driver info: chromedriver\u003d2.30.477700 (0057494ad8732195794a7b32078424f92a5fce41),platform\u003dWindows NT 10.0.15063 x86_64) (WARNING: The server did not provide any stacktrace information)\nCommand duration or timeout: 6 milliseconds\nBuild info: version: \u00272.53.0\u0027, revision: \u002735ae25b\u0027, time: \u00272016-03-15 17:00:58\u0027\nSystem info: host: \u0027Cindy-AW\u0027, ip: \u0027192.168.1.211\u0027, os.name: \u0027Windows 10\u0027, os.arch: \u0027amd64\u0027, os.version: \u002710.0\u0027, java.version: \u00271.8.0_102\u0027\nDriver info: com.kms.katalon.selenium.driver.CChromeDriver\nCapabilities [{applicationCacheEnabled\u003dfalse, rotatable\u003dfalse, mobileEmulationEnabled\u003dfalse, networkConnectionEnabled\u003dfalse, chrome\u003d{chromedriverVersion\u003d2.30.477700 (0057494ad8732195794a7b32078424f92a5fce41), userDataDir\u003dC:\\Users\\Cindy\\AppData\\Local\\Temp\\scoped_dir12000_20392}, takesHeapSnapshot\u003dtrue, pageLoadStrategy\u003dnormal, databaseEnabled\u003dfalse, handlesAlerts\u003dtrue, hasTouchScreen\u003dfalse, version\u003d59.0.3071.115, platform\u003dXP, browserConnectionEnabled\u003dfalse, nativeEvents\u003dtrue, acceptSslCerts\u003dtrue, locationContextEnabled\u003dtrue, webStorageEnabled\u003dtrue, browserName\u003dchrome, takesScreenshot\u003dtrue, javascriptEnabled\u003dtrue, cssSelectorsEnabled\u003dtrue, unexpectedAlertBehaviour\u003d}]\nSession ID: 25d8f24ff3616be4575be17fc1d815af\n*** Element info: {Using\u003dxpath, value\u003d//a[count(. | //*[@id\u003d\"block-aw-dashboard-main-menu\"]/a[2]) \u003d count(//*[@id\u003d\"block-aw-dashboard-main-menu\"]/a[2])]})","startTime":1500399904839,"endTime":0,"childRecords":[],"interuppted":false}],"interuppted":false},{"testStatus":{"stackTrace":"","statusValue":"FAILED"},"type":"MESSAGE","name":"","message":"Test Cases/My Content/Pages/Modal/close Modals FAILED because (of) Unable to click on object \u0027Object Repository/Page_User dashboard  junetest2bda/a_MyContent\u0027 (Root cause: org.openqa.selenium.NoSuchWindowException: no such window: target window already closed\nfrom unknown error: web view not found\n  (Session info: chrome\u003d59.0.3071.115)\n  (Driver info: chromedriver\u003d2.30.477700 (0057494ad8732195794a7b32078424f92a5fce41),platform\u003dWindows NT 10.0.15063 x86_64) (WARNING: The server did not provide any stacktrace information)\nCommand duration or timeout: 6 milliseconds\nBuild info: version: \u00272.53.0\u0027, revision: \u002735ae25b\u0027, time: \u00272016-03-15 17:00:58\u0027\nSystem info: host: \u0027Cindy-AW\u0027, ip: \u0027192.168.1.211\u0027, os.name: \u0027Windows 10\u0027, os.arch: \u0027amd64\u0027, os.version: \u002710.0\u0027, java.version: \u00271.8.0_102\u0027\nDriver info: com.kms.katalon.selenium.driver.CChromeDriver\nCapabilities [{applicationCacheEnabled\u003dfalse, rotatable\u003dfalse, mobileEmulationEnabled\u003dfalse, networkConnectionEnabled\u003dfalse, chrome\u003d{chromedriverVersion\u003d2.30.477700 (0057494ad8732195794a7b32078424f92a5fce41), userDataDir\u003dC:\\Users\\Cindy\\AppData\\Local\\Temp\\scoped_dir12000_20392}, takesHeapSnapshot\u003dtrue, pageLoadStrategy\u003dnormal, databaseEnabled\u003dfalse, handlesAlerts\u003dtrue, hasTouchScreen\u003dfalse, version\u003d59.0.3071.115, platform\u003dXP, browserConnectionEnabled\u003dfalse, nativeEvents\u003dtrue, acceptSslCerts\u003dtrue, locationContextEnabled\u003dtrue, webStorageEnabled\u003dtrue, browserName\u003dchrome, takesScreenshot\u003dtrue, javascriptEnabled\u003dtrue, cssSelectorsEnabled\u003dtrue, unexpectedAlertBehaviour\u003d}]\nSession ID: 25d8f24ff3616be4575be17fc1d815af\n*** Element info: {Using\u003dxpath, value\u003d//a[count(. | //*[@id\u003d\"block-aw-dashboard-main-menu\"]/a[2]) \u003d count(//*[@id\u003d\"block-aw-dashboard-main-menu\"]/a[2])]})","startTime":1500399904840,"endTime":0,"childRecords":[],"interuppted":false}],"interuppted":false}],"interuppted":false}