<?xml version="1.0" encoding="UTF-8"?>
<testsuites name="Pages" time="587" tests="9" failures="1" errors="0">
   <testsuite name="Pages" tests="9" failures="1" errors="0" time="587" timestamp="2017-07-18 10:48:16" hostname="Andy - Cindy-AW" id="Test Suites/Pages">
      <properties>
         <property name="deviceName" value=""/>
         <property name="devicePlatform" value=""/>
         <property name="logFolder" value="C:\\Users\\Cindy\\Katalon Studio\\MyContent\\Reports\\Pages\\20170718_104811"/>
         <property name="logFiles" value="C:\\Users\\Cindy\\Katalon Studio\\MyContent\\Reports\\Pages\\20170718_104811\\execution0.log"/>
         <property name="attachments" value="C:\\Users\\Cindy\\Katalon Studio\\MyContent\\Reports\\Pages\\20170718_104811\\1500400673189.png"/>
         <property name="hostName" value="Andy - Cindy-AW"/>
         <property name="os" value="Windows 10 64bit"/>
         <property name="katalonVersion" value="4.7.0.2"/>
         <property name="browser" value="Chrome 59.0.3071.115"/>
         <property name="hostAddress" value="192.168.1.211"/>
         <property name="sessionId" value="215545c08f2d713eee03a87a8c682ccc"/>
         <property name="seleniumVersion" value="2.53.0"/>
         <property name="proxyInformation" value="ProxyInformation{proxyOption=NO_PROXY, proxyServerType=HTTP, password=, proxyServerAddress=, proxyServerPort=0}"/>
         <property name="platform" value="Windows 10"/>
      </properties>
      <testcase name="Test Cases/My Content/Global TestCases/Login Via Website" classname="Test Cases/My Content/Global TestCases/Login Via Website" status="PASSED">
         <system-out><![CDATA[2017-07-18 10:48:17 - [TEST_CASE][PASSED] - Test Cases/My Content/Global TestCases/Login Via Website: Test Cases/My Content/Global TestCases/Login Via Website

2017-07-18 10:48:19 - [TEST_STEP][PASSED] - openBrowser: Browser is opened with url: ''

2017-07-18 10:48:27 - [MESSAGE][PASSED] - Browser is opened with url: ''

2017-07-18 10:48:27 - [TEST_STEP][PASSED] - navigateToUrl: Navigate to 'http://releasetestjuly20a.force1.awdev.ca/user' successfully

2017-07-18 10:48:36 - [MESSAGE][PASSED] - Navigate to 'http://releasetestjuly20a.force1.awdev.ca/user' successfully

2017-07-18 10:48:36 - [TEST_STEP][PASSED] - maximizeWindow: Current window maximized

2017-07-18 10:48:37 - [MESSAGE][PASSED] - Current window maximized

2017-07-18 10:48:37 - [TEST_STEP][PASSED] - setText: Text 'releasetestjuly20a' is set on object 'Object Repository/Page_Log in  AW Force/input_name_Username'

2017-07-18 10:48:38 - [MESSAGE][PASSED] - Text 'releasetestjuly20a' is set on object 'Object Repository/Page_Log in  AW Force/input_name_Username'

2017-07-18 10:48:38 - [TEST_STEP][PASSED] - setText: Text 'welcome' is set on object 'Object Repository/Page_Log in  AW Force/input_pass_Password'

2017-07-18 10:48:39 - [MESSAGE][PASSED] - Text 'welcome' is set on object 'Object Repository/Page_Log in  AW Force/input_pass_Password'

2017-07-18 10:48:39 - [TEST_STEP][PASSED] - click: Object: 'Object Repository/Page_Log in  AW Force/input_op_Submit' is clicked on

2017-07-18 10:48:47 - [MESSAGE][PASSED] - Object: 'Object Repository/Page_Log in  AW Force/input_op_Submit' is clicked on

2017-07-18 10:48:47 - [TEST_STEP][PASSED] - waitForPageLoad: Wait for page load successfully

2017-07-18 10:48:47 - [MESSAGE][PASSED] - Wait for page load successfully]]></system-out>
         <system-err><![CDATA[]]></system-err>
      </testcase>
      <testcase name="Test Cases/My Content/Pages/Modal/Verify_Draft/Draft_Add" classname="Test Cases/My Content/Pages/Modal/Verify_Draft/Draft_Add" status="PASSED">
         <system-out><![CDATA[2017-07-18 10:48:48 - [TEST_CASE][PASSED] - Test Cases/My Content/Pages/Modal/Verify_Draft/Draft_Add: Test Cases/My Content/Pages/Modal/Verify_Draft/Draft_Add

2017-07-18 10:48:49 - [TEST_STEP][PASSED] - click: Object: 'Object Repository/Page_User dashboard  junetest2bda/a_MyContent' is clicked on

2017-07-18 10:49:12 - [MESSAGE][PASSED] - Object: 'Object Repository/Page_User dashboard  junetest2bda/a_MyContent' is clicked on

2017-07-18 10:49:12 - [TEST_STEP][PASSED] - click: Object: 'Object Repository/Page_Pages  junetest2bda/a_Add New' is clicked on

2017-07-18 10:49:13 - [MESSAGE][PASSED] - Object: 'Object Repository/Page_Pages  junetest2bda/a_Add New' is clicked on

2017-07-18 10:49:13 - [TEST_STEP][PASSED] - waitForElementPresent: Object 'Object Repository/Page_Pages  junetest2bda/Modal/div_ui-dialog ui-widget ui-wid_MyContentModal' is not present after 2 second(s)

2017-07-18 10:49:15 - [MESSAGE][WARNING] - Object 'Object Repository/Page_Pages  junetest2bda/Modal/div_ui-dialog ui-widget ui-wid_MyContentModal' is not present after 2 second(s)

2017-07-18 10:49:15 - [TEST_STEP][PASSED] - verifyElementPresent: Object 'Object Repository/Page_Pages  junetest2bda/Modal/div_ui-dialog ui-widget ui-wid_MyContentModal' is present

2017-07-18 10:49:16 - [MESSAGE][PASSED] - Object 'Object Repository/Page_Pages  junetest2bda/Modal/div_ui-dialog ui-widget ui-wid_MyContentModal' is present

2017-07-18 10:49:16 - [TEST_STEP][PASSED] - setText: Text 'Test Draft 1' is set on object 'Object Repository/Page_Pages  junetest2bda/Modal/input_title0value_Title'

2017-07-18 10:49:17 - [MESSAGE][PASSED] - Text 'Test Draft 1' is set on object 'Object Repository/Page_Pages  junetest2bda/Modal/input_title0value_Title'

2017-07-18 10:49:17 - [TEST_STEP][PASSED] - switchToFrame: Switched to iframe: 'Object Repository/Page_Pages  junetest2bda/Modal/iframe_cke_wysiwyg_frame cke_r (2)'

2017-07-18 10:49:17 - [TEST_STEP][PASSED] - setText: Text 'This is a Draft Test' is set on object 'Object Repository/Page_Pages  junetest2bda/Modal/p'

2017-07-18 10:49:18 - [MESSAGE][PASSED] - Text 'This is a Draft Test' is set on object 'Object Repository/Page_Pages  junetest2bda/Modal/p'

2017-07-18 10:49:18 - [TEST_STEP][PASSED] - switchToDefaultContent: Switching to default content

2017-07-18 10:49:18 - [TEST_STEP][PASSED] - verifyElementClickable: Object 'Object Repository/Page_Pages  junetest2bda/Modal/button_SaveasDraft' is clickable

2017-07-18 10:49:18 - [MESSAGE][PASSED] - Object 'Object Repository/Page_Pages  junetest2bda/Modal/button_SaveasDraft' is clickable

2017-07-18 10:49:18 - [TEST_STEP][PASSED] - click: Object: 'Object Repository/Page_Pages  junetest2bda/Modal/button_SaveasDraft' is clicked on

2017-07-18 10:49:56 - [MESSAGE][PASSED] - Object: 'Object Repository/Page_Pages  junetest2bda/Modal/button_SaveasDraft' is clicked on

2017-07-18 10:49:56 - [TEST_STEP][PASSED] - waitForPageLoad: Wait for page load successfully

2017-07-18 10:49:56 - [MESSAGE][PASSED] - Wait for page load successfully

2017-07-18 10:49:56 - [TEST_STEP][PASSED] - switchToFrame: Switched to iframe: 'Object Repository/Page_Preview  junetest2bda/iframe_website-preview'

2017-07-18 10:49:56 - [TEST_STEP][PASSED] - Statement - actual_title = com.kms.katalon.core.webui.keyword.WebUiBuiltInKeywords.getText(com.kms.katalon.core.testobject.ObjectRepository.findTestObject(Page_Preview  junetest2bda/span_Test Draft 1)): Text of object 'Object Repository/Page_Preview  junetest2bda/span_Test Draft 1' is: 'TEST DRAFT 1'

2017-07-18 10:49:56 - [MESSAGE][PASSED] - Text of object 'Object Repository/Page_Preview  junetest2bda/span_Test Draft 1' is: 'TEST DRAFT 1'

2017-07-18 10:49:56 - [TEST_STEP][PASSED] - verifyMatch: Actual text 'TEST DRAFT 1' and expected text 'TEST DRAFT 1' are matched  using regular expression

2017-07-18 10:49:56 - [MESSAGE][PASSED] - Actual text 'TEST DRAFT 1' and expected text 'TEST DRAFT 1' are matched  using regular expression

2017-07-18 10:49:56 - [TEST_STEP][PASSED] - Statement - actual_text = com.kms.katalon.core.webui.keyword.WebUiBuiltInKeywords.getText(com.kms.katalon.core.testobject.ObjectRepository.findTestObject(Page_Preview  junetest2bda/p_This is a Draft Test)): Text of object 'Object Repository/Page_Preview  junetest2bda/p_This is a Draft Test' is: 'This is a Draft Test'

2017-07-18 10:49:56 - [MESSAGE][PASSED] - Text of object 'Object Repository/Page_Preview  junetest2bda/p_This is a Draft Test' is: 'This is a Draft Test'

2017-07-18 10:49:56 - [TEST_STEP][PASSED] - verifyMatch: Actual text 'This is a Draft Test' and expected text 'This is a Draft Test' are matched  using regular expression

2017-07-18 10:49:56 - [MESSAGE][PASSED] - Actual text 'This is a Draft Test' and expected text 'This is a Draft Test' are matched  using regular expression

2017-07-18 10:49:56 - [TEST_STEP][PASSED] - switchToDefaultContent: Switching to default content]]></system-out>
         <system-err><![CDATA[]]></system-err>
      </testcase>
      <testcase name="Test Cases/My Content/Pages/Modal/Verify_Draft/Draft_Edit1" classname="Test Cases/My Content/Pages/Modal/Verify_Draft/Draft_Edit1" status="PASSED">
         <system-out><![CDATA[2017-07-18 10:49:56 - [TEST_CASE][PASSED] - Test Cases/My Content/Pages/Modal/Verify_Draft/Draft_Edit1: Test Cases/My Content/Pages/Modal/Verify_Draft/Draft_Edit1

2017-07-18 10:49:57 - [TEST_STEP][PASSED] - click: Object: 'Object Repository/Page_User dashboard  junetest2bda/a_MyContent' is clicked on

2017-07-18 10:50:00 - [MESSAGE][PASSED] - Object: 'Object Repository/Page_User dashboard  junetest2bda/a_MyContent' is clicked on

2017-07-18 10:50:00 - [TEST_STEP][PASSED] - click: Object: 'Object Repository/Page_Pages  junetest2bda/a_Edit' is clicked on

2017-07-18 10:50:01 - [MESSAGE][PASSED] - Object: 'Object Repository/Page_Pages  junetest2bda/a_Edit' is clicked on

2017-07-18 10:50:01 - [TEST_STEP][PASSED] - waitForElementPresent: Object 'Object Repository/Page_Pages  junetest2bda/Modal/div_ui-dialog ui-widget ui-wid_MyContentModal' is present

2017-07-18 10:50:04 - [MESSAGE][PASSED] - Object 'Object Repository/Page_Pages  junetest2bda/Modal/div_ui-dialog ui-widget ui-wid_MyContentModal' is present

2017-07-18 10:50:04 - [TEST_STEP][PASSED] - verifyElementPresent: Object 'Object Repository/Page_Pages  junetest2bda/Modal/div_ui-dialog ui-widget ui-wid_MyContentModal' is present

2017-07-18 10:50:05 - [MESSAGE][PASSED] - Object 'Object Repository/Page_Pages  junetest2bda/Modal/div_ui-dialog ui-widget ui-wid_MyContentModal' is present

2017-07-18 10:50:05 - [TEST_STEP][PASSED] - setText: Text 'Test Draft Edit 1' is set on object 'Object Repository/Page_Pages  junetest2bda/Modal/input_title0value_Title'

2017-07-18 10:50:06 - [MESSAGE][PASSED] - Text 'Test Draft Edit 1' is set on object 'Object Repository/Page_Pages  junetest2bda/Modal/input_title0value_Title'

2017-07-18 10:50:06 - [TEST_STEP][PASSED] - switchToFrame: Switched to iframe: 'Object Repository/Page_Pages  junetest2bda/Modal/iframe_cke_wysiwyg_frame cke_r (2)'

2017-07-18 10:50:06 - [TEST_STEP][PASSED] - setText: Text 'This is a Draft Edit Test' is set on object 'Object Repository/Page_Pages  junetest2bda/Modal/p'

2017-07-18 10:50:06 - [MESSAGE][PASSED] - Text 'This is a Draft Edit Test' is set on object 'Object Repository/Page_Pages  junetest2bda/Modal/p'

2017-07-18 10:50:06 - [TEST_STEP][PASSED] - switchToDefaultContent: Switching to default content

2017-07-18 10:50:06 - [TEST_STEP][PASSED] - verifyElementClickable: Object 'Object Repository/Page_Pages  junetest2bda/Modal/button_SaveasDraft' is clickable

2017-07-18 10:50:07 - [MESSAGE][PASSED] - Object 'Object Repository/Page_Pages  junetest2bda/Modal/button_SaveasDraft' is clickable

2017-07-18 10:50:07 - [TEST_STEP][PASSED] - click: Object: 'Object Repository/Page_Pages  junetest2bda/Modal/button_SaveasDraft' is clicked on

2017-07-18 10:50:28 - [MESSAGE][PASSED] - Object: 'Object Repository/Page_Pages  junetest2bda/Modal/button_SaveasDraft' is clicked on

2017-07-18 10:50:28 - [TEST_STEP][PASSED] - click: Object: 'Object Repository/Page_Pages  junetest2bda/a_Test Draft 1' is clicked on

2017-07-18 10:50:47 - [MESSAGE][PASSED] - Object: 'Object Repository/Page_Pages  junetest2bda/a_Test Draft 1' is clicked on

2017-07-18 10:50:47 - [TEST_STEP][PASSED] - waitForPageLoad: Wait for page load successfully

2017-07-18 10:50:48 - [MESSAGE][PASSED] - Wait for page load successfully

2017-07-18 10:50:48 - [TEST_STEP][PASSED] - switchToFrame: Switched to iframe: 'Object Repository/Page_Preview  junetest2bda/iframe_website-preview'

2017-07-18 10:50:48 - [TEST_STEP][PASSED] - Statement - actual_title = com.kms.katalon.core.webui.keyword.WebUiBuiltInKeywords.getText(com.kms.katalon.core.testobject.ObjectRepository.findTestObject(Page_Preview  junetest2bda/span_Test Draft 1)): Text of object 'Object Repository/Page_Preview  junetest2bda/span_Test Draft 1' is: 'TEST DRAFT EDIT 1'

2017-07-18 10:50:48 - [MESSAGE][PASSED] - Text of object 'Object Repository/Page_Preview  junetest2bda/span_Test Draft 1' is: 'TEST DRAFT EDIT 1'

2017-07-18 10:50:48 - [TEST_STEP][PASSED] - verifyMatch: Actual text 'TEST DRAFT EDIT 1' and expected text 'TEST DRAFT EDIT 1' are matched  using regular expression

2017-07-18 10:50:48 - [MESSAGE][PASSED] - Actual text 'TEST DRAFT EDIT 1' and expected text 'TEST DRAFT EDIT 1' are matched  using regular expression

2017-07-18 10:50:48 - [TEST_STEP][NOT_RUN] - Statement - actual_text = com.kms.katalon.core.webui.keyword.WebUiBuiltInKeywords.getText(com.kms.katalon.core.testobject.ObjectRepository.findTestObject(Page_Preview  junetest2bda/p_This is a Draft Test)): NOT_RUN: Statement - actual_text = com.kms.katalon.core.webui.keyword.WebUiBuiltInKeywords.getText(com.kms.katalon.core.testobject.ObjectRepository.findTestObject(Page_Preview  junetest2bda/p_This is a Draft Test))

2017-07-18 10:50:48 - [MESSAGE][NOT_RUN] - NOT_RUN: Statement - actual_text = com.kms.katalon.core.webui.keyword.WebUiBuiltInKeywords.getText(com.kms.katalon.core.testobject.ObjectRepository.findTestObject(Page_Preview  junetest2bda/p_This is a Draft Test))

2017-07-18 10:50:48 - [TEST_STEP][NOT_RUN] - verifyMatch: NOT_RUN: verifyMatch

2017-07-18 10:50:48 - [MESSAGE][NOT_RUN] - NOT_RUN: verifyMatch

2017-07-18 10:50:48 - [TEST_STEP][PASSED] - switchToDefaultContent: Switching to default content]]></system-out>
         <system-err><![CDATA[]]></system-err>
      </testcase>
      <testcase name="Test Cases/My Content/Pages/Modal/Verify_Draft/Draft_Add_Delete" classname="Test Cases/My Content/Pages/Modal/Verify_Draft/Draft_Add_Delete" status="PASSED">
         <system-out><![CDATA[2017-07-18 10:50:48 - [TEST_CASE][PASSED] - Test Cases/My Content/Pages/Modal/Verify_Draft/Draft_Add_Delete: Test Cases/My Content/Pages/Modal/Verify_Draft/Draft_Add_Delete

2017-07-18 10:50:49 - [TEST_STEP][PASSED] - click: Object: 'Object Repository/Page_User dashboard  junetest2bda/a_MyContent' is clicked on

2017-07-18 10:50:52 - [MESSAGE][PASSED] - Object: 'Object Repository/Page_User dashboard  junetest2bda/a_MyContent' is clicked on

2017-07-18 10:50:52 - [TEST_STEP][PASSED] - click: Object: 'Object Repository/Page_Pages  junetest2bda/a_Add New' is clicked on

2017-07-18 10:50:53 - [MESSAGE][PASSED] - Object: 'Object Repository/Page_Pages  junetest2bda/a_Add New' is clicked on

2017-07-18 10:50:53 - [TEST_STEP][PASSED] - waitForElementPresent: Object 'Object Repository/Page_Pages  junetest2bda/Modal/div_ui-dialog ui-widget ui-wid_MyContentModal' is not present after 2 second(s)

2017-07-18 10:50:57 - [MESSAGE][WARNING] - Object 'Object Repository/Page_Pages  junetest2bda/Modal/div_ui-dialog ui-widget ui-wid_MyContentModal' is not present after 2 second(s)

2017-07-18 10:50:57 - [TEST_STEP][PASSED] - verifyElementPresent: Object 'Object Repository/Page_Pages  junetest2bda/Modal/div_ui-dialog ui-widget ui-wid_MyContentModal' is present

2017-07-18 10:50:57 - [MESSAGE][PASSED] - Object 'Object Repository/Page_Pages  junetest2bda/Modal/div_ui-dialog ui-widget ui-wid_MyContentModal' is present

2017-07-18 10:50:57 - [TEST_STEP][PASSED] - setText: Text 'Test Draft Page Delete 1' is set on object 'Object Repository/Page_Pages  junetest2bda/Modal/input_title0value_Title'

2017-07-18 10:50:58 - [MESSAGE][PASSED] - Text 'Test Draft Page Delete 1' is set on object 'Object Repository/Page_Pages  junetest2bda/Modal/input_title0value_Title'

2017-07-18 10:50:58 - [TEST_STEP][PASSED] - verifyElementClickable: Object 'Object Repository/Page_Pages  junetest2bda/Modal/button_SaveasDraft' is clickable

2017-07-18 10:50:58 - [MESSAGE][PASSED] - Object 'Object Repository/Page_Pages  junetest2bda/Modal/button_SaveasDraft' is clickable

2017-07-18 10:50:58 - [TEST_STEP][PASSED] - click: Object: 'Object Repository/Page_Pages  junetest2bda/Modal/button_SaveasDraft' is clicked on

2017-07-18 10:51:21 - [MESSAGE][PASSED] - Object: 'Object Repository/Page_Pages  junetest2bda/Modal/button_SaveasDraft' is clicked on

2017-07-18 10:51:21 - [TEST_STEP][PASSED] - waitForPageLoad: Wait for page load successfully

2017-07-18 10:51:22 - [MESSAGE][PASSED] - Wait for page load successfully

2017-07-18 10:51:22 - [TEST_STEP][PASSED] - click: Object: 'Object Repository/Page_User dashboard  junetest2bda/a_MyContent' is clicked on

2017-07-18 10:51:42 - [MESSAGE][PASSED] - Object: 'Object Repository/Page_User dashboard  junetest2bda/a_MyContent' is clicked on

2017-07-18 10:51:42 - [TEST_STEP][PASSED] - click: Object: 'Object Repository/Page_Pages  junetest2bda/a_Delete' is clicked on

2017-07-18 10:51:43 - [MESSAGE][PASSED] - Object: 'Object Repository/Page_Pages  junetest2bda/a_Delete' is clicked on

2017-07-18 10:51:43 - [TEST_STEP][PASSED] - click: Object: 'Object Repository/Page_User dashboard  junetest2bda/Delete Modal/button_Delete' is clicked on

2017-07-18 10:51:44 - [MESSAGE][PASSED] - Object: 'Object Repository/Page_User dashboard  junetest2bda/Delete Modal/button_Delete' is clicked on

2017-07-18 10:51:44 - [TEST_STEP][PASSED] - waitForElementNotPresent: Web element with id: 'Object Repository/Page_User dashboard  junetest2bda/Delete Modal/div_ui-dialog ui-widget ui-wid' located by 'By.xpath: //div[count(. | /html[@class="touchevents details js wf-lato-n4-active wf-active"]/body[@class="layout-no-sidebars has-featured-top user-logged-in path-dashboard off-canvas-wrap"]/div[@class="ui-dialog ui-widget ui-widget-content ui-corner-all ui-front ui-dialog-buttons"]) = count(/html[@class="touchevents details js wf-lato-n4-active wf-active"]/body[@class="layout-no-sidebars has-featured-top user-logged-in path-dashboard off-canvas-wrap"]/div[@class="ui-dialog ui-widget ui-widget-content ui-corner-all ui-front ui-dialog-buttons"])]' is not present after '2' second(s)

2017-07-18 10:52:19 - [MESSAGE][PASSED] - Web element with id: 'Object Repository/Page_User dashboard  junetest2bda/Delete Modal/div_ui-dialog ui-widget ui-wid' located by 'By.xpath: //div[count(. | /html[@class="touchevents details js wf-lato-n4-active wf-active"]/body[@class="layout-no-sidebars has-featured-top user-logged-in path-dashboard off-canvas-wrap"]/div[@class="ui-dialog ui-widget ui-widget-content ui-corner-all ui-front ui-dialog-buttons"]) = count(/html[@class="touchevents details js wf-lato-n4-active wf-active"]/body[@class="layout-no-sidebars has-featured-top user-logged-in path-dashboard off-canvas-wrap"]/div[@class="ui-dialog ui-widget ui-widget-content ui-corner-all ui-front ui-dialog-buttons"])]' is not present after '2' second(s)

2017-07-18 10:52:19 - [TEST_STEP][PASSED] - verifyElementNotPresent: Web element with id: 'Object Repository/Page_User dashboard  junetest2bda/Delete Modal/div_ui-dialog ui-widget ui-wid' located by 'By.xpath: //div[count(. | /html[@class="touchevents details js wf-lato-n4-active wf-active"]/body[@class="layout-no-sidebars has-featured-top user-logged-in path-dashboard off-canvas-wrap"]/div[@class="ui-dialog ui-widget ui-widget-content ui-corner-all ui-front ui-dialog-buttons"]) = count(/html[@class="touchevents details js wf-lato-n4-active wf-active"]/body[@class="layout-no-sidebars has-featured-top user-logged-in path-dashboard off-canvas-wrap"]/div[@class="ui-dialog ui-widget ui-widget-content ui-corner-all ui-front ui-dialog-buttons"])]' is not present after '2' second(s)

2017-07-18 10:52:19 - [MESSAGE][PASSED] - Web element with id: 'Object Repository/Page_User dashboard  junetest2bda/Delete Modal/div_ui-dialog ui-widget ui-wid' located by 'By.xpath: //div[count(. | /html[@class="touchevents details js wf-lato-n4-active wf-active"]/body[@class="layout-no-sidebars has-featured-top user-logged-in path-dashboard off-canvas-wrap"]/div[@class="ui-dialog ui-widget ui-widget-content ui-corner-all ui-front ui-dialog-buttons"]) = count(/html[@class="touchevents details js wf-lato-n4-active wf-active"]/body[@class="layout-no-sidebars has-featured-top user-logged-in path-dashboard off-canvas-wrap"]/div[@class="ui-dialog ui-widget ui-widget-content ui-corner-all ui-front ui-dialog-buttons"])]' is not present after '2' second(s)

2017-07-18 10:52:19 - [TEST_STEP][PASSED] - waitForPageLoad: Wait for page load successfully

2017-07-18 10:52:19 - [MESSAGE][PASSED] - Wait for page load successfully

2017-07-18 10:52:19 - [TEST_STEP][PASSED] - click: Object: 'Object Repository/Page_User dashboard  junetest2bda/a_MyContent' is clicked on

2017-07-18 10:52:39 - [MESSAGE][PASSED] - Object: 'Object Repository/Page_User dashboard  junetest2bda/a_MyContent' is clicked on

2017-07-18 10:52:39 - [TEST_STEP][NOT_RUN] - verifyTextNotPresent: NOT_RUN: verifyTextNotPresent

2017-07-18 10:52:39 - [MESSAGE][NOT_RUN] - NOT_RUN: verifyTextNotPresent]]></system-out>
         <system-err><![CDATA[]]></system-err>
      </testcase>
      <testcase name="Test Cases/My Content/Pages/Modal/Verify_Send_to_review/Send_to_review_Add" classname="Test Cases/My Content/Pages/Modal/Verify_Send_to_review/Send_to_review_Add" status="PASSED">
         <system-out><![CDATA[2017-07-18 10:52:39 - [TEST_CASE][PASSED] - Test Cases/My Content/Pages/Modal/Verify_Send_to_review/Send_to_review_Add: Test Cases/My Content/Pages/Modal/Verify_Send_to_review/Send_to_review_Add

2017-07-18 10:52:39 - [TEST_STEP][PASSED] - click: Object: 'Object Repository/Page_User dashboard  junetest2bda/a_MyContent' is clicked on

2017-07-18 10:52:40 - [MESSAGE][PASSED] - Object: 'Object Repository/Page_User dashboard  junetest2bda/a_MyContent' is clicked on

2017-07-18 10:52:40 - [TEST_STEP][PASSED] - click: Object: 'Object Repository/Page_Pages  junetest2bda/a_Add New' is clicked on

2017-07-18 10:52:40 - [MESSAGE][PASSED] - Object: 'Object Repository/Page_Pages  junetest2bda/a_Add New' is clicked on

2017-07-18 10:52:40 - [TEST_STEP][PASSED] - waitForElementPresent: Object 'Object Repository/Page_Pages  junetest2bda/Modal/div_ui-dialog ui-widget ui-wid_MyContentModal' is present

2017-07-18 10:52:42 - [MESSAGE][PASSED] - Object 'Object Repository/Page_Pages  junetest2bda/Modal/div_ui-dialog ui-widget ui-wid_MyContentModal' is present

2017-07-18 10:52:42 - [TEST_STEP][PASSED] - verifyElementPresent: Object 'Object Repository/Page_Pages  junetest2bda/Modal/div_ui-dialog ui-widget ui-wid_MyContentModal' is present

2017-07-18 10:52:42 - [MESSAGE][PASSED] - Object 'Object Repository/Page_Pages  junetest2bda/Modal/div_ui-dialog ui-widget ui-wid_MyContentModal' is present

2017-07-18 10:52:42 - [TEST_STEP][PASSED] - setText: Text 'Test Send to Review 1' is set on object 'Object Repository/Page_Pages  junetest2bda/Modal/input_title0value_Title'

2017-07-18 10:52:43 - [MESSAGE][PASSED] - Text 'Test Send to Review 1' is set on object 'Object Repository/Page_Pages  junetest2bda/Modal/input_title0value_Title'

2017-07-18 10:52:43 - [TEST_STEP][PASSED] - switchToFrame: Switched to iframe: 'Object Repository/Page_Pages  junetest2bda/Modal/iframe_cke_wysiwyg_frame cke_r (2)'

2017-07-18 10:52:43 - [TEST_STEP][PASSED] - setText: Text 'This page is directly sent to review' is set on object 'Object Repository/Page_Pages  junetest2bda/Modal/p'

2017-07-18 10:52:44 - [MESSAGE][PASSED] - Text 'This page is directly sent to review' is set on object 'Object Repository/Page_Pages  junetest2bda/Modal/p'

2017-07-18 10:52:44 - [TEST_STEP][PASSED] - switchToDefaultContent: Switching to default content

2017-07-18 10:52:44 - [TEST_STEP][PASSED] - verifyElementClickable: Object 'Object Repository/Page_Pages  junetest2bda/Modal/button_SendtoReview' is clickable

2017-07-18 10:52:44 - [MESSAGE][PASSED] - Object 'Object Repository/Page_Pages  junetest2bda/Modal/button_SendtoReview' is clickable

2017-07-18 10:52:44 - [TEST_STEP][PASSED] - click: Object: 'Object Repository/Page_Pages  junetest2bda/Modal/button_SendtoReview' is clicked on

2017-07-18 10:53:19 - [MESSAGE][PASSED] - Object: 'Object Repository/Page_Pages  junetest2bda/Modal/button_SendtoReview' is clicked on

2017-07-18 10:53:19 - [TEST_STEP][PASSED] - waitForPageLoad: Wait for page load successfully

2017-07-18 10:53:19 - [MESSAGE][PASSED] - Wait for page load successfully

2017-07-18 10:53:19 - [TEST_STEP][PASSED] - switchToFrame: Switched to iframe: 'Object Repository/Page_Preview  junetest2bda/iframe_website-preview'

2017-07-18 10:53:19 - [TEST_STEP][PASSED] - Statement - actual_title = com.kms.katalon.core.webui.keyword.WebUiBuiltInKeywords.getText(com.kms.katalon.core.testobject.ObjectRepository.findTestObject(Page_Preview  junetest2bda/span_Test Draft 1)): Text of object 'Object Repository/Page_Preview  junetest2bda/span_Test Draft 1' is: 'TEST SEND TO REVIEW 1'

2017-07-18 10:53:19 - [MESSAGE][PASSED] - Text of object 'Object Repository/Page_Preview  junetest2bda/span_Test Draft 1' is: 'TEST SEND TO REVIEW 1'

2017-07-18 10:53:19 - [TEST_STEP][PASSED] - verifyMatch: Actual text 'TEST SEND TO REVIEW 1' and expected text 'TEST SEND TO REVIEW 1' are matched  using regular expression

2017-07-18 10:53:19 - [MESSAGE][PASSED] - Actual text 'TEST SEND TO REVIEW 1' and expected text 'TEST SEND TO REVIEW 1' are matched  using regular expression

2017-07-18 10:53:19 - [TEST_STEP][NOT_RUN] - Statement - actual_text = com.kms.katalon.core.webui.keyword.WebUiBuiltInKeywords.getText(com.kms.katalon.core.testobject.ObjectRepository.findTestObject(Page_Preview  junetest2bda/p_This is a Draft Test)): NOT_RUN: Statement - actual_text = com.kms.katalon.core.webui.keyword.WebUiBuiltInKeywords.getText(com.kms.katalon.core.testobject.ObjectRepository.findTestObject(Page_Preview  junetest2bda/p_This is a Draft Test))

2017-07-18 10:53:19 - [MESSAGE][NOT_RUN] - NOT_RUN: Statement - actual_text = com.kms.katalon.core.webui.keyword.WebUiBuiltInKeywords.getText(com.kms.katalon.core.testobject.ObjectRepository.findTestObject(Page_Preview  junetest2bda/p_This is a Draft Test))

2017-07-18 10:53:19 - [TEST_STEP][NOT_RUN] - verifyMatch: NOT_RUN: verifyMatch

2017-07-18 10:53:19 - [MESSAGE][NOT_RUN] - NOT_RUN: verifyMatch

2017-07-18 10:53:19 - [TEST_STEP][PASSED] - switchToDefaultContent: Switching to default content

2017-07-18 10:53:19 - [TEST_STEP][PASSED] - click: Object: 'Object Repository/Page_User dashboard  junetest2bda/Compliance Menu/a_Send to Compliance (31)' is clicked on

2017-07-18 10:53:19 - [MESSAGE][PASSED] - Object: 'Object Repository/Page_User dashboard  junetest2bda/Compliance Menu/a_Send to Compliance (31)' is clicked on]]></system-out>
         <system-err><![CDATA[]]></system-err>
      </testcase>
      <testcase name="Test Cases/My Content/Pages/Modal/Verify_Send_to_review/Send_to_review_Add" classname="Test Cases/My Content/Pages/Modal/Verify_Send_to_review/Send_to_review_Add" status="PASSED">
         <system-out><![CDATA[2017-07-18 10:53:19 - [TEST_CASE][PASSED] - Test Cases/My Content/Pages/Modal/Verify_Send_to_review/Send_to_review_Add: Test Cases/My Content/Pages/Modal/Verify_Send_to_review/Send_to_review_Add

2017-07-18 10:53:19 - [TEST_STEP][PASSED] - click: Object: 'Object Repository/Page_User dashboard  junetest2bda/a_MyContent' is clicked on

2017-07-18 10:53:38 - [MESSAGE][PASSED] - Object: 'Object Repository/Page_User dashboard  junetest2bda/a_MyContent' is clicked on

2017-07-18 10:53:38 - [TEST_STEP][PASSED] - click: Object: 'Object Repository/Page_Pages  junetest2bda/a_Add New' is clicked on

2017-07-18 10:53:38 - [MESSAGE][PASSED] - Object: 'Object Repository/Page_Pages  junetest2bda/a_Add New' is clicked on

2017-07-18 10:53:38 - [TEST_STEP][PASSED] - waitForElementPresent: Object 'Object Repository/Page_Pages  junetest2bda/Modal/div_ui-dialog ui-widget ui-wid_MyContentModal' is present

2017-07-18 10:53:41 - [MESSAGE][PASSED] - Object 'Object Repository/Page_Pages  junetest2bda/Modal/div_ui-dialog ui-widget ui-wid_MyContentModal' is present

2017-07-18 10:53:41 - [TEST_STEP][PASSED] - verifyElementPresent: Object 'Object Repository/Page_Pages  junetest2bda/Modal/div_ui-dialog ui-widget ui-wid_MyContentModal' is present

2017-07-18 10:53:41 - [MESSAGE][PASSED] - Object 'Object Repository/Page_Pages  junetest2bda/Modal/div_ui-dialog ui-widget ui-wid_MyContentModal' is present

2017-07-18 10:53:41 - [TEST_STEP][PASSED] - setText: Text 'Test Send to Review 1' is set on object 'Object Repository/Page_Pages  junetest2bda/Modal/input_title0value_Title'

2017-07-18 10:53:42 - [MESSAGE][PASSED] - Text 'Test Send to Review 1' is set on object 'Object Repository/Page_Pages  junetest2bda/Modal/input_title0value_Title'

2017-07-18 10:53:42 - [TEST_STEP][PASSED] - switchToFrame: Switched to iframe: 'Object Repository/Page_Pages  junetest2bda/Modal/iframe_cke_wysiwyg_frame cke_r (2)'

2017-07-18 10:53:43 - [TEST_STEP][PASSED] - setText: Text 'This page is directly sent to review' is set on object 'Object Repository/Page_Pages  junetest2bda/Modal/p'

2017-07-18 10:53:43 - [MESSAGE][PASSED] - Text 'This page is directly sent to review' is set on object 'Object Repository/Page_Pages  junetest2bda/Modal/p'

2017-07-18 10:53:43 - [TEST_STEP][PASSED] - switchToDefaultContent: Switching to default content

2017-07-18 10:53:43 - [TEST_STEP][PASSED] - verifyElementClickable: Object 'Object Repository/Page_Pages  junetest2bda/Modal/button_SendtoReview' is clickable

2017-07-18 10:53:43 - [MESSAGE][PASSED] - Object 'Object Repository/Page_Pages  junetest2bda/Modal/button_SendtoReview' is clickable

2017-07-18 10:53:43 - [TEST_STEP][PASSED] - click: Object: 'Object Repository/Page_Pages  junetest2bda/Modal/button_SendtoReview' is clicked on

2017-07-18 10:54:19 - [MESSAGE][PASSED] - Object: 'Object Repository/Page_Pages  junetest2bda/Modal/button_SendtoReview' is clicked on

2017-07-18 10:54:19 - [TEST_STEP][PASSED] - waitForPageLoad: Wait for page load successfully

2017-07-18 10:54:19 - [MESSAGE][PASSED] - Wait for page load successfully

2017-07-18 10:54:19 - [TEST_STEP][PASSED] - switchToFrame: Switched to iframe: 'Object Repository/Page_Preview  junetest2bda/iframe_website-preview'

2017-07-18 10:54:19 - [TEST_STEP][PASSED] - Statement - actual_title = com.kms.katalon.core.webui.keyword.WebUiBuiltInKeywords.getText(com.kms.katalon.core.testobject.ObjectRepository.findTestObject(Page_Preview  junetest2bda/span_Test Draft 1)): Text of object 'Object Repository/Page_Preview  junetest2bda/span_Test Draft 1' is: 'TEST SEND TO REVIEW 1'

2017-07-18 10:54:19 - [MESSAGE][PASSED] - Text of object 'Object Repository/Page_Preview  junetest2bda/span_Test Draft 1' is: 'TEST SEND TO REVIEW 1'

2017-07-18 10:54:19 - [TEST_STEP][PASSED] - verifyMatch: Actual text 'TEST SEND TO REVIEW 1' and expected text 'TEST SEND TO REVIEW 1' are matched  using regular expression

2017-07-18 10:54:19 - [MESSAGE][PASSED] - Actual text 'TEST SEND TO REVIEW 1' and expected text 'TEST SEND TO REVIEW 1' are matched  using regular expression

2017-07-18 10:54:19 - [TEST_STEP][NOT_RUN] - Statement - actual_text = com.kms.katalon.core.webui.keyword.WebUiBuiltInKeywords.getText(com.kms.katalon.core.testobject.ObjectRepository.findTestObject(Page_Preview  junetest2bda/p_This is a Draft Test)): NOT_RUN: Statement - actual_text = com.kms.katalon.core.webui.keyword.WebUiBuiltInKeywords.getText(com.kms.katalon.core.testobject.ObjectRepository.findTestObject(Page_Preview  junetest2bda/p_This is a Draft Test))

2017-07-18 10:54:19 - [MESSAGE][NOT_RUN] - NOT_RUN: Statement - actual_text = com.kms.katalon.core.webui.keyword.WebUiBuiltInKeywords.getText(com.kms.katalon.core.testobject.ObjectRepository.findTestObject(Page_Preview  junetest2bda/p_This is a Draft Test))

2017-07-18 10:54:19 - [TEST_STEP][NOT_RUN] - verifyMatch: NOT_RUN: verifyMatch

2017-07-18 10:54:19 - [MESSAGE][NOT_RUN] - NOT_RUN: verifyMatch

2017-07-18 10:54:19 - [TEST_STEP][PASSED] - switchToDefaultContent: Switching to default content

2017-07-18 10:54:19 - [TEST_STEP][PASSED] - click: Object: 'Object Repository/Page_User dashboard  junetest2bda/Compliance Menu/a_Send to Compliance (31)' is clicked on

2017-07-18 10:54:20 - [MESSAGE][PASSED] - Object: 'Object Repository/Page_User dashboard  junetest2bda/Compliance Menu/a_Send to Compliance (31)' is clicked on]]></system-out>
         <system-err><![CDATA[]]></system-err>
      </testcase>
      <testcase name="Test Cases/My Content/Pages/Modal/Verify_Send_to_review/Send_to_review_Edit" classname="Test Cases/My Content/Pages/Modal/Verify_Send_to_review/Send_to_review_Edit" status="PASSED">
         <system-out><![CDATA[2017-07-18 10:54:20 - [TEST_CASE][PASSED] - Test Cases/My Content/Pages/Modal/Verify_Send_to_review/Send_to_review_Edit: Test Cases/My Content/Pages/Modal/Verify_Send_to_review/Send_to_review_Edit

2017-07-18 10:54:20 - [TEST_STEP][PASSED] - click: Object: 'Object Repository/Page_User dashboard  junetest2bda/a_MyContent' is clicked on

2017-07-18 10:54:39 - [MESSAGE][PASSED] - Object: 'Object Repository/Page_User dashboard  junetest2bda/a_MyContent' is clicked on

2017-07-18 10:54:39 - [TEST_STEP][PASSED] - click: Object: 'Object Repository/Page_Pages  junetest2bda/a_Edit' is clicked on

2017-07-18 10:54:40 - [MESSAGE][PASSED] - Object: 'Object Repository/Page_Pages  junetest2bda/a_Edit' is clicked on

2017-07-18 10:54:40 - [TEST_STEP][PASSED] - waitForElementPresent: Object 'Object Repository/Page_Pages  junetest2bda/Modal/div_ui-dialog ui-widget ui-wid_MyContentModal' is present

2017-07-18 10:54:43 - [MESSAGE][PASSED] - Object 'Object Repository/Page_Pages  junetest2bda/Modal/div_ui-dialog ui-widget ui-wid_MyContentModal' is present

2017-07-18 10:54:43 - [TEST_STEP][PASSED] - verifyElementPresent: Object 'Object Repository/Page_Pages  junetest2bda/Modal/div_ui-dialog ui-widget ui-wid_MyContentModal' is present

2017-07-18 10:54:44 - [MESSAGE][PASSED] - Object 'Object Repository/Page_Pages  junetest2bda/Modal/div_ui-dialog ui-widget ui-wid_MyContentModal' is present

2017-07-18 10:54:44 - [TEST_STEP][PASSED] - setText: Text 'Test Send to Review Edit 1' is set on object 'Object Repository/Page_Pages  junetest2bda/Modal/input_title0value_Title'

2017-07-18 10:54:45 - [MESSAGE][PASSED] - Text 'Test Send to Review Edit 1' is set on object 'Object Repository/Page_Pages  junetest2bda/Modal/input_title0value_Title'

2017-07-18 10:54:45 - [TEST_STEP][PASSED] - switchToFrame: Switched to iframe: 'Object Repository/Page_Pages  junetest2bda/Modal/iframe_cke_wysiwyg_frame cke_r (2)'

2017-07-18 10:54:45 - [TEST_STEP][PASSED] - setText: Text 'Send to view page is edited' is set on object 'Object Repository/Page_Pages  junetest2bda/Modal/p'

2017-07-18 10:54:45 - [MESSAGE][PASSED] - Text 'Send to view page is edited' is set on object 'Object Repository/Page_Pages  junetest2bda/Modal/p'

2017-07-18 10:54:45 - [TEST_STEP][PASSED] - switchToDefaultContent: Switching to default content

2017-07-18 10:54:45 - [TEST_STEP][PASSED] - verifyElementClickable: Object 'Object Repository/Page_Pages  junetest2bda/Modal/button_SendtoReview' is clickable

2017-07-18 10:54:45 - [MESSAGE][PASSED] - Object 'Object Repository/Page_Pages  junetest2bda/Modal/button_SendtoReview' is clickable

2017-07-18 10:54:45 - [TEST_STEP][PASSED] - click: Object: 'Object Repository/Page_Pages  junetest2bda/Modal/button_SendtoReview' is clicked on

2017-07-18 10:55:06 - [MESSAGE][PASSED] - Object: 'Object Repository/Page_Pages  junetest2bda/Modal/button_SendtoReview' is clicked on

2017-07-18 10:55:06 - [TEST_STEP][PASSED] - click: Object: 'Object Repository/Page_Pages  junetest2bda/a_Test Draft 1' is clicked on

2017-07-18 10:55:09 - [MESSAGE][PASSED] - Object: 'Object Repository/Page_Pages  junetest2bda/a_Test Draft 1' is clicked on

2017-07-18 10:55:09 - [TEST_STEP][PASSED] - waitForPageLoad: Wait for page load successfully

2017-07-18 10:55:11 - [MESSAGE][PASSED] - Wait for page load successfully

2017-07-18 10:55:11 - [TEST_STEP][PASSED] - switchToFrame: Switched to iframe: 'Object Repository/Page_Preview  junetest2bda/iframe_website-preview'

2017-07-18 10:55:11 - [TEST_STEP][NOT_RUN] - verifyTextPresent: NOT_RUN: verifyTextPresent

2017-07-18 10:55:11 - [MESSAGE][NOT_RUN] - NOT_RUN: verifyTextPresent

2017-07-18 10:55:11 - [TEST_STEP][NOT_RUN] - Statement - actual_text = com.kms.katalon.core.webui.keyword.WebUiBuiltInKeywords.getText(com.kms.katalon.core.testobject.ObjectRepository.findTestObject(Page_Preview  junetest2bda/p_This is a Draft Test)): NOT_RUN: Statement - actual_text = com.kms.katalon.core.webui.keyword.WebUiBuiltInKeywords.getText(com.kms.katalon.core.testobject.ObjectRepository.findTestObject(Page_Preview  junetest2bda/p_This is a Draft Test))

2017-07-18 10:55:11 - [MESSAGE][NOT_RUN] - NOT_RUN: Statement - actual_text = com.kms.katalon.core.webui.keyword.WebUiBuiltInKeywords.getText(com.kms.katalon.core.testobject.ObjectRepository.findTestObject(Page_Preview  junetest2bda/p_This is a Draft Test))

2017-07-18 10:55:11 - [TEST_STEP][NOT_RUN] - verifyMatch: NOT_RUN: verifyMatch

2017-07-18 10:55:11 - [MESSAGE][NOT_RUN] - NOT_RUN: verifyMatch

2017-07-18 10:55:11 - [TEST_STEP][PASSED] - switchToDefaultContent: Switching to default content

2017-07-18 10:55:11 - [TEST_STEP][PASSED] - click: Object: 'Object Repository/Page_User dashboard  junetest2bda/Compliance Menu/a_Send to Compliance (31)' is clicked on

2017-07-18 10:55:12 - [MESSAGE][PASSED] - Object: 'Object Repository/Page_User dashboard  junetest2bda/Compliance Menu/a_Send to Compliance (31)' is clicked on

2017-07-18 10:55:12 - [TEST_STEP][NOT_RUN] - verifyTextPresent: NOT_RUN: verifyTextPresent

2017-07-18 10:55:12 - [MESSAGE][NOT_RUN] - NOT_RUN: verifyTextPresent]]></system-out>
         <system-err><![CDATA[]]></system-err>
      </testcase>
      <testcase name="Test Cases/My Content/Pages/Modal/Verify_Send_to_review/Send_to_review_Add_Delete" classname="Test Cases/My Content/Pages/Modal/Verify_Send_to_review/Send_to_review_Add_Delete" status="PASSED">
         <system-out><![CDATA[2017-07-18 10:55:12 - [TEST_CASE][PASSED] - Test Cases/My Content/Pages/Modal/Verify_Send_to_review/Send_to_review_Add_Delete: Test Cases/My Content/Pages/Modal/Verify_Send_to_review/Send_to_review_Add_Delete

2017-07-18 10:55:12 - [TEST_STEP][PASSED] - click: Object: 'Object Repository/Page_User dashboard  junetest2bda/a_MyContent' is clicked on

2017-07-18 10:55:15 - [MESSAGE][PASSED] - Object: 'Object Repository/Page_User dashboard  junetest2bda/a_MyContent' is clicked on

2017-07-18 10:55:15 - [TEST_STEP][PASSED] - click: Object: 'Object Repository/Page_Pages  junetest2bda/a_Add New' is clicked on

2017-07-18 10:55:15 - [MESSAGE][PASSED] - Object: 'Object Repository/Page_Pages  junetest2bda/a_Add New' is clicked on

2017-07-18 10:55:15 - [TEST_STEP][PASSED] - waitForElementPresent: Object 'Object Repository/Page_Pages  junetest2bda/Modal/div_ui-dialog ui-widget ui-wid_MyContentModal' is present

2017-07-18 10:55:18 - [MESSAGE][PASSED] - Object 'Object Repository/Page_Pages  junetest2bda/Modal/div_ui-dialog ui-widget ui-wid_MyContentModal' is present

2017-07-18 10:55:18 - [TEST_STEP][PASSED] - verifyElementPresent: Object 'Object Repository/Page_Pages  junetest2bda/Modal/div_ui-dialog ui-widget ui-wid_MyContentModal' is present

2017-07-18 10:55:18 - [MESSAGE][PASSED] - Object 'Object Repository/Page_Pages  junetest2bda/Modal/div_ui-dialog ui-widget ui-wid_MyContentModal' is present

2017-07-18 10:55:18 - [TEST_STEP][PASSED] - setText: Text 'Test Send to Review 1' is set on object 'Object Repository/Page_Pages  junetest2bda/Modal/input_title0value_Title'

2017-07-18 10:55:19 - [MESSAGE][PASSED] - Text 'Test Send to Review 1' is set on object 'Object Repository/Page_Pages  junetest2bda/Modal/input_title0value_Title'

2017-07-18 10:55:19 - [TEST_STEP][PASSED] - verifyElementClickable: Object 'Object Repository/Page_Pages  junetest2bda/Modal/button_SendtoReview' is clickable

2017-07-18 10:55:19 - [MESSAGE][PASSED] - Object 'Object Repository/Page_Pages  junetest2bda/Modal/button_SendtoReview' is clickable

2017-07-18 10:55:19 - [TEST_STEP][PASSED] - click: Object: 'Object Repository/Page_Pages  junetest2bda/Modal/button_SendtoReview' is clicked on

2017-07-18 10:55:55 - [MESSAGE][PASSED] - Object: 'Object Repository/Page_Pages  junetest2bda/Modal/button_SendtoReview' is clicked on

2017-07-18 10:55:55 - [TEST_STEP][PASSED] - waitForPageLoad: Wait for page load successfully

2017-07-18 10:55:55 - [MESSAGE][PASSED] - Wait for page load successfully

2017-07-18 10:55:55 - [TEST_STEP][PASSED] - click: Object: 'Object Repository/Page_User dashboard  junetest2bda/Compliance Menu/a_Send to Compliance (31)' is clicked on

2017-07-18 10:55:55 - [MESSAGE][PASSED] - Object: 'Object Repository/Page_User dashboard  junetest2bda/Compliance Menu/a_Send to Compliance (31)' is clicked on

2017-07-18 10:55:55 - [TEST_STEP][PASSED] - verifyTextPresent: Text 'Test Send to Review 1' is present on page  using regular expression

2017-07-18 10:55:55 - [MESSAGE][PASSED] - Text 'Test Send to Review 1' is present on page  using regular expression

2017-07-18 10:55:55 - [TEST_STEP][PASSED] - click: Object: 'Object Repository/Page_User dashboard  junetest2bda/a_MyContent' is clicked on

2017-07-18 10:55:58 - [MESSAGE][PASSED] - Object: 'Object Repository/Page_User dashboard  junetest2bda/a_MyContent' is clicked on

2017-07-18 10:55:58 - [TEST_STEP][PASSED] - click: Object: 'Object Repository/Page_Pages  junetest2bda/a_Delete' is clicked on

2017-07-18 10:55:59 - [MESSAGE][PASSED] - Object: 'Object Repository/Page_Pages  junetest2bda/a_Delete' is clicked on

2017-07-18 10:55:59 - [TEST_STEP][PASSED] - click: Object: 'Object Repository/Page_User dashboard  junetest2bda/Delete Modal/button_Delete' is clicked on

2017-07-18 10:56:00 - [MESSAGE][PASSED] - Object: 'Object Repository/Page_User dashboard  junetest2bda/Delete Modal/button_Delete' is clicked on

2017-07-18 10:56:00 - [TEST_STEP][PASSED] - waitForElementNotPresent: Web element with id: 'Object Repository/Page_User dashboard  junetest2bda/Delete Modal/div_ui-dialog ui-widget ui-wid' located by 'By.xpath: //div[count(. | /html[@class="touchevents details js wf-lato-n4-active wf-active"]/body[@class="layout-no-sidebars has-featured-top user-logged-in path-dashboard off-canvas-wrap"]/div[@class="ui-dialog ui-widget ui-widget-content ui-corner-all ui-front ui-dialog-buttons"]) = count(/html[@class="touchevents details js wf-lato-n4-active wf-active"]/body[@class="layout-no-sidebars has-featured-top user-logged-in path-dashboard off-canvas-wrap"]/div[@class="ui-dialog ui-widget ui-widget-content ui-corner-all ui-front ui-dialog-buttons"])]' is not present after '2' second(s)

2017-07-18 10:56:35 - [MESSAGE][PASSED] - Web element with id: 'Object Repository/Page_User dashboard  junetest2bda/Delete Modal/div_ui-dialog ui-widget ui-wid' located by 'By.xpath: //div[count(. | /html[@class="touchevents details js wf-lato-n4-active wf-active"]/body[@class="layout-no-sidebars has-featured-top user-logged-in path-dashboard off-canvas-wrap"]/div[@class="ui-dialog ui-widget ui-widget-content ui-corner-all ui-front ui-dialog-buttons"]) = count(/html[@class="touchevents details js wf-lato-n4-active wf-active"]/body[@class="layout-no-sidebars has-featured-top user-logged-in path-dashboard off-canvas-wrap"]/div[@class="ui-dialog ui-widget ui-widget-content ui-corner-all ui-front ui-dialog-buttons"])]' is not present after '2' second(s)

2017-07-18 10:56:35 - [TEST_STEP][PASSED] - verifyElementNotPresent: Web element with id: 'Object Repository/Page_User dashboard  junetest2bda/Delete Modal/div_ui-dialog ui-widget ui-wid' located by 'By.xpath: //div[count(. | /html[@class="touchevents details js wf-lato-n4-active wf-active"]/body[@class="layout-no-sidebars has-featured-top user-logged-in path-dashboard off-canvas-wrap"]/div[@class="ui-dialog ui-widget ui-widget-content ui-corner-all ui-front ui-dialog-buttons"]) = count(/html[@class="touchevents details js wf-lato-n4-active wf-active"]/body[@class="layout-no-sidebars has-featured-top user-logged-in path-dashboard off-canvas-wrap"]/div[@class="ui-dialog ui-widget ui-widget-content ui-corner-all ui-front ui-dialog-buttons"])]' is not present after '2' second(s)

2017-07-18 10:56:35 - [MESSAGE][PASSED] - Web element with id: 'Object Repository/Page_User dashboard  junetest2bda/Delete Modal/div_ui-dialog ui-widget ui-wid' located by 'By.xpath: //div[count(. | /html[@class="touchevents details js wf-lato-n4-active wf-active"]/body[@class="layout-no-sidebars has-featured-top user-logged-in path-dashboard off-canvas-wrap"]/div[@class="ui-dialog ui-widget ui-widget-content ui-corner-all ui-front ui-dialog-buttons"]) = count(/html[@class="touchevents details js wf-lato-n4-active wf-active"]/body[@class="layout-no-sidebars has-featured-top user-logged-in path-dashboard off-canvas-wrap"]/div[@class="ui-dialog ui-widget ui-widget-content ui-corner-all ui-front ui-dialog-buttons"])]' is not present after '2' second(s)

2017-07-18 10:56:35 - [TEST_STEP][PASSED] - click: Object: 'Object Repository/Page_User dashboard  junetest2bda/Compliance Menu/a_Send to Compliance (31)' is clicked on

2017-07-18 10:56:36 - [MESSAGE][PASSED] - Object: 'Object Repository/Page_User dashboard  junetest2bda/Compliance Menu/a_Send to Compliance (31)' is clicked on

2017-07-18 10:56:36 - [TEST_STEP][NOT_RUN] - verifyTextNotPresent: NOT_RUN: verifyTextNotPresent

2017-07-18 10:56:36 - [MESSAGE][NOT_RUN] - NOT_RUN: verifyTextNotPresent]]></system-out>
         <system-err><![CDATA[]]></system-err>
      </testcase>
      <testcase name="Test Cases/My Content/Pages/CloseModal_AddPagetoDelete" classname="Test Cases/My Content/Pages/CloseModal_AddPagetoDelete" status="FAILED">
         <failure type="FAILED" message=""/>
         <system-out><![CDATA[2017-07-18 10:56:36 - [TEST_CASE][FAILED] - Test Cases/My Content/Pages/CloseModal_AddPagetoDelete: Test Cases/My Content/Pages/CloseModal_AddPagetoDelete FAILED because (of) Unable to click on object 'Object Repository/Page_User dashboard  junetest2bda/Delete Modal/button_Cancel' (Root cause: com.kms.katalon.core.webui.exception.WebElementNotFoundException: Web element with id: 'Object Repository/Page_User dashboard  junetest2bda/Delete Modal/button_Cancel' located by 'By.xpath: //*[text() = 'CANCEL']' not found)

2017-07-18 10:56:36 - [TEST_STEP][PASSED] - click: Object: 'Object Repository/Page_User dashboard  junetest2bda/a_MyContent' is clicked on

2017-07-18 10:56:38 - [MESSAGE][PASSED] - Object: 'Object Repository/Page_User dashboard  junetest2bda/a_MyContent' is clicked on

2017-07-18 10:56:38 - [TEST_STEP][PASSED] - click: Object: 'Object Repository/Page_Pages  junetest2bda/a_Add New' is clicked on

2017-07-18 10:56:39 - [MESSAGE][PASSED] - Object: 'Object Repository/Page_Pages  junetest2bda/a_Add New' is clicked on

2017-07-18 10:56:39 - [TEST_STEP][PASSED] - waitForElementPresent: Object 'Object Repository/Page_Pages  junetest2bda/Modal/div_ui-dialog ui-widget ui-wid_MyContentModal' is present

2017-07-18 10:56:41 - [MESSAGE][PASSED] - Object 'Object Repository/Page_Pages  junetest2bda/Modal/div_ui-dialog ui-widget ui-wid_MyContentModal' is present

2017-07-18 10:56:41 - [TEST_STEP][PASSED] - verifyElementPresent: Object 'Object Repository/Page_Pages  junetest2bda/Modal/div_ui-dialog ui-widget ui-wid_MyContentModal' is present

2017-07-18 10:56:42 - [MESSAGE][PASSED] - Object 'Object Repository/Page_Pages  junetest2bda/Modal/div_ui-dialog ui-widget ui-wid_MyContentModal' is present

2017-07-18 10:56:42 - [TEST_STEP][PASSED] - setText: Text 'Test Draft 1 Delete' is set on object 'Object Repository/Page_Pages  junetest2bda/Modal/input_title0value_Title'

2017-07-18 10:56:42 - [MESSAGE][PASSED] - Text 'Test Draft 1 Delete' is set on object 'Object Repository/Page_Pages  junetest2bda/Modal/input_title0value_Title'

2017-07-18 10:56:42 - [TEST_STEP][PASSED] - verifyElementClickable: Object 'Object Repository/Page_Pages  junetest2bda/Modal/button_SaveasDraft' is clickable

2017-07-18 10:56:42 - [MESSAGE][PASSED] - Object 'Object Repository/Page_Pages  junetest2bda/Modal/button_SaveasDraft' is clickable

2017-07-18 10:56:42 - [TEST_STEP][PASSED] - click: Object: 'Object Repository/Page_Pages  junetest2bda/Modal/button_SaveasDraft' is clicked on

2017-07-18 10:57:17 - [MESSAGE][PASSED] - Object: 'Object Repository/Page_Pages  junetest2bda/Modal/button_SaveasDraft' is clicked on

2017-07-18 10:57:17 - [TEST_STEP][PASSED] - waitForPageLoad: Wait for page load successfully

2017-07-18 10:57:18 - [MESSAGE][PASSED] - Wait for page load successfully

2017-07-18 10:57:18 - [TEST_STEP][PASSED] - click: Object: 'Object Repository/Page_User dashboard  junetest2bda/a_MyContent' is clicked on

2017-07-18 10:57:20 - [MESSAGE][PASSED] - Object: 'Object Repository/Page_User dashboard  junetest2bda/a_MyContent' is clicked on

2017-07-18 10:57:20 - [TEST_STEP][PASSED] - click: Object: 'Object Repository/Page_Pages  junetest2bda/a_Delete' is clicked on

2017-07-18 10:57:21 - [MESSAGE][PASSED] - Object: 'Object Repository/Page_Pages  junetest2bda/a_Delete' is clicked on

2017-07-18 10:57:21 - [TEST_STEP][PASSED] - waitForElementPresent: Object 'Object Repository/Page_User dashboard  junetest2bda/Delete Modal/div_ui-dialog ui-widget ui-wid' is not present after 1 second(s)

2017-07-18 10:57:22 - [MESSAGE][WARNING] - Object 'Object Repository/Page_User dashboard  junetest2bda/Delete Modal/div_ui-dialog ui-widget ui-wid' is not present after 1 second(s)

2017-07-18 10:57:22 - [TEST_STEP][FAILED] - click: Unable to click on object 'Object Repository/Page_User dashboard  junetest2bda/Delete Modal/button_Cancel' (Root cause: com.kms.katalon.core.webui.exception.WebElementNotFoundException: Web element with id: 'Object Repository/Page_User dashboard  junetest2bda/Delete Modal/button_Cancel' located by 'By.xpath: //*[text() = 'CANCEL']' not found)

2017-07-18 10:57:53 - [MESSAGE][FAILED] - Unable to click on object 'Object Repository/Page_User dashboard  junetest2bda/Delete Modal/button_Cancel' (Root cause: com.kms.katalon.core.webui.exception.WebElementNotFoundException: Web element with id: 'Object Repository/Page_User dashboard  junetest2bda/Delete Modal/button_Cancel' located by 'By.xpath: //*[text() = 'CANCEL']' not found)
[[ATTACHMENT|C:\\Users\\Cindy\\Katalon Studio\\MyContent\\Reports\\Pages\\20170718_104811\\1500400673189.png]]]]></system-out>
         <system-err><![CDATA[2017-07-18 10:56:36 - [TEST_CASE][FAILED] - Test Cases/My Content/Pages/CloseModal_AddPagetoDelete: Test Cases/My Content/Pages/CloseModal_AddPagetoDelete FAILED because (of) Unable to click on object 'Object Repository/Page_User dashboard  junetest2bda/Delete Modal/button_Cancel' (Root cause: com.kms.katalon.core.webui.exception.WebElementNotFoundException: Web element with id: 'Object Repository/Page_User dashboard  junetest2bda/Delete Modal/button_Cancel' located by 'By.xpath: //*[text() = 'CANCEL']' not found)]]></system-err>
      </testcase>
      <testcase name="Test Cases/My Content/Pages/Modal/close Modals" classname="Test Cases/My Content/Pages/Modal/close Modals" status="PASSED">
         <system-out><![CDATA[2017-07-18 10:57:53 - [TEST_CASE][PASSED] - Test Cases/My Content/Pages/Modal/close Modals: Test Cases/My Content/Pages/Modal/close Modals

2017-07-18 10:57:54 - [TEST_STEP][PASSED] - click: Object: 'Object Repository/Page_User dashboard  junetest2bda/a_MyContent' is clicked on

2017-07-18 10:57:57 - [MESSAGE][PASSED] - Object: 'Object Repository/Page_User dashboard  junetest2bda/a_MyContent' is clicked on

2017-07-18 10:57:57 - [TEST_STEP][PASSED] - click: Object: 'Object Repository/Page_Pages  junetest2bda/a_Add New' is clicked on

2017-07-18 10:57:58 - [MESSAGE][PASSED] - Object: 'Object Repository/Page_Pages  junetest2bda/a_Add New' is clicked on

2017-07-18 10:57:58 - [TEST_STEP][PASSED] - waitForElementPresent: Object 'Object Repository/Page_Pages  junetest2bda/Modal/div_ui-dialog ui-widget ui-wid_MyContentModal' is present

2017-07-18 10:58:01 - [MESSAGE][PASSED] - Object 'Object Repository/Page_Pages  junetest2bda/Modal/div_ui-dialog ui-widget ui-wid_MyContentModal' is present

2017-07-18 10:58:01 - [TEST_STEP][PASSED] - verifyElementPresent: Object 'Object Repository/Page_Pages  junetest2bda/Modal/div_ui-dialog ui-widget ui-wid_MyContentModal' is present

2017-07-18 10:58:01 - [MESSAGE][PASSED] - Object 'Object Repository/Page_Pages  junetest2bda/Modal/div_ui-dialog ui-widget ui-wid_MyContentModal' is present

2017-07-18 10:58:01 - [TEST_STEP][PASSED] - verifyElementPresent: Object 'Object Repository/Page_Pages  junetest2bda/Modal/input_title0value_Title' is present

2017-07-18 10:58:01 - [MESSAGE][PASSED] - Object 'Object Repository/Page_Pages  junetest2bda/Modal/input_title0value_Title' is present

2017-07-18 10:58:01 - [TEST_STEP][PASSED] - click: Object: 'Object Repository/Page_Pages  junetest2bda/Modal/Button_Close' is clicked on

2017-07-18 10:58:02 - [MESSAGE][PASSED] - Object: 'Object Repository/Page_Pages  junetest2bda/Modal/Button_Close' is clicked on

2017-07-18 10:58:02 - [TEST_STEP][PASSED] - verifyElementNotPresent: Web element with id: 'Object Repository/Page_Pages  junetest2bda/Modal/div_ui-dialog ui-widget ui-wid_MyContentModal' located by 'By.xpath: //div[count(. | //*[@class = 'ui-dialog ui-widget ui-widget-content ui-corner-all ui-front ui-dialog-buttons']) = count(//*[@class = 'ui-dialog ui-widget ui-widget-content ui-corner-all ui-front ui-dialog-buttons'])]' is not present after '2' second(s)

2017-07-18 10:58:02 - [MESSAGE][PASSED] - Web element with id: 'Object Repository/Page_Pages  junetest2bda/Modal/div_ui-dialog ui-widget ui-wid_MyContentModal' located by 'By.xpath: //div[count(. | //*[@class = 'ui-dialog ui-widget ui-widget-content ui-corner-all ui-front ui-dialog-buttons']) = count(//*[@class = 'ui-dialog ui-widget ui-widget-content ui-corner-all ui-front ui-dialog-buttons'])]' is not present after '2' second(s)]]></system-out>
         <system-err><![CDATA[]]></system-err>
      </testcase>
      <system-out><![CDATA[2017-07-18 10:48:16 - [TEST_SUITE][FAILED] - Pages: Test Cases/My Content/Pages/CloseModal_AddPagetoDelete FAILED because (of) Unable to click on object 'Object Repository/Page_User dashboard  junetest2bda/Delete Modal/button_Cancel' (Root cause: com.kms.katalon.core.webui.exception.WebElementNotFoundException: Web element with id: 'Object Repository/Page_User dashboard  junetest2bda/Delete Modal/button_Cancel' located by 'By.xpath: //*[text() = 'CANCEL']' not found)]]></system-out>
      <system-err><![CDATA[2017-07-18 10:48:16 - [TEST_SUITE][FAILED] - Pages: Test Cases/My Content/Pages/CloseModal_AddPagetoDelete FAILED because (of) Unable to click on object 'Object Repository/Page_User dashboard  junetest2bda/Delete Modal/button_Cancel' (Root cause: com.kms.katalon.core.webui.exception.WebElementNotFoundException: Web element with id: 'Object Repository/Page_User dashboard  junetest2bda/Delete Modal/button_Cancel' located by 'By.xpath: //*[text() = 'CANCEL']' not found)]]></system-err>
   </testsuite>
</testsuites>
