{"deviceName":"","devicePlatform":"","logFolder":"C:\\Users\\Cindy\\Katalon Studio\\MyContent\\Reports\\Pages\\20170717_122617","runData":{"hostName":"Andy - Cindy-AW","os":"Windows 10 64bit","katalonVersion":"4.7.0.2","browser":"Chrome 59.0.3071.115","hostAddress":"192.168.1.211","sessionId":"85a353f24d428795037f65d16e0f51ba","seleniumVersion":"2.53.0","proxyInformation":"ProxyInformation{proxyOption\u003dNO_PROXY, proxyServerType\u003dHTTP, password\u003d, proxyServerAddress\u003d, proxyServerPort\u003d0}","platform":"Windows 10"},"type":"TEST_SUITE","name":"Pages","id":"Test Suites/Pages","source":"","message":"Test Cases/My Content/Pages/Modal/Verify_Draft/Draft_Add FAILED because (of) Unable to get text of object \u0027Object Repository/Page_Preview  junetest2bda/span_Test Draft 1\u0027 (Root cause: com.kms.katalon.core.webui.exception.WebElementNotFoundException: Web element with id: \u0027Object Repository/Page_Preview  junetest2bda/span_Test Draft 1\u0027 located by \u0027By.xpath: //span[count(. | id(\"block-pagetitle\")/div[@class\u003d\"page-title--background\"]/div[@class\u003d\"row\"]/div[@class\u003d\"column\"]/h1[@class\u003d\"js-quickedit-page-title\"]/span[@class\u003d\"field-wrapper quickedit-field\"]) \u003d count(id(\"block-pagetitle\")/div[@class\u003d\"page-title--background\"]/div[@class\u003d\"row\"]/div[@class\u003d\"column\"]/h1[@class\u003d\"js-quickedit-page-title\"]/span[@class\u003d\"field-wrapper quickedit-field\"])]\u0027 not found)","description":"","startTime":1500319581687,"endTime":1500319965957,"childRecords":[{"isOptional":false,"type":"TEST_CASE","name":"Test Cases/My Content/Global TestCases/Login Via Website","id":"Test Cases/My Content/Global TestCases/Login Via Website","source":"C:\\\\Users\\\\Cindy\\\\Katalon Studio\\\\MyContentTest Cases\\\\My Content\\\\Global TestCases\\\\Login Via Website.tc","message":"Test Cases/My Content/Global TestCases/Login Via Website","description":"Switch Between \\\"Login Via Website\\\" and \\\"Login Via Accounts\\\"","startTime":1500319582675,"endTime":1500319604348,"childRecords":[{"testStatus":{"stackTrace":"","statusValue":"INFO"},"type":"MESSAGE","name":"","message":"Evaluating variables for test case","startTime":1500319582960,"endTime":0,"childRecords":[],"interuppted":false},{"index":1,"isIgnoredIfFailed":false,"type":"TEST_STEP","name":"openBrowser","message":"Browser is opened with url: \u0027\u0027","description":"","startTime":1500319583571,"endTime":1500319589410,"childRecords":[{"testStatus":{"stackTrace":"","statusValue":"PASSED"},"type":"MESSAGE","name":"","message":"Browser is opened with url: \u0027\u0027","startTime":1500319589409,"endTime":0,"childRecords":[],"interuppted":false}],"interuppted":false},{"index":2,"isIgnoredIfFailed":false,"type":"TEST_STEP","name":"navigateToUrl","message":"Navigate to \u0027http://releasetestjuly18a.force1.awdev.ca/user\u0027 successfully","description":"","startTime":1500319589414,"endTime":1500319594444,"childRecords":[{"testStatus":{"stackTrace":"","statusValue":"PASSED"},"type":"MESSAGE","name":"","message":"Navigate to \u0027http://releasetestjuly18a.force1.awdev.ca/user\u0027 successfully","startTime":1500319594443,"endTime":0,"childRecords":[],"interuppted":false}],"interuppted":false},{"index":3,"isIgnoredIfFailed":false,"type":"TEST_STEP","name":"maximizeWindow","message":"Current window maximized","description":"","startTime":1500319594445,"endTime":1500319595727,"childRecords":[{"testStatus":{"stackTrace":"","statusValue":"PASSED"},"type":"MESSAGE","name":"","message":"Current window maximized","startTime":1500319595726,"endTime":0,"childRecords":[],"interuppted":false}],"interuppted":false},{"index":4,"isIgnoredIfFailed":false,"type":"TEST_STEP","name":"setText","message":"Text \u0027releasetestjuly18a\u0027 is set on object \u0027Object Repository/Page_Log in  AW Force/input_name_Username\u0027","description":"","startTime":1500319595727,"endTime":1500319596258,"childRecords":[{"testStatus":{"stackTrace":"","statusValue":"PASSED"},"type":"MESSAGE","name":"","message":"Text \u0027releasetestjuly18a\u0027 is set on object \u0027Object Repository/Page_Log in  AW Force/input_name_Username\u0027","startTime":1500319596258,"endTime":0,"childRecords":[],"interuppted":false}],"interuppted":false},{"index":5,"isIgnoredIfFailed":false,"type":"TEST_STEP","name":"setText","message":"Text \u0027welcome\u0027 is set on object \u0027Object Repository/Page_Log in  AW Force/input_pass_Password\u0027","description":"","startTime":1500319596259,"endTime":1500319596544,"childRecords":[{"testStatus":{"stackTrace":"","statusValue":"PASSED"},"type":"MESSAGE","name":"","message":"Text \u0027welcome\u0027 is set on object \u0027Object Repository/Page_Log in  AW Force/input_pass_Password\u0027","startTime":1500319596543,"endTime":0,"childRecords":[],"interuppted":false}],"interuppted":false},{"index":6,"isIgnoredIfFailed":false,"type":"TEST_STEP","name":"click","message":"Object: \u0027Object Repository/Page_Log in  AW Force/input_op_Submit\u0027 is clicked on","description":"","startTime":1500319596545,"endTime":1500319604074,"childRecords":[{"testStatus":{"stackTrace":"","statusValue":"PASSED"},"type":"MESSAGE","name":"","message":"Object: \u0027Object Repository/Page_Log in  AW Force/input_op_Submit\u0027 is clicked on","startTime":1500319604073,"endTime":0,"childRecords":[],"interuppted":false}],"interuppted":false},{"index":7,"isIgnoredIfFailed":false,"type":"TEST_STEP","name":"waitForPageLoad","message":"Wait for page load successfully","description":"","startTime":1500319604075,"endTime":1500319604347,"childRecords":[{"testStatus":{"stackTrace":"","statusValue":"PASSED"},"type":"MESSAGE","name":"","message":"Wait for page load successfully","startTime":1500319604347,"endTime":0,"childRecords":[],"interuppted":false}],"interuppted":false},{"testStatus":{"stackTrace":"","statusValue":"PASSED"},"type":"MESSAGE","name":"","message":"Test Cases/My Content/Global TestCases/Login Via Website","startTime":1500319604348,"endTime":0,"childRecords":[],"interuppted":false}],"interuppted":false},{"isOptional":false,"type":"TEST_CASE","name":"Test Cases/My Content/Pages/Modal/Verify_Draft/Draft_Add","id":"Test Cases/My Content/Pages/Modal/Verify_Draft/Draft_Add","source":"C:\\\\Users\\\\Cindy\\\\Katalon Studio\\\\MyContentTest Cases\\\\My Content\\\\Pages\\\\Modal\\\\Verify_Draft\\\\Draft_Add.tc","message":"Test Cases/My Content/Pages/Modal/Verify_Draft/Draft_Add FAILED because (of) Unable to get text of object \u0027Object Repository/Page_Preview  junetest2bda/span_Test Draft 1\u0027 (Root cause: com.kms.katalon.core.webui.exception.WebElementNotFoundException: Web element with id: \u0027Object Repository/Page_Preview  junetest2bda/span_Test Draft 1\u0027 located by \u0027By.xpath: //span[count(. | id(\"block-pagetitle\")/div[@class\u003d\"page-title--background\"]/div[@class\u003d\"row\"]/div[@class\u003d\"column\"]/h1[@class\u003d\"js-quickedit-page-title\"]/span[@class\u003d\"field-wrapper quickedit-field\"]) \u003d count(id(\"block-pagetitle\")/div[@class\u003d\"page-title--background\"]/div[@class\u003d\"row\"]/div[@class\u003d\"column\"]/h1[@class\u003d\"js-quickedit-page-title\"]/span[@class\u003d\"field-wrapper quickedit-field\"])]\u0027 not found)","description":"","startTime":1500319604432,"endTime":1500319699107,"childRecords":[{"testStatus":{"stackTrace":"","statusValue":"INFO"},"type":"MESSAGE","name":"","message":"Evaluating variables for test case","startTime":1500319604571,"endTime":0,"childRecords":[],"interuppted":false},{"testStatus":{"stackTrace":"","statusValue":"INFO"},"type":"MESSAGE","name":"","message":"Variable \u0027Title\u0027 is set to Test Draft 1 as default","startTime":1500319604802,"endTime":0,"childRecords":[],"interuppted":false},{"testStatus":{"stackTrace":"","statusValue":"INFO"},"type":"MESSAGE","name":"","message":"Variable \u0027Text\u0027 is set to This is a Draft Test as default","startTime":1500319604827,"endTime":0,"childRecords":[],"interuppted":false},{"index":1,"isIgnoredIfFailed":false,"type":"TEST_STEP","name":"click","message":"Object: \u0027Object Repository/Page_User dashboard  junetest2bda/a_MyContent\u0027 is clicked on","description":"","startTime":1500319605468,"endTime":1500319625902,"childRecords":[{"testStatus":{"stackTrace":"","statusValue":"PASSED"},"type":"MESSAGE","name":"","message":"Object: \u0027Object Repository/Page_User dashboard  junetest2bda/a_MyContent\u0027 is clicked on","startTime":1500319625902,"endTime":0,"childRecords":[],"interuppted":false}],"interuppted":false},{"index":2,"isIgnoredIfFailed":false,"type":"TEST_STEP","name":"click","message":"Object: \u0027Object Repository/Page_Pages  junetest2bda/a_Add New\u0027 is clicked on","description":"","startTime":1500319625903,"endTime":1500319626657,"childRecords":[{"testStatus":{"stackTrace":"","statusValue":"PASSED"},"type":"MESSAGE","name":"","message":"Object: \u0027Object Repository/Page_Pages  junetest2bda/a_Add New\u0027 is clicked on","startTime":1500319626657,"endTime":0,"childRecords":[],"interuppted":false}],"interuppted":false},{"index":3,"isIgnoredIfFailed":false,"type":"TEST_STEP","name":"waitForElementPresent","message":"Object \u0027Object Repository/Page_Pages  junetest2bda/Modal/div_ui-dialog ui-widget ui-wid_MyContentModal\u0027 is not present after 2 second(s)","description":"","startTime":1500319626658,"endTime":1500319628921,"childRecords":[{"testStatus":{"stackTrace":"","statusValue":"WARNING"},"type":"MESSAGE","name":"","message":"Object \u0027Object Repository/Page_Pages  junetest2bda/Modal/div_ui-dialog ui-widget ui-wid_MyContentModal\u0027 is not present after 2 second(s)","startTime":1500319628920,"endTime":0,"childRecords":[],"interuppted":false}],"interuppted":false},{"index":4,"isIgnoredIfFailed":false,"type":"TEST_STEP","name":"verifyElementPresent","message":"Object \u0027Object Repository/Page_Pages  junetest2bda/Modal/div_ui-dialog ui-widget ui-wid_MyContentModal\u0027 is present","description":"","startTime":1500319628922,"endTime":1500319629734,"childRecords":[{"testStatus":{"stackTrace":"","statusValue":"PASSED"},"type":"MESSAGE","name":"","message":"Object \u0027Object Repository/Page_Pages  junetest2bda/Modal/div_ui-dialog ui-widget ui-wid_MyContentModal\u0027 is present","startTime":1500319629733,"endTime":0,"childRecords":[],"interuppted":false}],"interuppted":false},{"index":5,"isIgnoredIfFailed":false,"type":"TEST_STEP","name":"setText","message":"Text \u0027Test Draft 1\u0027 is set on object \u0027Object Repository/Page_Pages  junetest2bda/Modal/input_title0value_Title\u0027","description":"","startTime":1500319629734,"endTime":1500319630789,"childRecords":[{"testStatus":{"stackTrace":"","statusValue":"PASSED"},"type":"MESSAGE","name":"","message":"Text \u0027Test Draft 1\u0027 is set on object \u0027Object Repository/Page_Pages  junetest2bda/Modal/input_title0value_Title\u0027","startTime":1500319630788,"endTime":0,"childRecords":[],"interuppted":false}],"interuppted":false},{"index":6,"isIgnoredIfFailed":false,"type":"TEST_STEP","name":"switchToFrame","message":"Switched to iframe: \u0027Object Repository/Page_Pages  junetest2bda/Modal/iframe_cke_wysiwyg_frame cke_r (2)\u0027","description":"","startTime":1500319630789,"endTime":1500319630975,"childRecords":[],"interuppted":false},{"index":7,"isIgnoredIfFailed":false,"type":"TEST_STEP","name":"setText","message":"Text \u0027This is a Draft Test\u0027 is set on object \u0027Object Repository/Page_Pages  junetest2bda/Modal/p\u0027","description":"","startTime":1500319630976,"endTime":1500319631572,"childRecords":[{"testStatus":{"stackTrace":"","statusValue":"PASSED"},"type":"MESSAGE","name":"","message":"Text \u0027This is a Draft Test\u0027 is set on object \u0027Object Repository/Page_Pages  junetest2bda/Modal/p\u0027","startTime":1500319631572,"endTime":0,"childRecords":[],"interuppted":false}],"interuppted":false},{"index":8,"isIgnoredIfFailed":false,"type":"TEST_STEP","name":"switchToDefaultContent","message":"Switching to default content","description":"","startTime":1500319631573,"endTime":1500319631622,"childRecords":[],"interuppted":false},{"index":9,"isIgnoredIfFailed":false,"type":"TEST_STEP","name":"verifyElementClickable","message":"Object \u0027Object Repository/Page_Pages  junetest2bda/Modal/button_SaveasDraft\u0027 is clickable","description":"","startTime":1500319631623,"endTime":1500319631728,"childRecords":[{"testStatus":{"stackTrace":"","statusValue":"PASSED"},"type":"MESSAGE","name":"","message":"Object \u0027Object Repository/Page_Pages  junetest2bda/Modal/button_SaveasDraft\u0027 is clickable","startTime":1500319631727,"endTime":0,"childRecords":[],"interuppted":false}],"interuppted":false},{"index":10,"isIgnoredIfFailed":false,"type":"TEST_STEP","name":"click","message":"Object: \u0027Object Repository/Page_Pages  junetest2bda/Modal/button_SaveasDraft\u0027 is clicked on","description":"","startTime":1500319631728,"endTime":1500319667049,"childRecords":[{"testStatus":{"stackTrace":"","statusValue":"PASSED"},"type":"MESSAGE","name":"","message":"Object: \u0027Object Repository/Page_Pages  junetest2bda/Modal/button_SaveasDraft\u0027 is clicked on","startTime":1500319667048,"endTime":0,"childRecords":[],"interuppted":false}],"interuppted":false},{"index":11,"isIgnoredIfFailed":false,"type":"TEST_STEP","name":"waitForPageLoad","message":"Wait for page load successfully","description":"","startTime":1500319667050,"endTime":1500319667561,"childRecords":[{"testStatus":{"stackTrace":"","statusValue":"PASSED"},"type":"MESSAGE","name":"","message":"Wait for page load successfully","startTime":1500319667560,"endTime":0,"childRecords":[],"interuppted":false}],"interuppted":false},{"index":12,"isIgnoredIfFailed":false,"type":"TEST_STEP","name":"switchToFrame","message":"Switched to iframe: \u0027Object Repository/Page_Preview  junetest2bda/iframe_website-preview\u0027","description":"","startTime":1500319667562,"endTime":1500319667673,"childRecords":[],"interuppted":false},{"attachment":"1500319698439.png","index":13,"isIgnoredIfFailed":false,"type":"TEST_STEP","name":"Statement - actual_title \u003d com.kms.katalon.core.webui.keyword.WebUiBuiltInKeywords.getText(com.kms.katalon.core.testobject.ObjectRepository.findTestObject(Page_Preview  junetest2bda/span_Test Draft 1))","message":"Unable to get text of object \u0027Object Repository/Page_Preview  junetest2bda/span_Test Draft 1\u0027 (Root cause: com.kms.katalon.core.webui.exception.WebElementNotFoundException: Web element with id: \u0027Object Repository/Page_Preview  junetest2bda/span_Test Draft 1\u0027 located by \u0027By.xpath: //span[count(. | id(\"block-pagetitle\")/div[@class\u003d\"page-title--background\"]/div[@class\u003d\"row\"]/div[@class\u003d\"column\"]/h1[@class\u003d\"js-quickedit-page-title\"]/span[@class\u003d\"field-wrapper quickedit-field\"]) \u003d count(id(\"block-pagetitle\")/div[@class\u003d\"page-title--background\"]/div[@class\u003d\"row\"]/div[@class\u003d\"column\"]/h1[@class\u003d\"js-quickedit-page-title\"]/span[@class\u003d\"field-wrapper quickedit-field\"])]\u0027 not found)","description":"","startTime":1500319667673,"endTime":1500319699105,"childRecords":[{"testStatus":{"stackTrace":"","statusValue":"FAILED"},"attachment":"1500319698439.png","type":"MESSAGE","name":"","message":"Unable to get text of object \u0027Object Repository/Page_Preview  junetest2bda/span_Test Draft 1\u0027 (Root cause: com.kms.katalon.core.webui.exception.WebElementNotFoundException: Web element with id: \u0027Object Repository/Page_Preview  junetest2bda/span_Test Draft 1\u0027 located by \u0027By.xpath: //span[count(. | id(\"block-pagetitle\")/div[@class\u003d\"page-title--background\"]/div[@class\u003d\"row\"]/div[@class\u003d\"column\"]/h1[@class\u003d\"js-quickedit-page-title\"]/span[@class\u003d\"field-wrapper quickedit-field\"]) \u003d count(id(\"block-pagetitle\")/div[@class\u003d\"page-title--background\"]/div[@class\u003d\"row\"]/div[@class\u003d\"column\"]/h1[@class\u003d\"js-quickedit-page-title\"]/span[@class\u003d\"field-wrapper quickedit-field\"])]\u0027 not found)","startTime":1500319699104,"endTime":0,"childRecords":[],"interuppted":false}],"interuppted":false},{"testStatus":{"stackTrace":"","statusValue":"FAILED"},"type":"MESSAGE","name":"","message":"Test Cases/My Content/Pages/Modal/Verify_Draft/Draft_Add FAILED because (of) Unable to get text of object \u0027Object Repository/Page_Preview  junetest2bda/span_Test Draft 1\u0027 (Root cause: com.kms.katalon.core.webui.exception.WebElementNotFoundException: Web element with id: \u0027Object Repository/Page_Preview  junetest2bda/span_Test Draft 1\u0027 located by \u0027By.xpath: //span[count(. | id(\"block-pagetitle\")/div[@class\u003d\"page-title--background\"]/div[@class\u003d\"row\"]/div[@class\u003d\"column\"]/h1[@class\u003d\"js-quickedit-page-title\"]/span[@class\u003d\"field-wrapper quickedit-field\"]) \u003d count(id(\"block-pagetitle\")/div[@class\u003d\"page-title--background\"]/div[@class\u003d\"row\"]/div[@class\u003d\"column\"]/h1[@class\u003d\"js-quickedit-page-title\"]/span[@class\u003d\"field-wrapper quickedit-field\"])]\u0027 not found)","startTime":1500319699105,"endTime":0,"childRecords":[],"interuppted":false}],"interuppted":false},{"isOptional":false,"type":"TEST_CASE","name":"Test Cases/My Content/Pages/Modal/Verify_Draft/Draft_Edit1","id":"Test Cases/My Content/Pages/Modal/Verify_Draft/Draft_Edit1","source":"C:\\\\Users\\\\Cindy\\\\Katalon Studio\\\\MyContentTest Cases\\\\My Content\\\\Pages\\\\Modal\\\\Verify_Draft\\\\Draft_Edit1.tc","message":"Test Cases/My Content/Pages/Modal/Verify_Draft/Draft_Edit1 FAILED because (of) Unable to click on object \u0027Object Repository/Page_User dashboard  junetest2bda/a_MyContent\u0027 (Root cause: com.kms.katalon.core.webui.exception.WebElementNotFoundException: Web element with id: \u0027Object Repository/Page_User dashboard  junetest2bda/a_MyContent\u0027 located by \u0027By.xpath: //a[count(. | //*[@id\u003d\"block-aw-dashboard-main-menu\"]/a[2]) \u003d count(//*[@id\u003d\"block-aw-dashboard-main-menu\"]/a[2])]\u0027 not found)","description":"","startTime":1500319699206,"endTime":1500319731800,"childRecords":[{"testStatus":{"stackTrace":"","statusValue":"INFO"},"type":"MESSAGE","name":"","message":"Evaluating variables for test case","startTime":1500319699233,"endTime":0,"childRecords":[],"interuppted":false},{"testStatus":{"stackTrace":"","statusValue":"INFO"},"type":"MESSAGE","name":"","message":"Variable \u0027Title_Add\u0027 is set to Test Draft 1 as default","startTime":1500319699249,"endTime":0,"childRecords":[],"interuppted":false},{"testStatus":{"stackTrace":"","statusValue":"INFO"},"type":"MESSAGE","name":"","message":"Variable \u0027Text_Add\u0027 is set to This is a Draft Test as default","startTime":1500319699258,"endTime":0,"childRecords":[],"interuppted":false},{"testStatus":{"stackTrace":"","statusValue":"INFO"},"type":"MESSAGE","name":"","message":"Variable \u0027Title_Edit\u0027 is set to Test Draft Edit 1 as default","startTime":1500319699269,"endTime":0,"childRecords":[],"interuppted":false},{"testStatus":{"stackTrace":"","statusValue":"INFO"},"type":"MESSAGE","name":"","message":"Variable \u0027Text_Edit\u0027 is set to This is a Draft Edit Test as default","startTime":1500319699276,"endTime":0,"childRecords":[],"interuppted":false},{"attachment":"1500319731159.png","index":1,"isIgnoredIfFailed":false,"type":"TEST_STEP","name":"click","message":"Unable to click on object \u0027Object Repository/Page_User dashboard  junetest2bda/a_MyContent\u0027 (Root cause: com.kms.katalon.core.webui.exception.WebElementNotFoundException: Web element with id: \u0027Object Repository/Page_User dashboard  junetest2bda/a_MyContent\u0027 located by \u0027By.xpath: //a[count(. | //*[@id\u003d\"block-aw-dashboard-main-menu\"]/a[2]) \u003d count(//*[@id\u003d\"block-aw-dashboard-main-menu\"]/a[2])]\u0027 not found)","description":"","startTime":1500319699532,"endTime":1500319731798,"childRecords":[{"testStatus":{"stackTrace":"","statusValue":"FAILED"},"attachment":"1500319731159.png","type":"MESSAGE","name":"","message":"Unable to click on object \u0027Object Repository/Page_User dashboard  junetest2bda/a_MyContent\u0027 (Root cause: com.kms.katalon.core.webui.exception.WebElementNotFoundException: Web element with id: \u0027Object Repository/Page_User dashboard  junetest2bda/a_MyContent\u0027 located by \u0027By.xpath: //a[count(. | //*[@id\u003d\"block-aw-dashboard-main-menu\"]/a[2]) \u003d count(//*[@id\u003d\"block-aw-dashboard-main-menu\"]/a[2])]\u0027 not found)","startTime":1500319731797,"endTime":0,"childRecords":[],"interuppted":false}],"interuppted":false},{"testStatus":{"stackTrace":"","statusValue":"FAILED"},"type":"MESSAGE","name":"","message":"Test Cases/My Content/Pages/Modal/Verify_Draft/Draft_Edit1 FAILED because (of) Unable to click on object \u0027Object Repository/Page_User dashboard  junetest2bda/a_MyContent\u0027 (Root cause: com.kms.katalon.core.webui.exception.WebElementNotFoundException: Web element with id: \u0027Object Repository/Page_User dashboard  junetest2bda/a_MyContent\u0027 located by \u0027By.xpath: //a[count(. | //*[@id\u003d\"block-aw-dashboard-main-menu\"]/a[2]) \u003d count(//*[@id\u003d\"block-aw-dashboard-main-menu\"]/a[2])]\u0027 not found)","startTime":1500319731799,"endTime":0,"childRecords":[],"interuppted":false}],"interuppted":false},{"isOptional":false,"type":"TEST_CASE","name":"Test Cases/My Content/Pages/Modal/Verify_Draft/Draft_Add_Delete","id":"Test Cases/My Content/Pages/Modal/Verify_Draft/Draft_Add_Delete","source":"C:\\\\Users\\\\Cindy\\\\Katalon Studio\\\\MyContentTest Cases\\\\My Content\\\\Pages\\\\Modal\\\\Verify_Draft\\\\Draft_Add_Delete.tc","message":"Test Cases/My Content/Pages/Modal/Verify_Draft/Draft_Add_Delete FAILED because (of) Unable to click on object \u0027Object Repository/Page_User dashboard  junetest2bda/a_MyContent\u0027 (Root cause: com.kms.katalon.core.webui.exception.WebElementNotFoundException: Web element with id: \u0027Object Repository/Page_User dashboard  junetest2bda/a_MyContent\u0027 located by \u0027By.xpath: //a[count(. | //*[@id\u003d\"block-aw-dashboard-main-menu\"]/a[2]) \u003d count(//*[@id\u003d\"block-aw-dashboard-main-menu\"]/a[2])]\u0027 not found)","description":"","startTime":1500319731858,"endTime":1500319764512,"childRecords":[{"testStatus":{"stackTrace":"","statusValue":"INFO"},"type":"MESSAGE","name":"","message":"Evaluating variables for test case","startTime":1500319731885,"endTime":0,"childRecords":[],"interuppted":false},{"testStatus":{"stackTrace":"","statusValue":"INFO"},"type":"MESSAGE","name":"","message":"Variable \u0027Title\u0027 is set to Test Draft Page Delete 1 as default","startTime":1500319731905,"endTime":0,"childRecords":[],"interuppted":false},{"testStatus":{"stackTrace":"","statusValue":"INFO"},"type":"MESSAGE","name":"","message":"Variable \u0027Text\u0027 is set to This is a Draft Test as default","startTime":1500319731916,"endTime":0,"childRecords":[],"interuppted":false},{"attachment":"1500319763899.png","index":1,"isIgnoredIfFailed":false,"type":"TEST_STEP","name":"click","message":"Unable to click on object \u0027Object Repository/Page_User dashboard  junetest2bda/a_MyContent\u0027 (Root cause: com.kms.katalon.core.webui.exception.WebElementNotFoundException: Web element with id: \u0027Object Repository/Page_User dashboard  junetest2bda/a_MyContent\u0027 located by \u0027By.xpath: //a[count(. | //*[@id\u003d\"block-aw-dashboard-main-menu\"]/a[2]) \u003d count(//*[@id\u003d\"block-aw-dashboard-main-menu\"]/a[2])]\u0027 not found)","description":"","startTime":1500319732240,"endTime":1500319764510,"childRecords":[{"testStatus":{"stackTrace":"","statusValue":"FAILED"},"attachment":"1500319763899.png","type":"MESSAGE","name":"","message":"Unable to click on object \u0027Object Repository/Page_User dashboard  junetest2bda/a_MyContent\u0027 (Root cause: com.kms.katalon.core.webui.exception.WebElementNotFoundException: Web element with id: \u0027Object Repository/Page_User dashboard  junetest2bda/a_MyContent\u0027 located by \u0027By.xpath: //a[count(. | //*[@id\u003d\"block-aw-dashboard-main-menu\"]/a[2]) \u003d count(//*[@id\u003d\"block-aw-dashboard-main-menu\"]/a[2])]\u0027 not found)","startTime":1500319764509,"endTime":0,"childRecords":[],"interuppted":false}],"interuppted":false},{"testStatus":{"stackTrace":"","statusValue":"FAILED"},"type":"MESSAGE","name":"","message":"Test Cases/My Content/Pages/Modal/Verify_Draft/Draft_Add_Delete FAILED because (of) Unable to click on object \u0027Object Repository/Page_User dashboard  junetest2bda/a_MyContent\u0027 (Root cause: com.kms.katalon.core.webui.exception.WebElementNotFoundException: Web element with id: \u0027Object Repository/Page_User dashboard  junetest2bda/a_MyContent\u0027 located by \u0027By.xpath: //a[count(. | //*[@id\u003d\"block-aw-dashboard-main-menu\"]/a[2]) \u003d count(//*[@id\u003d\"block-aw-dashboard-main-menu\"]/a[2])]\u0027 not found)","startTime":1500319764510,"endTime":0,"childRecords":[],"interuppted":false}],"interuppted":false},{"isOptional":false,"type":"TEST_CASE","name":"Test Cases/My Content/Pages/Modal/Verify_Send_to_review/Send_to_review_Add","id":"Test Cases/My Content/Pages/Modal/Verify_Send_to_review/Send_to_review_Add","source":"C:\\\\Users\\\\Cindy\\\\Katalon Studio\\\\MyContentTest Cases\\\\My Content\\\\Pages\\\\Modal\\\\Verify_Send_to_review\\\\Send_to_review_Add.tc","message":"Test Cases/My Content/Pages/Modal/Verify_Send_to_review/Send_to_review_Add FAILED because (of) Unable to click on object \u0027Object Repository/Page_User dashboard  junetest2bda/a_MyContent\u0027 (Root cause: com.kms.katalon.core.webui.exception.WebElementNotFoundException: Web element with id: \u0027Object Repository/Page_User dashboard  junetest2bda/a_MyContent\u0027 located by \u0027By.xpath: //a[count(. | //*[@id\u003d\"block-aw-dashboard-main-menu\"]/a[2]) \u003d count(//*[@id\u003d\"block-aw-dashboard-main-menu\"]/a[2])]\u0027 not found)","description":"","startTime":1500319764595,"endTime":1500319797177,"childRecords":[{"testStatus":{"stackTrace":"","statusValue":"INFO"},"type":"MESSAGE","name":"","message":"Evaluating variables for test case","startTime":1500319764627,"endTime":0,"childRecords":[],"interuppted":false},{"testStatus":{"stackTrace":"","statusValue":"INFO"},"type":"MESSAGE","name":"","message":"Variable \u0027Title\u0027 is set to Test Send to Review 1 as default","startTime":1500319764651,"endTime":0,"childRecords":[],"interuppted":false},{"testStatus":{"stackTrace":"","statusValue":"INFO"},"type":"MESSAGE","name":"","message":"Variable \u0027Text\u0027 is set to This page is directly sent to review as default","startTime":1500319764676,"endTime":0,"childRecords":[],"interuppted":false},{"attachment":"1500319796558.png","index":1,"isIgnoredIfFailed":false,"type":"TEST_STEP","name":"click","message":"Unable to click on object \u0027Object Repository/Page_User dashboard  junetest2bda/a_MyContent\u0027 (Root cause: com.kms.katalon.core.webui.exception.WebElementNotFoundException: Web element with id: \u0027Object Repository/Page_User dashboard  junetest2bda/a_MyContent\u0027 located by \u0027By.xpath: //a[count(. | //*[@id\u003d\"block-aw-dashboard-main-menu\"]/a[2]) \u003d count(//*[@id\u003d\"block-aw-dashboard-main-menu\"]/a[2])]\u0027 not found)","description":"","startTime":1500319764972,"endTime":1500319797175,"childRecords":[{"testStatus":{"stackTrace":"","statusValue":"FAILED"},"attachment":"1500319796558.png","type":"MESSAGE","name":"","message":"Unable to click on object \u0027Object Repository/Page_User dashboard  junetest2bda/a_MyContent\u0027 (Root cause: com.kms.katalon.core.webui.exception.WebElementNotFoundException: Web element with id: \u0027Object Repository/Page_User dashboard  junetest2bda/a_MyContent\u0027 located by \u0027By.xpath: //a[count(. | //*[@id\u003d\"block-aw-dashboard-main-menu\"]/a[2]) \u003d count(//*[@id\u003d\"block-aw-dashboard-main-menu\"]/a[2])]\u0027 not found)","startTime":1500319797174,"endTime":0,"childRecords":[],"interuppted":false}],"interuppted":false},{"testStatus":{"stackTrace":"","statusValue":"FAILED"},"type":"MESSAGE","name":"","message":"Test Cases/My Content/Pages/Modal/Verify_Send_to_review/Send_to_review_Add FAILED because (of) Unable to click on object \u0027Object Repository/Page_User dashboard  junetest2bda/a_MyContent\u0027 (Root cause: com.kms.katalon.core.webui.exception.WebElementNotFoundException: Web element with id: \u0027Object Repository/Page_User dashboard  junetest2bda/a_MyContent\u0027 located by \u0027By.xpath: //a[count(. | //*[@id\u003d\"block-aw-dashboard-main-menu\"]/a[2]) \u003d count(//*[@id\u003d\"block-aw-dashboard-main-menu\"]/a[2])]\u0027 not found)","startTime":1500319797175,"endTime":0,"childRecords":[],"interuppted":false}],"interuppted":false},{"isOptional":false,"type":"TEST_CASE","name":"Test Cases/My Content/Pages/Modal/Verify_Send_to_review/Send_to_review_Add","id":"Test Cases/My Content/Pages/Modal/Verify_Send_to_review/Send_to_review_Add","source":"C:\\\\Users\\\\Cindy\\\\Katalon Studio\\\\MyContentTest Cases\\\\My Content\\\\Pages\\\\Modal\\\\Verify_Send_to_review\\\\Send_to_review_Add.tc","message":"Test Cases/My Content/Pages/Modal/Verify_Send_to_review/Send_to_review_Add FAILED because (of) Unable to click on object \u0027Object Repository/Page_User dashboard  junetest2bda/a_MyContent\u0027 (Root cause: com.kms.katalon.core.webui.exception.WebElementNotFoundException: Web element with id: \u0027Object Repository/Page_User dashboard  junetest2bda/a_MyContent\u0027 located by \u0027By.xpath: //a[count(. | //*[@id\u003d\"block-aw-dashboard-main-menu\"]/a[2]) \u003d count(//*[@id\u003d\"block-aw-dashboard-main-menu\"]/a[2])]\u0027 not found)","description":"","startTime":1500319797233,"endTime":1500319829555,"childRecords":[{"testStatus":{"stackTrace":"","statusValue":"INFO"},"type":"MESSAGE","name":"","message":"Evaluating variables for test case","startTime":1500319797242,"endTime":0,"childRecords":[],"interuppted":false},{"testStatus":{"stackTrace":"","statusValue":"INFO"},"type":"MESSAGE","name":"","message":"Variable \u0027Title\u0027 is set to Test Send to Review 1 as default","startTime":1500319797266,"endTime":0,"childRecords":[],"interuppted":false},{"testStatus":{"stackTrace":"","statusValue":"INFO"},"type":"MESSAGE","name":"","message":"Variable \u0027Text\u0027 is set to This page is directly sent to review as default","startTime":1500319797274,"endTime":0,"childRecords":[],"interuppted":false},{"attachment":"1500319828921.png","index":1,"isIgnoredIfFailed":false,"type":"TEST_STEP","name":"click","message":"Unable to click on object \u0027Object Repository/Page_User dashboard  junetest2bda/a_MyContent\u0027 (Root cause: com.kms.katalon.core.webui.exception.WebElementNotFoundException: Web element with id: \u0027Object Repository/Page_User dashboard  junetest2bda/a_MyContent\u0027 located by \u0027By.xpath: //a[count(. | //*[@id\u003d\"block-aw-dashboard-main-menu\"]/a[2]) \u003d count(//*[@id\u003d\"block-aw-dashboard-main-menu\"]/a[2])]\u0027 not found)","description":"","startTime":1500319797276,"endTime":1500319829554,"childRecords":[{"testStatus":{"stackTrace":"","statusValue":"FAILED"},"attachment":"1500319828921.png","type":"MESSAGE","name":"","message":"Unable to click on object \u0027Object Repository/Page_User dashboard  junetest2bda/a_MyContent\u0027 (Root cause: com.kms.katalon.core.webui.exception.WebElementNotFoundException: Web element with id: \u0027Object Repository/Page_User dashboard  junetest2bda/a_MyContent\u0027 located by \u0027By.xpath: //a[count(. | //*[@id\u003d\"block-aw-dashboard-main-menu\"]/a[2]) \u003d count(//*[@id\u003d\"block-aw-dashboard-main-menu\"]/a[2])]\u0027 not found)","startTime":1500319829553,"endTime":0,"childRecords":[],"interuppted":false}],"interuppted":false},{"testStatus":{"stackTrace":"","statusValue":"FAILED"},"type":"MESSAGE","name":"","message":"Test Cases/My Content/Pages/Modal/Verify_Send_to_review/Send_to_review_Add FAILED because (of) Unable to click on object \u0027Object Repository/Page_User dashboard  junetest2bda/a_MyContent\u0027 (Root cause: com.kms.katalon.core.webui.exception.WebElementNotFoundException: Web element with id: \u0027Object Repository/Page_User dashboard  junetest2bda/a_MyContent\u0027 located by \u0027By.xpath: //a[count(. | //*[@id\u003d\"block-aw-dashboard-main-menu\"]/a[2]) \u003d count(//*[@id\u003d\"block-aw-dashboard-main-menu\"]/a[2])]\u0027 not found)","startTime":1500319829554,"endTime":0,"childRecords":[],"interuppted":false}],"interuppted":false},{"isOptional":false,"type":"TEST_CASE","name":"Test Cases/My Content/Pages/Modal/Verify_Send_to_review/Send_to_review_Edit","id":"Test Cases/My Content/Pages/Modal/Verify_Send_to_review/Send_to_review_Edit","source":"C:\\\\Users\\\\Cindy\\\\Katalon Studio\\\\MyContentTest Cases\\\\My Content\\\\Pages\\\\Modal\\\\Verify_Send_to_review\\\\Send_to_review_Edit.tc","message":"Test Cases/My Content/Pages/Modal/Verify_Send_to_review/Send_to_review_Edit FAILED because (of) Unable to click on object \u0027Object Repository/Page_User dashboard  junetest2bda/a_MyContent\u0027 (Root cause: com.kms.katalon.core.webui.exception.WebElementNotFoundException: Web element with id: \u0027Object Repository/Page_User dashboard  junetest2bda/a_MyContent\u0027 located by \u0027By.xpath: //a[count(. | //*[@id\u003d\"block-aw-dashboard-main-menu\"]/a[2]) \u003d count(//*[@id\u003d\"block-aw-dashboard-main-menu\"]/a[2])]\u0027 not found)","description":"","startTime":1500319829637,"endTime":1500319862275,"childRecords":[{"testStatus":{"stackTrace":"","statusValue":"INFO"},"type":"MESSAGE","name":"","message":"Evaluating variables for test case","startTime":1500319829664,"endTime":0,"childRecords":[],"interuppted":false},{"testStatus":{"stackTrace":"","statusValue":"INFO"},"type":"MESSAGE","name":"","message":"Variable \u0027Title_Add\u0027 is set to Test Send to Review 1 as default","startTime":1500319829687,"endTime":0,"childRecords":[],"interuppted":false},{"testStatus":{"stackTrace":"","statusValue":"INFO"},"type":"MESSAGE","name":"","message":"Variable \u0027Text_Add\u0027 is set to This is a page sent straight to review as default","startTime":1500319829699,"endTime":0,"childRecords":[],"interuppted":false},{"testStatus":{"stackTrace":"","statusValue":"INFO"},"type":"MESSAGE","name":"","message":"Variable \u0027Title_Edit\u0027 is set to Test Send to Review Edit 1 as default","startTime":1500319829723,"endTime":0,"childRecords":[],"interuppted":false},{"testStatus":{"stackTrace":"","statusValue":"INFO"},"type":"MESSAGE","name":"","message":"Variable \u0027Text_Edit\u0027 is set to Send to view page is edited as default","startTime":1500319829742,"endTime":0,"childRecords":[],"interuppted":false},{"attachment":"1500319861645.png","index":1,"isIgnoredIfFailed":false,"type":"TEST_STEP","name":"click","message":"Unable to click on object \u0027Object Repository/Page_User dashboard  junetest2bda/a_MyContent\u0027 (Root cause: com.kms.katalon.core.webui.exception.WebElementNotFoundException: Web element with id: \u0027Object Repository/Page_User dashboard  junetest2bda/a_MyContent\u0027 located by \u0027By.xpath: //a[count(. | //*[@id\u003d\"block-aw-dashboard-main-menu\"]/a[2]) \u003d count(//*[@id\u003d\"block-aw-dashboard-main-menu\"]/a[2])]\u0027 not found)","description":"","startTime":1500319830000,"endTime":1500319862273,"childRecords":[{"testStatus":{"stackTrace":"","statusValue":"FAILED"},"attachment":"1500319861645.png","type":"MESSAGE","name":"","message":"Unable to click on object \u0027Object Repository/Page_User dashboard  junetest2bda/a_MyContent\u0027 (Root cause: com.kms.katalon.core.webui.exception.WebElementNotFoundException: Web element with id: \u0027Object Repository/Page_User dashboard  junetest2bda/a_MyContent\u0027 located by \u0027By.xpath: //a[count(. | //*[@id\u003d\"block-aw-dashboard-main-menu\"]/a[2]) \u003d count(//*[@id\u003d\"block-aw-dashboard-main-menu\"]/a[2])]\u0027 not found)","startTime":1500319862272,"endTime":0,"childRecords":[],"interuppted":false}],"interuppted":false},{"testStatus":{"stackTrace":"","statusValue":"FAILED"},"type":"MESSAGE","name":"","message":"Test Cases/My Content/Pages/Modal/Verify_Send_to_review/Send_to_review_Edit FAILED because (of) Unable to click on object \u0027Object Repository/Page_User dashboard  junetest2bda/a_MyContent\u0027 (Root cause: com.kms.katalon.core.webui.exception.WebElementNotFoundException: Web element with id: \u0027Object Repository/Page_User dashboard  junetest2bda/a_MyContent\u0027 located by \u0027By.xpath: //a[count(. | //*[@id\u003d\"block-aw-dashboard-main-menu\"]/a[2]) \u003d count(//*[@id\u003d\"block-aw-dashboard-main-menu\"]/a[2])]\u0027 not found)","startTime":1500319862274,"endTime":0,"childRecords":[],"interuppted":false}],"interuppted":false},{"isOptional":false,"type":"TEST_CASE","name":"Test Cases/My Content/Pages/Modal/Verify_Send_to_review/Send_to_review_Add_Delete","id":"Test Cases/My Content/Pages/Modal/Verify_Send_to_review/Send_to_review_Add_Delete","source":"C:\\\\Users\\\\Cindy\\\\Katalon Studio\\\\MyContentTest Cases\\\\My Content\\\\Pages\\\\Modal\\\\Verify_Send_to_review\\\\Send_to_review_Add_Delete.tc","message":"Test Cases/My Content/Pages/Modal/Verify_Send_to_review/Send_to_review_Add_Delete FAILED because (of) Unable to click on object \u0027Object Repository/Page_User dashboard  junetest2bda/a_MyContent\u0027 (Root cause: com.kms.katalon.core.webui.exception.WebElementNotFoundException: Web element with id: \u0027Object Repository/Page_User dashboard  junetest2bda/a_MyContent\u0027 located by \u0027By.xpath: //a[count(. | //*[@id\u003d\"block-aw-dashboard-main-menu\"]/a[2]) \u003d count(//*[@id\u003d\"block-aw-dashboard-main-menu\"]/a[2])]\u0027 not found)","description":"","startTime":1500319862355,"endTime":1500319895400,"childRecords":[{"testStatus":{"stackTrace":"","statusValue":"INFO"},"type":"MESSAGE","name":"","message":"Evaluating variables for test case","startTime":1500319862400,"endTime":0,"childRecords":[],"interuppted":false},{"testStatus":{"stackTrace":"","statusValue":"INFO"},"type":"MESSAGE","name":"","message":"Variable \u0027Title\u0027 is set to Test Send to Review 1 as default","startTime":1500319862409,"endTime":0,"childRecords":[],"interuppted":false},{"testStatus":{"stackTrace":"","statusValue":"INFO"},"type":"MESSAGE","name":"","message":"Variable \u0027Text\u0027 is set to This page is directly sent to review as default","startTime":1500319862421,"endTime":0,"childRecords":[],"interuppted":false},{"attachment":"1500319894619.png","index":1,"isIgnoredIfFailed":false,"type":"TEST_STEP","name":"click","message":"Unable to click on object \u0027Object Repository/Page_User dashboard  junetest2bda/a_MyContent\u0027 (Root cause: com.kms.katalon.core.webui.exception.WebElementNotFoundException: Web element with id: \u0027Object Repository/Page_User dashboard  junetest2bda/a_MyContent\u0027 located by \u0027By.xpath: //a[count(. | //*[@id\u003d\"block-aw-dashboard-main-menu\"]/a[2]) \u003d count(//*[@id\u003d\"block-aw-dashboard-main-menu\"]/a[2])]\u0027 not found)","description":"","startTime":1500319862673,"endTime":1500319895399,"childRecords":[{"testStatus":{"stackTrace":"","statusValue":"FAILED"},"attachment":"1500319894619.png","type":"MESSAGE","name":"","message":"Unable to click on object \u0027Object Repository/Page_User dashboard  junetest2bda/a_MyContent\u0027 (Root cause: com.kms.katalon.core.webui.exception.WebElementNotFoundException: Web element with id: \u0027Object Repository/Page_User dashboard  junetest2bda/a_MyContent\u0027 located by \u0027By.xpath: //a[count(. | //*[@id\u003d\"block-aw-dashboard-main-menu\"]/a[2]) \u003d count(//*[@id\u003d\"block-aw-dashboard-main-menu\"]/a[2])]\u0027 not found)","startTime":1500319895399,"endTime":0,"childRecords":[],"interuppted":false}],"interuppted":false},{"testStatus":{"stackTrace":"","statusValue":"FAILED"},"type":"MESSAGE","name":"","message":"Test Cases/My Content/Pages/Modal/Verify_Send_to_review/Send_to_review_Add_Delete FAILED because (of) Unable to click on object \u0027Object Repository/Page_User dashboard  junetest2bda/a_MyContent\u0027 (Root cause: com.kms.katalon.core.webui.exception.WebElementNotFoundException: Web element with id: \u0027Object Repository/Page_User dashboard  junetest2bda/a_MyContent\u0027 located by \u0027By.xpath: //a[count(. | //*[@id\u003d\"block-aw-dashboard-main-menu\"]/a[2]) \u003d count(//*[@id\u003d\"block-aw-dashboard-main-menu\"]/a[2])]\u0027 not found)","startTime":1500319895400,"endTime":0,"childRecords":[],"interuppted":false}],"interuppted":false},{"isOptional":false,"type":"TEST_CASE","name":"Test Cases/My Content/Pages/CloseModal_AddPagetoDelete","id":"Test Cases/My Content/Pages/CloseModal_AddPagetoDelete","source":"C:\\\\Users\\\\Cindy\\\\Katalon Studio\\\\MyContentTest Cases\\\\My Content\\\\Pages\\\\CloseModal_AddPagetoDelete.tc","message":"Test Cases/My Content/Pages/CloseModal_AddPagetoDelete FAILED because (of) Unable to click on object \u0027Object Repository/Page_User dashboard  junetest2bda/a_MyContent\u0027 (Root cause: com.kms.katalon.core.webui.exception.WebElementNotFoundException: Web element with id: \u0027Object Repository/Page_User dashboard  junetest2bda/a_MyContent\u0027 located by \u0027By.xpath: //a[count(. | //*[@id\u003d\"block-aw-dashboard-main-menu\"]/a[2]) \u003d count(//*[@id\u003d\"block-aw-dashboard-main-menu\"]/a[2])]\u0027 not found)","description":"","startTime":1500319895468,"endTime":1500319930857,"childRecords":[{"testStatus":{"stackTrace":"","statusValue":"INFO"},"type":"MESSAGE","name":"","message":"Evaluating variables for test case","startTime":1500319895503,"endTime":0,"childRecords":[],"interuppted":false},{"testStatus":{"stackTrace":"","statusValue":"INFO"},"type":"MESSAGE","name":"","message":"Variable \u0027Title\u0027 is set to Test Draft 1 Delete as default","startTime":1500319895520,"endTime":0,"childRecords":[],"interuppted":false},{"testStatus":{"stackTrace":"","statusValue":"INFO"},"type":"MESSAGE","name":"","message":"Variable \u0027Text\u0027 is set to This is a Draft Delete and Close as default","startTime":1500319895529,"endTime":0,"childRecords":[],"interuppted":false},{"attachment":"1500319927951.png","index":1,"isIgnoredIfFailed":false,"type":"TEST_STEP","name":"click","message":"Unable to click on object \u0027Object Repository/Page_User dashboard  junetest2bda/a_MyContent\u0027 (Root cause: com.kms.katalon.core.webui.exception.WebElementNotFoundException: Web element with id: \u0027Object Repository/Page_User dashboard  junetest2bda/a_MyContent\u0027 located by \u0027By.xpath: //a[count(. | //*[@id\u003d\"block-aw-dashboard-main-menu\"]/a[2]) \u003d count(//*[@id\u003d\"block-aw-dashboard-main-menu\"]/a[2])]\u0027 not found)","description":"","startTime":1500319895823,"endTime":1500319930856,"childRecords":[{"testStatus":{"stackTrace":"","statusValue":"FAILED"},"attachment":"1500319927951.png","type":"MESSAGE","name":"","message":"Unable to click on object \u0027Object Repository/Page_User dashboard  junetest2bda/a_MyContent\u0027 (Root cause: com.kms.katalon.core.webui.exception.WebElementNotFoundException: Web element with id: \u0027Object Repository/Page_User dashboard  junetest2bda/a_MyContent\u0027 located by \u0027By.xpath: //a[count(. | //*[@id\u003d\"block-aw-dashboard-main-menu\"]/a[2]) \u003d count(//*[@id\u003d\"block-aw-dashboard-main-menu\"]/a[2])]\u0027 not found)","startTime":1500319930855,"endTime":0,"childRecords":[],"interuppted":false}],"interuppted":false},{"testStatus":{"stackTrace":"","statusValue":"FAILED"},"type":"MESSAGE","name":"","message":"Test Cases/My Content/Pages/CloseModal_AddPagetoDelete FAILED because (of) Unable to click on object \u0027Object Repository/Page_User dashboard  junetest2bda/a_MyContent\u0027 (Root cause: com.kms.katalon.core.webui.exception.WebElementNotFoundException: Web element with id: \u0027Object Repository/Page_User dashboard  junetest2bda/a_MyContent\u0027 located by \u0027By.xpath: //a[count(. | //*[@id\u003d\"block-aw-dashboard-main-menu\"]/a[2]) \u003d count(//*[@id\u003d\"block-aw-dashboard-main-menu\"]/a[2])]\u0027 not found)","startTime":1500319930856,"endTime":0,"childRecords":[],"interuppted":false}],"interuppted":false},{"isOptional":false,"type":"TEST_CASE","name":"Test Cases/My Content/Pages/Modal/close Modals","id":"Test Cases/My Content/Pages/Modal/close Modals","source":"C:\\\\Users\\\\Cindy\\\\Katalon Studio\\\\MyContentTest Cases\\\\My Content\\\\Pages\\\\Modal\\\\close Modals.tc","message":"Test Cases/My Content/Pages/Modal/close Modals","description":"","startTime":1500319931673,"endTime":1500319964208,"childRecords":[{"testStatus":{"stackTrace":"","statusValue":"INFO"},"type":"MESSAGE","name":"","message":"Evaluating variables for test case","startTime":1500319932197,"endTime":0,"childRecords":[],"interuppted":false},{"index":1,"isIgnoredIfFailed":false,"type":"TEST_STEP","name":"click","message":"Object: \u0027Object Repository/Page_User dashboard  junetest2bda/a_MyContent\u0027 is clicked on","description":"","startTime":1500319945999,"endTime":1500319959326,"childRecords":[{"testStatus":{"stackTrace":"","statusValue":"PASSED"},"type":"MESSAGE","name":"","message":"Object: \u0027Object Repository/Page_User dashboard  junetest2bda/a_MyContent\u0027 is clicked on","startTime":1500319959326,"endTime":0,"childRecords":[],"interuppted":false}],"interuppted":false},{"index":2,"isIgnoredIfFailed":false,"type":"TEST_STEP","name":"click","message":"Object: \u0027Object Repository/Page_Pages  junetest2bda/a_Add New\u0027 is clicked on","description":"","startTime":1500319959327,"endTime":1500319959987,"childRecords":[{"testStatus":{"stackTrace":"","statusValue":"PASSED"},"type":"MESSAGE","name":"","message":"Object: \u0027Object Repository/Page_Pages  junetest2bda/a_Add New\u0027 is clicked on","startTime":1500319959987,"endTime":0,"childRecords":[],"interuppted":false}],"interuppted":false},{"index":3,"isIgnoredIfFailed":false,"type":"TEST_STEP","name":"waitForElementPresent","message":"Object \u0027Object Repository/Page_Pages  junetest2bda/Modal/div_ui-dialog ui-widget ui-wid_MyContentModal\u0027 is present","description":"","startTime":1500319959988,"endTime":1500319962704,"childRecords":[{"testStatus":{"stackTrace":"","statusValue":"PASSED"},"type":"MESSAGE","name":"","message":"Object \u0027Object Repository/Page_Pages  junetest2bda/Modal/div_ui-dialog ui-widget ui-wid_MyContentModal\u0027 is present","startTime":1500319962702,"endTime":0,"childRecords":[],"interuppted":false}],"interuppted":false},{"index":4,"isIgnoredIfFailed":false,"type":"TEST_STEP","name":"verifyElementPresent","message":"Object \u0027Object Repository/Page_Pages  junetest2bda/Modal/div_ui-dialog ui-widget ui-wid_MyContentModal\u0027 is present","description":"","startTime":1500319962706,"endTime":1500319963178,"childRecords":[{"testStatus":{"stackTrace":"","statusValue":"PASSED"},"type":"MESSAGE","name":"","message":"Object \u0027Object Repository/Page_Pages  junetest2bda/Modal/div_ui-dialog ui-widget ui-wid_MyContentModal\u0027 is present","startTime":1500319963178,"endTime":0,"childRecords":[],"interuppted":false}],"interuppted":false},{"index":5,"isIgnoredIfFailed":false,"type":"TEST_STEP","name":"verifyElementPresent","message":"Object \u0027Object Repository/Page_Pages  junetest2bda/Modal/input_title0value_Title\u0027 is present","description":"","startTime":1500319963179,"endTime":1500319963438,"childRecords":[{"testStatus":{"stackTrace":"","statusValue":"PASSED"},"type":"MESSAGE","name":"","message":"Object \u0027Object Repository/Page_Pages  junetest2bda/Modal/input_title0value_Title\u0027 is present","startTime":1500319963437,"endTime":0,"childRecords":[],"interuppted":false}],"interuppted":false},{"index":6,"isIgnoredIfFailed":false,"type":"TEST_STEP","name":"click","message":"Object: \u0027Object Repository/Page_Pages  junetest2bda/Modal/Button_Close\u0027 is clicked on","description":"","startTime":1500319963438,"endTime":1500319964038,"childRecords":[{"testStatus":{"stackTrace":"","statusValue":"PASSED"},"type":"MESSAGE","name":"","message":"Object: \u0027Object Repository/Page_Pages  junetest2bda/Modal/Button_Close\u0027 is clicked on","startTime":1500319964038,"endTime":0,"childRecords":[],"interuppted":false}],"interuppted":false},{"index":7,"isIgnoredIfFailed":false,"type":"TEST_STEP","name":"verifyElementNotPresent","message":"Web element with id: \u0027Object Repository/Page_Pages  junetest2bda/Modal/div_ui-dialog ui-widget ui-wid_MyContentModal\u0027 located by \u0027By.xpath: //div[count(. | //*[@class \u003d \u0027ui-dialog ui-widget ui-widget-content ui-corner-all ui-front ui-dialog-buttons\u0027]) \u003d count(//*[@class \u003d \u0027ui-dialog ui-widget ui-widget-content ui-corner-all ui-front ui-dialog-buttons\u0027])]\u0027 is not present after \u00272\u0027 second(s)","description":"","startTime":1500319964038,"endTime":1500319964208,"childRecords":[{"testStatus":{"stackTrace":"","statusValue":"PASSED"},"type":"MESSAGE","name":"","message":"Web element with id: \u0027Object Repository/Page_Pages  junetest2bda/Modal/div_ui-dialog ui-widget ui-wid_MyContentModal\u0027 located by \u0027By.xpath: //div[count(. | //*[@class \u003d \u0027ui-dialog ui-widget ui-widget-content ui-corner-all ui-front ui-dialog-buttons\u0027]) \u003d count(//*[@class \u003d \u0027ui-dialog ui-widget ui-widget-content ui-corner-all ui-front ui-dialog-buttons\u0027])]\u0027 is not present after \u00272\u0027 second(s)","startTime":1500319964207,"endTime":0,"childRecords":[],"interuppted":false}],"interuppted":false},{"testStatus":{"stackTrace":"","statusValue":"PASSED"},"type":"MESSAGE","name":"","message":"Test Cases/My Content/Pages/Modal/close Modals","startTime":1500319964208,"endTime":0,"childRecords":[],"interuppted":false}],"interuppted":false}],"interuppted":false}