<?xml version="1.0" encoding="UTF-8"?>
<testsuites name="PandS_Incomplete_Items_last" time="1000" tests="9" failures="3" errors="0">
   <testsuite name="PandS_Incomplete_Items_last" tests="9" failures="3" errors="0" time="1000" timestamp="2017-07-24 16:02:24" hostname="Andy - Cindy-AW" id="Test Suites/PandS_Incomplete_Items_last">
      <properties>
         <property name="deviceName" value=""/>
         <property name="devicePlatform" value=""/>
         <property name="logFolder" value="C:\\Users\\Cindy\\Katalon Studio\\MyContent\\Reports\\PandS_Incomplete_Items_last\\20170724_160222"/>
         <property name="logFiles" value="C:\\Users\\Cindy\\Katalon Studio\\MyContent\\Reports\\PandS_Incomplete_Items_last\\20170724_160222\\execution0.log"/>
         <property name="attachments" value="C:\\Users\\Cindy\\Katalon Studio\\MyContent\\Reports\\PandS_Incomplete_Items_last\\20170724_160222\\1500937751203.png, C:\\Users\\Cindy\\Katalon Studio\\MyContent\\Reports\\PandS_Incomplete_Items_last\\20170724_160222\\1500938086103.png, C:\\Users\\Cindy\\Katalon Studio\\MyContent\\Reports\\PandS_Incomplete_Items_last\\20170724_160222\\1500938342490.png"/>
         <property name="hostName" value="Andy - Cindy-AW"/>
         <property name="os" value="Windows 10 64bit"/>
         <property name="katalonVersion" value="4.7.0.2"/>
         <property name="browser" value="Chrome 59.0.3071.115"/>
         <property name="hostAddress" value="192.168.1.211"/>
         <property name="sessionId" value="c21eb05fa823ceff7b63a83c39e8055c"/>
         <property name="seleniumVersion" value="2.53.0"/>
         <property name="proxyInformation" value="ProxyInformation{proxyOption=NO_PROXY, proxyServerType=, password=, proxyServerAddress=, proxyServerPort=0}"/>
         <property name="platform" value="Windows 10"/>
      </properties>
      <testcase name="Test Cases/Login/Login Via Website" classname="Test Cases/Login/Login Via Website" status="PASSED">
         <system-out><![CDATA[2017-07-24 16:02:24 - [TEST_CASE][PASSED] - Test Cases/Login/Login Via Website: Test Cases/Login/Login Via Website

2017-07-24 16:02:25 - [TEST_STEP][PASSED] - openBrowser: Browser is opened with url: ''

2017-07-24 16:02:29 - [MESSAGE][PASSED] - Browser is opened with url: ''

2017-07-24 16:02:29 - [TEST_STEP][PASSED] - navigateToUrl: Navigate to 'http://julytest20a.force1.awdev.ca/user' successfully

2017-07-24 16:02:32 - [MESSAGE][PASSED] - Navigate to 'http://julytest20a.force1.awdev.ca/user' successfully

2017-07-24 16:02:32 - [TEST_STEP][PASSED] - maximizeWindow: Current window maximized

2017-07-24 16:02:33 - [MESSAGE][PASSED] - Current window maximized

2017-07-24 16:02:33 - [TEST_STEP][PASSED] - setText: Text 'julytest20a' is set on object 'Object Repository/Page_Log in  AW Force/input_name_Username'

2017-07-24 16:02:34 - [MESSAGE][PASSED] - Text 'julytest20a' is set on object 'Object Repository/Page_Log in  AW Force/input_name_Username'

2017-07-24 16:02:34 - [TEST_STEP][PASSED] - setText: Text 'welcome' is set on object 'Object Repository/Page_Log in  AW Force/input_pass_Password'

2017-07-24 16:02:34 - [MESSAGE][PASSED] - Text 'welcome' is set on object 'Object Repository/Page_Log in  AW Force/input_pass_Password'

2017-07-24 16:02:34 - [TEST_STEP][PASSED] - click: Object: 'Object Repository/Page_Log in  AW Force/input_op_Submit' is clicked on

2017-07-24 16:02:57 - [MESSAGE][PASSED] - Object: 'Object Repository/Page_Log in  AW Force/input_op_Submit' is clicked on

2017-07-24 16:02:57 - [TEST_STEP][PASSED] - waitForPageLoad: Wait for page load successfully

2017-07-24 16:02:57 - [MESSAGE][PASSED] - Wait for page load successfully]]></system-out>
         <system-err><![CDATA[]]></system-err>
      </testcase>
      <testcase name="Test Cases/My Content/Product and Services/AddWeightDefaultContent" classname="Test Cases/My Content/Product and Services/AddWeightDefaultContent" status="PASSED">
         <system-out><![CDATA[2017-07-24 16:02:57 - [TEST_CASE][PASSED] - Test Cases/My Content/Product and Services/AddWeightDefaultContent: Test Cases/My Content/Product and Services/AddWeightDefaultContent

2017-07-24 16:02:58 - [TEST_STEP][PASSED] - click: Object: 'Object Repository/Page_User dashboard  junetest2bda/a_MyContent' is clicked on

2017-07-24 16:03:18 - [MESSAGE][PASSED] - Object: 'Object Repository/Page_User dashboard  junetest2bda/a_MyContent' is clicked on

2017-07-24 16:03:18 - [TEST_STEP][PASSED] - click: Object: 'Object Repository/Page_User dashboard  junetest2bda/My Content Menu/a_Products  Services' is clicked on

2017-07-24 16:03:37 - [MESSAGE][PASSED] - Object: 'Object Repository/Page_User dashboard  junetest2bda/My Content Menu/a_Products  Services' is clicked on

2017-07-24 16:03:37 - [TEST_STEP][PASSED] - Statement - For (def index : (0..3)): null

2017-07-24 16:03:37 - [TEST_STEP][PASSED] - delay: Delayed 7 second(s)

2017-07-24 16:03:44 - [MESSAGE][PASSED] - Delayed 7 second(s)

2017-07-24 16:03:44 - [TEST_STEP][PASSED] - click: Object: 'Object Repository/Page_Pages  junetest2bda/a_Edit' is clicked on

2017-07-24 16:03:44 - [MESSAGE][PASSED] - Object: 'Object Repository/Page_Pages  junetest2bda/a_Edit' is clicked on

2017-07-24 16:03:44 - [TEST_STEP][PASSED] - waitForElementPresent: Object 'Object Repository/Page_Pages  junetest2bda/Modal/div_ui-dialog ui-widget ui-wid_MyContentModal' is present

2017-07-24 16:03:46 - [MESSAGE][PASSED] - Object 'Object Repository/Page_Pages  junetest2bda/Modal/div_ui-dialog ui-widget ui-wid_MyContentModal' is present

2017-07-24 16:03:46 - [TEST_STEP][PASSED] - verifyElementPresent: Object 'Object Repository/Page_Pages  junetest2bda/Modal/div_ui-dialog ui-widget ui-wid_MyContentModal' is present

2017-07-24 16:03:46 - [MESSAGE][PASSED] - Object 'Object Repository/Page_Pages  junetest2bda/Modal/div_ui-dialog ui-widget ui-wid_MyContentModal' is present

2017-07-24 16:03:46 - [TEST_STEP][PASSED] - Statement - ProductWeightValue = ProductMemberWeight: null

2017-07-24 16:03:46 - [TEST_STEP][PASSED] - setText: Text '10' is set on object 'Object Repository/Page_Our Team  junetest2bda/input_field_weight0value'

2017-07-24 16:03:46 - [MESSAGE][PASSED] - Text '10' is set on object 'Object Repository/Page_Our Team  junetest2bda/input_field_weight0value'

2017-07-24 16:03:46 - [TEST_STEP][PASSED] - Statement - ProductMemberWeight -= 1: null

2017-07-24 16:03:46 - [TEST_STEP][PASSED] - delay: Delayed 5 second(s)

2017-07-24 16:03:51 - [MESSAGE][PASSED] - Delayed 5 second(s)

2017-07-24 16:03:51 - [TEST_STEP][PASSED] - click: Object: 'Object Repository/Page_Pages  junetest2bda/Modal/button_SendtoReview' is clicked on

2017-07-24 16:04:12 - [MESSAGE][PASSED] - Object: 'Object Repository/Page_Pages  junetest2bda/Modal/button_SendtoReview' is clicked on

2017-07-24 16:04:12 - [TEST_STEP][PASSED] - Statement - println(TeamMemberWeight): null

2017-07-24 16:04:12 - [TEST_STEP][PASSED] - delay: Delayed 7 second(s)

2017-07-24 16:04:19 - [MESSAGE][PASSED] - Delayed 7 second(s)

2017-07-24 16:04:19 - [TEST_STEP][PASSED] - click: Object: 'Object Repository/Page_Pages  junetest2bda/a_Edit' is clicked on

2017-07-24 16:04:19 - [MESSAGE][PASSED] - Object: 'Object Repository/Page_Pages  junetest2bda/a_Edit' is clicked on

2017-07-24 16:04:19 - [TEST_STEP][PASSED] - waitForElementPresent: Object 'Object Repository/Page_Pages  junetest2bda/Modal/div_ui-dialog ui-widget ui-wid_MyContentModal' is present

2017-07-24 16:04:20 - [MESSAGE][PASSED] - Object 'Object Repository/Page_Pages  junetest2bda/Modal/div_ui-dialog ui-widget ui-wid_MyContentModal' is present

2017-07-24 16:04:20 - [TEST_STEP][PASSED] - verifyElementPresent: Object 'Object Repository/Page_Pages  junetest2bda/Modal/div_ui-dialog ui-widget ui-wid_MyContentModal' is present

2017-07-24 16:04:20 - [MESSAGE][PASSED] - Object 'Object Repository/Page_Pages  junetest2bda/Modal/div_ui-dialog ui-widget ui-wid_MyContentModal' is present

2017-07-24 16:04:20 - [TEST_STEP][PASSED] - Statement - ProductWeightValue = ProductMemberWeight: null

2017-07-24 16:04:21 - [TEST_STEP][PASSED] - setText: Text '9' is set on object 'Object Repository/Page_Our Team  junetest2bda/input_field_weight0value'

2017-07-24 16:04:21 - [MESSAGE][PASSED] - Text '9' is set on object 'Object Repository/Page_Our Team  junetest2bda/input_field_weight0value'

2017-07-24 16:04:21 - [TEST_STEP][PASSED] - Statement - ProductMemberWeight -= 1: null

2017-07-24 16:04:21 - [TEST_STEP][PASSED] - delay: Delayed 5 second(s)

2017-07-24 16:04:26 - [MESSAGE][PASSED] - Delayed 5 second(s)

2017-07-24 16:04:26 - [TEST_STEP][PASSED] - click: Object: 'Object Repository/Page_Pages  junetest2bda/Modal/button_SendtoReview' is clicked on

2017-07-24 16:05:02 - [MESSAGE][PASSED] - Object: 'Object Repository/Page_Pages  junetest2bda/Modal/button_SendtoReview' is clicked on

2017-07-24 16:05:02 - [TEST_STEP][PASSED] - Statement - println(TeamMemberWeight): null

2017-07-24 16:05:02 - [TEST_STEP][PASSED] - delay: Delayed 7 second(s)

2017-07-24 16:05:09 - [MESSAGE][PASSED] - Delayed 7 second(s)

2017-07-24 16:05:09 - [TEST_STEP][PASSED] - click: Object: 'Object Repository/Page_Pages  junetest2bda/a_Edit' is clicked on

2017-07-24 16:05:09 - [MESSAGE][PASSED] - Object: 'Object Repository/Page_Pages  junetest2bda/a_Edit' is clicked on

2017-07-24 16:05:09 - [TEST_STEP][PASSED] - waitForElementPresent: Object 'Object Repository/Page_Pages  junetest2bda/Modal/div_ui-dialog ui-widget ui-wid_MyContentModal' is present

2017-07-24 16:05:11 - [MESSAGE][PASSED] - Object 'Object Repository/Page_Pages  junetest2bda/Modal/div_ui-dialog ui-widget ui-wid_MyContentModal' is present

2017-07-24 16:05:11 - [TEST_STEP][PASSED] - verifyElementPresent: Object 'Object Repository/Page_Pages  junetest2bda/Modal/div_ui-dialog ui-widget ui-wid_MyContentModal' is present

2017-07-24 16:05:11 - [MESSAGE][PASSED] - Object 'Object Repository/Page_Pages  junetest2bda/Modal/div_ui-dialog ui-widget ui-wid_MyContentModal' is present

2017-07-24 16:05:11 - [TEST_STEP][PASSED] - Statement - ProductWeightValue = ProductMemberWeight: null

2017-07-24 16:05:11 - [TEST_STEP][PASSED] - setText: Text '8' is set on object 'Object Repository/Page_Our Team  junetest2bda/input_field_weight0value'

2017-07-24 16:05:12 - [MESSAGE][PASSED] - Text '8' is set on object 'Object Repository/Page_Our Team  junetest2bda/input_field_weight0value'

2017-07-24 16:05:12 - [TEST_STEP][PASSED] - Statement - ProductMemberWeight -= 1: null

2017-07-24 16:05:12 - [TEST_STEP][PASSED] - delay: Delayed 5 second(s)

2017-07-24 16:05:17 - [MESSAGE][PASSED] - Delayed 5 second(s)

2017-07-24 16:05:17 - [TEST_STEP][PASSED] - click: Object: 'Object Repository/Page_Pages  junetest2bda/Modal/button_SendtoReview' is clicked on

2017-07-24 16:05:38 - [MESSAGE][PASSED] - Object: 'Object Repository/Page_Pages  junetest2bda/Modal/button_SendtoReview' is clicked on

2017-07-24 16:05:38 - [TEST_STEP][PASSED] - Statement - println(TeamMemberWeight): null

2017-07-24 16:05:38 - [TEST_STEP][PASSED] - delay: Delayed 7 second(s)

2017-07-24 16:05:45 - [MESSAGE][PASSED] - Delayed 7 second(s)

2017-07-24 16:05:45 - [TEST_STEP][PASSED] - click: Object: 'Object Repository/Page_Pages  junetest2bda/a_Edit' is clicked on

2017-07-24 16:05:45 - [MESSAGE][PASSED] - Object: 'Object Repository/Page_Pages  junetest2bda/a_Edit' is clicked on

2017-07-24 16:05:45 - [TEST_STEP][PASSED] - waitForElementPresent: Object 'Object Repository/Page_Pages  junetest2bda/Modal/div_ui-dialog ui-widget ui-wid_MyContentModal' is present

2017-07-24 16:05:46 - [MESSAGE][PASSED] - Object 'Object Repository/Page_Pages  junetest2bda/Modal/div_ui-dialog ui-widget ui-wid_MyContentModal' is present

2017-07-24 16:05:46 - [TEST_STEP][PASSED] - verifyElementPresent: Object 'Object Repository/Page_Pages  junetest2bda/Modal/div_ui-dialog ui-widget ui-wid_MyContentModal' is present

2017-07-24 16:05:47 - [MESSAGE][PASSED] - Object 'Object Repository/Page_Pages  junetest2bda/Modal/div_ui-dialog ui-widget ui-wid_MyContentModal' is present

2017-07-24 16:05:47 - [TEST_STEP][PASSED] - Statement - ProductWeightValue = ProductMemberWeight: null

2017-07-24 16:05:47 - [TEST_STEP][PASSED] - setText: Text '7' is set on object 'Object Repository/Page_Our Team  junetest2bda/input_field_weight0value'

2017-07-24 16:05:47 - [MESSAGE][PASSED] - Text '7' is set on object 'Object Repository/Page_Our Team  junetest2bda/input_field_weight0value'

2017-07-24 16:05:47 - [TEST_STEP][PASSED] - Statement - ProductMemberWeight -= 1: null

2017-07-24 16:05:47 - [TEST_STEP][PASSED] - delay: Delayed 5 second(s)

2017-07-24 16:05:52 - [MESSAGE][PASSED] - Delayed 5 second(s)

2017-07-24 16:05:52 - [TEST_STEP][PASSED] - click: Object: 'Object Repository/Page_Pages  junetest2bda/Modal/button_SendtoReview' is clicked on

2017-07-24 16:06:12 - [MESSAGE][PASSED] - Object: 'Object Repository/Page_Pages  junetest2bda/Modal/button_SendtoReview' is clicked on

2017-07-24 16:06:12 - [TEST_STEP][PASSED] - Statement - println(TeamMemberWeight): null]]></system-out>
         <system-err><![CDATA[]]></system-err>
      </testcase>
      <testcase name="Test Cases/My Content/Product and Services/Modal/Verify_Draft/Draft_Add_PandS_" classname="Test Cases/My Content/Product and Services/Modal/Verify_Draft/Draft_Add_PandS_" status="PASSED">
         <system-out><![CDATA[2017-07-24 16:06:13 - [TEST_CASE][PASSED] - Test Cases/My Content/Product and Services/Modal/Verify_Draft/Draft_Add_PandS_: Test Cases/My Content/Product and Services/Modal/Verify_Draft/Draft_Add_PandS_

2017-07-24 16:06:13 - [TEST_STEP][PASSED] - click: Object: 'Object Repository/Page_User dashboard  junetest2bda/a_MyContent' is clicked on

2017-07-24 16:06:15 - [MESSAGE][PASSED] - Object: 'Object Repository/Page_User dashboard  junetest2bda/a_MyContent' is clicked on

2017-07-24 16:06:15 - [TEST_STEP][PASSED] - click: Object: 'Object Repository/Page_User dashboard  junetest2bda/My Content Menu/a_Products  Services' is clicked on

2017-07-24 16:06:17 - [MESSAGE][PASSED] - Object: 'Object Repository/Page_User dashboard  junetest2bda/My Content Menu/a_Products  Services' is clicked on

2017-07-24 16:06:17 - [TEST_STEP][PASSED] - Statement - Title = com.kms.katalon.core.webui.keyword.WebUiBuiltInKeywords.getText(com.kms.katalon.core.testobject.ObjectRepository.findTestObject(Page_Pages  junetest2bda/h3_Title)): Text of object 'Object Repository/Page_Pages  junetest2bda/h3_Title' is: 'Products & Services'

2017-07-24 16:06:18 - [MESSAGE][PASSED] - Text of object 'Object Repository/Page_Pages  junetest2bda/h3_Title' is: 'Products & Services'

2017-07-24 16:06:18 - [TEST_STEP][PASSED] - click: Object: 'Object Repository/Page_Pages  junetest2bda/a_Add New' is clicked on

2017-07-24 16:06:18 - [MESSAGE][PASSED] - Object: 'Object Repository/Page_Pages  junetest2bda/a_Add New' is clicked on

2017-07-24 16:06:18 - [TEST_STEP][PASSED] - waitForElementPresent: Object 'Object Repository/Page_Pages  junetest2bda/Modal/div_ui-dialog ui-widget ui-wid_MyContentModal' is present

2017-07-24 16:06:20 - [MESSAGE][PASSED] - Object 'Object Repository/Page_Pages  junetest2bda/Modal/div_ui-dialog ui-widget ui-wid_MyContentModal' is present

2017-07-24 16:06:20 - [TEST_STEP][PASSED] - verifyElementPresent: Object 'Object Repository/Page_Pages  junetest2bda/Modal/div_ui-dialog ui-widget ui-wid_MyContentModal' is present

2017-07-24 16:06:20 - [MESSAGE][PASSED] - Object 'Object Repository/Page_Pages  junetest2bda/Modal/div_ui-dialog ui-widget ui-wid_MyContentModal' is present

2017-07-24 16:06:20 - [TEST_STEP][PASSED] - setText: Text 'Products & Services Add Draft' is set on object 'Object Repository/Page_Pages  junetest2bda/Modal/input_title0value_Title'

2017-07-24 16:06:21 - [MESSAGE][PASSED] - Text 'Products & Services Add Draft' is set on object 'Object Repository/Page_Pages  junetest2bda/Modal/input_title0value_Title'

2017-07-24 16:06:21 - [TEST_STEP][PASSED] - Statement - ProductWeightValue = ProductMemberWeight: null

2017-07-24 16:06:21 - [TEST_STEP][PASSED] - setText: Text '6' is set on object 'Object Repository/Page_Our Team  junetest2bda/input_field_weight0value'

2017-07-24 16:06:21 - [MESSAGE][PASSED] - Text '6' is set on object 'Object Repository/Page_Our Team  junetest2bda/input_field_weight0value'

2017-07-24 16:06:21 - [TEST_STEP][PASSED] - Statement - ProductMemberWeight -= 1: null

2017-07-24 16:06:21 - [TEST_STEP][PASSED] - check: Object 'Object Repository/Page_Products  Services  junetest2b/input_field_link_to_pagevalue_Checkbox' is checked

2017-07-24 16:06:22 - [MESSAGE][PASSED] - Object 'Object Repository/Page_Products  Services  junetest2b/input_field_link_to_pagevalue_Checkbox' is checked

2017-07-24 16:06:22 - [TEST_STEP][PASSED] - Statement - Selected_icon = CustomKeywords.random.Rand_Icon_PS.rand_icon(81): random.Rand_Icon_PS.rand_icon is PASSED

2017-07-24 16:06:22 - [MESSAGE][PASSED] - random.Rand_Icon_PS.rand_icon is PASSED

2017-07-24 16:06:22 - [TEST_STEP][PASSED] - selectOptionByIndex: All options with index in [7] are selected on object 'Object Repository/Page_Products  Services  junetest2b/select_field_icon_Selection'

2017-07-24 16:06:22 - [MESSAGE][PASSED] - All options with index in [7] are selected on object 'Object Repository/Page_Products  Services  junetest2b/select_field_icon_Selection'

2017-07-24 16:06:22 - [TEST_STEP][PASSED] - Statement - Ctext = CustomKeywords.random.Rand_CkEd_Text.rand_text(CKText): random.Rand_CkEd_Text.rand_text is PASSED

2017-07-24 16:06:22 - [MESSAGE][PASSED] - random.Rand_CkEd_Text.rand_text is PASSED

2017-07-24 16:06:22 - [TEST_STEP][PASSED] - switchToFrame: Switched to iframe: 'Object Repository/Page_Pages  junetest2bda/Modal/iframe_cke_wysiwyg_frame cke_r (2)'

2017-07-24 16:06:22 - [TEST_STEP][PASSED] - setText: Text 'Lorem ipsum dolor sit amet, consectetur adipiscing elit. Integer mi ex, consectetur ac cursus nec, egestas id enim. Ut venenatis lacus diam, eget pretium quam dictum vitae. Nunc pretium ipsum eget est tincidunt rutrum. Donec egestas in enim id viverra. Sed ut euismod turpis. Etiam quis pulvinar turpis. Maecenas gravida id dolor at commodo. Pellentesque ut semper nibh. Pellentesque auctor finibus ex, ac mattis augue bibendum vel. Mauris nec viverra orci. Quisque lobortis dolor et rutrum finibus. Duis auctor sed nisl aliquam tempus. In nisl eros, eleifen' is set on object 'Object Repository/Page_Pages  junetest2bda/Modal/p'

2017-07-24 16:06:25 - [MESSAGE][PASSED] - Text 'Lorem ipsum dolor sit amet, consectetur adipiscing elit. Integer mi ex, consectetur ac cursus nec, egestas id enim. Ut venenatis lacus diam, eget pretium quam dictum vitae. Nunc pretium ipsum eget est tincidunt rutrum. Donec egestas in enim id viverra. Sed ut euismod turpis. Etiam quis pulvinar turpis. Maecenas gravida id dolor at commodo. Pellentesque ut semper nibh. Pellentesque auctor finibus ex, ac mattis augue bibendum vel. Mauris nec viverra orci. Quisque lobortis dolor et rutrum finibus. Duis auctor sed nisl aliquam tempus. In nisl eros, eleifen' is set on object 'Object Repository/Page_Pages  junetest2bda/Modal/p'

2017-07-24 16:06:25 - [TEST_STEP][PASSED] - switchToDefaultContent: Switching to default content

2017-07-24 16:06:25 - [TEST_STEP][PASSED] - verifyElementClickable: Object 'Object Repository/Page_Pages  junetest2bda/Modal/button_SaveasDraft' is clickable

2017-07-24 16:06:25 - [MESSAGE][PASSED] - Object 'Object Repository/Page_Pages  junetest2bda/Modal/button_SaveasDraft' is clickable

2017-07-24 16:06:25 - [TEST_STEP][PASSED] - click: Object: 'Object Repository/Page_Pages  junetest2bda/Modal/button_SaveasDraft' is clicked on

2017-07-24 16:06:49 - [MESSAGE][PASSED] - Object: 'Object Repository/Page_Pages  junetest2bda/Modal/button_SaveasDraft' is clicked on

2017-07-24 16:06:49 - [TEST_STEP][PASSED] - waitForPageLoad: Wait for page load successfully

2017-07-24 16:06:49 - [MESSAGE][PASSED] - Wait for page load successfully

2017-07-24 16:06:49 - [TEST_STEP][PASSED] - switchToFrame: Switched to iframe: 'Object Repository/Page_Preview  junetest2bda/iframe_website-preview'

2017-07-24 16:06:49 - [TEST_STEP][PASSED] - Statement - CapTitle = CustomKeywords.random.Capitals.makeCap(Title + AddDraftTitle[0]): random.Capitals.makeCap is PASSED

2017-07-24 16:06:49 - [MESSAGE][PASSED] - random.Capitals.makeCap is PASSED

2017-07-24 16:06:49 - [TEST_STEP][PASSED] - verifyTextPresent: Text 'Lorem ipsum dolor sit amet, consectetur adipiscing elit. Integer mi ex, consectetur ac cursus nec, egestas id enim. Ut venenatis lacus diam, eget pretium quam dictum vitae. Nunc pretium ipsum eget est tincidunt rutrum. Donec egestas in enim id viverra. Sed ut euismod turpis. Etiam quis pulvinar turpis. Maecenas gravida id dolor at commodo. Pellentesque ut semper nibh. Pellentesque auctor finibus ex, ac mattis augue bibendum vel. Mauris nec viverra orci. Quisque lobortis dolor et rutrum finibus. Duis auctor sed nisl aliquam tempus. In nisl eros, eleifen' is present on page  using regular expression

2017-07-24 16:06:50 - [MESSAGE][PASSED] - Text 'Lorem ipsum dolor sit amet, consectetur adipiscing elit. Integer mi ex, consectetur ac cursus nec, egestas id enim. Ut venenatis lacus diam, eget pretium quam dictum vitae. Nunc pretium ipsum eget est tincidunt rutrum. Donec egestas in enim id viverra. Sed ut euismod turpis. Etiam quis pulvinar turpis. Maecenas gravida id dolor at commodo. Pellentesque ut semper nibh. Pellentesque auctor finibus ex, ac mattis augue bibendum vel. Mauris nec viverra orci. Quisque lobortis dolor et rutrum finibus. Duis auctor sed nisl aliquam tempus. In nisl eros, eleifen' is present on page  using regular expression

2017-07-24 16:06:50 - [TEST_STEP][PASSED] - verifyTextPresent: Text 'PRODUCTS & SERVICES ADD DRAFT' is present on page  using regular expression

2017-07-24 16:06:50 - [MESSAGE][PASSED] - Text 'PRODUCTS & SERVICES ADD DRAFT' is present on page  using regular expression

2017-07-24 16:06:50 - [TEST_STEP][PASSED] - switchToDefaultContent: Switching to default content]]></system-out>
         <system-err><![CDATA[]]></system-err>
      </testcase>
      <testcase name="Test Cases/My Content/Product and Services/Modal/CloseModal_Add_PandS_toDelete" classname="Test Cases/My Content/Product and Services/Modal/CloseModal_Add_PandS_toDelete" status="PASSED">
         <system-out><![CDATA[2017-07-24 16:06:50 - [TEST_CASE][PASSED] - Test Cases/My Content/Product and Services/Modal/CloseModal_Add_PandS_toDelete: Test Cases/My Content/Product and Services/Modal/CloseModal_Add_PandS_toDelete

2017-07-24 16:06:50 - [TEST_STEP][PASSED] - click: Object: 'Object Repository/Page_User dashboard  junetest2bda/a_MyContent' is clicked on

2017-07-24 16:06:52 - [MESSAGE][PASSED] - Object: 'Object Repository/Page_User dashboard  junetest2bda/a_MyContent' is clicked on

2017-07-24 16:06:52 - [TEST_STEP][PASSED] - click: Object: 'Object Repository/Page_User dashboard  junetest2bda/My Content Menu/a_Products  Services' is clicked on

2017-07-24 16:06:54 - [MESSAGE][PASSED] - Object: 'Object Repository/Page_User dashboard  junetest2bda/My Content Menu/a_Products  Services' is clicked on

2017-07-24 16:06:54 - [TEST_STEP][PASSED] - click: Object: 'Object Repository/Page_Pages  junetest2bda/a_Delete' is clicked on

2017-07-24 16:06:55 - [MESSAGE][PASSED] - Object: 'Object Repository/Page_Pages  junetest2bda/a_Delete' is clicked on

2017-07-24 16:06:55 - [TEST_STEP][PASSED] - waitForElementPresent: Object 'Object Repository/Page_User dashboard  junetest2bda/Delete Modal/div_ui-dialog ui-widget ui-wid' is present

2017-07-24 16:06:56 - [MESSAGE][PASSED] - Object 'Object Repository/Page_User dashboard  junetest2bda/Delete Modal/div_ui-dialog ui-widget ui-wid' is present

2017-07-24 16:06:56 - [TEST_STEP][PASSED] - click: Object: 'Object Repository/Page_User dashboard  junetest2bda/Delete Modal/button_Cancel' is clicked on

2017-07-24 16:06:57 - [MESSAGE][PASSED] - Object: 'Object Repository/Page_User dashboard  junetest2bda/Delete Modal/button_Cancel' is clicked on

2017-07-24 16:06:57 - [TEST_STEP][PASSED] - waitForElementNotPresent: Web element with id: 'Object Repository/Page_User dashboard  junetest2bda/Delete Modal/div_ui-dialog ui-widget ui-wid' located by 'By.xpath: //div[count(. | /html[@class="touchevents details js wf-lato-n4-active wf-active"]/body[@class="layout-no-sidebars has-featured-top user-logged-in path-dashboard off-canvas-wrap"]/div[@class="ui-dialog ui-widget ui-widget-content ui-corner-all ui-front ui-dialog-buttons"]) = count(/html[@class="touchevents details js wf-lato-n4-active wf-active"]/body[@class="layout-no-sidebars has-featured-top user-logged-in path-dashboard off-canvas-wrap"]/div[@class="ui-dialog ui-widget ui-widget-content ui-corner-all ui-front ui-dialog-buttons"])]' is not present after '1' second(s)

2017-07-24 16:06:58 - [MESSAGE][PASSED] - Web element with id: 'Object Repository/Page_User dashboard  junetest2bda/Delete Modal/div_ui-dialog ui-widget ui-wid' located by 'By.xpath: //div[count(. | /html[@class="touchevents details js wf-lato-n4-active wf-active"]/body[@class="layout-no-sidebars has-featured-top user-logged-in path-dashboard off-canvas-wrap"]/div[@class="ui-dialog ui-widget ui-widget-content ui-corner-all ui-front ui-dialog-buttons"]) = count(/html[@class="touchevents details js wf-lato-n4-active wf-active"]/body[@class="layout-no-sidebars has-featured-top user-logged-in path-dashboard off-canvas-wrap"]/div[@class="ui-dialog ui-widget ui-widget-content ui-corner-all ui-front ui-dialog-buttons"])]' is not present after '1' second(s)

2017-07-24 16:06:58 - [TEST_STEP][PASSED] - click: Object: 'Object Repository/Page_Pages  junetest2bda/a_Delete' is clicked on

2017-07-24 16:06:58 - [MESSAGE][PASSED] - Object: 'Object Repository/Page_Pages  junetest2bda/a_Delete' is clicked on

2017-07-24 16:06:58 - [TEST_STEP][PASSED] - waitForElementPresent: Object 'Object Repository/Page_User dashboard  junetest2bda/Delete Modal/div_ui-dialog ui-widget ui-wid' is present

2017-07-24 16:06:58 - [MESSAGE][PASSED] - Object 'Object Repository/Page_User dashboard  junetest2bda/Delete Modal/div_ui-dialog ui-widget ui-wid' is present

2017-07-24 16:06:58 - [TEST_STEP][PASSED] - click: Object: 'Object Repository/Page_User dashboard  junetest2bda/Delete Modal/button_Delete' is clicked on

2017-07-24 16:06:58 - [MESSAGE][PASSED] - Object: 'Object Repository/Page_User dashboard  junetest2bda/Delete Modal/button_Delete' is clicked on

2017-07-24 16:06:58 - [TEST_STEP][PASSED] - waitForElementNotPresent: Web element with id: 'Object Repository/Page_User dashboard  junetest2bda/Delete Modal/div_ui-dialog ui-widget ui-wid' located by 'By.xpath: //div[count(. | /html[@class="touchevents details js wf-lato-n4-active wf-active"]/body[@class="layout-no-sidebars has-featured-top user-logged-in path-dashboard off-canvas-wrap"]/div[@class="ui-dialog ui-widget ui-widget-content ui-corner-all ui-front ui-dialog-buttons"]) = count(/html[@class="touchevents details js wf-lato-n4-active wf-active"]/body[@class="layout-no-sidebars has-featured-top user-logged-in path-dashboard off-canvas-wrap"]/div[@class="ui-dialog ui-widget ui-widget-content ui-corner-all ui-front ui-dialog-buttons"])]' is not present after '1' second(s)

2017-07-24 16:07:35 - [MESSAGE][PASSED] - Web element with id: 'Object Repository/Page_User dashboard  junetest2bda/Delete Modal/div_ui-dialog ui-widget ui-wid' located by 'By.xpath: //div[count(. | /html[@class="touchevents details js wf-lato-n4-active wf-active"]/body[@class="layout-no-sidebars has-featured-top user-logged-in path-dashboard off-canvas-wrap"]/div[@class="ui-dialog ui-widget ui-widget-content ui-corner-all ui-front ui-dialog-buttons"]) = count(/html[@class="touchevents details js wf-lato-n4-active wf-active"]/body[@class="layout-no-sidebars has-featured-top user-logged-in path-dashboard off-canvas-wrap"]/div[@class="ui-dialog ui-widget ui-widget-content ui-corner-all ui-front ui-dialog-buttons"])]' is not present after '1' second(s)]]></system-out>
         <system-err><![CDATA[]]></system-err>
      </testcase>
      <testcase name="Test Cases/My Content/Product and Services/Modal/close_PandS_Modals" classname="Test Cases/My Content/Product and Services/Modal/close_PandS_Modals" status="PASSED">
         <system-out><![CDATA[2017-07-24 16:07:35 - [TEST_CASE][PASSED] - Test Cases/My Content/Product and Services/Modal/close_PandS_Modals: Test Cases/My Content/Product and Services/Modal/close_PandS_Modals

2017-07-24 16:07:35 - [TEST_STEP][PASSED] - click: Object: 'Object Repository/Page_User dashboard  junetest2bda/a_MyContent' is clicked on

2017-07-24 16:07:37 - [MESSAGE][PASSED] - Object: 'Object Repository/Page_User dashboard  junetest2bda/a_MyContent' is clicked on

2017-07-24 16:07:37 - [TEST_STEP][PASSED] - click: Object: 'Object Repository/Page_User dashboard  junetest2bda/My Content Menu/a_Products  Services' is clicked on

2017-07-24 16:07:39 - [MESSAGE][PASSED] - Object: 'Object Repository/Page_User dashboard  junetest2bda/My Content Menu/a_Products  Services' is clicked on

2017-07-24 16:07:39 - [TEST_STEP][PASSED] - click: Object: 'Object Repository/Page_Pages  junetest2bda/a_Add New' is clicked on

2017-07-24 16:07:40 - [MESSAGE][PASSED] - Object: 'Object Repository/Page_Pages  junetest2bda/a_Add New' is clicked on

2017-07-24 16:07:40 - [TEST_STEP][PASSED] - waitForElementPresent: Object 'Object Repository/Page_Pages  junetest2bda/Modal/div_ui-dialog ui-widget ui-wid_MyContentModal' is present

2017-07-24 16:07:41 - [MESSAGE][PASSED] - Object 'Object Repository/Page_Pages  junetest2bda/Modal/div_ui-dialog ui-widget ui-wid_MyContentModal' is present

2017-07-24 16:07:41 - [TEST_STEP][PASSED] - verifyElementPresent: Object 'Object Repository/Page_Pages  junetest2bda/Modal/div_ui-dialog ui-widget ui-wid_MyContentModal' is present

2017-07-24 16:07:42 - [MESSAGE][PASSED] - Object 'Object Repository/Page_Pages  junetest2bda/Modal/div_ui-dialog ui-widget ui-wid_MyContentModal' is present

2017-07-24 16:07:42 - [TEST_STEP][PASSED] - click: Object: 'Object Repository/Page_Pages  junetest2bda/Modal/Button_Close' is clicked on

2017-07-24 16:07:42 - [MESSAGE][PASSED] - Object: 'Object Repository/Page_Pages  junetest2bda/Modal/Button_Close' is clicked on

2017-07-24 16:07:42 - [TEST_STEP][PASSED] - verifyElementNotPresent: Web element with id: 'Object Repository/Page_Pages  junetest2bda/Modal/div_ui-dialog ui-widget ui-wid_MyContentModal' located by 'By.xpath: //div[count(. | //*[@class = 'ui-dialog ui-widget ui-widget-content ui-corner-all ui-front ui-dialog-buttons']) = count(//*[@class = 'ui-dialog ui-widget ui-widget-content ui-corner-all ui-front ui-dialog-buttons'])]' is not present after '2' second(s)

2017-07-24 16:07:42 - [MESSAGE][PASSED] - Web element with id: 'Object Repository/Page_Pages  junetest2bda/Modal/div_ui-dialog ui-widget ui-wid_MyContentModal' located by 'By.xpath: //div[count(. | //*[@class = 'ui-dialog ui-widget ui-widget-content ui-corner-all ui-front ui-dialog-buttons']) = count(//*[@class = 'ui-dialog ui-widget ui-widget-content ui-corner-all ui-front ui-dialog-buttons'])]' is not present after '2' second(s)]]></system-out>
         <system-err><![CDATA[]]></system-err>
      </testcase>
      <testcase name="Test Cases/My Content/Product and Services/Modal/Verify_Draft/Draft_Edit1_PandS_" classname="Test Cases/My Content/Product and Services/Modal/Verify_Draft/Draft_Edit1_PandS_" status="FAILED">
         <failure type="FAILED" message=""/>
         <system-out><![CDATA[2017-07-24 16:07:42 - [TEST_CASE][FAILED] - Test Cases/My Content/Product and Services/Modal/Verify_Draft/Draft_Edit1_PandS_: Test Cases/My Content/Product and Services/Modal/Verify_Draft/Draft_Edit1_PandS_ FAILED because (of) Unable to verify image 'Object Repository/Page_Preview  junetest2bda/iframe_website-preview' present (Root cause: com.kms.katalon.core.webui.exception.WebElementNotFoundException: Web element with id: 'Object Repository/Page_Preview  junetest2bda/iframe_website-preview' located by 'By.xpath: //iframe[count(. | id("website-preview")) = count(id("website-preview"))]' not found)

2017-07-24 16:07:43 - [TEST_STEP][PASSED] - callTestCase: Call Test Case 'Test Cases/My Content/Product and Services/Modal/Verify_Draft/Draft_Add_PandS_' successfully

2017-07-24 16:07:43 - [TEST_CASE][PASSED] - Test Cases/My Content/Product and Services/Modal/Verify_Draft/Draft_Add_PandS_: Test Cases/My Content/Product and Services/Modal/Verify_Draft/Draft_Add_PandS_

2017-07-24 16:07:43 - [TEST_STEP][PASSED] - click: Object: 'Object Repository/Page_User dashboard  junetest2bda/a_MyContent' is clicked on

2017-07-24 16:07:44 - [MESSAGE][PASSED] - Object: 'Object Repository/Page_User dashboard  junetest2bda/a_MyContent' is clicked on

2017-07-24 16:07:44 - [TEST_STEP][PASSED] - click: Object: 'Object Repository/Page_User dashboard  junetest2bda/My Content Menu/a_Products  Services' is clicked on

2017-07-24 16:07:44 - [MESSAGE][PASSED] - Object: 'Object Repository/Page_User dashboard  junetest2bda/My Content Menu/a_Products  Services' is clicked on

2017-07-24 16:07:44 - [TEST_STEP][PASSED] - Statement - Title = com.kms.katalon.core.webui.keyword.WebUiBuiltInKeywords.getText(com.kms.katalon.core.testobject.ObjectRepository.findTestObject(Page_Pages  junetest2bda/h3_Title)): Text of object 'Object Repository/Page_Pages  junetest2bda/h3_Title' is: 'Products & Services'

2017-07-24 16:07:45 - [MESSAGE][PASSED] - Text of object 'Object Repository/Page_Pages  junetest2bda/h3_Title' is: 'Products & Services'

2017-07-24 16:07:45 - [TEST_STEP][PASSED] - click: Object: 'Object Repository/Page_Pages  junetest2bda/a_Add New' is clicked on

2017-07-24 16:07:45 - [MESSAGE][PASSED] - Object: 'Object Repository/Page_Pages  junetest2bda/a_Add New' is clicked on

2017-07-24 16:07:45 - [TEST_STEP][PASSED] - waitForElementPresent: Object 'Object Repository/Page_Pages  junetest2bda/Modal/div_ui-dialog ui-widget ui-wid_MyContentModal' is present

2017-07-24 16:07:47 - [MESSAGE][PASSED] - Object 'Object Repository/Page_Pages  junetest2bda/Modal/div_ui-dialog ui-widget ui-wid_MyContentModal' is present

2017-07-24 16:07:47 - [TEST_STEP][PASSED] - verifyElementPresent: Object 'Object Repository/Page_Pages  junetest2bda/Modal/div_ui-dialog ui-widget ui-wid_MyContentModal' is present

2017-07-24 16:07:47 - [MESSAGE][PASSED] - Object 'Object Repository/Page_Pages  junetest2bda/Modal/div_ui-dialog ui-widget ui-wid_MyContentModal' is present

2017-07-24 16:07:47 - [TEST_STEP][PASSED] - setText: Text 'Products & Services Add Draft' is set on object 'Object Repository/Page_Pages  junetest2bda/Modal/input_title0value_Title'

2017-07-24 16:07:47 - [MESSAGE][PASSED] - Text 'Products & Services Add Draft' is set on object 'Object Repository/Page_Pages  junetest2bda/Modal/input_title0value_Title'

2017-07-24 16:07:47 - [TEST_STEP][PASSED] - Statement - ProductWeightValue = ProductMemberWeight: null

2017-07-24 16:07:47 - [TEST_STEP][PASSED] - setText: Text '5' is set on object 'Object Repository/Page_Our Team  junetest2bda/input_field_weight0value'

2017-07-24 16:07:48 - [MESSAGE][PASSED] - Text '5' is set on object 'Object Repository/Page_Our Team  junetest2bda/input_field_weight0value'

2017-07-24 16:07:48 - [TEST_STEP][PASSED] - Statement - ProductMemberWeight -= 1: null

2017-07-24 16:07:48 - [TEST_STEP][PASSED] - check: Object 'Object Repository/Page_Products  Services  junetest2b/input_field_link_to_pagevalue_Checkbox' is checked

2017-07-24 16:07:48 - [MESSAGE][PASSED] - Object 'Object Repository/Page_Products  Services  junetest2b/input_field_link_to_pagevalue_Checkbox' is checked

2017-07-24 16:07:48 - [TEST_STEP][PASSED] - Statement - Selected_icon = CustomKeywords.random.Rand_Icon_PS.rand_icon(81): random.Rand_Icon_PS.rand_icon is PASSED

2017-07-24 16:07:48 - [MESSAGE][PASSED] - random.Rand_Icon_PS.rand_icon is PASSED

2017-07-24 16:07:48 - [TEST_STEP][PASSED] - selectOptionByIndex: All options with index in [74] are selected on object 'Object Repository/Page_Products  Services  junetest2b/select_field_icon_Selection'

2017-07-24 16:07:49 - [MESSAGE][PASSED] - All options with index in [74] are selected on object 'Object Repository/Page_Products  Services  junetest2b/select_field_icon_Selection'

2017-07-24 16:07:49 - [TEST_STEP][PASSED] - Statement - Ctext = CustomKeywords.random.Rand_CkEd_Text.rand_text(CKText): random.Rand_CkEd_Text.rand_text is PASSED

2017-07-24 16:07:49 - [MESSAGE][PASSED] - random.Rand_CkEd_Text.rand_text is PASSED

2017-07-24 16:07:49 - [TEST_STEP][PASSED] - switchToFrame: Switched to iframe: 'Object Repository/Page_Pages  junetest2bda/Modal/iframe_cke_wysiwyg_frame cke_r (2)'

2017-07-24 16:07:49 - [TEST_STEP][PASSED] - setText: Text 'Lorem ipsum dolor sit amet, consectetur adipiscing elit. Integer mi ex, consectetur ac cursus nec, egestas id enim. Ut venenatis lacus diam, eget pretium quam dictum vitae. Nunc pretium ipsum eget est tincidunt rutrum. Donec egestas in enim id viverra. Sed ut euismod turpis. Etiam quis pulvinar turpis. Maecenas gravida id dolor at co' is set on object 'Object Repository/Page_Pages  junetest2bda/Modal/p'

2017-07-24 16:07:50 - [MESSAGE][PASSED] - Text 'Lorem ipsum dolor sit amet, consectetur adipiscing elit. Integer mi ex, consectetur ac cursus nec, egestas id enim. Ut venenatis lacus diam, eget pretium quam dictum vitae. Nunc pretium ipsum eget est tincidunt rutrum. Donec egestas in enim id viverra. Sed ut euismod turpis. Etiam quis pulvinar turpis. Maecenas gravida id dolor at co' is set on object 'Object Repository/Page_Pages  junetest2bda/Modal/p'

2017-07-24 16:07:50 - [TEST_STEP][PASSED] - switchToDefaultContent: Switching to default content

2017-07-24 16:07:50 - [TEST_STEP][PASSED] - verifyElementClickable: Object 'Object Repository/Page_Pages  junetest2bda/Modal/button_SaveasDraft' is clickable

2017-07-24 16:07:51 - [MESSAGE][PASSED] - Object 'Object Repository/Page_Pages  junetest2bda/Modal/button_SaveasDraft' is clickable

2017-07-24 16:07:51 - [TEST_STEP][PASSED] - click: Object: 'Object Repository/Page_Pages  junetest2bda/Modal/button_SaveasDraft' is clicked on

2017-07-24 16:08:27 - [MESSAGE][PASSED] - Object: 'Object Repository/Page_Pages  junetest2bda/Modal/button_SaveasDraft' is clicked on

2017-07-24 16:08:27 - [TEST_STEP][PASSED] - waitForPageLoad: Wait for page load successfully

2017-07-24 16:08:27 - [MESSAGE][PASSED] - Wait for page load successfully

2017-07-24 16:08:27 - [TEST_STEP][PASSED] - switchToFrame: Switched to iframe: 'Object Repository/Page_Preview  junetest2bda/iframe_website-preview'

2017-07-24 16:08:27 - [TEST_STEP][PASSED] - Statement - CapTitle = CustomKeywords.random.Capitals.makeCap(Title + AddDraftTitle[0]): random.Capitals.makeCap is PASSED

2017-07-24 16:08:27 - [MESSAGE][PASSED] - random.Capitals.makeCap is PASSED

2017-07-24 16:08:27 - [TEST_STEP][PASSED] - verifyTextPresent: Text 'Lorem ipsum dolor sit amet, consectetur adipiscing elit. Integer mi ex, consectetur ac cursus nec, egestas id enim. Ut venenatis lacus diam, eget pretium quam dictum vitae. Nunc pretium ipsum eget est tincidunt rutrum. Donec egestas in enim id viverra. Sed ut euismod turpis. Etiam quis pulvinar turpis. Maecenas gravida id dolor at co' is present on page  using regular expression

2017-07-24 16:08:28 - [MESSAGE][PASSED] - Text 'Lorem ipsum dolor sit amet, consectetur adipiscing elit. Integer mi ex, consectetur ac cursus nec, egestas id enim. Ut venenatis lacus diam, eget pretium quam dictum vitae. Nunc pretium ipsum eget est tincidunt rutrum. Donec egestas in enim id viverra. Sed ut euismod turpis. Etiam quis pulvinar turpis. Maecenas gravida id dolor at co' is present on page  using regular expression

2017-07-24 16:08:28 - [TEST_STEP][PASSED] - verifyTextPresent: Text 'PRODUCTS & SERVICES ADD DRAFT' is present on page  using regular expression

2017-07-24 16:08:28 - [MESSAGE][PASSED] - Text 'PRODUCTS & SERVICES ADD DRAFT' is present on page  using regular expression

2017-07-24 16:08:28 - [TEST_STEP][PASSED] - switchToDefaultContent: Switching to default content

2017-07-24 16:08:28 - [MESSAGE][PASSED] - Call Test Case 'Test Cases/My Content/Product and Services/Modal/Verify_Draft/Draft_Add_PandS_' successfully

2017-07-24 16:08:28 - [TEST_STEP][PASSED] - click: Object: 'Object Repository/Page_User dashboard  junetest2bda/a_MyContent' is clicked on

2017-07-24 16:08:30 - [MESSAGE][PASSED] - Object: 'Object Repository/Page_User dashboard  junetest2bda/a_MyContent' is clicked on

2017-07-24 16:08:30 - [TEST_STEP][PASSED] - click: Object: 'Object Repository/Page_User dashboard  junetest2bda/My Content Menu/a_Products  Services' is clicked on

2017-07-24 16:08:32 - [MESSAGE][PASSED] - Object: 'Object Repository/Page_User dashboard  junetest2bda/My Content Menu/a_Products  Services' is clicked on

2017-07-24 16:08:32 - [TEST_STEP][PASSED] - Statement - Title = com.kms.katalon.core.webui.keyword.WebUiBuiltInKeywords.getText(com.kms.katalon.core.testobject.ObjectRepository.findTestObject(Page_Pages  junetest2bda/h3_Title)): Text of object 'Object Repository/Page_Pages  junetest2bda/h3_Title' is: 'Products & Services'

2017-07-24 16:08:32 - [MESSAGE][PASSED] - Text of object 'Object Repository/Page_Pages  junetest2bda/h3_Title' is: 'Products & Services'

2017-07-24 16:08:32 - [TEST_STEP][PASSED] - click: Object: 'Object Repository/Page_Pages  junetest2bda/a_Edit' is clicked on

2017-07-24 16:08:33 - [MESSAGE][PASSED] - Object: 'Object Repository/Page_Pages  junetest2bda/a_Edit' is clicked on

2017-07-24 16:08:33 - [TEST_STEP][PASSED] - waitForElementPresent: Object 'Object Repository/Page_Pages  junetest2bda/Modal/div_ui-dialog ui-widget ui-wid_MyContentModal' is present

2017-07-24 16:08:34 - [MESSAGE][PASSED] - Object 'Object Repository/Page_Pages  junetest2bda/Modal/div_ui-dialog ui-widget ui-wid_MyContentModal' is present

2017-07-24 16:08:34 - [TEST_STEP][PASSED] - setText: Text 'Products & Services Add Edit Draft' is set on object 'Object Repository/Page_Pages  junetest2bda/Modal/input_title0value_Title'

2017-07-24 16:08:35 - [MESSAGE][PASSED] - Text 'Products & Services Add Edit Draft' is set on object 'Object Repository/Page_Pages  junetest2bda/Modal/input_title0value_Title'

2017-07-24 16:08:35 - [TEST_STEP][PASSED] - Statement - ProductWeightValue = ProductMemberWeight: null

2017-07-24 16:08:35 - [TEST_STEP][PASSED] - setText: Text '4' is set on object 'Object Repository/Page_Our Team  junetest2bda/input_field_weight0value'

2017-07-24 16:08:35 - [MESSAGE][PASSED] - Text '4' is set on object 'Object Repository/Page_Our Team  junetest2bda/input_field_weight0value'

2017-07-24 16:08:35 - [TEST_STEP][PASSED] - Statement - ProductMemberWeight -= 1: null

2017-07-24 16:08:35 - [TEST_STEP][PASSED] - check: Object 'Object Repository/Page_Products  Services  junetest2b/input_field_link_to_pagevalue_Checkbox' is checked

2017-07-24 16:08:35 - [MESSAGE][PASSED] - Object 'Object Repository/Page_Products  Services  junetest2b/input_field_link_to_pagevalue_Checkbox' is checked

2017-07-24 16:08:35 - [TEST_STEP][PASSED] - Statement - Selected_icon = CustomKeywords.random.Rand_Icon_PS.rand_icon(81): random.Rand_Icon_PS.rand_icon is PASSED

2017-07-24 16:08:35 - [MESSAGE][PASSED] - random.Rand_Icon_PS.rand_icon is PASSED

2017-07-24 16:08:35 - [TEST_STEP][PASSED] - selectOptionByIndex: All options with index in [14] are selected on object 'Object Repository/Page_Products  Services  junetest2b/select_field_icon_Selection'

2017-07-24 16:08:36 - [MESSAGE][PASSED] - All options with index in [14] are selected on object 'Object Repository/Page_Products  Services  junetest2b/select_field_icon_Selection'

2017-07-24 16:08:36 - [TEST_STEP][PASSED] - Statement - Ctext = CustomKeywords.random.Rand_CkEd_Text.rand_text(CKText): random.Rand_CkEd_Text.rand_text is PASSED

2017-07-24 16:08:36 - [MESSAGE][PASSED] - random.Rand_CkEd_Text.rand_text is PASSED

2017-07-24 16:08:36 - [TEST_STEP][PASSED] - switchToFrame: Switched to iframe: 'Object Repository/Page_Pages  junetest2bda/Modal/iframe_cke_wysiwyg_frame cke_r (2)'

2017-07-24 16:08:36 - [TEST_STEP][PASSED] - setText: Text 'Lorem ipsum dolor sit amet, consectetur adipiscing elit. Integer mi ex, consectetur ac cursus nec, egestas id enim. Ut venenatis lacus diam, eget pretium quam dictum vitae. Nunc pretium ipsum eget est tincidunt rutrum. Donec egestas in enim id viverra. Sed ut euismod turpis. Etiam quis pulvinar turpis. Maecenas gravida id dolor at commodo. Pellentesque ut semper nibh. Pellentesque auctor finibus ex, ac mattis augue bibendum vel. Mauris nec viverra orci. Quisque lobortis dolor et rutrum finibus. Duis auctor sed nisl aliquam tempus. In nisl eros, eleifend suscipit pretium ut, hendrerit quis magna. Proin malesua' is set on object 'Object Repository/Page_Pages  junetest2bda/Modal/p'

2017-07-24 16:08:39 - [MESSAGE][PASSED] - Text 'Lorem ipsum dolor sit amet, consectetur adipiscing elit. Integer mi ex, consectetur ac cursus nec, egestas id enim. Ut venenatis lacus diam, eget pretium quam dictum vitae. Nunc pretium ipsum eget est tincidunt rutrum. Donec egestas in enim id viverra. Sed ut euismod turpis. Etiam quis pulvinar turpis. Maecenas gravida id dolor at commodo. Pellentesque ut semper nibh. Pellentesque auctor finibus ex, ac mattis augue bibendum vel. Mauris nec viverra orci. Quisque lobortis dolor et rutrum finibus. Duis auctor sed nisl aliquam tempus. In nisl eros, eleifend suscipit pretium ut, hendrerit quis magna. Proin malesua' is set on object 'Object Repository/Page_Pages  junetest2bda/Modal/p'

2017-07-24 16:08:39 - [TEST_STEP][PASSED] - switchToDefaultContent: Switching to default content

2017-07-24 16:08:39 - [TEST_STEP][PASSED] - verifyElementClickable: Object 'Object Repository/Page_Pages  junetest2bda/Modal/button_SaveasDraft' is clickable

2017-07-24 16:08:39 - [MESSAGE][PASSED] - Object 'Object Repository/Page_Pages  junetest2bda/Modal/button_SaveasDraft' is clickable

2017-07-24 16:08:39 - [TEST_STEP][PASSED] - click: Object: 'Object Repository/Page_Pages  junetest2bda/Modal/button_SaveasDraft' is clicked on

2017-07-24 16:09:00 - [MESSAGE][PASSED] - Object: 'Object Repository/Page_Pages  junetest2bda/Modal/button_SaveasDraft' is clicked on

2017-07-24 16:09:00 - [TEST_STEP][PASSED] - waitForPageLoad: Wait for page load successfully

2017-07-24 16:09:01 - [MESSAGE][PASSED] - Wait for page load successfully

2017-07-24 16:09:01 - [TEST_STEP][FAILED] - switchToFrame: Unable to verify image 'Object Repository/Page_Preview  junetest2bda/iframe_website-preview' present (Root cause: com.kms.katalon.core.webui.exception.WebElementNotFoundException: Web element with id: 'Object Repository/Page_Preview  junetest2bda/iframe_website-preview' located by 'By.xpath: //iframe[count(. | id("website-preview")) = count(id("website-preview"))]' not found)

2017-07-24 16:09:11 - [MESSAGE][FAILED] - Unable to verify image 'Object Repository/Page_Preview  junetest2bda/iframe_website-preview' present (Root cause: com.kms.katalon.core.webui.exception.WebElementNotFoundException: Web element with id: 'Object Repository/Page_Preview  junetest2bda/iframe_website-preview' located by 'By.xpath: //iframe[count(. | id("website-preview")) = count(id("website-preview"))]' not found)
[[ATTACHMENT|C:\\Users\\Cindy\\Katalon Studio\\MyContent\\Reports\\PandS_Incomplete_Items_last\\20170724_160222\\1500937751203.png]]]]></system-out>
         <system-err><![CDATA[2017-07-24 16:07:42 - [TEST_CASE][FAILED] - Test Cases/My Content/Product and Services/Modal/Verify_Draft/Draft_Edit1_PandS_: Test Cases/My Content/Product and Services/Modal/Verify_Draft/Draft_Edit1_PandS_ FAILED because (of) Unable to verify image 'Object Repository/Page_Preview  junetest2bda/iframe_website-preview' present (Root cause: com.kms.katalon.core.webui.exception.WebElementNotFoundException: Web element with id: 'Object Repository/Page_Preview  junetest2bda/iframe_website-preview' located by 'By.xpath: //iframe[count(. | id("website-preview")) = count(id("website-preview"))]' not found)]]></system-err>
      </testcase>
      <testcase name="Test Cases/My Content/Product and Services/Modal/Verify_Draft/Draft_Add_Delete_PandS_" classname="Test Cases/My Content/Product and Services/Modal/Verify_Draft/Draft_Add_Delete_PandS_" status="PASSED">
         <system-out><![CDATA[2017-07-24 16:09:11 - [TEST_CASE][PASSED] - Test Cases/My Content/Product and Services/Modal/Verify_Draft/Draft_Add_Delete_PandS_: Test Cases/My Content/Product and Services/Modal/Verify_Draft/Draft_Add_Delete_PandS_

2017-07-24 16:09:12 - [TEST_STEP][PASSED] - click: Object: 'Object Repository/Page_User dashboard  junetest2bda/a_MyContent' is clicked on

2017-07-24 16:09:14 - [MESSAGE][PASSED] - Object: 'Object Repository/Page_User dashboard  junetest2bda/a_MyContent' is clicked on

2017-07-24 16:09:14 - [TEST_STEP][PASSED] - click: Object: 'Object Repository/Page_User dashboard  junetest2bda/My Content Menu/a_Products  Services' is clicked on

2017-07-24 16:09:16 - [MESSAGE][PASSED] - Object: 'Object Repository/Page_User dashboard  junetest2bda/My Content Menu/a_Products  Services' is clicked on

2017-07-24 16:09:16 - [TEST_STEP][PASSED] - click: Object: 'Object Repository/Page_Pages  junetest2bda/a_Add New' is clicked on

2017-07-24 16:09:17 - [MESSAGE][PASSED] - Object: 'Object Repository/Page_Pages  junetest2bda/a_Add New' is clicked on

2017-07-24 16:09:17 - [TEST_STEP][PASSED] - Statement - Title = com.kms.katalon.core.webui.keyword.WebUiBuiltInKeywords.getText(com.kms.katalon.core.testobject.ObjectRepository.findTestObject(Page_Pages  junetest2bda/h3_Title)): Text of object 'Object Repository/Page_Pages  junetest2bda/h3_Title' is: 'Products & Services'

2017-07-24 16:09:17 - [MESSAGE][PASSED] - Text of object 'Object Repository/Page_Pages  junetest2bda/h3_Title' is: 'Products & Services'

2017-07-24 16:09:17 - [TEST_STEP][PASSED] - waitForElementPresent: Object 'Object Repository/Page_Pages  junetest2bda/Modal/div_ui-dialog ui-widget ui-wid_MyContentModal' is present

2017-07-24 16:09:19 - [MESSAGE][PASSED] - Object 'Object Repository/Page_Pages  junetest2bda/Modal/div_ui-dialog ui-widget ui-wid_MyContentModal' is present

2017-07-24 16:09:19 - [TEST_STEP][PASSED] - setText: Text 'Products & Services Add Edit Delete Draft' is set on object 'Object Repository/Page_Pages  junetest2bda/Modal/input_title0value_Title'

2017-07-24 16:09:21 - [MESSAGE][PASSED] - Text 'Products & Services Add Edit Delete Draft' is set on object 'Object Repository/Page_Pages  junetest2bda/Modal/input_title0value_Title'

2017-07-24 16:09:21 - [TEST_STEP][PASSED] - Statement - ProductWeightValue = ProductMemberWeight: null

2017-07-24 16:09:21 - [TEST_STEP][PASSED] - setText: Text '3' is set on object 'Object Repository/Page_Our Team  junetest2bda/input_field_weight0value'

2017-07-24 16:09:21 - [MESSAGE][PASSED] - Text '3' is set on object 'Object Repository/Page_Our Team  junetest2bda/input_field_weight0value'

2017-07-24 16:09:21 - [TEST_STEP][PASSED] - Statement - ProductMemberWeight -= 1: null

2017-07-24 16:09:21 - [TEST_STEP][PASSED] - verifyElementClickable: Object 'Object Repository/Page_Pages  junetest2bda/Modal/button_SaveasDraft' is clickable

2017-07-24 16:09:21 - [MESSAGE][PASSED] - Object 'Object Repository/Page_Pages  junetest2bda/Modal/button_SaveasDraft' is clickable

2017-07-24 16:09:21 - [TEST_STEP][PASSED] - click: Object: 'Object Repository/Page_Pages  junetest2bda/Modal/button_SaveasDraft' is clicked on

2017-07-24 16:10:00 - [MESSAGE][PASSED] - Object: 'Object Repository/Page_Pages  junetest2bda/Modal/button_SaveasDraft' is clicked on

2017-07-24 16:10:00 - [TEST_STEP][PASSED] - click: Object: 'Object Repository/Page_User dashboard  junetest2bda/a_MyContent' is clicked on

2017-07-24 16:10:02 - [MESSAGE][PASSED] - Object: 'Object Repository/Page_User dashboard  junetest2bda/a_MyContent' is clicked on

2017-07-24 16:10:02 - [TEST_STEP][PASSED] - click: Object: 'Object Repository/Page_User dashboard  junetest2bda/My Content Menu/a_Products  Services' is clicked on

2017-07-24 16:10:04 - [MESSAGE][PASSED] - Object: 'Object Repository/Page_User dashboard  junetest2bda/My Content Menu/a_Products  Services' is clicked on

2017-07-24 16:10:04 - [TEST_STEP][PASSED] - click: Object: 'Object Repository/Page_Pages  junetest2bda/a_Delete' is clicked on

2017-07-24 16:10:05 - [MESSAGE][PASSED] - Object: 'Object Repository/Page_Pages  junetest2bda/a_Delete' is clicked on

2017-07-24 16:10:05 - [TEST_STEP][PASSED] - click: Object: 'Object Repository/Page_User dashboard  junetest2bda/Delete Modal/button_Delete' is clicked on

2017-07-24 16:10:06 - [MESSAGE][PASSED] - Object: 'Object Repository/Page_User dashboard  junetest2bda/Delete Modal/button_Delete' is clicked on

2017-07-24 16:10:06 - [TEST_STEP][PASSED] - waitForElementNotPresent: Web element with id: 'Object Repository/Page_User dashboard  junetest2bda/Delete Modal/div_ui-dialog ui-widget ui-wid' located by 'By.xpath: //div[count(. | /html[@class="touchevents details js wf-lato-n4-active wf-active"]/body[@class="layout-no-sidebars has-featured-top user-logged-in path-dashboard off-canvas-wrap"]/div[@class="ui-dialog ui-widget ui-widget-content ui-corner-all ui-front ui-dialog-buttons"]) = count(/html[@class="touchevents details js wf-lato-n4-active wf-active"]/body[@class="layout-no-sidebars has-featured-top user-logged-in path-dashboard off-canvas-wrap"]/div[@class="ui-dialog ui-widget ui-widget-content ui-corner-all ui-front ui-dialog-buttons"])]' is not present after '2' second(s)

2017-07-24 16:10:43 - [MESSAGE][PASSED] - Web element with id: 'Object Repository/Page_User dashboard  junetest2bda/Delete Modal/div_ui-dialog ui-widget ui-wid' located by 'By.xpath: //div[count(. | /html[@class="touchevents details js wf-lato-n4-active wf-active"]/body[@class="layout-no-sidebars has-featured-top user-logged-in path-dashboard off-canvas-wrap"]/div[@class="ui-dialog ui-widget ui-widget-content ui-corner-all ui-front ui-dialog-buttons"]) = count(/html[@class="touchevents details js wf-lato-n4-active wf-active"]/body[@class="layout-no-sidebars has-featured-top user-logged-in path-dashboard off-canvas-wrap"]/div[@class="ui-dialog ui-widget ui-widget-content ui-corner-all ui-front ui-dialog-buttons"])]' is not present after '2' second(s)

2017-07-24 16:10:43 - [TEST_STEP][PASSED] - verifyElementNotPresent: Web element with id: 'Object Repository/Page_User dashboard  junetest2bda/Delete Modal/div_ui-dialog ui-widget ui-wid' located by 'By.xpath: //div[count(. | /html[@class="touchevents details js wf-lato-n4-active wf-active"]/body[@class="layout-no-sidebars has-featured-top user-logged-in path-dashboard off-canvas-wrap"]/div[@class="ui-dialog ui-widget ui-widget-content ui-corner-all ui-front ui-dialog-buttons"]) = count(/html[@class="touchevents details js wf-lato-n4-active wf-active"]/body[@class="layout-no-sidebars has-featured-top user-logged-in path-dashboard off-canvas-wrap"]/div[@class="ui-dialog ui-widget ui-widget-content ui-corner-all ui-front ui-dialog-buttons"])]' is not present after '2' second(s)

2017-07-24 16:10:43 - [MESSAGE][PASSED] - Web element with id: 'Object Repository/Page_User dashboard  junetest2bda/Delete Modal/div_ui-dialog ui-widget ui-wid' located by 'By.xpath: //div[count(. | /html[@class="touchevents details js wf-lato-n4-active wf-active"]/body[@class="layout-no-sidebars has-featured-top user-logged-in path-dashboard off-canvas-wrap"]/div[@class="ui-dialog ui-widget ui-widget-content ui-corner-all ui-front ui-dialog-buttons"]) = count(/html[@class="touchevents details js wf-lato-n4-active wf-active"]/body[@class="layout-no-sidebars has-featured-top user-logged-in path-dashboard off-canvas-wrap"]/div[@class="ui-dialog ui-widget ui-widget-content ui-corner-all ui-front ui-dialog-buttons"])]' is not present after '2' second(s)

2017-07-24 16:10:43 - [TEST_STEP][PASSED] - click: Object: 'Object Repository/Page_User dashboard  junetest2bda/a_MyContent' is clicked on

2017-07-24 16:10:45 - [MESSAGE][PASSED] - Object: 'Object Repository/Page_User dashboard  junetest2bda/a_MyContent' is clicked on

2017-07-24 16:10:45 - [TEST_STEP][PASSED] - click: Object: 'Object Repository/Page_User dashboard  junetest2bda/My Content Menu/a_Products  Services' is clicked on

2017-07-24 16:10:47 - [MESSAGE][PASSED] - Object: 'Object Repository/Page_User dashboard  junetest2bda/My Content Menu/a_Products  Services' is clicked on

2017-07-24 16:10:47 - [TEST_STEP][PASSED] - verifyTextNotPresent: Text 'Products & Services Add Edit Delete Draft' is not present on page using regular expression

2017-07-24 16:10:47 - [MESSAGE][PASSED] - Text 'Products & Services Add Edit Delete Draft' is not present on page using regular expression]]></system-out>
         <system-err><![CDATA[]]></system-err>
      </testcase>
      <testcase name="Test Cases/My Content/Product and Services/Modal/Verify_Draft/Draft_Send_to_review_PandS_" classname="Test Cases/My Content/Product and Services/Modal/Verify_Draft/Draft_Send_to_review_PandS_" status="PASSED">
         <system-out><![CDATA[2017-07-24 16:10:47 - [TEST_CASE][PASSED] - Test Cases/My Content/Product and Services/Modal/Verify_Draft/Draft_Send_to_review_PandS_: Test Cases/My Content/Product and Services/Modal/Verify_Draft/Draft_Send_to_review_PandS_

2017-07-24 16:10:48 - [TEST_STEP][PASSED] - callTestCase: Call Test Case 'Test Cases/My Content/Product and Services/Modal/Verify_Draft/Draft_Add_PandS_' successfully

2017-07-24 16:10:48 - [TEST_CASE][PASSED] - Test Cases/My Content/Product and Services/Modal/Verify_Draft/Draft_Add_PandS_: Test Cases/My Content/Product and Services/Modal/Verify_Draft/Draft_Add_PandS_

2017-07-24 16:10:48 - [TEST_STEP][PASSED] - click: Object: 'Object Repository/Page_User dashboard  junetest2bda/a_MyContent' is clicked on

2017-07-24 16:10:49 - [MESSAGE][PASSED] - Object: 'Object Repository/Page_User dashboard  junetest2bda/a_MyContent' is clicked on

2017-07-24 16:10:49 - [TEST_STEP][PASSED] - click: Object: 'Object Repository/Page_User dashboard  junetest2bda/My Content Menu/a_Products  Services' is clicked on

2017-07-24 16:10:50 - [MESSAGE][PASSED] - Object: 'Object Repository/Page_User dashboard  junetest2bda/My Content Menu/a_Products  Services' is clicked on

2017-07-24 16:10:50 - [TEST_STEP][PASSED] - Statement - Title = com.kms.katalon.core.webui.keyword.WebUiBuiltInKeywords.getText(com.kms.katalon.core.testobject.ObjectRepository.findTestObject(Page_Pages  junetest2bda/h3_Title)): Text of object 'Object Repository/Page_Pages  junetest2bda/h3_Title' is: 'Products & Services'

2017-07-24 16:10:50 - [MESSAGE][PASSED] - Text of object 'Object Repository/Page_Pages  junetest2bda/h3_Title' is: 'Products & Services'

2017-07-24 16:10:50 - [TEST_STEP][PASSED] - click: Object: 'Object Repository/Page_Pages  junetest2bda/a_Add New' is clicked on

2017-07-24 16:10:50 - [MESSAGE][PASSED] - Object: 'Object Repository/Page_Pages  junetest2bda/a_Add New' is clicked on

2017-07-24 16:10:50 - [TEST_STEP][PASSED] - waitForElementPresent: Object 'Object Repository/Page_Pages  junetest2bda/Modal/div_ui-dialog ui-widget ui-wid_MyContentModal' is present

2017-07-24 16:10:52 - [MESSAGE][PASSED] - Object 'Object Repository/Page_Pages  junetest2bda/Modal/div_ui-dialog ui-widget ui-wid_MyContentModal' is present

2017-07-24 16:10:52 - [TEST_STEP][PASSED] - verifyElementPresent: Object 'Object Repository/Page_Pages  junetest2bda/Modal/div_ui-dialog ui-widget ui-wid_MyContentModal' is present

2017-07-24 16:10:52 - [MESSAGE][PASSED] - Object 'Object Repository/Page_Pages  junetest2bda/Modal/div_ui-dialog ui-widget ui-wid_MyContentModal' is present

2017-07-24 16:10:52 - [TEST_STEP][PASSED] - setText: Text 'Products & Services Add Draft' is set on object 'Object Repository/Page_Pages  junetest2bda/Modal/input_title0value_Title'

2017-07-24 16:10:53 - [MESSAGE][PASSED] - Text 'Products & Services Add Draft' is set on object 'Object Repository/Page_Pages  junetest2bda/Modal/input_title0value_Title'

2017-07-24 16:10:53 - [TEST_STEP][PASSED] - Statement - ProductWeightValue = ProductMemberWeight: null

2017-07-24 16:10:53 - [TEST_STEP][PASSED] - setText: Text '2' is set on object 'Object Repository/Page_Our Team  junetest2bda/input_field_weight0value'

2017-07-24 16:10:53 - [MESSAGE][PASSED] - Text '2' is set on object 'Object Repository/Page_Our Team  junetest2bda/input_field_weight0value'

2017-07-24 16:10:53 - [TEST_STEP][PASSED] - Statement - ProductMemberWeight -= 1: null

2017-07-24 16:10:53 - [TEST_STEP][PASSED] - check: Object 'Object Repository/Page_Products  Services  junetest2b/input_field_link_to_pagevalue_Checkbox' is checked

2017-07-24 16:10:53 - [MESSAGE][PASSED] - Object 'Object Repository/Page_Products  Services  junetest2b/input_field_link_to_pagevalue_Checkbox' is checked

2017-07-24 16:10:53 - [TEST_STEP][PASSED] - Statement - Selected_icon = CustomKeywords.random.Rand_Icon_PS.rand_icon(81): random.Rand_Icon_PS.rand_icon is PASSED

2017-07-24 16:10:53 - [MESSAGE][PASSED] - random.Rand_Icon_PS.rand_icon is PASSED

2017-07-24 16:10:53 - [TEST_STEP][PASSED] - selectOptionByIndex: All options with index in [63] are selected on object 'Object Repository/Page_Products  Services  junetest2b/select_field_icon_Selection'

2017-07-24 16:10:54 - [MESSAGE][PASSED] - All options with index in [63] are selected on object 'Object Repository/Page_Products  Services  junetest2b/select_field_icon_Selection'

2017-07-24 16:10:54 - [TEST_STEP][PASSED] - Statement - Ctext = CustomKeywords.random.Rand_CkEd_Text.rand_text(CKText): random.Rand_CkEd_Text.rand_text is PASSED

2017-07-24 16:10:54 - [MESSAGE][PASSED] - random.Rand_CkEd_Text.rand_text is PASSED

2017-07-24 16:10:54 - [TEST_STEP][PASSED] - switchToFrame: Switched to iframe: 'Object Repository/Page_Pages  junetest2bda/Modal/iframe_cke_wysiwyg_frame cke_r (2)'

2017-07-24 16:10:54 - [TEST_STEP][PASSED] - setText: Text 'Lorem ipsum dolor sit amet, consectetur adipiscing elit. Integer mi ex, consectetur ac cursus nec, egestas id en' is set on object 'Object Repository/Page_Pages  junetest2bda/Modal/p'

2017-07-24 16:10:55 - [MESSAGE][PASSED] - Text 'Lorem ipsum dolor sit amet, consectetur adipiscing elit. Integer mi ex, consectetur ac cursus nec, egestas id en' is set on object 'Object Repository/Page_Pages  junetest2bda/Modal/p'

2017-07-24 16:10:55 - [TEST_STEP][PASSED] - switchToDefaultContent: Switching to default content

2017-07-24 16:10:55 - [TEST_STEP][PASSED] - verifyElementClickable: Object 'Object Repository/Page_Pages  junetest2bda/Modal/button_SaveasDraft' is clickable

2017-07-24 16:10:55 - [MESSAGE][PASSED] - Object 'Object Repository/Page_Pages  junetest2bda/Modal/button_SaveasDraft' is clickable

2017-07-24 16:10:55 - [TEST_STEP][PASSED] - click: Object: 'Object Repository/Page_Pages  junetest2bda/Modal/button_SaveasDraft' is clicked on

2017-07-24 16:11:31 - [MESSAGE][PASSED] - Object: 'Object Repository/Page_Pages  junetest2bda/Modal/button_SaveasDraft' is clicked on

2017-07-24 16:11:31 - [TEST_STEP][PASSED] - waitForPageLoad: Wait for page load successfully

2017-07-24 16:11:32 - [MESSAGE][PASSED] - Wait for page load successfully

2017-07-24 16:11:32 - [TEST_STEP][PASSED] - switchToFrame: Switched to iframe: 'Object Repository/Page_Preview  junetest2bda/iframe_website-preview'

2017-07-24 16:11:32 - [TEST_STEP][PASSED] - Statement - CapTitle = CustomKeywords.random.Capitals.makeCap(Title + AddDraftTitle[0]): random.Capitals.makeCap is PASSED

2017-07-24 16:11:32 - [MESSAGE][PASSED] - random.Capitals.makeCap is PASSED

2017-07-24 16:11:32 - [TEST_STEP][PASSED] - verifyTextPresent: Text 'Lorem ipsum dolor sit amet, consectetur adipiscing elit. Integer mi ex, consectetur ac cursus nec, egestas id en' is present on page  using regular expression

2017-07-24 16:11:32 - [MESSAGE][PASSED] - Text 'Lorem ipsum dolor sit amet, consectetur adipiscing elit. Integer mi ex, consectetur ac cursus nec, egestas id en' is present on page  using regular expression

2017-07-24 16:11:32 - [TEST_STEP][PASSED] - verifyTextPresent: Text 'PRODUCTS & SERVICES ADD DRAFT' is present on page  using regular expression

2017-07-24 16:11:32 - [MESSAGE][PASSED] - Text 'PRODUCTS & SERVICES ADD DRAFT' is present on page  using regular expression

2017-07-24 16:11:32 - [TEST_STEP][PASSED] - switchToDefaultContent: Switching to default content

2017-07-24 16:11:32 - [MESSAGE][PASSED] - Call Test Case 'Test Cases/My Content/Product and Services/Modal/Verify_Draft/Draft_Add_PandS_' successfully

2017-07-24 16:11:32 - [TEST_STEP][PASSED] - click: Object: 'Object Repository/Page_User dashboard  junetest2bda/a_MyContent' is clicked on

2017-07-24 16:11:34 - [MESSAGE][PASSED] - Object: 'Object Repository/Page_User dashboard  junetest2bda/a_MyContent' is clicked on

2017-07-24 16:11:34 - [TEST_STEP][PASSED] - click: Object: 'Object Repository/Page_User dashboard  junetest2bda/My Content Menu/a_Products  Services' is clicked on

2017-07-24 16:11:37 - [MESSAGE][PASSED] - Object: 'Object Repository/Page_User dashboard  junetest2bda/My Content Menu/a_Products  Services' is clicked on

2017-07-24 16:11:37 - [TEST_STEP][PASSED] - Statement - Title = com.kms.katalon.core.webui.keyword.WebUiBuiltInKeywords.getText(com.kms.katalon.core.testobject.ObjectRepository.findTestObject(Page_Pages  junetest2bda/h3_Title)): Text of object 'Object Repository/Page_Pages  junetest2bda/h3_Title' is: 'Products & Services'

2017-07-24 16:11:37 - [MESSAGE][PASSED] - Text of object 'Object Repository/Page_Pages  junetest2bda/h3_Title' is: 'Products & Services'

2017-07-24 16:11:37 - [TEST_STEP][PASSED] - click: Object: 'Object Repository/Page_Pages  junetest2bda/a_Edit' is clicked on

2017-07-24 16:11:37 - [MESSAGE][PASSED] - Object: 'Object Repository/Page_Pages  junetest2bda/a_Edit' is clicked on

2017-07-24 16:11:37 - [TEST_STEP][PASSED] - waitForElementPresent: Object 'Object Repository/Page_Pages  junetest2bda/Modal/div_ui-dialog ui-widget ui-wid_MyContentModal' is present

2017-07-24 16:11:39 - [MESSAGE][PASSED] - Object 'Object Repository/Page_Pages  junetest2bda/Modal/div_ui-dialog ui-widget ui-wid_MyContentModal' is present

2017-07-24 16:11:39 - [TEST_STEP][PASSED] - setText: Text 'Products & Services Add Edit Send Draft' is set on object 'Object Repository/Page_Pages  junetest2bda/Modal/input_title0value_Title'

2017-07-24 16:11:39 - [MESSAGE][PASSED] - Text 'Products & Services Add Edit Send Draft' is set on object 'Object Repository/Page_Pages  junetest2bda/Modal/input_title0value_Title'

2017-07-24 16:11:39 - [TEST_STEP][PASSED] - Statement - ProductWeightValue = ProductMemberWeight: null

2017-07-24 16:11:39 - [TEST_STEP][PASSED] - setText: Text '1' is set on object 'Object Repository/Page_Our Team  junetest2bda/input_field_weight0value'

2017-07-24 16:11:40 - [MESSAGE][PASSED] - Text '1' is set on object 'Object Repository/Page_Our Team  junetest2bda/input_field_weight0value'

2017-07-24 16:11:40 - [TEST_STEP][PASSED] - Statement - ProductMemberWeight -= 1: null

2017-07-24 16:11:40 - [TEST_STEP][PASSED] - verifyElementClickable: Object 'Object Repository/Page_Pages  junetest2bda/Modal/button_SendtoReview' is clickable

2017-07-24 16:11:40 - [MESSAGE][PASSED] - Object 'Object Repository/Page_Pages  junetest2bda/Modal/button_SendtoReview' is clickable

2017-07-24 16:11:40 - [TEST_STEP][PASSED] - click: Object: 'Object Repository/Page_Pages  junetest2bda/Modal/button_SendtoReview' is clicked on

2017-07-24 16:12:02 - [MESSAGE][PASSED] - Object: 'Object Repository/Page_Pages  junetest2bda/Modal/button_SendtoReview' is clicked on

2017-07-24 16:12:02 - [TEST_STEP][PASSED] - waitForPageLoad: Wait for page load successfully

2017-07-24 16:12:02 - [MESSAGE][PASSED] - Wait for page load successfully

2017-07-24 16:12:02 - [TEST_STEP][PASSED] - click: Object: 'Object Repository/Page_User dashboard  junetest2bda/Compliance Menu/a_Send to Compliance (31)' is clicked on

2017-07-24 16:12:02 - [MESSAGE][PASSED] - Object: 'Object Repository/Page_User dashboard  junetest2bda/Compliance Menu/a_Send to Compliance (31)' is clicked on

2017-07-24 16:12:02 - [TEST_STEP][PASSED] - verifyTextPresent: Text 'Products & Services Add Edit Send Draft' is present on page  using regular expression

2017-07-24 16:12:02 - [MESSAGE][PASSED] - Text 'Products & Services Add Edit Send Draft' is present on page  using regular expression]]></system-out>
         <system-err><![CDATA[]]></system-err>
      </testcase>
      <testcase name="Test Cases/My Content/Product and Services/Modal/Verify_Send_to_review/Send_to_review_Add_PandS_" classname="Test Cases/My Content/Product and Services/Modal/Verify_Send_to_review/Send_to_review_Add_PandS_" status="PASSED">
         <system-out><![CDATA[2017-07-24 16:12:02 - [TEST_CASE][PASSED] - Test Cases/My Content/Product and Services/Modal/Verify_Send_to_review/Send_to_review_Add_PandS_: Test Cases/My Content/Product and Services/Modal/Verify_Send_to_review/Send_to_review_Add_PandS_

2017-07-24 16:12:03 - [TEST_STEP][PASSED] - click: Object: 'Object Repository/Page_User dashboard  junetest2bda/a_MyContent' is clicked on

2017-07-24 16:12:05 - [MESSAGE][PASSED] - Object: 'Object Repository/Page_User dashboard  junetest2bda/a_MyContent' is clicked on

2017-07-24 16:12:05 - [TEST_STEP][PASSED] - click: Object: 'Object Repository/Page_User dashboard  junetest2bda/My Content Menu/a_Products  Services' is clicked on

2017-07-24 16:12:07 - [MESSAGE][PASSED] - Object: 'Object Repository/Page_User dashboard  junetest2bda/My Content Menu/a_Products  Services' is clicked on

2017-07-24 16:12:07 - [TEST_STEP][PASSED] - Statement - Title = com.kms.katalon.core.webui.keyword.WebUiBuiltInKeywords.getText(com.kms.katalon.core.testobject.ObjectRepository.findTestObject(Page_Pages  junetest2bda/h3_Title)): Text of object 'Object Repository/Page_Pages  junetest2bda/h3_Title' is: 'Products & Services'

2017-07-24 16:12:07 - [MESSAGE][PASSED] - Text of object 'Object Repository/Page_Pages  junetest2bda/h3_Title' is: 'Products & Services'

2017-07-24 16:12:07 - [TEST_STEP][PASSED] - click: Object: 'Object Repository/Page_Pages  junetest2bda/a_Add New' is clicked on

2017-07-24 16:12:07 - [MESSAGE][PASSED] - Object: 'Object Repository/Page_Pages  junetest2bda/a_Add New' is clicked on

2017-07-24 16:12:07 - [TEST_STEP][PASSED] - waitForElementPresent: Object 'Object Repository/Page_Pages  junetest2bda/Modal/div_ui-dialog ui-widget ui-wid_MyContentModal' is present

2017-07-24 16:12:09 - [MESSAGE][PASSED] - Object 'Object Repository/Page_Pages  junetest2bda/Modal/div_ui-dialog ui-widget ui-wid_MyContentModal' is present

2017-07-24 16:12:09 - [TEST_STEP][PASSED] - verifyElementPresent: Object 'Object Repository/Page_Pages  junetest2bda/Modal/div_ui-dialog ui-widget ui-wid_MyContentModal' is present

2017-07-24 16:12:09 - [MESSAGE][PASSED] - Object 'Object Repository/Page_Pages  junetest2bda/Modal/div_ui-dialog ui-widget ui-wid_MyContentModal' is present

2017-07-24 16:12:09 - [TEST_STEP][PASSED] - setText: Text 'Products & Services Add Review' is set on object 'Object Repository/Page_Pages  junetest2bda/Modal/input_title0value_Title'

2017-07-24 16:12:10 - [MESSAGE][PASSED] - Text 'Products & Services Add Review' is set on object 'Object Repository/Page_Pages  junetest2bda/Modal/input_title0value_Title'

2017-07-24 16:12:10 - [TEST_STEP][PASSED] - Statement - ProductWeightValue = ProductMemberWeight: null

2017-07-24 16:12:10 - [TEST_STEP][PASSED] - setText: Text '0' is set on object 'Object Repository/Page_Our Team  junetest2bda/input_field_weight0value'

2017-07-24 16:12:10 - [MESSAGE][PASSED] - Text '0' is set on object 'Object Repository/Page_Our Team  junetest2bda/input_field_weight0value'

2017-07-24 16:12:10 - [TEST_STEP][PASSED] - Statement - ProductMemberWeight -= 1: null

2017-07-24 16:12:10 - [TEST_STEP][PASSED] - check: Object 'Object Repository/Page_Products  Services  junetest2b/input_field_link_to_pagevalue_Checkbox' is checked

2017-07-24 16:12:10 - [MESSAGE][PASSED] - Object 'Object Repository/Page_Products  Services  junetest2b/input_field_link_to_pagevalue_Checkbox' is checked

2017-07-24 16:12:10 - [TEST_STEP][PASSED] - Statement - Selected_icon = CustomKeywords.random.Rand_Icon_PS.rand_icon(81): random.Rand_Icon_PS.rand_icon is PASSED

2017-07-24 16:12:10 - [MESSAGE][PASSED] - random.Rand_Icon_PS.rand_icon is PASSED

2017-07-24 16:12:10 - [TEST_STEP][PASSED] - selectOptionByIndex: All options with index in [41] are selected on object 'Object Repository/Page_Products  Services  junetest2b/select_field_icon_Selection'

2017-07-24 16:12:11 - [MESSAGE][PASSED] - All options with index in [41] are selected on object 'Object Repository/Page_Products  Services  junetest2b/select_field_icon_Selection'

2017-07-24 16:12:11 - [TEST_STEP][PASSED] - Statement - Ctext = CustomKeywords.random.Rand_CkEd_Text.rand_text(CKText): random.Rand_CkEd_Text.rand_text is PASSED

2017-07-24 16:12:11 - [MESSAGE][PASSED] - random.Rand_CkEd_Text.rand_text is PASSED

2017-07-24 16:12:11 - [TEST_STEP][PASSED] - switchToFrame: Switched to iframe: 'Object Repository/Page_Pages  junetest2bda/Modal/iframe_cke_wysiwyg_frame cke_r (2)'

2017-07-24 16:12:11 - [TEST_STEP][PASSED] - setText: Text 'Lorem ipsum dolor sit amet, consectetur adipiscing elit. Integer mi ex, consectetur ac cursus nec, egestas id enim. Ut venenatis lacus diam, eget pretium quam dictum vitae. Nunc pretium ipsum eget est tincidunt rutrum. Donec egestas in enim id viverra. Sed ut euismod turpis. Etiam quis p' is set on object 'Object Repository/Page_Pages  junetest2bda/Modal/p'

2017-07-24 16:12:12 - [MESSAGE][PASSED] - Text 'Lorem ipsum dolor sit amet, consectetur adipiscing elit. Integer mi ex, consectetur ac cursus nec, egestas id enim. Ut venenatis lacus diam, eget pretium quam dictum vitae. Nunc pretium ipsum eget est tincidunt rutrum. Donec egestas in enim id viverra. Sed ut euismod turpis. Etiam quis p' is set on object 'Object Repository/Page_Pages  junetest2bda/Modal/p'

2017-07-24 16:12:12 - [TEST_STEP][PASSED] - switchToDefaultContent: Switching to default content

2017-07-24 16:12:12 - [TEST_STEP][PASSED] - verifyElementClickable: Object 'Object Repository/Page_Pages  junetest2bda/Modal/button_SendtoReview' is clickable

2017-07-24 16:12:12 - [MESSAGE][PASSED] - Object 'Object Repository/Page_Pages  junetest2bda/Modal/button_SendtoReview' is clickable

2017-07-24 16:12:12 - [TEST_STEP][PASSED] - click: Object: 'Object Repository/Page_Pages  junetest2bda/Modal/button_SendtoReview' is clicked on

2017-07-24 16:12:49 - [MESSAGE][PASSED] - Object: 'Object Repository/Page_Pages  junetest2bda/Modal/button_SendtoReview' is clicked on

2017-07-24 16:12:49 - [TEST_STEP][PASSED] - waitForPageLoad: Wait for page load successfully

2017-07-24 16:12:50 - [MESSAGE][PASSED] - Wait for page load successfully

2017-07-24 16:12:50 - [TEST_STEP][PASSED] - switchToFrame: Switched to iframe: 'Object Repository/Page_Preview  junetest2bda/iframe_website-preview'

2017-07-24 16:12:50 - [TEST_STEP][PASSED] - Statement - CapTitle = CustomKeywords.random.Capitals.makeCap(Title + AddDraftTitle[4]): random.Capitals.makeCap is PASSED

2017-07-24 16:12:50 - [MESSAGE][PASSED] - random.Capitals.makeCap is PASSED

2017-07-24 16:12:50 - [TEST_STEP][PASSED] - verifyTextPresent: Text 'Lorem ipsum dolor sit amet, consectetur adipiscing elit. Integer mi ex, consectetur ac cursus nec, egestas id enim. Ut venenatis lacus diam, eget pretium quam dictum vitae. Nunc pretium ipsum eget est tincidunt rutrum. Donec egestas in enim id viverra. Sed ut euismod turpis. Etiam quis p' is present on page  using regular expression

2017-07-24 16:12:50 - [MESSAGE][PASSED] - Text 'Lorem ipsum dolor sit amet, consectetur adipiscing elit. Integer mi ex, consectetur ac cursus nec, egestas id enim. Ut venenatis lacus diam, eget pretium quam dictum vitae. Nunc pretium ipsum eget est tincidunt rutrum. Donec egestas in enim id viverra. Sed ut euismod turpis. Etiam quis p' is present on page  using regular expression

2017-07-24 16:12:50 - [TEST_STEP][PASSED] - verifyTextPresent: Text 'PRODUCTS & SERVICES ADD REVIEW' is present on page  using regular expression

2017-07-24 16:12:50 - [MESSAGE][PASSED] - Text 'PRODUCTS & SERVICES ADD REVIEW' is present on page  using regular expression

2017-07-24 16:12:50 - [TEST_STEP][PASSED] - switchToDefaultContent: Switching to default content

2017-07-24 16:12:50 - [TEST_STEP][PASSED] - click: Object: 'Object Repository/Page_User dashboard  junetest2bda/Compliance Menu/a_Send to Compliance (31)' is clicked on

2017-07-24 16:12:50 - [MESSAGE][PASSED] - Object: 'Object Repository/Page_User dashboard  junetest2bda/Compliance Menu/a_Send to Compliance (31)' is clicked on

2017-07-24 16:12:50 - [TEST_STEP][PASSED] - Statement - If (com.kms.katalon.core.webui.keyword.WebUiBuiltInKeywords.verifyTextPresent("Activate your", true)): Object: 'Object Repository/Page_User dashboard  junetest2bda/Compliance Menu/a_Send to Compliance (31)' is clicked on

2017-07-24 16:12:50 - [MESSAGE][PASSED] - Text 'Activate your' is present on page  using regular expression

2017-07-24 16:12:50 - [TEST_STEP][PASSED] - click: Object: 'Object Repository/Page_User dashboard  junetest2bda/Compliance Menu/a_Send to Compliance (31)' is clicked on

2017-07-24 16:12:50 - [MESSAGE][PASSED] - Object: 'Object Repository/Page_User dashboard  junetest2bda/Compliance Menu/a_Send to Compliance (31)' is clicked on]]></system-out>
         <system-err><![CDATA[]]></system-err>
      </testcase>
      <testcase name="Test Cases/My Content/Product and Services/Modal/Verify_Send_to_review/Send_to_review_Edit_PandS_" classname="Test Cases/My Content/Product and Services/Modal/Verify_Send_to_review/Send_to_review_Edit_PandS_" status="FAILED">
         <failure type="FAILED" message=""/>
         <system-out><![CDATA[2017-07-24 16:12:51 - [TEST_CASE][FAILED] - Test Cases/My Content/Product and Services/Modal/Verify_Send_to_review/Send_to_review_Edit_PandS_: Test Cases/My Content/Product and Services/Modal/Verify_Send_to_review/Send_to_review_Edit_PandS_ FAILED because (of) Unable to click on object 'Object Repository/Page_Pages  junetest2bda/a_Test Draft Pages only' (Root cause: com.kms.katalon.core.webui.exception.WebElementNotFoundException: Web element with id: 'Object Repository/Page_Pages  junetest2bda/a_Test Draft Pages only' located by 'By.xpath: //a[count(. | id("block-aw-dashboard-content")/div[1]/div[1]/div[@class="view-content"]/div[1]/table[1]/tbody[1]/tr[1]/td[1]/a[2]) = count(id("block-aw-dashboard-content")/div[1]/div[1]/div[@class="view-content"]/div[1]/table[1]/tbody[1]/tr[1]/td[1]/a[2])]' not found)

2017-07-24 16:12:51 - [TEST_STEP][PASSED] - callTestCase: Call Test Case 'Test Cases/My Content/Product and Services/Modal/Verify_Send_to_review/Send_to_review_Add_PandS_' successfully

2017-07-24 16:12:51 - [TEST_CASE][PASSED] - Test Cases/My Content/Product and Services/Modal/Verify_Send_to_review/Send_to_review_Add_PandS_: Test Cases/My Content/Product and Services/Modal/Verify_Send_to_review/Send_to_review_Add_PandS_

2017-07-24 16:12:51 - [TEST_STEP][PASSED] - click: Object: 'Object Repository/Page_User dashboard  junetest2bda/a_MyContent' is clicked on

2017-07-24 16:12:53 - [MESSAGE][PASSED] - Object: 'Object Repository/Page_User dashboard  junetest2bda/a_MyContent' is clicked on

2017-07-24 16:12:53 - [TEST_STEP][PASSED] - click: Object: 'Object Repository/Page_User dashboard  junetest2bda/My Content Menu/a_Products  Services' is clicked on

2017-07-24 16:12:56 - [MESSAGE][PASSED] - Object: 'Object Repository/Page_User dashboard  junetest2bda/My Content Menu/a_Products  Services' is clicked on

2017-07-24 16:12:56 - [TEST_STEP][PASSED] - Statement - Title = com.kms.katalon.core.webui.keyword.WebUiBuiltInKeywords.getText(com.kms.katalon.core.testobject.ObjectRepository.findTestObject(Page_Pages  junetest2bda/h3_Title)): Text of object 'Object Repository/Page_Pages  junetest2bda/h3_Title' is: 'Products & Services'

2017-07-24 16:12:56 - [MESSAGE][PASSED] - Text of object 'Object Repository/Page_Pages  junetest2bda/h3_Title' is: 'Products & Services'

2017-07-24 16:12:56 - [TEST_STEP][PASSED] - click: Object: 'Object Repository/Page_Pages  junetest2bda/a_Add New' is clicked on

2017-07-24 16:12:56 - [MESSAGE][PASSED] - Object: 'Object Repository/Page_Pages  junetest2bda/a_Add New' is clicked on

2017-07-24 16:12:56 - [TEST_STEP][PASSED] - waitForElementPresent: Object 'Object Repository/Page_Pages  junetest2bda/Modal/div_ui-dialog ui-widget ui-wid_MyContentModal' is present

2017-07-24 16:12:58 - [MESSAGE][PASSED] - Object 'Object Repository/Page_Pages  junetest2bda/Modal/div_ui-dialog ui-widget ui-wid_MyContentModal' is present

2017-07-24 16:12:58 - [TEST_STEP][PASSED] - verifyElementPresent: Object 'Object Repository/Page_Pages  junetest2bda/Modal/div_ui-dialog ui-widget ui-wid_MyContentModal' is present

2017-07-24 16:12:59 - [MESSAGE][PASSED] - Object 'Object Repository/Page_Pages  junetest2bda/Modal/div_ui-dialog ui-widget ui-wid_MyContentModal' is present

2017-07-24 16:12:59 - [TEST_STEP][PASSED] - setText: Text 'Products & Services Add Review' is set on object 'Object Repository/Page_Pages  junetest2bda/Modal/input_title0value_Title'

2017-07-24 16:12:59 - [MESSAGE][PASSED] - Text 'Products & Services Add Review' is set on object 'Object Repository/Page_Pages  junetest2bda/Modal/input_title0value_Title'

2017-07-24 16:12:59 - [TEST_STEP][PASSED] - Statement - ProductWeightValue = ProductMemberWeight: null

2017-07-24 16:12:59 - [TEST_STEP][PASSED] - setText: Text '-1' is set on object 'Object Repository/Page_Our Team  junetest2bda/input_field_weight0value'

2017-07-24 16:12:59 - [MESSAGE][PASSED] - Text '-1' is set on object 'Object Repository/Page_Our Team  junetest2bda/input_field_weight0value'

2017-07-24 16:12:59 - [TEST_STEP][PASSED] - Statement - ProductMemberWeight -= 1: null

2017-07-24 16:12:59 - [TEST_STEP][PASSED] - check: Object 'Object Repository/Page_Products  Services  junetest2b/input_field_link_to_pagevalue_Checkbox' is checked

2017-07-24 16:12:59 - [MESSAGE][PASSED] - Object 'Object Repository/Page_Products  Services  junetest2b/input_field_link_to_pagevalue_Checkbox' is checked

2017-07-24 16:12:59 - [TEST_STEP][PASSED] - Statement - Selected_icon = CustomKeywords.random.Rand_Icon_PS.rand_icon(81): random.Rand_Icon_PS.rand_icon is PASSED

2017-07-24 16:12:59 - [MESSAGE][PASSED] - random.Rand_Icon_PS.rand_icon is PASSED

2017-07-24 16:12:59 - [TEST_STEP][PASSED] - selectOptionByIndex: All options with index in [15] are selected on object 'Object Repository/Page_Products  Services  junetest2b/select_field_icon_Selection'

2017-07-24 16:13:00 - [MESSAGE][PASSED] - All options with index in [15] are selected on object 'Object Repository/Page_Products  Services  junetest2b/select_field_icon_Selection'

2017-07-24 16:13:00 - [TEST_STEP][PASSED] - Statement - Ctext = CustomKeywords.random.Rand_CkEd_Text.rand_text(CKText): random.Rand_CkEd_Text.rand_text is PASSED

2017-07-24 16:13:00 - [MESSAGE][PASSED] - random.Rand_CkEd_Text.rand_text is PASSED

2017-07-24 16:13:00 - [TEST_STEP][PASSED] - switchToFrame: Switched to iframe: 'Object Repository/Page_Pages  junetest2bda/Modal/iframe_cke_wysiwyg_frame cke_r (2)'

2017-07-24 16:13:00 - [TEST_STEP][PASSED] - setText: Text 'Lorem ipsum dolor sit amet, consectetur adipiscing elit. Integer mi ex, consectetur ac cursus nec, egestas id enim. Ut venenatis lacus diam, eget pretium quam dictum vitae. Nunc pretium ipsum eget est tincidunt rutrum. Donec egestas in enim id viverra. Sed ut euismod tur' is set on object 'Object Repository/Page_Pages  junetest2bda/Modal/p'

2017-07-24 16:13:01 - [MESSAGE][PASSED] - Text 'Lorem ipsum dolor sit amet, consectetur adipiscing elit. Integer mi ex, consectetur ac cursus nec, egestas id enim. Ut venenatis lacus diam, eget pretium quam dictum vitae. Nunc pretium ipsum eget est tincidunt rutrum. Donec egestas in enim id viverra. Sed ut euismod tur' is set on object 'Object Repository/Page_Pages  junetest2bda/Modal/p'

2017-07-24 16:13:01 - [TEST_STEP][PASSED] - switchToDefaultContent: Switching to default content

2017-07-24 16:13:01 - [TEST_STEP][PASSED] - verifyElementClickable: Object 'Object Repository/Page_Pages  junetest2bda/Modal/button_SendtoReview' is clickable

2017-07-24 16:13:01 - [MESSAGE][PASSED] - Object 'Object Repository/Page_Pages  junetest2bda/Modal/button_SendtoReview' is clickable

2017-07-24 16:13:01 - [TEST_STEP][PASSED] - click: Object: 'Object Repository/Page_Pages  junetest2bda/Modal/button_SendtoReview' is clicked on

2017-07-24 16:13:39 - [MESSAGE][PASSED] - Object: 'Object Repository/Page_Pages  junetest2bda/Modal/button_SendtoReview' is clicked on

2017-07-24 16:13:39 - [TEST_STEP][PASSED] - waitForPageLoad: Wait for page load successfully

2017-07-24 16:13:39 - [MESSAGE][PASSED] - Wait for page load successfully

2017-07-24 16:13:39 - [TEST_STEP][PASSED] - switchToFrame: Switched to iframe: 'Object Repository/Page_Preview  junetest2bda/iframe_website-preview'

2017-07-24 16:13:39 - [TEST_STEP][PASSED] - Statement - CapTitle = CustomKeywords.random.Capitals.makeCap(Title + AddDraftTitle[4]): random.Capitals.makeCap is PASSED

2017-07-24 16:13:39 - [MESSAGE][PASSED] - random.Capitals.makeCap is PASSED

2017-07-24 16:13:39 - [TEST_STEP][PASSED] - verifyTextPresent: Text 'Lorem ipsum dolor sit amet, consectetur adipiscing elit. Integer mi ex, consectetur ac cursus nec, egestas id enim. Ut venenatis lacus diam, eget pretium quam dictum vitae. Nunc pretium ipsum eget est tincidunt rutrum. Donec egestas in enim id viverra. Sed ut euismod tur' is present on page  using regular expression

2017-07-24 16:13:40 - [MESSAGE][PASSED] - Text 'Lorem ipsum dolor sit amet, consectetur adipiscing elit. Integer mi ex, consectetur ac cursus nec, egestas id enim. Ut venenatis lacus diam, eget pretium quam dictum vitae. Nunc pretium ipsum eget est tincidunt rutrum. Donec egestas in enim id viverra. Sed ut euismod tur' is present on page  using regular expression

2017-07-24 16:13:40 - [TEST_STEP][PASSED] - verifyTextPresent: Text 'PRODUCTS & SERVICES ADD REVIEW' is present on page  using regular expression

2017-07-24 16:13:40 - [MESSAGE][PASSED] - Text 'PRODUCTS & SERVICES ADD REVIEW' is present on page  using regular expression

2017-07-24 16:13:40 - [TEST_STEP][PASSED] - switchToDefaultContent: Switching to default content

2017-07-24 16:13:40 - [TEST_STEP][PASSED] - click: Object: 'Object Repository/Page_User dashboard  junetest2bda/Compliance Menu/a_Send to Compliance (31)' is clicked on

2017-07-24 16:13:40 - [MESSAGE][PASSED] - Object: 'Object Repository/Page_User dashboard  junetest2bda/Compliance Menu/a_Send to Compliance (31)' is clicked on

2017-07-24 16:13:40 - [TEST_STEP][PASSED] - Statement - If (com.kms.katalon.core.webui.keyword.WebUiBuiltInKeywords.verifyTextPresent("Activate your", true)): Object: 'Object Repository/Page_User dashboard  junetest2bda/Compliance Menu/a_Send to Compliance (31)' is clicked on

2017-07-24 16:13:40 - [MESSAGE][PASSED] - Text 'Activate your' is present on page  using regular expression

2017-07-24 16:13:40 - [TEST_STEP][PASSED] - click: Object: 'Object Repository/Page_User dashboard  junetest2bda/Compliance Menu/a_Send to Compliance (31)' is clicked on

2017-07-24 16:13:40 - [MESSAGE][PASSED] - Object: 'Object Repository/Page_User dashboard  junetest2bda/Compliance Menu/a_Send to Compliance (31)' is clicked on

2017-07-24 16:13:40 - [MESSAGE][PASSED] - Call Test Case 'Test Cases/My Content/Product and Services/Modal/Verify_Send_to_review/Send_to_review_Add_PandS_' successfully

2017-07-24 16:13:40 - [TEST_STEP][PASSED] - click: Object: 'Object Repository/Page_User dashboard  junetest2bda/a_MyContent' is clicked on

2017-07-24 16:13:42 - [MESSAGE][PASSED] - Object: 'Object Repository/Page_User dashboard  junetest2bda/a_MyContent' is clicked on

2017-07-24 16:13:42 - [TEST_STEP][PASSED] - click: Object: 'Object Repository/Page_User dashboard  junetest2bda/My Content Menu/a_Products  Services' is clicked on

2017-07-24 16:13:45 - [MESSAGE][PASSED] - Object: 'Object Repository/Page_User dashboard  junetest2bda/My Content Menu/a_Products  Services' is clicked on

2017-07-24 16:13:45 - [TEST_STEP][PASSED] - Statement - Title = com.kms.katalon.core.webui.keyword.WebUiBuiltInKeywords.getText(com.kms.katalon.core.testobject.ObjectRepository.findTestObject(Page_Pages  junetest2bda/h3_Title)): Text of object 'Object Repository/Page_Pages  junetest2bda/h3_Title' is: 'Products & Services'

2017-07-24 16:13:45 - [MESSAGE][PASSED] - Text of object 'Object Repository/Page_Pages  junetest2bda/h3_Title' is: 'Products & Services'

2017-07-24 16:13:45 - [TEST_STEP][PASSED] - click: Object: 'Object Repository/Page_Pages  junetest2bda/a_Edit' is clicked on

2017-07-24 16:13:45 - [MESSAGE][PASSED] - Object: 'Object Repository/Page_Pages  junetest2bda/a_Edit' is clicked on

2017-07-24 16:13:45 - [TEST_STEP][PASSED] - waitForElementPresent: Object 'Object Repository/Page_Pages  junetest2bda/Modal/div_ui-dialog ui-widget ui-wid_MyContentModal' is present

2017-07-24 16:13:47 - [MESSAGE][PASSED] - Object 'Object Repository/Page_Pages  junetest2bda/Modal/div_ui-dialog ui-widget ui-wid_MyContentModal' is present

2017-07-24 16:13:47 - [TEST_STEP][PASSED] - verifyElementPresent: Object 'Object Repository/Page_Pages  junetest2bda/Modal/div_ui-dialog ui-widget ui-wid_MyContentModal' is present

2017-07-24 16:13:48 - [MESSAGE][PASSED] - Object 'Object Repository/Page_Pages  junetest2bda/Modal/div_ui-dialog ui-widget ui-wid_MyContentModal' is present

2017-07-24 16:13:48 - [TEST_STEP][PASSED] - setText: Text 'Products & Services Add Edit Review' is set on object 'Object Repository/Page_Pages  junetest2bda/Modal/input_title0value_Title'

2017-07-24 16:13:48 - [MESSAGE][PASSED] - Text 'Products & Services Add Edit Review' is set on object 'Object Repository/Page_Pages  junetest2bda/Modal/input_title0value_Title'

2017-07-24 16:13:48 - [TEST_STEP][PASSED] - check: Object 'Object Repository/Page_Products  Services  junetest2b/input_field_link_to_pagevalue_Checkbox' is checked

2017-07-24 16:13:48 - [MESSAGE][PASSED] - Object 'Object Repository/Page_Products  Services  junetest2b/input_field_link_to_pagevalue_Checkbox' is checked

2017-07-24 16:13:48 - [TEST_STEP][PASSED] - Statement - ProductWeightValue = ProductMemberWeight: null

2017-07-24 16:13:48 - [TEST_STEP][PASSED] - setText: Text '-2' is set on object 'Object Repository/Page_Our Team  junetest2bda/input_field_weight0value'

2017-07-24 16:13:48 - [MESSAGE][PASSED] - Text '-2' is set on object 'Object Repository/Page_Our Team  junetest2bda/input_field_weight0value'

2017-07-24 16:13:48 - [TEST_STEP][PASSED] - Statement - ProductMemberWeight -= 1: null

2017-07-24 16:13:48 - [TEST_STEP][PASSED] - Statement - Selected_icon = CustomKeywords.random.Rand_Icon_PS.rand_icon(81): random.Rand_Icon_PS.rand_icon is PASSED

2017-07-24 16:13:48 - [MESSAGE][PASSED] - random.Rand_Icon_PS.rand_icon is PASSED

2017-07-24 16:13:48 - [TEST_STEP][PASSED] - selectOptionByIndex: All options with index in [25] are selected on object 'Object Repository/Page_Products  Services  junetest2b/select_field_icon_Selection'

2017-07-24 16:13:49 - [MESSAGE][PASSED] - All options with index in [25] are selected on object 'Object Repository/Page_Products  Services  junetest2b/select_field_icon_Selection'

2017-07-24 16:13:49 - [TEST_STEP][PASSED] - Statement - Ctext = CustomKeywords.random.Rand_CkEd_Text.rand_text(CKText): random.Rand_CkEd_Text.rand_text is PASSED

2017-07-24 16:13:49 - [MESSAGE][PASSED] - random.Rand_CkEd_Text.rand_text is PASSED

2017-07-24 16:13:49 - [TEST_STEP][PASSED] - switchToFrame: Switched to iframe: 'Object Repository/Page_Pages  junetest2bda/Modal/iframe_cke_wysiwyg_frame cke_r (2)'

2017-07-24 16:13:49 - [TEST_STEP][PASSED] - setText: Text 'Lorem ipsum dolor sit amet, consectetur adipiscing elit. Integer mi ex, consectetur ac cursus nec, egestas id enim. Ut venenatis lacus diam, eget pretium quam dictum vitae. Nunc pretium ipsum eget est tincidunt rutrum. Donec egestas in enim id viverra. Sed ut euismod turpis. Etiam quis pulvinar turpis. Maecenas gravida id dolor at commodo. Pellentesque ut semper nibh. Pellentesque auctor finibus ex, ac mattis augue bibendum vel. Mauris nec viverra orci. Quisque lobortis dolor et rutrum finibus. Duis auctor sed nisl aliquam tempus. In nisl eros, eleifend susc' is set on object 'Object Repository/Page_Pages  junetest2bda/Modal/p'

2017-07-24 16:13:51 - [MESSAGE][PASSED] - Text 'Lorem ipsum dolor sit amet, consectetur adipiscing elit. Integer mi ex, consectetur ac cursus nec, egestas id enim. Ut venenatis lacus diam, eget pretium quam dictum vitae. Nunc pretium ipsum eget est tincidunt rutrum. Donec egestas in enim id viverra. Sed ut euismod turpis. Etiam quis pulvinar turpis. Maecenas gravida id dolor at commodo. Pellentesque ut semper nibh. Pellentesque auctor finibus ex, ac mattis augue bibendum vel. Mauris nec viverra orci. Quisque lobortis dolor et rutrum finibus. Duis auctor sed nisl aliquam tempus. In nisl eros, eleifend susc' is set on object 'Object Repository/Page_Pages  junetest2bda/Modal/p'

2017-07-24 16:13:51 - [TEST_STEP][PASSED] - switchToDefaultContent: Switching to default content

2017-07-24 16:13:51 - [TEST_STEP][PASSED] - verifyElementClickable: Object 'Object Repository/Page_Pages  junetest2bda/Modal/button_SendtoReview' is clickable

2017-07-24 16:13:51 - [MESSAGE][PASSED] - Object 'Object Repository/Page_Pages  junetest2bda/Modal/button_SendtoReview' is clickable

2017-07-24 16:13:51 - [TEST_STEP][PASSED] - click: Object: 'Object Repository/Page_Pages  junetest2bda/Modal/button_SendtoReview' is clicked on

2017-07-24 16:14:14 - [MESSAGE][PASSED] - Object: 'Object Repository/Page_Pages  junetest2bda/Modal/button_SendtoReview' is clicked on

2017-07-24 16:14:14 - [TEST_STEP][FAILED] - click: Unable to click on object 'Object Repository/Page_Pages  junetest2bda/a_Test Draft Pages only' (Root cause: com.kms.katalon.core.webui.exception.WebElementNotFoundException: Web element with id: 'Object Repository/Page_Pages  junetest2bda/a_Test Draft Pages only' located by 'By.xpath: //a[count(. | id("block-aw-dashboard-content")/div[1]/div[1]/div[@class="view-content"]/div[1]/table[1]/tbody[1]/tr[1]/td[1]/a[2]) = count(id("block-aw-dashboard-content")/div[1]/div[1]/div[@class="view-content"]/div[1]/table[1]/tbody[1]/tr[1]/td[1]/a[2])]' not found)

2017-07-24 16:14:46 - [MESSAGE][FAILED] - Unable to click on object 'Object Repository/Page_Pages  junetest2bda/a_Test Draft Pages only' (Root cause: com.kms.katalon.core.webui.exception.WebElementNotFoundException: Web element with id: 'Object Repository/Page_Pages  junetest2bda/a_Test Draft Pages only' located by 'By.xpath: //a[count(. | id("block-aw-dashboard-content")/div[1]/div[1]/div[@class="view-content"]/div[1]/table[1]/tbody[1]/tr[1]/td[1]/a[2]) = count(id("block-aw-dashboard-content")/div[1]/div[1]/div[@class="view-content"]/div[1]/table[1]/tbody[1]/tr[1]/td[1]/a[2])]' not found)
[[ATTACHMENT|C:\\Users\\Cindy\\Katalon Studio\\MyContent\\Reports\\PandS_Incomplete_Items_last\\20170724_160222\\1500938086103.png]]]]></system-out>
         <system-err><![CDATA[2017-07-24 16:12:51 - [TEST_CASE][FAILED] - Test Cases/My Content/Product and Services/Modal/Verify_Send_to_review/Send_to_review_Edit_PandS_: Test Cases/My Content/Product and Services/Modal/Verify_Send_to_review/Send_to_review_Edit_PandS_ FAILED because (of) Unable to click on object 'Object Repository/Page_Pages  junetest2bda/a_Test Draft Pages only' (Root cause: com.kms.katalon.core.webui.exception.WebElementNotFoundException: Web element with id: 'Object Repository/Page_Pages  junetest2bda/a_Test Draft Pages only' located by 'By.xpath: //a[count(. | id("block-aw-dashboard-content")/div[1]/div[1]/div[@class="view-content"]/div[1]/table[1]/tbody[1]/tr[1]/td[1]/a[2]) = count(id("block-aw-dashboard-content")/div[1]/div[1]/div[@class="view-content"]/div[1]/table[1]/tbody[1]/tr[1]/td[1]/a[2])]' not found)]]></system-err>
      </testcase>
      <testcase name="Test Cases/My Content/Product and Services/Modal/Verify_Send_to_review/Send_to_review_Add_Delete_PandS_" classname="Test Cases/My Content/Product and Services/Modal/Verify_Send_to_review/Send_to_review_Add_Delete_PandS_" status="PASSED">
         <system-out><![CDATA[2017-07-24 16:14:46 - [TEST_CASE][PASSED] - Test Cases/My Content/Product and Services/Modal/Verify_Send_to_review/Send_to_review_Add_Delete_PandS_: Test Cases/My Content/Product and Services/Modal/Verify_Send_to_review/Send_to_review_Add_Delete_PandS_

2017-07-24 16:14:47 - [TEST_STEP][PASSED] - click: Object: 'Object Repository/Page_User dashboard  junetest2bda/a_MyContent' is clicked on

2017-07-24 16:15:05 - [MESSAGE][PASSED] - Object: 'Object Repository/Page_User dashboard  junetest2bda/a_MyContent' is clicked on

2017-07-24 16:15:05 - [TEST_STEP][PASSED] - click: Object: 'Object Repository/Page_User dashboard  junetest2bda/My Content Menu/a_Products  Services' is clicked on

2017-07-24 16:15:23 - [MESSAGE][PASSED] - Object: 'Object Repository/Page_User dashboard  junetest2bda/My Content Menu/a_Products  Services' is clicked on

2017-07-24 16:15:23 - [TEST_STEP][PASSED] - Statement - Title = com.kms.katalon.core.webui.keyword.WebUiBuiltInKeywords.getText(com.kms.katalon.core.testobject.ObjectRepository.findTestObject(Page_Pages  junetest2bda/h3_Title)): Text of object 'Object Repository/Page_Pages  junetest2bda/h3_Title' is: 'Products & Services'

2017-07-24 16:15:24 - [MESSAGE][PASSED] - Text of object 'Object Repository/Page_Pages  junetest2bda/h3_Title' is: 'Products & Services'

2017-07-24 16:15:24 - [TEST_STEP][PASSED] - click: Object: 'Object Repository/Page_Pages  junetest2bda/a_Add New' is clicked on

2017-07-24 16:15:24 - [MESSAGE][PASSED] - Object: 'Object Repository/Page_Pages  junetest2bda/a_Add New' is clicked on

2017-07-24 16:15:24 - [TEST_STEP][PASSED] - waitForElementPresent: Object 'Object Repository/Page_Pages  junetest2bda/Modal/div_ui-dialog ui-widget ui-wid_MyContentModal' is present

2017-07-24 16:15:26 - [MESSAGE][PASSED] - Object 'Object Repository/Page_Pages  junetest2bda/Modal/div_ui-dialog ui-widget ui-wid_MyContentModal' is present

2017-07-24 16:15:26 - [TEST_STEP][PASSED] - setText: Text 'Products & Services Add Edit Delete Review' is set on object 'Object Repository/Page_Pages  junetest2bda/Modal/input_title0value_Title'

2017-07-24 16:15:26 - [MESSAGE][PASSED] - Text 'Products & Services Add Edit Delete Review' is set on object 'Object Repository/Page_Pages  junetest2bda/Modal/input_title0value_Title'

2017-07-24 16:15:26 - [TEST_STEP][PASSED] - Statement - ProductWeightValue = ProductMemberWeight: null

2017-07-24 16:15:26 - [TEST_STEP][PASSED] - setText: Text '-3' is set on object 'Object Repository/Page_Our Team  junetest2bda/input_field_weight0value'

2017-07-24 16:15:27 - [MESSAGE][PASSED] - Text '-3' is set on object 'Object Repository/Page_Our Team  junetest2bda/input_field_weight0value'

2017-07-24 16:15:27 - [TEST_STEP][PASSED] - Statement - ProductMemberWeight -= 1: null

2017-07-24 16:15:27 - [TEST_STEP][PASSED] - verifyElementClickable: Object 'Object Repository/Page_Pages  junetest2bda/Modal/button_SendtoReview' is clickable

2017-07-24 16:15:27 - [MESSAGE][PASSED] - Object 'Object Repository/Page_Pages  junetest2bda/Modal/button_SendtoReview' is clickable

2017-07-24 16:15:27 - [TEST_STEP][PASSED] - click: Object: 'Object Repository/Page_Pages  junetest2bda/Modal/button_SendtoReview' is clicked on

2017-07-24 16:16:11 - [MESSAGE][PASSED] - Object: 'Object Repository/Page_Pages  junetest2bda/Modal/button_SendtoReview' is clicked on

2017-07-24 16:16:11 - [TEST_STEP][PASSED] - waitForPageLoad: Wait for page load successfully

2017-07-24 16:16:11 - [MESSAGE][PASSED] - Wait for page load successfully

2017-07-24 16:16:11 - [TEST_STEP][PASSED] - click: Object: 'Object Repository/Page_User dashboard  junetest2bda/Compliance Menu/a_Send to Compliance (31)' is clicked on

2017-07-24 16:16:11 - [MESSAGE][PASSED] - Object: 'Object Repository/Page_User dashboard  junetest2bda/Compliance Menu/a_Send to Compliance (31)' is clicked on

2017-07-24 16:16:11 - [TEST_STEP][PASSED] - Statement - If (com.kms.katalon.core.webui.keyword.WebUiBuiltInKeywords.verifyTextPresent("Activate your", true)): Object: 'Object Repository/Page_User dashboard  junetest2bda/Compliance Menu/a_Send to Compliance (31)' is clicked on

2017-07-24 16:16:11 - [MESSAGE][PASSED] - Text 'Activate your' is present on page  using regular expression

2017-07-24 16:16:11 - [TEST_STEP][PASSED] - click: Object: 'Object Repository/Page_User dashboard  junetest2bda/Compliance Menu/a_Send to Compliance (31)' is clicked on

2017-07-24 16:16:11 - [MESSAGE][PASSED] - Object: 'Object Repository/Page_User dashboard  junetest2bda/Compliance Menu/a_Send to Compliance (31)' is clicked on

2017-07-24 16:16:11 - [TEST_STEP][PASSED] - click: Object: 'Object Repository/Page_User dashboard  junetest2bda/a_MyContent' is clicked on

2017-07-24 16:16:14 - [MESSAGE][PASSED] - Object: 'Object Repository/Page_User dashboard  junetest2bda/a_MyContent' is clicked on

2017-07-24 16:16:14 - [TEST_STEP][PASSED] - click: Object: 'Object Repository/Page_User dashboard  junetest2bda/My Content Menu/a_Products  Services' is clicked on

2017-07-24 16:16:16 - [MESSAGE][PASSED] - Object: 'Object Repository/Page_User dashboard  junetest2bda/My Content Menu/a_Products  Services' is clicked on

2017-07-24 16:16:16 - [TEST_STEP][PASSED] - click: Object: 'Object Repository/Page_Pages  junetest2bda/a_Delete' is clicked on

2017-07-24 16:16:17 - [MESSAGE][PASSED] - Object: 'Object Repository/Page_Pages  junetest2bda/a_Delete' is clicked on

2017-07-24 16:16:17 - [TEST_STEP][PASSED] - click: Object: 'Object Repository/Page_User dashboard  junetest2bda/Delete Modal/button_Delete' is clicked on

2017-07-24 16:16:18 - [MESSAGE][PASSED] - Object: 'Object Repository/Page_User dashboard  junetest2bda/Delete Modal/button_Delete' is clicked on

2017-07-24 16:16:18 - [TEST_STEP][PASSED] - waitForElementNotPresent: Web element with id: 'Object Repository/Page_User dashboard  junetest2bda/Delete Modal/div_ui-dialog ui-widget ui-wid' located by 'By.xpath: //div[count(. | /html[@class="touchevents details js wf-lato-n4-active wf-active"]/body[@class="layout-no-sidebars has-featured-top user-logged-in path-dashboard off-canvas-wrap"]/div[@class="ui-dialog ui-widget ui-widget-content ui-corner-all ui-front ui-dialog-buttons"]) = count(/html[@class="touchevents details js wf-lato-n4-active wf-active"]/body[@class="layout-no-sidebars has-featured-top user-logged-in path-dashboard off-canvas-wrap"]/div[@class="ui-dialog ui-widget ui-widget-content ui-corner-all ui-front ui-dialog-buttons"])]' is not present after '2' second(s)

2017-07-24 16:17:09 - [MESSAGE][PASSED] - Web element with id: 'Object Repository/Page_User dashboard  junetest2bda/Delete Modal/div_ui-dialog ui-widget ui-wid' located by 'By.xpath: //div[count(. | /html[@class="touchevents details js wf-lato-n4-active wf-active"]/body[@class="layout-no-sidebars has-featured-top user-logged-in path-dashboard off-canvas-wrap"]/div[@class="ui-dialog ui-widget ui-widget-content ui-corner-all ui-front ui-dialog-buttons"]) = count(/html[@class="touchevents details js wf-lato-n4-active wf-active"]/body[@class="layout-no-sidebars has-featured-top user-logged-in path-dashboard off-canvas-wrap"]/div[@class="ui-dialog ui-widget ui-widget-content ui-corner-all ui-front ui-dialog-buttons"])]' is not present after '2' second(s)

2017-07-24 16:17:09 - [TEST_STEP][PASSED] - verifyElementNotPresent: Web element with id: 'Object Repository/Page_User dashboard  junetest2bda/Delete Modal/div_ui-dialog ui-widget ui-wid' located by 'By.xpath: //div[count(. | /html[@class="touchevents details js wf-lato-n4-active wf-active"]/body[@class="layout-no-sidebars has-featured-top user-logged-in path-dashboard off-canvas-wrap"]/div[@class="ui-dialog ui-widget ui-widget-content ui-corner-all ui-front ui-dialog-buttons"]) = count(/html[@class="touchevents details js wf-lato-n4-active wf-active"]/body[@class="layout-no-sidebars has-featured-top user-logged-in path-dashboard off-canvas-wrap"]/div[@class="ui-dialog ui-widget ui-widget-content ui-corner-all ui-front ui-dialog-buttons"])]' is not present after '2' second(s)

2017-07-24 16:17:09 - [MESSAGE][PASSED] - Web element with id: 'Object Repository/Page_User dashboard  junetest2bda/Delete Modal/div_ui-dialog ui-widget ui-wid' located by 'By.xpath: //div[count(. | /html[@class="touchevents details js wf-lato-n4-active wf-active"]/body[@class="layout-no-sidebars has-featured-top user-logged-in path-dashboard off-canvas-wrap"]/div[@class="ui-dialog ui-widget ui-widget-content ui-corner-all ui-front ui-dialog-buttons"]) = count(/html[@class="touchevents details js wf-lato-n4-active wf-active"]/body[@class="layout-no-sidebars has-featured-top user-logged-in path-dashboard off-canvas-wrap"]/div[@class="ui-dialog ui-widget ui-widget-content ui-corner-all ui-front ui-dialog-buttons"])]' is not present after '2' second(s)

2017-07-24 16:17:09 - [TEST_STEP][PASSED] - click: Object: 'Object Repository/Page_User dashboard  junetest2bda/Compliance Menu/a_Send to Compliance (31)' is clicked on

2017-07-24 16:17:09 - [MESSAGE][PASSED] - Object: 'Object Repository/Page_User dashboard  junetest2bda/Compliance Menu/a_Send to Compliance (31)' is clicked on

2017-07-24 16:17:09 - [TEST_STEP][PASSED] - verifyTextNotPresent: Text 'Products & Services Add Edit Delete Review' is not present on page using regular expression

2017-07-24 16:17:09 - [MESSAGE][PASSED] - Text 'Products & Services Add Edit Delete Review' is not present on page using regular expression]]></system-out>
         <system-err><![CDATA[]]></system-err>
      </testcase>
      <testcase name="Test Cases/My Content/Product and Services/Modal/Verify_Send_to_review/Send_to_review_Edit_PandS_Draft" classname="Test Cases/My Content/Product and Services/Modal/Verify_Send_to_review/Send_to_review_Edit_PandS_Draft" status="FAILED">
         <failure type="FAILED" message=""/>
         <system-out><![CDATA[2017-07-24 16:17:09 - [TEST_CASE][FAILED] - Test Cases/My Content/Product and Services/Modal/Verify_Send_to_review/Send_to_review_Edit_PandS_Draft: Test Cases/My Content/Product and Services/Modal/Verify_Send_to_review/Send_to_review_Edit_PandS_Draft FAILED because (of) Unable to click on object 'Object Repository/Page_Pages  junetest2bda/a_Test Draft Pages only' (Root cause: com.kms.katalon.core.webui.exception.WebElementNotFoundException: Web element with id: 'Object Repository/Page_Pages  junetest2bda/a_Test Draft Pages only' located by 'By.xpath: //a[count(. | id("block-aw-dashboard-content")/div[1]/div[1]/div[@class="view-content"]/div[1]/table[1]/tbody[1]/tr[1]/td[1]/a[2]) = count(id("block-aw-dashboard-content")/div[1]/div[1]/div[@class="view-content"]/div[1]/table[1]/tbody[1]/tr[1]/td[1]/a[2])]' not found)

2017-07-24 16:17:10 - [TEST_STEP][PASSED] - callTestCase: Call Test Case 'Test Cases/My Content/Product and Services/Modal/Verify_Send_to_review/Send_to_review_Add_PandS_' successfully

2017-07-24 16:17:10 - [TEST_CASE][PASSED] - Test Cases/My Content/Product and Services/Modal/Verify_Send_to_review/Send_to_review_Add_PandS_: Test Cases/My Content/Product and Services/Modal/Verify_Send_to_review/Send_to_review_Add_PandS_

2017-07-24 16:17:10 - [TEST_STEP][PASSED] - click: Object: 'Object Repository/Page_User dashboard  junetest2bda/a_MyContent' is clicked on

2017-07-24 16:17:12 - [MESSAGE][PASSED] - Object: 'Object Repository/Page_User dashboard  junetest2bda/a_MyContent' is clicked on

2017-07-24 16:17:12 - [TEST_STEP][PASSED] - click: Object: 'Object Repository/Page_User dashboard  junetest2bda/My Content Menu/a_Products  Services' is clicked on

2017-07-24 16:17:14 - [MESSAGE][PASSED] - Object: 'Object Repository/Page_User dashboard  junetest2bda/My Content Menu/a_Products  Services' is clicked on

2017-07-24 16:17:14 - [TEST_STEP][PASSED] - Statement - Title = com.kms.katalon.core.webui.keyword.WebUiBuiltInKeywords.getText(com.kms.katalon.core.testobject.ObjectRepository.findTestObject(Page_Pages  junetest2bda/h3_Title)): Text of object 'Object Repository/Page_Pages  junetest2bda/h3_Title' is: 'Products & Services'

2017-07-24 16:17:15 - [MESSAGE][PASSED] - Text of object 'Object Repository/Page_Pages  junetest2bda/h3_Title' is: 'Products & Services'

2017-07-24 16:17:15 - [TEST_STEP][PASSED] - click: Object: 'Object Repository/Page_Pages  junetest2bda/a_Add New' is clicked on

2017-07-24 16:17:15 - [MESSAGE][PASSED] - Object: 'Object Repository/Page_Pages  junetest2bda/a_Add New' is clicked on

2017-07-24 16:17:15 - [TEST_STEP][PASSED] - waitForElementPresent: Object 'Object Repository/Page_Pages  junetest2bda/Modal/div_ui-dialog ui-widget ui-wid_MyContentModal' is present

2017-07-24 16:17:16 - [MESSAGE][PASSED] - Object 'Object Repository/Page_Pages  junetest2bda/Modal/div_ui-dialog ui-widget ui-wid_MyContentModal' is present

2017-07-24 16:17:16 - [TEST_STEP][PASSED] - verifyElementPresent: Object 'Object Repository/Page_Pages  junetest2bda/Modal/div_ui-dialog ui-widget ui-wid_MyContentModal' is present

2017-07-24 16:17:17 - [MESSAGE][PASSED] - Object 'Object Repository/Page_Pages  junetest2bda/Modal/div_ui-dialog ui-widget ui-wid_MyContentModal' is present

2017-07-24 16:17:17 - [TEST_STEP][PASSED] - setText: Text 'Products & Services Add Review' is set on object 'Object Repository/Page_Pages  junetest2bda/Modal/input_title0value_Title'

2017-07-24 16:17:17 - [MESSAGE][PASSED] - Text 'Products & Services Add Review' is set on object 'Object Repository/Page_Pages  junetest2bda/Modal/input_title0value_Title'

2017-07-24 16:17:17 - [TEST_STEP][PASSED] - Statement - ProductWeightValue = ProductMemberWeight: null

2017-07-24 16:17:17 - [TEST_STEP][PASSED] - setText: Text '-4' is set on object 'Object Repository/Page_Our Team  junetest2bda/input_field_weight0value'

2017-07-24 16:17:17 - [MESSAGE][PASSED] - Text '-4' is set on object 'Object Repository/Page_Our Team  junetest2bda/input_field_weight0value'

2017-07-24 16:17:17 - [TEST_STEP][PASSED] - Statement - ProductMemberWeight -= 1: null

2017-07-24 16:17:17 - [TEST_STEP][PASSED] - check: Object 'Object Repository/Page_Products  Services  junetest2b/input_field_link_to_pagevalue_Checkbox' is checked

2017-07-24 16:17:18 - [MESSAGE][PASSED] - Object 'Object Repository/Page_Products  Services  junetest2b/input_field_link_to_pagevalue_Checkbox' is checked

2017-07-24 16:17:18 - [TEST_STEP][PASSED] - Statement - Selected_icon = CustomKeywords.random.Rand_Icon_PS.rand_icon(81): random.Rand_Icon_PS.rand_icon is PASSED

2017-07-24 16:17:18 - [MESSAGE][PASSED] - random.Rand_Icon_PS.rand_icon is PASSED

2017-07-24 16:17:18 - [TEST_STEP][PASSED] - selectOptionByIndex: All options with index in [70] are selected on object 'Object Repository/Page_Products  Services  junetest2b/select_field_icon_Selection'

2017-07-24 16:17:18 - [MESSAGE][PASSED] - All options with index in [70] are selected on object 'Object Repository/Page_Products  Services  junetest2b/select_field_icon_Selection'

2017-07-24 16:17:18 - [TEST_STEP][PASSED] - Statement - Ctext = CustomKeywords.random.Rand_CkEd_Text.rand_text(CKText): random.Rand_CkEd_Text.rand_text is PASSED

2017-07-24 16:17:18 - [MESSAGE][PASSED] - random.Rand_CkEd_Text.rand_text is PASSED

2017-07-24 16:17:18 - [TEST_STEP][PASSED] - switchToFrame: Switched to iframe: 'Object Repository/Page_Pages  junetest2bda/Modal/iframe_cke_wysiwyg_frame cke_r (2)'

2017-07-24 16:17:18 - [TEST_STEP][PASSED] - setText: Text 'Lorem ipsum dolor sit amet, consectetur adipiscing elit. Integer mi ex, consectetur ac cursus nec, egestas id enim. Ut venenatis lacus diam, eget pretium quam dictum vitae. Nunc pretium ipsum eget est tincidunt rutrum. Donec egestas in enim id viverra. Sed ut euismod turpis. Etiam quis pulvinar turpis. Maecenas gravida id dolor at commodo. Pellentesque ut semper nibh. Pellentesque auctor finibus ex, ac mattis augue bibendum vel. Mauris nec viverra orci. Quisque lobortis dolor et rutrum finibus. Duis auctor sed nisl aliquam tempus. In nisl ero' is set on object 'Object Repository/Page_Pages  junetest2bda/Modal/p'

2017-07-24 16:17:21 - [MESSAGE][PASSED] - Text 'Lorem ipsum dolor sit amet, consectetur adipiscing elit. Integer mi ex, consectetur ac cursus nec, egestas id enim. Ut venenatis lacus diam, eget pretium quam dictum vitae. Nunc pretium ipsum eget est tincidunt rutrum. Donec egestas in enim id viverra. Sed ut euismod turpis. Etiam quis pulvinar turpis. Maecenas gravida id dolor at commodo. Pellentesque ut semper nibh. Pellentesque auctor finibus ex, ac mattis augue bibendum vel. Mauris nec viverra orci. Quisque lobortis dolor et rutrum finibus. Duis auctor sed nisl aliquam tempus. In nisl ero' is set on object 'Object Repository/Page_Pages  junetest2bda/Modal/p'

2017-07-24 16:17:21 - [TEST_STEP][PASSED] - switchToDefaultContent: Switching to default content

2017-07-24 16:17:21 - [TEST_STEP][PASSED] - verifyElementClickable: Object 'Object Repository/Page_Pages  junetest2bda/Modal/button_SendtoReview' is clickable

2017-07-24 16:17:21 - [MESSAGE][PASSED] - Object 'Object Repository/Page_Pages  junetest2bda/Modal/button_SendtoReview' is clickable

2017-07-24 16:17:21 - [TEST_STEP][PASSED] - click: Object: 'Object Repository/Page_Pages  junetest2bda/Modal/button_SendtoReview' is clicked on

2017-07-24 16:17:59 - [MESSAGE][PASSED] - Object: 'Object Repository/Page_Pages  junetest2bda/Modal/button_SendtoReview' is clicked on

2017-07-24 16:17:59 - [TEST_STEP][PASSED] - waitForPageLoad: Wait for page load successfully

2017-07-24 16:18:00 - [MESSAGE][PASSED] - Wait for page load successfully

2017-07-24 16:18:00 - [TEST_STEP][PASSED] - switchToFrame: Switched to iframe: 'Object Repository/Page_Preview  junetest2bda/iframe_website-preview'

2017-07-24 16:18:00 - [TEST_STEP][PASSED] - Statement - CapTitle = CustomKeywords.random.Capitals.makeCap(Title + AddDraftTitle[4]): random.Capitals.makeCap is PASSED

2017-07-24 16:18:00 - [MESSAGE][PASSED] - random.Capitals.makeCap is PASSED

2017-07-24 16:18:00 - [TEST_STEP][PASSED] - verifyTextPresent: Text 'Lorem ipsum dolor sit amet, consectetur adipiscing elit. Integer mi ex, consectetur ac cursus nec, egestas id enim. Ut venenatis lacus diam, eget pretium quam dictum vitae. Nunc pretium ipsum eget est tincidunt rutrum. Donec egestas in enim id viverra. Sed ut euismod turpis. Etiam quis pulvinar turpis. Maecenas gravida id dolor at commodo. Pellentesque ut semper nibh. Pellentesque auctor finibus ex, ac mattis augue bibendum vel. Mauris nec viverra orci. Quisque lobortis dolor et rutrum finibus. Duis auctor sed nisl aliquam tempus. In nisl ero' is present on page  using regular expression

2017-07-24 16:18:00 - [MESSAGE][PASSED] - Text 'Lorem ipsum dolor sit amet, consectetur adipiscing elit. Integer mi ex, consectetur ac cursus nec, egestas id enim. Ut venenatis lacus diam, eget pretium quam dictum vitae. Nunc pretium ipsum eget est tincidunt rutrum. Donec egestas in enim id viverra. Sed ut euismod turpis. Etiam quis pulvinar turpis. Maecenas gravida id dolor at commodo. Pellentesque ut semper nibh. Pellentesque auctor finibus ex, ac mattis augue bibendum vel. Mauris nec viverra orci. Quisque lobortis dolor et rutrum finibus. Duis auctor sed nisl aliquam tempus. In nisl ero' is present on page  using regular expression

2017-07-24 16:18:00 - [TEST_STEP][PASSED] - verifyTextPresent: Text 'PRODUCTS & SERVICES ADD REVIEW' is present on page  using regular expression

2017-07-24 16:18:00 - [MESSAGE][PASSED] - Text 'PRODUCTS & SERVICES ADD REVIEW' is present on page  using regular expression

2017-07-24 16:18:00 - [TEST_STEP][PASSED] - switchToDefaultContent: Switching to default content

2017-07-24 16:18:00 - [TEST_STEP][PASSED] - click: Object: 'Object Repository/Page_User dashboard  junetest2bda/Compliance Menu/a_Send to Compliance (31)' is clicked on

2017-07-24 16:18:00 - [MESSAGE][PASSED] - Object: 'Object Repository/Page_User dashboard  junetest2bda/Compliance Menu/a_Send to Compliance (31)' is clicked on

2017-07-24 16:18:00 - [TEST_STEP][PASSED] - Statement - If (com.kms.katalon.core.webui.keyword.WebUiBuiltInKeywords.verifyTextPresent("Activate your", true)): Object: 'Object Repository/Page_User dashboard  junetest2bda/Compliance Menu/a_Send to Compliance (31)' is clicked on

2017-07-24 16:18:00 - [MESSAGE][PASSED] - Text 'Activate your' is present on page  using regular expression

2017-07-24 16:18:00 - [TEST_STEP][PASSED] - click: Object: 'Object Repository/Page_User dashboard  junetest2bda/Compliance Menu/a_Send to Compliance (31)' is clicked on

2017-07-24 16:18:00 - [MESSAGE][PASSED] - Object: 'Object Repository/Page_User dashboard  junetest2bda/Compliance Menu/a_Send to Compliance (31)' is clicked on

2017-07-24 16:18:00 - [MESSAGE][PASSED] - Call Test Case 'Test Cases/My Content/Product and Services/Modal/Verify_Send_to_review/Send_to_review_Add_PandS_' successfully

2017-07-24 16:18:00 - [TEST_STEP][PASSED] - click: Object: 'Object Repository/Page_User dashboard  junetest2bda/a_MyContent' is clicked on

2017-07-24 16:18:02 - [MESSAGE][PASSED] - Object: 'Object Repository/Page_User dashboard  junetest2bda/a_MyContent' is clicked on

2017-07-24 16:18:02 - [TEST_STEP][PASSED] - click: Object: 'Object Repository/Page_User dashboard  junetest2bda/My Content Menu/a_Products  Services' is clicked on

2017-07-24 16:18:05 - [MESSAGE][PASSED] - Object: 'Object Repository/Page_User dashboard  junetest2bda/My Content Menu/a_Products  Services' is clicked on

2017-07-24 16:18:05 - [TEST_STEP][PASSED] - Statement - Title = com.kms.katalon.core.webui.keyword.WebUiBuiltInKeywords.getText(com.kms.katalon.core.testobject.ObjectRepository.findTestObject(Page_Pages  junetest2bda/h3_Title)): Text of object 'Object Repository/Page_Pages  junetest2bda/h3_Title' is: 'Products & Services'

2017-07-24 16:18:05 - [MESSAGE][PASSED] - Text of object 'Object Repository/Page_Pages  junetest2bda/h3_Title' is: 'Products & Services'

2017-07-24 16:18:05 - [TEST_STEP][PASSED] - click: Object: 'Object Repository/Page_Pages  junetest2bda/a_Edit' is clicked on

2017-07-24 16:18:05 - [MESSAGE][PASSED] - Object: 'Object Repository/Page_Pages  junetest2bda/a_Edit' is clicked on

2017-07-24 16:18:05 - [TEST_STEP][PASSED] - waitForElementPresent: Object 'Object Repository/Page_Pages  junetest2bda/Modal/div_ui-dialog ui-widget ui-wid_MyContentModal' is present

2017-07-24 16:18:07 - [MESSAGE][PASSED] - Object 'Object Repository/Page_Pages  junetest2bda/Modal/div_ui-dialog ui-widget ui-wid_MyContentModal' is present

2017-07-24 16:18:07 - [TEST_STEP][PASSED] - verifyElementPresent: Object 'Object Repository/Page_Pages  junetest2bda/Modal/div_ui-dialog ui-widget ui-wid_MyContentModal' is present

2017-07-24 16:18:07 - [MESSAGE][PASSED] - Object 'Object Repository/Page_Pages  junetest2bda/Modal/div_ui-dialog ui-widget ui-wid_MyContentModal' is present

2017-07-24 16:18:07 - [TEST_STEP][PASSED] - setText: Text 'Products & Services Add Review Edit Draft' is set on object 'Object Repository/Page_Pages  junetest2bda/Modal/input_title0value_Title'

2017-07-24 16:18:08 - [MESSAGE][PASSED] - Text 'Products & Services Add Review Edit Draft' is set on object 'Object Repository/Page_Pages  junetest2bda/Modal/input_title0value_Title'

2017-07-24 16:18:08 - [TEST_STEP][PASSED] - check: Object 'Object Repository/Page_Products  Services  junetest2b/input_field_link_to_pagevalue_Checkbox' is checked

2017-07-24 16:18:08 - [MESSAGE][PASSED] - Object 'Object Repository/Page_Products  Services  junetest2b/input_field_link_to_pagevalue_Checkbox' is checked

2017-07-24 16:18:08 - [TEST_STEP][PASSED] - Statement - ProductWeightValue = ProductMemberWeight: null

2017-07-24 16:18:08 - [TEST_STEP][PASSED] - setText: Text '-5' is set on object 'Object Repository/Page_Our Team  junetest2bda/input_field_weight0value'

2017-07-24 16:18:09 - [MESSAGE][PASSED] - Text '-5' is set on object 'Object Repository/Page_Our Team  junetest2bda/input_field_weight0value'

2017-07-24 16:18:09 - [TEST_STEP][PASSED] - Statement - ProductMemberWeight -= 1: null

2017-07-24 16:18:09 - [TEST_STEP][PASSED] - Statement - Selected_icon = CustomKeywords.random.Rand_Icon_PS.rand_icon(81): random.Rand_Icon_PS.rand_icon is PASSED

2017-07-24 16:18:09 - [MESSAGE][PASSED] - random.Rand_Icon_PS.rand_icon is PASSED

2017-07-24 16:18:09 - [TEST_STEP][PASSED] - selectOptionByIndex: All options with index in [73] are selected on object 'Object Repository/Page_Products  Services  junetest2b/select_field_icon_Selection'

2017-07-24 16:18:09 - [MESSAGE][PASSED] - All options with index in [73] are selected on object 'Object Repository/Page_Products  Services  junetest2b/select_field_icon_Selection'

2017-07-24 16:18:09 - [TEST_STEP][PASSED] - Statement - Ctext = CustomKeywords.random.Rand_CkEd_Text.rand_text(CKText): random.Rand_CkEd_Text.rand_text is PASSED

2017-07-24 16:18:09 - [MESSAGE][PASSED] - random.Rand_CkEd_Text.rand_text is PASSED

2017-07-24 16:18:09 - [TEST_STEP][PASSED] - switchToFrame: Switched to iframe: 'Object Repository/Page_Pages  junetest2bda/Modal/iframe_cke_wysiwyg_frame cke_r (2)'

2017-07-24 16:18:09 - [TEST_STEP][PASSED] - setText: Text 'Lorem ipsum dolor sit amet, co' is set on object 'Object Repository/Page_Pages  junetest2bda/Modal/p'

2017-07-24 16:18:10 - [MESSAGE][PASSED] - Text 'Lorem ipsum dolor sit amet, co' is set on object 'Object Repository/Page_Pages  junetest2bda/Modal/p'

2017-07-24 16:18:10 - [TEST_STEP][PASSED] - switchToDefaultContent: Switching to default content

2017-07-24 16:18:10 - [TEST_STEP][PASSED] - verifyElementClickable: Object 'Object Repository/Page_Pages  junetest2bda/Modal/button_SaveasDraft' is clickable

2017-07-24 16:18:10 - [MESSAGE][PASSED] - Object 'Object Repository/Page_Pages  junetest2bda/Modal/button_SaveasDraft' is clickable

2017-07-24 16:18:10 - [TEST_STEP][PASSED] - click: Object: 'Object Repository/Page_Pages  junetest2bda/Modal/button_SaveasDraft' is clicked on

2017-07-24 16:18:31 - [MESSAGE][PASSED] - Object: 'Object Repository/Page_Pages  junetest2bda/Modal/button_SaveasDraft' is clicked on

2017-07-24 16:18:31 - [TEST_STEP][FAILED] - click: Unable to click on object 'Object Repository/Page_Pages  junetest2bda/a_Test Draft Pages only' (Root cause: com.kms.katalon.core.webui.exception.WebElementNotFoundException: Web element with id: 'Object Repository/Page_Pages  junetest2bda/a_Test Draft Pages only' located by 'By.xpath: //a[count(. | id("block-aw-dashboard-content")/div[1]/div[1]/div[@class="view-content"]/div[1]/table[1]/tbody[1]/tr[1]/td[1]/a[2]) = count(id("block-aw-dashboard-content")/div[1]/div[1]/div[@class="view-content"]/div[1]/table[1]/tbody[1]/tr[1]/td[1]/a[2])]' not found)

2017-07-24 16:19:02 - [MESSAGE][FAILED] - Unable to click on object 'Object Repository/Page_Pages  junetest2bda/a_Test Draft Pages only' (Root cause: com.kms.katalon.core.webui.exception.WebElementNotFoundException: Web element with id: 'Object Repository/Page_Pages  junetest2bda/a_Test Draft Pages only' located by 'By.xpath: //a[count(. | id("block-aw-dashboard-content")/div[1]/div[1]/div[@class="view-content"]/div[1]/table[1]/tbody[1]/tr[1]/td[1]/a[2]) = count(id("block-aw-dashboard-content")/div[1]/div[1]/div[@class="view-content"]/div[1]/table[1]/tbody[1]/tr[1]/td[1]/a[2])]' not found)
[[ATTACHMENT|C:\\Users\\Cindy\\Katalon Studio\\MyContent\\Reports\\PandS_Incomplete_Items_last\\20170724_160222\\1500938342490.png]]]]></system-out>
         <system-err><![CDATA[2017-07-24 16:17:09 - [TEST_CASE][FAILED] - Test Cases/My Content/Product and Services/Modal/Verify_Send_to_review/Send_to_review_Edit_PandS_Draft: Test Cases/My Content/Product and Services/Modal/Verify_Send_to_review/Send_to_review_Edit_PandS_Draft FAILED because (of) Unable to click on object 'Object Repository/Page_Pages  junetest2bda/a_Test Draft Pages only' (Root cause: com.kms.katalon.core.webui.exception.WebElementNotFoundException: Web element with id: 'Object Repository/Page_Pages  junetest2bda/a_Test Draft Pages only' located by 'By.xpath: //a[count(. | id("block-aw-dashboard-content")/div[1]/div[1]/div[@class="view-content"]/div[1]/table[1]/tbody[1]/tr[1]/td[1]/a[2]) = count(id("block-aw-dashboard-content")/div[1]/div[1]/div[@class="view-content"]/div[1]/table[1]/tbody[1]/tr[1]/td[1]/a[2])]' not found)]]></system-err>
      </testcase>
      <system-out><![CDATA[2017-07-24 16:02:24 - [TEST_SUITE][FAILED] - PandS_Incomplete_Items_last: Test Cases/My Content/Product and Services/Modal/Verify_Draft/Draft_Edit1_PandS_ FAILED because (of) Unable to verify image 'Object Repository/Page_Preview  junetest2bda/iframe_website-preview' present (Root cause: com.kms.katalon.core.webui.exception.WebElementNotFoundException: Web element with id: 'Object Repository/Page_Preview  junetest2bda/iframe_website-preview' located by 'By.xpath: //iframe[count(. | id("website-preview")) = count(id("website-preview"))]' not found)]]></system-out>
      <system-err><![CDATA[2017-07-24 16:02:24 - [TEST_SUITE][FAILED] - PandS_Incomplete_Items_last: Test Cases/My Content/Product and Services/Modal/Verify_Draft/Draft_Edit1_PandS_ FAILED because (of) Unable to verify image 'Object Repository/Page_Preview  junetest2bda/iframe_website-preview' present (Root cause: com.kms.katalon.core.webui.exception.WebElementNotFoundException: Web element with id: 'Object Repository/Page_Preview  junetest2bda/iframe_website-preview' located by 'By.xpath: //iframe[count(. | id("website-preview")) = count(id("website-preview"))]' not found)]]></system-err>
   </testsuite>
</testsuites>
